-- [ERROR]  [2015-10-10 15:04:14,591]
-- [CoreAlgorithm.TaskManager.ForecastClass::Void RunZDYC()]
-- [文件]:D:\SinteringProControl\Platform\PublicClass\LogClass.cs--第27行
-- [详细]:超时时间已到。超时时间已到，但是尚未从池中获取连接。出现这种情况可能是因为所有池连接均在使用，并且达到了最大池大小。
********************************************************
-- [ERROR]  [2015-10-10 15:04:24,029]
-- [CoreAlgorithm.TaskManager.ForecastClass::Void RunZDYC()]
-- [文件]:D:\SinteringProControl\Platform\PublicClass\LogClass.cs--第27行
-- [详细]:超时时间已到。超时时间已到，但是尚未从池中获取连接。出现这种情况可能是因为所有池连接均在使用，并且达到了最大池大小。
********************************************************
-- [ERROR]  [2015-10-10 15:04:40,050]
-- [CoreAlgorithm.TaskManager.ForecastClass::Void RunZDYC()]
-- [文件]:D:\SinteringProControl\Platform\PublicClass\LogClass.cs--第27行
-- [详细]:超时时间已到。超时时间已到，但是尚未从池中获取连接。出现这种情况可能是因为所有池连接均在使用，并且达到了最大池大小。
********************************************************
-- [ERROR]  [2015-10-10 15:04:55,759]
-- [CoreAlgorithm.TaskManager.ForecastClass::Void RunZDYC()]
-- [文件]:D:\SinteringProControl\Platform\PublicClass\LogClass.cs--第27行
-- [详细]:超时时间已到。超时时间已到，但是尚未从池中获取连接。出现这种情况可能是因为所有池连接均在使用，并且达到了最大池大小。
********************************************************
-- [ERROR]  [2015-10-10 15:05:11,790]
-- [CoreAlgorithm.TaskManager.ForecastClass::Void RunZDYC()]
-- [文件]:D:\SinteringProControl\Platform\PublicClass\LogClass.cs--第27行
-- [详细]:超时时间已到。超时时间已到，但是尚未从池中获取连接。出现这种情况可能是因为所有池连接均在使用，并且达到了最大池大小。
********************************************************
-- [ERROR]  [2015-10-10 15:05:27,771]
-- [CoreAlgorithm.TaskManager.ForecastClass::Void RunZDYC()]
-- [文件]:D:\SinteringProControl\Platform\PublicClass\LogClass.cs--第27行
-- [详细]:超时时间已到。超时时间已到，但是尚未从池中获取连接。出现这种情况可能是因为所有池连接均在使用，并且达到了最大池大小。
********************************************************
-- [ERROR]  [2015-10-10 15:05:44,073]
-- [CoreAlgorithm.TaskManager.ForecastClass::Void RunZDYC()]
-- [文件]:D:\SinteringProControl\Platform\PublicClass\LogClass.cs--第27行
-- [详细]:超时时间已到。超时时间已到，但是尚未从池中获取连接。出现这种情况可能是因为所有池连接均在使用，并且达到了最大池大小。
********************************************************
-- [ERROR]  [2015-10-10 15:06:00,173]
-- [CoreAlgorithm.TaskManager.ForecastClass::Void RunZDYC()]
-- [文件]:D:\SinteringProControl\Platform\PublicClass\LogClass.cs--第27行
-- [详细]:超时时间已到。超时时间已到，但是尚未从池中获取连接。出现这种情况可能是因为所有池连接均在使用，并且达到了最大池大小。
********************************************************
-- [ERROR]  [2015-10-10 15:06:16,388]
-- [CoreAlgorithm.TaskManager.ForecastClass::Void RunZDYC()]
-- [文件]:D:\SinteringProControl\Platform\PublicClass\LogClass.cs--第27行
-- [详细]:超时时间已到。超时时间已到，但是尚未从池中获取连接。出现这种情况可能是因为所有池连接均在使用，并且达到了最大池大小。
********************************************************
-- [ERROR]  [2015-10-10 15:06:32,503]
-- [CoreAlgorithm.TaskManager.ForecastClass::Void RunZDYC()]
-- [文件]:D:\SinteringProControl\Platform\PublicClass\LogClass.cs--第27行
-- [详细]:超时时间已到。超时时间已到，但是尚未从池中获取连接。出现这种情况可能是因为所有池连接均在使用，并且达到了最大池大小。
********************************************************
-- [ERROR]  [2015-10-10 15:06:48,462]
-- [CoreAlgorithm.TaskManager.ForecastClass::Void RunZDYC()]
-- [文件]:D:\SinteringProControl\Platform\PublicClass\LogClass.cs--第27行
-- [详细]:超时时间已到。超时时间已到，但是尚未从池中获取连接。出现这种情况可能是因为所有池连接均在使用，并且达到了最大池大小。
********************************************************
-- [ERROR]  [2015-10-10 15:07:04,249]
-- [CoreAlgorithm.TaskManager.ForecastClass::Void RunZDYC()]
-- [文件]:D:\SinteringProControl\Platform\PublicClass\LogClass.cs--第27行
-- [详细]:超时时间已到。超时时间已到，但是尚未从池中获取连接。出现这种情况可能是因为所有池连接均在使用，并且达到了最大池大小。
********************************************************
-- [ERROR]  [2015-10-10 15:07:21,019]
-- [CoreAlgorithm.TaskManager.ForecastClass::Void RunZDYC()]
-- [文件]:D:\SinteringProControl\Platform\PublicClass\LogClass.cs--第27行
-- [详细]:超时时间已到。超时时间已到，但是尚未从池中获取连接。出现这种情况可能是因为所有池连接均在使用，并且达到了最大池大小。
********************************************************
-- [ERROR]  [2015-10-10 15:07:36,292]
-- [CoreAlgorithm.TaskManager.ForecastClass::Void RunZDYC()]
-- [文件]:D:\SinteringProControl\Platform\PublicClass\LogClass.cs--第27行
-- [详细]:超时时间已到。超时时间已到，但是尚未从池中获取连接。出现这种情况可能是因为所有池连接均在使用，并且达到了最大池大小。
********************************************************
-- [ERROR]  [2015-10-10 15:07:51,511]
-- [CoreAlgorithm.TaskManager.ForecastClass::Void RunZDYC()]
-- [文件]:D:\SinteringProControl\Platform\PublicClass\LogClass.cs--第27行
-- [详细]:超时时间已到。超时时间已到，但是尚未从池中获取连接。出现这种情况可能是因为所有池连接均在使用，并且达到了最大池大小。
********************************************************
-- [ERROR]  [2015-10-10 15:08:06,799]
-- [CoreAlgorithm.TaskManager.ForecastClass::Void RunZDYC()]
-- [文件]:D:\SinteringProControl\Platform\PublicClass\LogClass.cs--第27行
-- [详细]:超时时间已到。超时时间已到，但是尚未从池中获取连接。出现这种情况可能是因为所有池连接均在使用，并且达到了最大池大小。
********************************************************
-- [ERROR]  [2015-10-10 15:08:22,054]
-- [CoreAlgorithm.TaskManager.ForecastClass::Void RunZDYC()]
-- [文件]:D:\SinteringProControl\Platform\PublicClass\LogClass.cs--第27行
-- [详细]:超时时间已到。超时时间已到，但是尚未从池中获取连接。出现这种情况可能是因为所有池连接均在使用，并且达到了最大池大小。
********************************************************
-- [ERROR]  [2015-10-10 15:08:37,329]
-- [CoreAlgorithm.TaskManager.ForecastClass::Void RunZDYC()]
-- [文件]:D:\SinteringProControl\Platform\PublicClass\LogClass.cs--第27行
-- [详细]:超时时间已到。超时时间已到，但是尚未从池中获取连接。出现这种情况可能是因为所有池连接均在使用，并且达到了最大池大小。
********************************************************
-- [ERROR]  [2015-10-10 15:08:52,570]
-- [CoreAlgorithm.TaskManager.ForecastClass::Void RunZDYC()]
-- [文件]:D:\SinteringProControl\Platform\PublicClass\LogClass.cs--第27行
-- [详细]:超时时间已到。超时时间已到，但是尚未从池中获取连接。出现这种情况可能是因为所有池连接均在使用，并且达到了最大池大小。
********************************************************
