-- [ERROR]  [2014-12-05 08:19:29,466]
-- [CoreAlgorithm.TaskManager.TasksManager::System.Collections.Generic.Dictionary`2[System.Int32,CoreAlgorithm.TaskManager.TaskModule] GetTaskClass()]
-- [文件]:D:\SinteringPC\Platform\PublicClass\LogClass.cs--第27行
-- [详细]:列名 'Pipeline_id' 无效。
********************************************************
-- [ERROR]  [2014-12-05 08:19:34,393]
-- [CoreAlgorithm.TaskManager.TasksManager::System.Collections.Generic.Dictionary`2[System.Int32,CoreAlgorithm.TaskManager.TaskModule] GetTaskClass()]
-- [文件]:D:\SinteringPC\Platform\PublicClass\LogClass.cs--第27行
-- [详细]:列名 'Pipeline_id' 无效。
********************************************************
-- [ERROR]  [2014-12-05 08:19:39,399]
-- [CoreAlgorithm.TaskManager.TasksManager::System.Collections.Generic.Dictionary`2[System.Int32,CoreAlgorithm.TaskManager.TaskModule] GetTaskClass()]
-- [文件]:D:\SinteringPC\Platform\PublicClass\LogClass.cs--第27行
-- [详细]:列名 'Pipeline_id' 无效。
********************************************************
-- [ERROR]  [2014-12-05 08:19:44,406]
-- [CoreAlgorithm.TaskManager.TasksManager::System.Collections.Generic.Dictionary`2[System.Int32,CoreAlgorithm.TaskManager.TaskModule] GetTaskClass()]
-- [文件]:D:\SinteringPC\Platform\PublicClass\LogClass.cs--第27行
-- [详细]:列名 'Pipeline_id' 无效。
********************************************************
-- [ERROR]  [2014-12-05 08:19:49,415]
-- [CoreAlgorithm.TaskManager.TasksManager::System.Collections.Generic.Dictionary`2[System.Int32,CoreAlgorithm.TaskManager.TaskModule] GetTaskClass()]
-- [文件]:D:\SinteringPC\Platform\PublicClass\LogClass.cs--第27行
-- [详细]:列名 'Pipeline_id' 无效。
********************************************************
-- [ERROR]  [2014-12-05 08:19:54,421]
-- [CoreAlgorithm.TaskManager.TasksManager::System.Collections.Generic.Dictionary`2[System.Int32,CoreAlgorithm.TaskManager.TaskModule] GetTaskClass()]
-- [文件]:D:\SinteringPC\Platform\PublicClass\LogClass.cs--第27行
-- [详细]:列名 'Pipeline_id' 无效。
********************************************************
-- [ERROR]  [2014-12-05 08:19:59,429]
-- [CoreAlgorithm.TaskManager.TasksManager::System.Collections.Generic.Dictionary`2[System.Int32,CoreAlgorithm.TaskManager.TaskModule] GetTaskClass()]
-- [文件]:D:\SinteringPC\Platform\PublicClass\LogClass.cs--第27行
-- [详细]:列名 'Pipeline_id' 无效。
********************************************************
-- [ERROR]  [2014-12-05 08:20:04,437]
-- [CoreAlgorithm.TaskManager.TasksManager::System.Collections.Generic.Dictionary`2[System.Int32,CoreAlgorithm.TaskManager.TaskModule] GetTaskClass()]
-- [文件]:D:\SinteringPC\Platform\PublicClass\LogClass.cs--第27行
-- [详细]:列名 'Pipeline_id' 无效。
********************************************************
-- [ERROR]  [2014-12-05 08:20:09,444]
-- [CoreAlgorithm.TaskManager.TasksManager::System.Collections.Generic.Dictionary`2[System.Int32,CoreAlgorithm.TaskManager.TaskModule] GetTaskClass()]
-- [文件]:D:\SinteringPC\Platform\PublicClass\LogClass.cs--第27行
-- [详细]:列名 'Pipeline_id' 无效。
********************************************************
-- [ERROR]  [2014-12-05 08:20:14,452]
-- [CoreAlgorithm.TaskManager.TasksManager::System.Collections.Generic.Dictionary`2[System.Int32,CoreAlgorithm.TaskManager.TaskModule] GetTaskClass()]
-- [文件]:D:\SinteringPC\Platform\PublicClass\LogClass.cs--第27行
-- [详细]:列名 'Pipeline_id' 无效。
********************************************************
-- [ERROR]  [2014-12-05 08:20:19,460]
-- [CoreAlgorithm.TaskManager.TasksManager::System.Collections.Generic.Dictionary`2[System.Int32,CoreAlgorithm.TaskManager.TaskModule] GetTaskClass()]
-- [文件]:D:\SinteringPC\Platform\PublicClass\LogClass.cs--第27行
-- [详细]:列名 'Pipeline_id' 无效。
********************************************************
-- [ERROR]  [2014-12-05 08:20:24,469]
-- [CoreAlgorithm.TaskManager.TasksManager::System.Collections.Generic.Dictionary`2[System.Int32,CoreAlgorithm.TaskManager.TaskModule] GetTaskClass()]
-- [文件]:D:\SinteringPC\Platform\PublicClass\LogClass.cs--第27行
-- [详细]:列名 'Pipeline_id' 无效。
********************************************************
-- [ERROR]  [2014-12-05 08:20:29,474]
-- [CoreAlgorithm.TaskManager.TasksManager::System.Collections.Generic.Dictionary`2[System.Int32,CoreAlgorithm.TaskManager.TaskModule] GetTaskClass()]
-- [文件]:D:\SinteringPC\Platform\PublicClass\LogClass.cs--第27行
-- [详细]:列名 'Pipeline_id' 无效。
********************************************************
-- [ERROR]  [2014-12-05 08:20:34,483]
-- [CoreAlgorithm.TaskManager.TasksManager::System.Collections.Generic.Dictionary`2[System.Int32,CoreAlgorithm.TaskManager.TaskModule] GetTaskClass()]
-- [文件]:D:\SinteringPC\Platform\PublicClass\LogClass.cs--第27行
-- [详细]:列名 'Pipeline_id' 无效。
********************************************************
-- [ERROR]  [2014-12-05 08:20:39,491]
-- [CoreAlgorithm.TaskManager.TasksManager::System.Collections.Generic.Dictionary`2[System.Int32,CoreAlgorithm.TaskManager.TaskModule] GetTaskClass()]
-- [文件]:D:\SinteringPC\Platform\PublicClass\LogClass.cs--第27行
-- [详细]:列名 'Pipeline_id' 无效。
********************************************************
-- [ERROR]  [2014-12-05 08:20:44,504]
-- [CoreAlgorithm.TaskManager.TasksManager::System.Collections.Generic.Dictionary`2[System.Int32,CoreAlgorithm.TaskManager.TaskModule] GetTaskClass()]
-- [文件]:D:\SinteringPC\Platform\PublicClass\LogClass.cs--第27行
-- [详细]:列名 'Pipeline_id' 无效。
********************************************************
-- [ERROR]  [2014-12-05 08:20:49,506]
-- [CoreAlgorithm.TaskManager.TasksManager::System.Collections.Generic.Dictionary`2[System.Int32,CoreAlgorithm.TaskManager.TaskModule] GetTaskClass()]
-- [文件]:D:\SinteringPC\Platform\PublicClass\LogClass.cs--第27行
-- [详细]:列名 'Pipeline_id' 无效。
********************************************************
-- [ERROR]  [2014-12-05 08:20:54,514]
-- [CoreAlgorithm.TaskManager.TasksManager::System.Collections.Generic.Dictionary`2[System.Int32,CoreAlgorithm.TaskManager.TaskModule] GetTaskClass()]
-- [文件]:D:\SinteringPC\Platform\PublicClass\LogClass.cs--第27行
-- [详细]:列名 'Pipeline_id' 无效。
********************************************************
-- [ERROR]  [2014-12-05 08:20:59,521]
-- [CoreAlgorithm.TaskManager.TasksManager::System.Collections.Generic.Dictionary`2[System.Int32,CoreAlgorithm.TaskManager.TaskModule] GetTaskClass()]
-- [文件]:D:\SinteringPC\Platform\PublicClass\LogClass.cs--第27行
-- [详细]:列名 'Pipeline_id' 无效。
********************************************************
-- [ERROR]  [2014-12-05 08:21:04,528]
-- [CoreAlgorithm.TaskManager.TasksManager::System.Collections.Generic.Dictionary`2[System.Int32,CoreAlgorithm.TaskManager.TaskModule] GetTaskClass()]
-- [文件]:D:\SinteringPC\Platform\PublicClass\LogClass.cs--第27行
-- [详细]:列名 'Pipeline_id' 无效。
********************************************************
-- [ERROR]  [2014-12-05 08:21:09,537]
-- [CoreAlgorithm.TaskManager.TasksManager::System.Collections.Generic.Dictionary`2[System.Int32,CoreAlgorithm.TaskManager.TaskModule] GetTaskClass()]
-- [文件]:D:\SinteringPC\Platform\PublicClass\LogClass.cs--第27行
-- [详细]:列名 'Pipeline_id' 无效。
********************************************************
-- [ERROR]  [2014-12-05 08:21:14,543]
-- [CoreAlgorithm.TaskManager.TasksManager::System.Collections.Generic.Dictionary`2[System.Int32,CoreAlgorithm.TaskManager.TaskModule] GetTaskClass()]
-- [文件]:D:\SinteringPC\Platform\PublicClass\LogClass.cs--第27行
-- [详细]:列名 'Pipeline_id' 无效。
********************************************************
-- [ERROR]  [2014-12-05 08:21:19,552]
-- [CoreAlgorithm.TaskManager.TasksManager::System.Collections.Generic.Dictionary`2[System.Int32,CoreAlgorithm.TaskManager.TaskModule] GetTaskClass()]
-- [文件]:D:\SinteringPC\Platform\PublicClass\LogClass.cs--第27行
-- [详细]:列名 'Pipeline_id' 无效。
********************************************************
-- [ERROR]  [2014-12-05 08:21:24,560]
-- [CoreAlgorithm.TaskManager.TasksManager::System.Collections.Generic.Dictionary`2[System.Int32,CoreAlgorithm.TaskManager.TaskModule] GetTaskClass()]
-- [文件]:D:\SinteringPC\Platform\PublicClass\LogClass.cs--第27行
-- [详细]:列名 'Pipeline_id' 无效。
********************************************************
-- [ERROR]  [2014-12-05 08:21:29,566]
-- [CoreAlgorithm.TaskManager.TasksManager::System.Collections.Generic.Dictionary`2[System.Int32,CoreAlgorithm.TaskManager.TaskModule] GetTaskClass()]
-- [文件]:D:\SinteringPC\Platform\PublicClass\LogClass.cs--第27行
-- [详细]:列名 'Pipeline_id' 无效。
********************************************************
-- [ERROR]  [2014-12-05 08:21:34,575]
-- [CoreAlgorithm.TaskManager.TasksManager::System.Collections.Generic.Dictionary`2[System.Int32,CoreAlgorithm.TaskManager.TaskModule] GetTaskClass()]
-- [文件]:D:\SinteringPC\Platform\PublicClass\LogClass.cs--第27行
-- [详细]:列名 'Pipeline_id' 无效。
********************************************************
-- [ERROR]  [2014-12-05 08:21:39,582]
-- [CoreAlgorithm.TaskManager.TasksManager::System.Collections.Generic.Dictionary`2[System.Int32,CoreAlgorithm.TaskManager.TaskModule] GetTaskClass()]
-- [文件]:D:\SinteringPC\Platform\PublicClass\LogClass.cs--第27行
-- [详细]:列名 'Pipeline_id' 无效。
********************************************************
-- [ERROR]  [2014-12-05 08:21:44,590]
-- [CoreAlgorithm.TaskManager.TasksManager::System.Collections.Generic.Dictionary`2[System.Int32,CoreAlgorithm.TaskManager.TaskModule] GetTaskClass()]
-- [文件]:D:\SinteringPC\Platform\PublicClass\LogClass.cs--第27行
-- [详细]:列名 'Pipeline_id' 无效。
********************************************************
-- [ERROR]  [2014-12-05 08:21:49,597]
-- [CoreAlgorithm.TaskManager.TasksManager::System.Collections.Generic.Dictionary`2[System.Int32,CoreAlgorithm.TaskManager.TaskModule] GetTaskClass()]
-- [文件]:D:\SinteringPC\Platform\PublicClass\LogClass.cs--第27行
-- [详细]:列名 'Pipeline_id' 无效。
********************************************************
-- [ERROR]  [2014-12-05 08:21:54,603]
-- [CoreAlgorithm.TaskManager.TasksManager::System.Collections.Generic.Dictionary`2[System.Int32,CoreAlgorithm.TaskManager.TaskModule] GetTaskClass()]
-- [文件]:D:\SinteringPC\Platform\PublicClass\LogClass.cs--第27行
-- [详细]:列名 'Pipeline_id' 无效。
********************************************************
-- [ERROR]  [2014-12-05 08:21:59,613]
-- [CoreAlgorithm.TaskManager.TasksManager::System.Collections.Generic.Dictionary`2[System.Int32,CoreAlgorithm.TaskManager.TaskModule] GetTaskClass()]
-- [文件]:D:\SinteringPC\Platform\PublicClass\LogClass.cs--第27行
-- [详细]:列名 'Pipeline_id' 无效。
********************************************************
-- [ERROR]  [2014-12-05 08:22:04,621]
-- [CoreAlgorithm.TaskManager.TasksManager::System.Collections.Generic.Dictionary`2[System.Int32,CoreAlgorithm.TaskManager.TaskModule] GetTaskClass()]
-- [文件]:D:\SinteringPC\Platform\PublicClass\LogClass.cs--第27行
-- [详细]:列名 'Pipeline_id' 无效。
********************************************************
-- [ERROR]  [2014-12-05 08:22:09,628]
-- [CoreAlgorithm.TaskManager.TasksManager::System.Collections.Generic.Dictionary`2[System.Int32,CoreAlgorithm.TaskManager.TaskModule] GetTaskClass()]
-- [文件]:D:\SinteringPC\Platform\PublicClass\LogClass.cs--第27行
-- [详细]:列名 'Pipeline_id' 无效。
********************************************************
-- [ERROR]  [2014-12-05 08:22:14,635]
-- [CoreAlgorithm.TaskManager.TasksManager::System.Collections.Generic.Dictionary`2[System.Int32,CoreAlgorithm.TaskManager.TaskModule] GetTaskClass()]
-- [文件]:D:\SinteringPC\Platform\PublicClass\LogClass.cs--第27行
-- [详细]:列名 'Pipeline_id' 无效。
********************************************************
-- [ERROR]  [2014-12-05 08:22:19,648]
-- [CoreAlgorithm.TaskManager.TasksManager::System.Collections.Generic.Dictionary`2[System.Int32,CoreAlgorithm.TaskManager.TaskModule] GetTaskClass()]
-- [文件]:D:\SinteringPC\Platform\PublicClass\LogClass.cs--第27行
-- [详细]:列名 'Pipeline_id' 无效。
********************************************************
-- [ERROR]  [2014-12-05 08:22:24,650]
-- [CoreAlgorithm.TaskManager.TasksManager::System.Collections.Generic.Dictionary`2[System.Int32,CoreAlgorithm.TaskManager.TaskModule] GetTaskClass()]
-- [文件]:D:\SinteringPC\Platform\PublicClass\LogClass.cs--第27行
-- [详细]:列名 'Pipeline_id' 无效。
********************************************************
-- [ERROR]  [2014-12-05 08:22:29,659]
-- [CoreAlgorithm.TaskManager.TasksManager::System.Collections.Generic.Dictionary`2[System.Int32,CoreAlgorithm.TaskManager.TaskModule] GetTaskClass()]
-- [文件]:D:\SinteringPC\Platform\PublicClass\LogClass.cs--第27行
-- [详细]:列名 'Pipeline_id' 无效。
********************************************************
-- [ERROR]  [2014-12-05 08:22:34,665]
-- [CoreAlgorithm.TaskManager.TasksManager::System.Collections.Generic.Dictionary`2[System.Int32,CoreAlgorithm.TaskManager.TaskModule] GetTaskClass()]
-- [文件]:D:\SinteringPC\Platform\PublicClass\LogClass.cs--第27行
-- [详细]:列名 'Pipeline_id' 无效。
********************************************************
-- [ERROR]  [2014-12-05 08:22:39,673]
-- [CoreAlgorithm.TaskManager.TasksManager::System.Collections.Generic.Dictionary`2[System.Int32,CoreAlgorithm.TaskManager.TaskModule] GetTaskClass()]
-- [文件]:D:\SinteringPC\Platform\PublicClass\LogClass.cs--第27行
-- [详细]:列名 'Pipeline_id' 无效。
********************************************************
-- [ERROR]  [2014-12-05 08:22:44,681]
-- [CoreAlgorithm.TaskManager.TasksManager::System.Collections.Generic.Dictionary`2[System.Int32,CoreAlgorithm.TaskManager.TaskModule] GetTaskClass()]
-- [文件]:D:\SinteringPC\Platform\PublicClass\LogClass.cs--第27行
-- [详细]:列名 'Pipeline_id' 无效。
********************************************************
-- [ERROR]  [2014-12-05 08:22:49,689]
-- [CoreAlgorithm.TaskManager.TasksManager::System.Collections.Generic.Dictionary`2[System.Int32,CoreAlgorithm.TaskManager.TaskModule] GetTaskClass()]
-- [文件]:D:\SinteringPC\Platform\PublicClass\LogClass.cs--第27行
-- [详细]:列名 'Pipeline_id' 无效。
********************************************************
-- [ERROR]  [2014-12-05 08:22:54,697]
-- [CoreAlgorithm.TaskManager.TasksManager::System.Collections.Generic.Dictionary`2[System.Int32,CoreAlgorithm.TaskManager.TaskModule] GetTaskClass()]
-- [文件]:D:\SinteringPC\Platform\PublicClass\LogClass.cs--第27行
-- [详细]:列名 'Pipeline_id' 无效。
********************************************************
-- [ERROR]  [2014-12-05 08:22:59,705]
-- [CoreAlgorithm.TaskManager.TasksManager::System.Collections.Generic.Dictionary`2[System.Int32,CoreAlgorithm.TaskManager.TaskModule] GetTaskClass()]
-- [文件]:D:\SinteringPC\Platform\PublicClass\LogClass.cs--第27行
-- [详细]:列名 'Pipeline_id' 无效。
********************************************************
-- [ERROR]  [2014-12-05 08:23:04,712]
-- [CoreAlgorithm.TaskManager.TasksManager::System.Collections.Generic.Dictionary`2[System.Int32,CoreAlgorithm.TaskManager.TaskModule] GetTaskClass()]
-- [文件]:D:\SinteringPC\Platform\PublicClass\LogClass.cs--第27行
-- [详细]:列名 'Pipeline_id' 无效。
********************************************************
-- [ERROR]  [2014-12-05 08:23:09,720]
-- [CoreAlgorithm.TaskManager.TasksManager::System.Collections.Generic.Dictionary`2[System.Int32,CoreAlgorithm.TaskManager.TaskModule] GetTaskClass()]
-- [文件]:D:\SinteringPC\Platform\PublicClass\LogClass.cs--第27行
-- [详细]:列名 'Pipeline_id' 无效。
********************************************************
-- [ERROR]  [2014-12-05 08:23:14,726]
-- [CoreAlgorithm.TaskManager.TasksManager::System.Collections.Generic.Dictionary`2[System.Int32,CoreAlgorithm.TaskManager.TaskModule] GetTaskClass()]
-- [文件]:D:\SinteringPC\Platform\PublicClass\LogClass.cs--第27行
-- [详细]:列名 'Pipeline_id' 无效。
********************************************************
-- [ERROR]  [2014-12-05 08:23:19,735]
-- [CoreAlgorithm.TaskManager.TasksManager::System.Collections.Generic.Dictionary`2[System.Int32,CoreAlgorithm.TaskManager.TaskModule] GetTaskClass()]
-- [文件]:D:\SinteringPC\Platform\PublicClass\LogClass.cs--第27行
-- [详细]:列名 'Pipeline_id' 无效。
********************************************************
-- [ERROR]  [2014-12-05 08:23:24,743]
-- [CoreAlgorithm.TaskManager.TasksManager::System.Collections.Generic.Dictionary`2[System.Int32,CoreAlgorithm.TaskManager.TaskModule] GetTaskClass()]
-- [文件]:D:\SinteringPC\Platform\PublicClass\LogClass.cs--第27行
-- [详细]:列名 'Pipeline_id' 无效。
********************************************************
-- [ERROR]  [2014-12-05 08:23:29,749]
-- [CoreAlgorithm.TaskManager.TasksManager::System.Collections.Generic.Dictionary`2[System.Int32,CoreAlgorithm.TaskManager.TaskModule] GetTaskClass()]
-- [文件]:D:\SinteringPC\Platform\PublicClass\LogClass.cs--第27行
-- [详细]:列名 'Pipeline_id' 无效。
********************************************************
-- [ERROR]  [2014-12-05 08:23:34,757]
-- [CoreAlgorithm.TaskManager.TasksManager::System.Collections.Generic.Dictionary`2[System.Int32,CoreAlgorithm.TaskManager.TaskModule] GetTaskClass()]
-- [文件]:D:\SinteringPC\Platform\PublicClass\LogClass.cs--第27行
-- [详细]:列名 'Pipeline_id' 无效。
********************************************************
-- [ERROR]  [2014-12-05 08:23:39,766]
-- [CoreAlgorithm.TaskManager.TasksManager::System.Collections.Generic.Dictionary`2[System.Int32,CoreAlgorithm.TaskManager.TaskModule] GetTaskClass()]
-- [文件]:D:\SinteringPC\Platform\PublicClass\LogClass.cs--第27行
-- [详细]:列名 'Pipeline_id' 无效。
********************************************************
-- [ERROR]  [2014-12-05 08:23:44,772]
-- [CoreAlgorithm.TaskManager.TasksManager::System.Collections.Generic.Dictionary`2[System.Int32,CoreAlgorithm.TaskManager.TaskModule] GetTaskClass()]
-- [文件]:D:\SinteringPC\Platform\PublicClass\LogClass.cs--第27行
-- [详细]:列名 'Pipeline_id' 无效。
********************************************************
-- [ERROR]  [2014-12-05 08:23:49,780]
-- [CoreAlgorithm.TaskManager.TasksManager::System.Collections.Generic.Dictionary`2[System.Int32,CoreAlgorithm.TaskManager.TaskModule] GetTaskClass()]
-- [文件]:D:\SinteringPC\Platform\PublicClass\LogClass.cs--第27行
-- [详细]:列名 'Pipeline_id' 无效。
********************************************************
-- [ERROR]  [2014-12-05 08:23:54,788]
-- [CoreAlgorithm.TaskManager.TasksManager::System.Collections.Generic.Dictionary`2[System.Int32,CoreAlgorithm.TaskManager.TaskModule] GetTaskClass()]
-- [文件]:D:\SinteringPC\Platform\PublicClass\LogClass.cs--第27行
-- [详细]:列名 'Pipeline_id' 无效。
********************************************************
-- [ERROR]  [2014-12-05 08:23:59,795]
-- [CoreAlgorithm.TaskManager.TasksManager::System.Collections.Generic.Dictionary`2[System.Int32,CoreAlgorithm.TaskManager.TaskModule] GetTaskClass()]
-- [文件]:D:\SinteringPC\Platform\PublicClass\LogClass.cs--第27行
-- [详细]:列名 'Pipeline_id' 无效。
********************************************************
-- [ERROR]  [2014-12-05 08:24:04,803]
-- [CoreAlgorithm.TaskManager.TasksManager::System.Collections.Generic.Dictionary`2[System.Int32,CoreAlgorithm.TaskManager.TaskModule] GetTaskClass()]
-- [文件]:D:\SinteringPC\Platform\PublicClass\LogClass.cs--第27行
-- [详细]:列名 'Pipeline_id' 无效。
********************************************************
-- [ERROR]  [2014-12-05 08:24:09,810]
-- [CoreAlgorithm.TaskManager.TasksManager::System.Collections.Generic.Dictionary`2[System.Int32,CoreAlgorithm.TaskManager.TaskModule] GetTaskClass()]
-- [文件]:D:\SinteringPC\Platform\PublicClass\LogClass.cs--第27行
-- [详细]:列名 'Pipeline_id' 无效。
********************************************************
-- [ERROR]  [2014-12-05 08:24:14,818]
-- [CoreAlgorithm.TaskManager.TasksManager::System.Collections.Generic.Dictionary`2[System.Int32,CoreAlgorithm.TaskManager.TaskModule] GetTaskClass()]
-- [文件]:D:\SinteringPC\Platform\PublicClass\LogClass.cs--第27行
-- [详细]:列名 'Pipeline_id' 无效。
********************************************************
-- [ERROR]  [2014-12-05 08:24:19,827]
-- [CoreAlgorithm.TaskManager.TasksManager::System.Collections.Generic.Dictionary`2[System.Int32,CoreAlgorithm.TaskManager.TaskModule] GetTaskClass()]
-- [文件]:D:\SinteringPC\Platform\PublicClass\LogClass.cs--第27行
-- [详细]:列名 'Pipeline_id' 无效。
********************************************************
-- [ERROR]  [2014-12-05 08:24:24,833]
-- [CoreAlgorithm.TaskManager.TasksManager::System.Collections.Generic.Dictionary`2[System.Int32,CoreAlgorithm.TaskManager.TaskModule] GetTaskClass()]
-- [文件]:D:\SinteringPC\Platform\PublicClass\LogClass.cs--第27行
-- [详细]:列名 'Pipeline_id' 无效。
********************************************************
-- [ERROR]  [2014-12-05 08:24:29,840]
-- [CoreAlgorithm.TaskManager.TasksManager::System.Collections.Generic.Dictionary`2[System.Int32,CoreAlgorithm.TaskManager.TaskModule] GetTaskClass()]
-- [文件]:D:\SinteringPC\Platform\PublicClass\LogClass.cs--第27行
-- [详细]:列名 'Pipeline_id' 无效。
********************************************************
-- [ERROR]  [2014-12-05 08:24:34,850]
-- [CoreAlgorithm.TaskManager.TasksManager::System.Collections.Generic.Dictionary`2[System.Int32,CoreAlgorithm.TaskManager.TaskModule] GetTaskClass()]
-- [文件]:D:\SinteringPC\Platform\PublicClass\LogClass.cs--第27行
-- [详细]:列名 'Pipeline_id' 无效。
********************************************************
-- [ERROR]  [2014-12-05 08:24:39,857]
-- [CoreAlgorithm.TaskManager.TasksManager::System.Collections.Generic.Dictionary`2[System.Int32,CoreAlgorithm.TaskManager.TaskModule] GetTaskClass()]
-- [文件]:D:\SinteringPC\Platform\PublicClass\LogClass.cs--第27行
-- [详细]:列名 'Pipeline_id' 无效。
********************************************************
-- [ERROR]  [2014-12-05 08:24:44,864]
-- [CoreAlgorithm.TaskManager.TasksManager::System.Collections.Generic.Dictionary`2[System.Int32,CoreAlgorithm.TaskManager.TaskModule] GetTaskClass()]
-- [文件]:D:\SinteringPC\Platform\PublicClass\LogClass.cs--第27行
-- [详细]:列名 'Pipeline_id' 无效。
********************************************************
-- [ERROR]  [2014-12-05 08:24:49,871]
-- [CoreAlgorithm.TaskManager.TasksManager::System.Collections.Generic.Dictionary`2[System.Int32,CoreAlgorithm.TaskManager.TaskModule] GetTaskClass()]
-- [文件]:D:\SinteringPC\Platform\PublicClass\LogClass.cs--第27行
-- [详细]:列名 'Pipeline_id' 无效。
********************************************************
-- [ERROR]  [2014-12-05 08:24:54,879]
-- [CoreAlgorithm.TaskManager.TasksManager::System.Collections.Generic.Dictionary`2[System.Int32,CoreAlgorithm.TaskManager.TaskModule] GetTaskClass()]
-- [文件]:D:\SinteringPC\Platform\PublicClass\LogClass.cs--第27行
-- [详细]:列名 'Pipeline_id' 无效。
********************************************************
-- [ERROR]  [2014-12-05 08:24:59,886]
-- [CoreAlgorithm.TaskManager.TasksManager::System.Collections.Generic.Dictionary`2[System.Int32,CoreAlgorithm.TaskManager.TaskModule] GetTaskClass()]
-- [文件]:D:\SinteringPC\Platform\PublicClass\LogClass.cs--第27行
-- [详细]:列名 'Pipeline_id' 无效。
********************************************************
-- [ERROR]  [2014-12-05 08:25:04,902]
-- [CoreAlgorithm.TaskManager.TasksManager::System.Collections.Generic.Dictionary`2[System.Int32,CoreAlgorithm.TaskManager.TaskModule] GetTaskClass()]
-- [文件]:D:\SinteringPC\Platform\PublicClass\LogClass.cs--第27行
-- [详细]:列名 'Pipeline_id' 无效。
********************************************************
-- [ERROR]  [2014-12-05 08:25:09,901]
-- [CoreAlgorithm.TaskManager.TasksManager::System.Collections.Generic.Dictionary`2[System.Int32,CoreAlgorithm.TaskManager.TaskModule] GetTaskClass()]
-- [文件]:D:\SinteringPC\Platform\PublicClass\LogClass.cs--第27行
-- [详细]:列名 'Pipeline_id' 无效。
********************************************************
-- [ERROR]  [2014-12-05 08:25:14,910]
-- [CoreAlgorithm.TaskManager.TasksManager::System.Collections.Generic.Dictionary`2[System.Int32,CoreAlgorithm.TaskManager.TaskModule] GetTaskClass()]
-- [文件]:D:\SinteringPC\Platform\PublicClass\LogClass.cs--第27行
-- [详细]:列名 'Pipeline_id' 无效。
********************************************************
-- [ERROR]  [2014-12-05 08:25:19,918]
-- [CoreAlgorithm.TaskManager.TasksManager::System.Collections.Generic.Dictionary`2[System.Int32,CoreAlgorithm.TaskManager.TaskModule] GetTaskClass()]
-- [文件]:D:\SinteringPC\Platform\PublicClass\LogClass.cs--第27行
-- [详细]:列名 'Pipeline_id' 无效。
********************************************************
-- [ERROR]  [2014-12-05 08:25:24,925]
-- [CoreAlgorithm.TaskManager.TasksManager::System.Collections.Generic.Dictionary`2[System.Int32,CoreAlgorithm.TaskManager.TaskModule] GetTaskClass()]
-- [文件]:D:\SinteringPC\Platform\PublicClass\LogClass.cs--第27行
-- [详细]:列名 'Pipeline_id' 无效。
********************************************************
-- [ERROR]  [2014-12-05 08:25:29,933]
-- [CoreAlgorithm.TaskManager.TasksManager::System.Collections.Generic.Dictionary`2[System.Int32,CoreAlgorithm.TaskManager.TaskModule] GetTaskClass()]
-- [文件]:D:\SinteringPC\Platform\PublicClass\LogClass.cs--第27行
-- [详细]:列名 'Pipeline_id' 无效。
********************************************************
-- [ERROR]  [2014-12-05 08:25:34,940]
-- [CoreAlgorithm.TaskManager.TasksManager::System.Collections.Generic.Dictionary`2[System.Int32,CoreAlgorithm.TaskManager.TaskModule] GetTaskClass()]
-- [文件]:D:\SinteringPC\Platform\PublicClass\LogClass.cs--第27行
-- [详细]:列名 'Pipeline_id' 无效。
********************************************************
-- [ERROR]  [2014-12-05 08:25:39,950]
-- [CoreAlgorithm.TaskManager.TasksManager::System.Collections.Generic.Dictionary`2[System.Int32,CoreAlgorithm.TaskManager.TaskModule] GetTaskClass()]
-- [文件]:D:\SinteringPC\Platform\PublicClass\LogClass.cs--第27行
-- [详细]:列名 'Pipeline_id' 无效。
********************************************************
-- [ERROR]  [2014-12-05 08:25:44,956]
-- [CoreAlgorithm.TaskManager.TasksManager::System.Collections.Generic.Dictionary`2[System.Int32,CoreAlgorithm.TaskManager.TaskModule] GetTaskClass()]
-- [文件]:D:\SinteringPC\Platform\PublicClass\LogClass.cs--第27行
-- [详细]:列名 'Pipeline_id' 无效。
********************************************************
-- [ERROR]  [2014-12-05 08:25:49,969]
-- [CoreAlgorithm.TaskManager.TasksManager::System.Collections.Generic.Dictionary`2[System.Int32,CoreAlgorithm.TaskManager.TaskModule] GetTaskClass()]
-- [文件]:D:\SinteringPC\Platform\PublicClass\LogClass.cs--第27行
-- [详细]:列名 'Pipeline_id' 无效。
********************************************************
-- [ERROR]  [2014-12-05 08:25:54,971]
-- [CoreAlgorithm.TaskManager.TasksManager::System.Collections.Generic.Dictionary`2[System.Int32,CoreAlgorithm.TaskManager.TaskModule] GetTaskClass()]
-- [文件]:D:\SinteringPC\Platform\PublicClass\LogClass.cs--第27行
-- [详细]:列名 'Pipeline_id' 无效。
********************************************************
-- [ERROR]  [2014-12-05 08:25:59,986]
-- [CoreAlgorithm.TaskManager.TasksManager::System.Collections.Generic.Dictionary`2[System.Int32,CoreAlgorithm.TaskManager.TaskModule] GetTaskClass()]
-- [文件]:D:\SinteringPC\Platform\PublicClass\LogClass.cs--第27行
-- [详细]:列名 'Pipeline_id' 无效。
********************************************************
-- [ERROR]  [2014-12-05 08:26:04,986]
-- [CoreAlgorithm.TaskManager.TasksManager::System.Collections.Generic.Dictionary`2[System.Int32,CoreAlgorithm.TaskManager.TaskModule] GetTaskClass()]
-- [文件]:D:\SinteringPC\Platform\PublicClass\LogClass.cs--第27行
-- [详细]:列名 'Pipeline_id' 无效。
********************************************************
-- [ERROR]  [2014-12-05 08:26:09,994]
-- [CoreAlgorithm.TaskManager.TasksManager::System.Collections.Generic.Dictionary`2[System.Int32,CoreAlgorithm.TaskManager.TaskModule] GetTaskClass()]
-- [文件]:D:\SinteringPC\Platform\PublicClass\LogClass.cs--第27行
-- [详细]:列名 'Pipeline_id' 无效。
********************************************************
-- [ERROR]  [2014-12-05 08:26:15,002]
-- [CoreAlgorithm.TaskManager.TasksManager::System.Collections.Generic.Dictionary`2[System.Int32,CoreAlgorithm.TaskManager.TaskModule] GetTaskClass()]
-- [文件]:D:\SinteringPC\Platform\PublicClass\LogClass.cs--第27行
-- [详细]:列名 'Pipeline_id' 无效。
********************************************************
-- [ERROR]  [2014-12-05 08:26:20,011]
-- [CoreAlgorithm.TaskManager.TasksManager::System.Collections.Generic.Dictionary`2[System.Int32,CoreAlgorithm.TaskManager.TaskModule] GetTaskClass()]
-- [文件]:D:\SinteringPC\Platform\PublicClass\LogClass.cs--第27行
-- [详细]:列名 'Pipeline_id' 无效。
********************************************************
-- [ERROR]  [2014-12-05 08:26:25,016]
-- [CoreAlgorithm.TaskManager.TasksManager::System.Collections.Generic.Dictionary`2[System.Int32,CoreAlgorithm.TaskManager.TaskModule] GetTaskClass()]
-- [文件]:D:\SinteringPC\Platform\PublicClass\LogClass.cs--第27行
-- [详细]:列名 'Pipeline_id' 无效。
********************************************************
-- [ERROR]  [2014-12-05 08:26:30,022]
-- [CoreAlgorithm.TaskManager.TasksManager::System.Collections.Generic.Dictionary`2[System.Int32,CoreAlgorithm.TaskManager.TaskModule] GetTaskClass()]
-- [文件]:D:\SinteringPC\Platform\PublicClass\LogClass.cs--第27行
-- [详细]:列名 'Pipeline_id' 无效。
********************************************************
-- [ERROR]  [2014-12-05 08:26:35,033]
-- [CoreAlgorithm.TaskManager.TasksManager::System.Collections.Generic.Dictionary`2[System.Int32,CoreAlgorithm.TaskManager.TaskModule] GetTaskClass()]
-- [文件]:D:\SinteringPC\Platform\PublicClass\LogClass.cs--第27行
-- [详细]:列名 'Pipeline_id' 无效。
********************************************************
-- [ERROR]  [2014-12-05 08:26:40,040]
-- [CoreAlgorithm.TaskManager.TasksManager::System.Collections.Generic.Dictionary`2[System.Int32,CoreAlgorithm.TaskManager.TaskModule] GetTaskClass()]
-- [文件]:D:\SinteringPC\Platform\PublicClass\LogClass.cs--第27行
-- [详细]:列名 'Pipeline_id' 无效。
********************************************************
-- [ERROR]  [2014-12-05 08:26:45,047]
-- [CoreAlgorithm.TaskManager.TasksManager::System.Collections.Generic.Dictionary`2[System.Int32,CoreAlgorithm.TaskManager.TaskModule] GetTaskClass()]
-- [文件]:D:\SinteringPC\Platform\PublicClass\LogClass.cs--第27行
-- [详细]:列名 'Pipeline_id' 无效。
********************************************************
-- [ERROR]  [2014-12-05 08:26:50,056]
-- [CoreAlgorithm.TaskManager.TasksManager::System.Collections.Generic.Dictionary`2[System.Int32,CoreAlgorithm.TaskManager.TaskModule] GetTaskClass()]
-- [文件]:D:\SinteringPC\Platform\PublicClass\LogClass.cs--第27行
-- [详细]:列名 'Pipeline_id' 无效。
********************************************************
-- [ERROR]  [2014-12-05 08:26:55,063]
-- [CoreAlgorithm.TaskManager.TasksManager::System.Collections.Generic.Dictionary`2[System.Int32,CoreAlgorithm.TaskManager.TaskModule] GetTaskClass()]
-- [文件]:D:\SinteringPC\Platform\PublicClass\LogClass.cs--第27行
-- [详细]:列名 'Pipeline_id' 无效。
********************************************************
-- [ERROR]  [2014-12-05 08:27:00,070]
-- [CoreAlgorithm.TaskManager.TasksManager::System.Collections.Generic.Dictionary`2[System.Int32,CoreAlgorithm.TaskManager.TaskModule] GetTaskClass()]
-- [文件]:D:\SinteringPC\Platform\PublicClass\LogClass.cs--第27行
-- [详细]:列名 'Pipeline_id' 无效。
********************************************************
-- [ERROR]  [2014-12-05 08:27:05,077]
-- [CoreAlgorithm.TaskManager.TasksManager::System.Collections.Generic.Dictionary`2[System.Int32,CoreAlgorithm.TaskManager.TaskModule] GetTaskClass()]
-- [文件]:D:\SinteringPC\Platform\PublicClass\LogClass.cs--第27行
-- [详细]:列名 'Pipeline_id' 无效。
********************************************************
-- [ERROR]  [2014-12-05 08:27:10,086]
-- [CoreAlgorithm.TaskManager.TasksManager::System.Collections.Generic.Dictionary`2[System.Int32,CoreAlgorithm.TaskManager.TaskModule] GetTaskClass()]
-- [文件]:D:\SinteringPC\Platform\PublicClass\LogClass.cs--第27行
-- [详细]:列名 'Pipeline_id' 无效。
********************************************************
-- [ERROR]  [2014-12-05 08:27:15,094]
-- [CoreAlgorithm.TaskManager.TasksManager::System.Collections.Generic.Dictionary`2[System.Int32,CoreAlgorithm.TaskManager.TaskModule] GetTaskClass()]
-- [文件]:D:\SinteringPC\Platform\PublicClass\LogClass.cs--第27行
-- [详细]:列名 'Pipeline_id' 无效。
********************************************************
-- [ERROR]  [2014-12-05 08:27:20,100]
-- [CoreAlgorithm.TaskManager.TasksManager::System.Collections.Generic.Dictionary`2[System.Int32,CoreAlgorithm.TaskManager.TaskModule] GetTaskClass()]
-- [文件]:D:\SinteringPC\Platform\PublicClass\LogClass.cs--第27行
-- [详细]:列名 'Pipeline_id' 无效。
********************************************************
-- [ERROR]  [2014-12-05 08:27:25,109]
-- [CoreAlgorithm.TaskManager.TasksManager::System.Collections.Generic.Dictionary`2[System.Int32,CoreAlgorithm.TaskManager.TaskModule] GetTaskClass()]
-- [文件]:D:\SinteringPC\Platform\PublicClass\LogClass.cs--第27行
-- [详细]:列名 'Pipeline_id' 无效。
********************************************************
-- [ERROR]  [2014-12-05 08:27:30,116]
-- [CoreAlgorithm.TaskManager.TasksManager::System.Collections.Generic.Dictionary`2[System.Int32,CoreAlgorithm.TaskManager.TaskModule] GetTaskClass()]
-- [文件]:D:\SinteringPC\Platform\PublicClass\LogClass.cs--第27行
-- [详细]:列名 'Pipeline_id' 无效。
********************************************************
-- [ERROR]  [2014-12-05 08:27:35,123]
-- [CoreAlgorithm.TaskManager.TasksManager::System.Collections.Generic.Dictionary`2[System.Int32,CoreAlgorithm.TaskManager.TaskModule] GetTaskClass()]
-- [文件]:D:\SinteringPC\Platform\PublicClass\LogClass.cs--第27行
-- [详细]:列名 'Pipeline_id' 无效。
********************************************************
-- [ERROR]  [2014-12-05 08:27:40,131]
-- [CoreAlgorithm.TaskManager.TasksManager::System.Collections.Generic.Dictionary`2[System.Int32,CoreAlgorithm.TaskManager.TaskModule] GetTaskClass()]
-- [文件]:D:\SinteringPC\Platform\PublicClass\LogClass.cs--第27行
-- [详细]:列名 'Pipeline_id' 无效。
********************************************************
-- [ERROR]  [2014-12-05 08:27:45,139]
-- [CoreAlgorithm.TaskManager.TasksManager::System.Collections.Generic.Dictionary`2[System.Int32,CoreAlgorithm.TaskManager.TaskModule] GetTaskClass()]
-- [文件]:D:\SinteringPC\Platform\PublicClass\LogClass.cs--第27行
-- [详细]:列名 'Pipeline_id' 无效。
********************************************************
-- [ERROR]  [2014-12-05 08:27:50,146]
-- [CoreAlgorithm.TaskManager.TasksManager::System.Collections.Generic.Dictionary`2[System.Int32,CoreAlgorithm.TaskManager.TaskModule] GetTaskClass()]
-- [文件]:D:\SinteringPC\Platform\PublicClass\LogClass.cs--第27行
-- [详细]:列名 'Pipeline_id' 无效。
********************************************************
-- [ERROR]  [2014-12-05 08:27:55,154]
-- [CoreAlgorithm.TaskManager.TasksManager::System.Collections.Generic.Dictionary`2[System.Int32,CoreAlgorithm.TaskManager.TaskModule] GetTaskClass()]
-- [文件]:D:\SinteringPC\Platform\PublicClass\LogClass.cs--第27行
-- [详细]:列名 'Pipeline_id' 无效。
********************************************************
-- [ERROR]  [2014-12-05 08:28:00,166]
-- [CoreAlgorithm.TaskManager.TasksManager::System.Collections.Generic.Dictionary`2[System.Int32,CoreAlgorithm.TaskManager.TaskModule] GetTaskClass()]
-- [文件]:D:\SinteringPC\Platform\PublicClass\LogClass.cs--第27行
-- [详细]:列名 'Pipeline_id' 无效。
********************************************************
-- [ERROR]  [2014-12-05 08:28:05,170]
-- [CoreAlgorithm.TaskManager.TasksManager::System.Collections.Generic.Dictionary`2[System.Int32,CoreAlgorithm.TaskManager.TaskModule] GetTaskClass()]
-- [文件]:D:\SinteringPC\Platform\PublicClass\LogClass.cs--第27行
-- [详细]:列名 'Pipeline_id' 无效。
********************************************************
-- [ERROR]  [2014-12-05 08:28:10,178]
-- [CoreAlgorithm.TaskManager.TasksManager::System.Collections.Generic.Dictionary`2[System.Int32,CoreAlgorithm.TaskManager.TaskModule] GetTaskClass()]
-- [文件]:D:\SinteringPC\Platform\PublicClass\LogClass.cs--第27行
-- [详细]:列名 'Pipeline_id' 无效。
********************************************************
-- [ERROR]  [2014-12-05 08:28:15,184]
-- [CoreAlgorithm.TaskManager.TasksManager::System.Collections.Generic.Dictionary`2[System.Int32,CoreAlgorithm.TaskManager.TaskModule] GetTaskClass()]
-- [文件]:D:\SinteringPC\Platform\PublicClass\LogClass.cs--第27行
-- [详细]:列名 'Pipeline_id' 无效。
********************************************************
-- [ERROR]  [2014-12-05 08:28:20,193]
-- [CoreAlgorithm.TaskManager.TasksManager::System.Collections.Generic.Dictionary`2[System.Int32,CoreAlgorithm.TaskManager.TaskModule] GetTaskClass()]
-- [文件]:D:\SinteringPC\Platform\PublicClass\LogClass.cs--第27行
-- [详细]:列名 'Pipeline_id' 无效。
********************************************************
-- [ERROR]  [2014-12-05 08:28:25,201]
-- [CoreAlgorithm.TaskManager.TasksManager::System.Collections.Generic.Dictionary`2[System.Int32,CoreAlgorithm.TaskManager.TaskModule] GetTaskClass()]
-- [文件]:D:\SinteringPC\Platform\PublicClass\LogClass.cs--第27行
-- [详细]:列名 'Pipeline_id' 无效。
********************************************************
-- [ERROR]  [2014-12-05 08:28:30,208]
-- [CoreAlgorithm.TaskManager.TasksManager::System.Collections.Generic.Dictionary`2[System.Int32,CoreAlgorithm.TaskManager.TaskModule] GetTaskClass()]
-- [文件]:D:\SinteringPC\Platform\PublicClass\LogClass.cs--第27行
-- [详细]:列名 'Pipeline_id' 无效。
********************************************************
-- [ERROR]  [2014-12-05 08:28:35,217]
-- [CoreAlgorithm.TaskManager.TasksManager::System.Collections.Generic.Dictionary`2[System.Int32,CoreAlgorithm.TaskManager.TaskModule] GetTaskClass()]
-- [文件]:D:\SinteringPC\Platform\PublicClass\LogClass.cs--第27行
-- [详细]:列名 'Pipeline_id' 无效。
********************************************************
-- [ERROR]  [2014-12-05 08:28:40,223]
-- [CoreAlgorithm.TaskManager.TasksManager::System.Collections.Generic.Dictionary`2[System.Int32,CoreAlgorithm.TaskManager.TaskModule] GetTaskClass()]
-- [文件]:D:\SinteringPC\Platform\PublicClass\LogClass.cs--第27行
-- [详细]:列名 'Pipeline_id' 无效。
********************************************************
-- [ERROR]  [2014-12-05 08:28:45,231]
-- [CoreAlgorithm.TaskManager.TasksManager::System.Collections.Generic.Dictionary`2[System.Int32,CoreAlgorithm.TaskManager.TaskModule] GetTaskClass()]
-- [文件]:D:\SinteringPC\Platform\PublicClass\LogClass.cs--第27行
-- [详细]:列名 'Pipeline_id' 无效。
********************************************************
-- [ERROR]  [2014-12-05 08:28:50,239]
-- [CoreAlgorithm.TaskManager.TasksManager::System.Collections.Generic.Dictionary`2[System.Int32,CoreAlgorithm.TaskManager.TaskModule] GetTaskClass()]
-- [文件]:D:\SinteringPC\Platform\PublicClass\LogClass.cs--第27行
-- [详细]:列名 'Pipeline_id' 无效。
********************************************************
-- [ERROR]  [2014-12-05 08:28:55,246]
-- [CoreAlgorithm.TaskManager.TasksManager::System.Collections.Generic.Dictionary`2[System.Int32,CoreAlgorithm.TaskManager.TaskModule] GetTaskClass()]
-- [文件]:D:\SinteringPC\Platform\PublicClass\LogClass.cs--第27行
-- [详细]:列名 'Pipeline_id' 无效。
********************************************************
-- [ERROR]  [2014-12-05 08:29:00,253]
-- [CoreAlgorithm.TaskManager.TasksManager::System.Collections.Generic.Dictionary`2[System.Int32,CoreAlgorithm.TaskManager.TaskModule] GetTaskClass()]
-- [文件]:D:\SinteringPC\Platform\PublicClass\LogClass.cs--第27行
-- [详细]:列名 'Pipeline_id' 无效。
********************************************************
-- [ERROR]  [2014-12-05 08:29:05,259]
-- [CoreAlgorithm.TaskManager.TasksManager::System.Collections.Generic.Dictionary`2[System.Int32,CoreAlgorithm.TaskManager.TaskModule] GetTaskClass()]
-- [文件]:D:\SinteringPC\Platform\PublicClass\LogClass.cs--第27行
-- [详细]:列名 'Pipeline_id' 无效。
********************************************************
-- [ERROR]  [2014-12-05 08:29:10,269]
-- [CoreAlgorithm.TaskManager.TasksManager::System.Collections.Generic.Dictionary`2[System.Int32,CoreAlgorithm.TaskManager.TaskModule] GetTaskClass()]
-- [文件]:D:\SinteringPC\Platform\PublicClass\LogClass.cs--第27行
-- [详细]:列名 'Pipeline_id' 无效。
********************************************************
-- [ERROR]  [2014-12-05 08:29:15,276]
-- [CoreAlgorithm.TaskManager.TasksManager::System.Collections.Generic.Dictionary`2[System.Int32,CoreAlgorithm.TaskManager.TaskModule] GetTaskClass()]
-- [文件]:D:\SinteringPC\Platform\PublicClass\LogClass.cs--第27行
-- [详细]:列名 'Pipeline_id' 无效。
********************************************************
-- [ERROR]  [2014-12-05 08:29:20,284]
-- [CoreAlgorithm.TaskManager.TasksManager::System.Collections.Generic.Dictionary`2[System.Int32,CoreAlgorithm.TaskManager.TaskModule] GetTaskClass()]
-- [文件]:D:\SinteringPC\Platform\PublicClass\LogClass.cs--第27行
-- [详细]:列名 'Pipeline_id' 无效。
********************************************************
-- [ERROR]  [2014-12-05 08:29:25,289]
-- [CoreAlgorithm.TaskManager.TasksManager::System.Collections.Generic.Dictionary`2[System.Int32,CoreAlgorithm.TaskManager.TaskModule] GetTaskClass()]
-- [文件]:D:\SinteringPC\Platform\PublicClass\LogClass.cs--第27行
-- [详细]:列名 'Pipeline_id' 无效。
********************************************************
-- [ERROR]  [2014-12-05 08:29:30,298]
-- [CoreAlgorithm.TaskManager.TasksManager::System.Collections.Generic.Dictionary`2[System.Int32,CoreAlgorithm.TaskManager.TaskModule] GetTaskClass()]
-- [文件]:D:\SinteringPC\Platform\PublicClass\LogClass.cs--第27行
-- [详细]:列名 'Pipeline_id' 无效。
********************************************************
-- [ERROR]  [2014-12-05 08:29:35,304]
-- [CoreAlgorithm.TaskManager.TasksManager::System.Collections.Generic.Dictionary`2[System.Int32,CoreAlgorithm.TaskManager.TaskModule] GetTaskClass()]
-- [文件]:D:\SinteringPC\Platform\PublicClass\LogClass.cs--第27行
-- [详细]:列名 'Pipeline_id' 无效。
********************************************************
-- [ERROR]  [2014-12-05 08:29:40,312]
-- [CoreAlgorithm.TaskManager.TasksManager::System.Collections.Generic.Dictionary`2[System.Int32,CoreAlgorithm.TaskManager.TaskModule] GetTaskClass()]
-- [文件]:D:\SinteringPC\Platform\PublicClass\LogClass.cs--第27行
-- [详细]:列名 'Pipeline_id' 无效。
********************************************************
-- [ERROR]  [2014-12-05 08:29:45,323]
-- [CoreAlgorithm.TaskManager.TasksManager::System.Collections.Generic.Dictionary`2[System.Int32,CoreAlgorithm.TaskManager.TaskModule] GetTaskClass()]
-- [文件]:D:\SinteringPC\Platform\PublicClass\LogClass.cs--第27行
-- [详细]:列名 'Pipeline_id' 无效。
********************************************************
-- [ERROR]  [2014-12-05 08:29:50,330]
-- [CoreAlgorithm.TaskManager.TasksManager::System.Collections.Generic.Dictionary`2[System.Int32,CoreAlgorithm.TaskManager.TaskModule] GetTaskClass()]
-- [文件]:D:\SinteringPC\Platform\PublicClass\LogClass.cs--第27行
-- [详细]:列名 'Pipeline_id' 无效。
********************************************************
-- [ERROR]  [2014-12-05 08:29:55,338]
-- [CoreAlgorithm.TaskManager.TasksManager::System.Collections.Generic.Dictionary`2[System.Int32,CoreAlgorithm.TaskManager.TaskModule] GetTaskClass()]
-- [文件]:D:\SinteringPC\Platform\PublicClass\LogClass.cs--第27行
-- [详细]:列名 'Pipeline_id' 无效。
********************************************************
-- [ERROR]  [2014-12-05 08:30:00,344]
-- [CoreAlgorithm.TaskManager.TasksManager::System.Collections.Generic.Dictionary`2[System.Int32,CoreAlgorithm.TaskManager.TaskModule] GetTaskClass()]
-- [文件]:D:\SinteringPC\Platform\PublicClass\LogClass.cs--第27行
-- [详细]:列名 'Pipeline_id' 无效。
********************************************************
-- [ERROR]  [2014-12-05 08:30:05,352]
-- [CoreAlgorithm.TaskManager.TasksManager::System.Collections.Generic.Dictionary`2[System.Int32,CoreAlgorithm.TaskManager.TaskModule] GetTaskClass()]
-- [文件]:D:\SinteringPC\Platform\PublicClass\LogClass.cs--第27行
-- [详细]:列名 'Pipeline_id' 无效。
********************************************************
-- [ERROR]  [2014-12-05 08:30:10,360]
-- [CoreAlgorithm.TaskManager.TasksManager::System.Collections.Generic.Dictionary`2[System.Int32,CoreAlgorithm.TaskManager.TaskModule] GetTaskClass()]
-- [文件]:D:\SinteringPC\Platform\PublicClass\LogClass.cs--第27行
-- [详细]:列名 'Pipeline_id' 无效。
********************************************************
-- [ERROR]  [2014-12-05 08:30:15,368]
-- [CoreAlgorithm.TaskManager.TasksManager::System.Collections.Generic.Dictionary`2[System.Int32,CoreAlgorithm.TaskManager.TaskModule] GetTaskClass()]
-- [文件]:D:\SinteringPC\Platform\PublicClass\LogClass.cs--第27行
-- [详细]:列名 'Pipeline_id' 无效。
********************************************************
-- [ERROR]  [2014-12-05 08:30:20,383]
-- [CoreAlgorithm.TaskManager.TasksManager::System.Collections.Generic.Dictionary`2[System.Int32,CoreAlgorithm.TaskManager.TaskModule] GetTaskClass()]
-- [文件]:D:\SinteringPC\Platform\PublicClass\LogClass.cs--第27行
-- [详细]:列名 'Pipeline_id' 无效。
********************************************************
-- [ERROR]  [2014-12-05 08:30:25,381]
-- [CoreAlgorithm.TaskManager.TasksManager::System.Collections.Generic.Dictionary`2[System.Int32,CoreAlgorithm.TaskManager.TaskModule] GetTaskClass()]
-- [文件]:D:\SinteringPC\Platform\PublicClass\LogClass.cs--第27行
-- [详细]:列名 'Pipeline_id' 无效。
********************************************************
-- [ERROR]  [2014-12-05 08:30:30,389]
-- [CoreAlgorithm.TaskManager.TasksManager::System.Collections.Generic.Dictionary`2[System.Int32,CoreAlgorithm.TaskManager.TaskModule] GetTaskClass()]
-- [文件]:D:\SinteringPC\Platform\PublicClass\LogClass.cs--第27行
-- [详细]:列名 'Pipeline_id' 无效。
********************************************************
-- [ERROR]  [2014-12-05 08:30:35,398]
-- [CoreAlgorithm.TaskManager.TasksManager::System.Collections.Generic.Dictionary`2[System.Int32,CoreAlgorithm.TaskManager.TaskModule] GetTaskClass()]
-- [文件]:D:\SinteringPC\Platform\PublicClass\LogClass.cs--第27行
-- [详细]:列名 'Pipeline_id' 无效。
********************************************************
-- [ERROR]  [2014-12-05 08:30:40,406]
-- [CoreAlgorithm.TaskManager.TasksManager::System.Collections.Generic.Dictionary`2[System.Int32,CoreAlgorithm.TaskManager.TaskModule] GetTaskClass()]
-- [文件]:D:\SinteringPC\Platform\PublicClass\LogClass.cs--第27行
-- [详细]:列名 'Pipeline_id' 无效。
********************************************************
-- [ERROR]  [2014-12-05 08:30:45,413]
-- [CoreAlgorithm.TaskManager.TasksManager::System.Collections.Generic.Dictionary`2[System.Int32,CoreAlgorithm.TaskManager.TaskModule] GetTaskClass()]
-- [文件]:D:\SinteringPC\Platform\PublicClass\LogClass.cs--第27行
-- [详细]:列名 'Pipeline_id' 无效。
********************************************************
-- [ERROR]  [2014-12-05 08:30:50,420]
-- [CoreAlgorithm.TaskManager.TasksManager::System.Collections.Generic.Dictionary`2[System.Int32,CoreAlgorithm.TaskManager.TaskModule] GetTaskClass()]
-- [文件]:D:\SinteringPC\Platform\PublicClass\LogClass.cs--第27行
-- [详细]:列名 'Pipeline_id' 无效。
********************************************************
-- [ERROR]  [2014-12-05 08:30:55,430]
-- [CoreAlgorithm.TaskManager.TasksManager::System.Collections.Generic.Dictionary`2[System.Int32,CoreAlgorithm.TaskManager.TaskModule] GetTaskClass()]
-- [文件]:D:\SinteringPC\Platform\PublicClass\LogClass.cs--第27行
-- [详细]:列名 'Pipeline_id' 无效。
********************************************************
-- [ERROR]  [2014-12-05 08:31:00,435]
-- [CoreAlgorithm.TaskManager.TasksManager::System.Collections.Generic.Dictionary`2[System.Int32,CoreAlgorithm.TaskManager.TaskModule] GetTaskClass()]
-- [文件]:D:\SinteringPC\Platform\PublicClass\LogClass.cs--第27行
-- [详细]:列名 'Pipeline_id' 无效。
********************************************************
-- [ERROR]  [2014-12-05 08:31:05,445]
-- [CoreAlgorithm.TaskManager.TasksManager::System.Collections.Generic.Dictionary`2[System.Int32,CoreAlgorithm.TaskManager.TaskModule] GetTaskClass()]
-- [文件]:D:\SinteringPC\Platform\PublicClass\LogClass.cs--第27行
-- [详细]:列名 'Pipeline_id' 无效。
********************************************************
-- [ERROR]  [2014-12-05 08:31:10,457]
-- [CoreAlgorithm.TaskManager.TasksManager::System.Collections.Generic.Dictionary`2[System.Int32,CoreAlgorithm.TaskManager.TaskModule] GetTaskClass()]
-- [文件]:D:\SinteringPC\Platform\PublicClass\LogClass.cs--第27行
-- [详细]:列名 'Pipeline_id' 无效。
********************************************************
-- [ERROR]  [2014-12-05 08:31:15,460]
-- [CoreAlgorithm.TaskManager.TasksManager::System.Collections.Generic.Dictionary`2[System.Int32,CoreAlgorithm.TaskManager.TaskModule] GetTaskClass()]
-- [文件]:D:\SinteringPC\Platform\PublicClass\LogClass.cs--第27行
-- [详细]:列名 'Pipeline_id' 无效。
********************************************************
-- [ERROR]  [2014-12-05 08:31:20,467]
-- [CoreAlgorithm.TaskManager.TasksManager::System.Collections.Generic.Dictionary`2[System.Int32,CoreAlgorithm.TaskManager.TaskModule] GetTaskClass()]
-- [文件]:D:\SinteringPC\Platform\PublicClass\LogClass.cs--第27行
-- [详细]:列名 'Pipeline_id' 无效。
********************************************************
-- [ERROR]  [2014-12-05 08:31:25,474]
-- [CoreAlgorithm.TaskManager.TasksManager::System.Collections.Generic.Dictionary`2[System.Int32,CoreAlgorithm.TaskManager.TaskModule] GetTaskClass()]
-- [文件]:D:\SinteringPC\Platform\PublicClass\LogClass.cs--第27行
-- [详细]:列名 'Pipeline_id' 无效。
********************************************************
-- [ERROR]  [2014-12-05 08:31:30,483]
-- [CoreAlgorithm.TaskManager.TasksManager::System.Collections.Generic.Dictionary`2[System.Int32,CoreAlgorithm.TaskManager.TaskModule] GetTaskClass()]
-- [文件]:D:\SinteringPC\Platform\PublicClass\LogClass.cs--第27行
-- [详细]:列名 'Pipeline_id' 无效。
********************************************************
-- [ERROR]  [2014-12-05 08:31:35,491]
-- [CoreAlgorithm.TaskManager.TasksManager::System.Collections.Generic.Dictionary`2[System.Int32,CoreAlgorithm.TaskManager.TaskModule] GetTaskClass()]
-- [文件]:D:\SinteringPC\Platform\PublicClass\LogClass.cs--第27行
-- [详细]:列名 'Pipeline_id' 无效。
********************************************************
-- [ERROR]  [2014-12-05 08:31:40,495]
-- [CoreAlgorithm.TaskManager.TasksManager::System.Collections.Generic.Dictionary`2[System.Int32,CoreAlgorithm.TaskManager.TaskModule] GetTaskClass()]
-- [文件]:D:\SinteringPC\Platform\PublicClass\LogClass.cs--第27行
-- [详细]:列名 'Pipeline_id' 无效。
********************************************************
-- [ERROR]  [2014-12-05 08:31:45,503]
-- [CoreAlgorithm.TaskManager.TasksManager::System.Collections.Generic.Dictionary`2[System.Int32,CoreAlgorithm.TaskManager.TaskModule] GetTaskClass()]
-- [文件]:D:\SinteringPC\Platform\PublicClass\LogClass.cs--第27行
-- [详细]:列名 'Pipeline_id' 无效。
********************************************************
-- [ERROR]  [2014-12-05 08:31:50,514]
-- [CoreAlgorithm.TaskManager.TasksManager::System.Collections.Generic.Dictionary`2[System.Int32,CoreAlgorithm.TaskManager.TaskModule] GetTaskClass()]
-- [文件]:D:\SinteringPC\Platform\PublicClass\LogClass.cs--第27行
-- [详细]:列名 'Pipeline_id' 无效。
********************************************************
-- [ERROR]  [2014-12-05 08:31:55,520]
-- [CoreAlgorithm.TaskManager.TasksManager::System.Collections.Generic.Dictionary`2[System.Int32,CoreAlgorithm.TaskManager.TaskModule] GetTaskClass()]
-- [文件]:D:\SinteringPC\Platform\PublicClass\LogClass.cs--第27行
-- [详细]:列名 'Pipeline_id' 无效。
********************************************************
-- [ERROR]  [2014-12-05 08:32:00,527]
-- [CoreAlgorithm.TaskManager.TasksManager::System.Collections.Generic.Dictionary`2[System.Int32,CoreAlgorithm.TaskManager.TaskModule] GetTaskClass()]
-- [文件]:D:\SinteringPC\Platform\PublicClass\LogClass.cs--第27行
-- [详细]:列名 'Pipeline_id' 无效。
********************************************************
-- [ERROR]  [2014-12-05 08:32:05,536]
-- [CoreAlgorithm.TaskManager.TasksManager::System.Collections.Generic.Dictionary`2[System.Int32,CoreAlgorithm.TaskManager.TaskModule] GetTaskClass()]
-- [文件]:D:\SinteringPC\Platform\PublicClass\LogClass.cs--第27行
-- [详细]:列名 'Pipeline_id' 无效。
********************************************************
-- [ERROR]  [2014-12-05 08:32:10,544]
-- [CoreAlgorithm.TaskManager.TasksManager::System.Collections.Generic.Dictionary`2[System.Int32,CoreAlgorithm.TaskManager.TaskModule] GetTaskClass()]
-- [文件]:D:\SinteringPC\Platform\PublicClass\LogClass.cs--第27行
-- [详细]:列名 'Pipeline_id' 无效。
********************************************************
-- [ERROR]  [2014-12-05 08:32:15,551]
-- [CoreAlgorithm.TaskManager.TasksManager::System.Collections.Generic.Dictionary`2[System.Int32,CoreAlgorithm.TaskManager.TaskModule] GetTaskClass()]
-- [文件]:D:\SinteringPC\Platform\PublicClass\LogClass.cs--第27行
-- [详细]:列名 'Pipeline_id' 无效。
********************************************************
-- [ERROR]  [2014-12-05 08:32:20,558]
-- [CoreAlgorithm.TaskManager.TasksManager::System.Collections.Generic.Dictionary`2[System.Int32,CoreAlgorithm.TaskManager.TaskModule] GetTaskClass()]
-- [文件]:D:\SinteringPC\Platform\PublicClass\LogClass.cs--第27行
-- [详细]:列名 'Pipeline_id' 无效。
********************************************************
-- [ERROR]  [2014-12-05 08:32:25,566]
-- [CoreAlgorithm.TaskManager.TasksManager::System.Collections.Generic.Dictionary`2[System.Int32,CoreAlgorithm.TaskManager.TaskModule] GetTaskClass()]
-- [文件]:D:\SinteringPC\Platform\PublicClass\LogClass.cs--第27行
-- [详细]:列名 'Pipeline_id' 无效。
********************************************************
-- [ERROR]  [2014-12-05 08:32:30,574]
-- [CoreAlgorithm.TaskManager.TasksManager::System.Collections.Generic.Dictionary`2[System.Int32,CoreAlgorithm.TaskManager.TaskModule] GetTaskClass()]
-- [文件]:D:\SinteringPC\Platform\PublicClass\LogClass.cs--第27行
-- [详细]:列名 'Pipeline_id' 无效。
********************************************************
-- [ERROR]  [2014-12-05 08:32:35,579]
-- [CoreAlgorithm.TaskManager.TasksManager::System.Collections.Generic.Dictionary`2[System.Int32,CoreAlgorithm.TaskManager.TaskModule] GetTaskClass()]
-- [文件]:D:\SinteringPC\Platform\PublicClass\LogClass.cs--第27行
-- [详细]:列名 'Pipeline_id' 无效。
********************************************************
-- [ERROR]  [2014-12-05 08:32:40,589]
-- [CoreAlgorithm.TaskManager.TasksManager::System.Collections.Generic.Dictionary`2[System.Int32,CoreAlgorithm.TaskManager.TaskModule] GetTaskClass()]
-- [文件]:D:\SinteringPC\Platform\PublicClass\LogClass.cs--第27行
-- [详细]:列名 'Pipeline_id' 无效。
********************************************************
-- [ERROR]  [2014-12-05 08:32:45,597]
-- [CoreAlgorithm.TaskManager.TasksManager::System.Collections.Generic.Dictionary`2[System.Int32,CoreAlgorithm.TaskManager.TaskModule] GetTaskClass()]
-- [文件]:D:\SinteringPC\Platform\PublicClass\LogClass.cs--第27行
-- [详细]:列名 'Pipeline_id' 无效。
********************************************************
-- [ERROR]  [2014-12-05 08:32:50,604]
-- [CoreAlgorithm.TaskManager.TasksManager::System.Collections.Generic.Dictionary`2[System.Int32,CoreAlgorithm.TaskManager.TaskModule] GetTaskClass()]
-- [文件]:D:\SinteringPC\Platform\PublicClass\LogClass.cs--第27行
-- [详细]:列名 'Pipeline_id' 无效。
********************************************************
-- [ERROR]  [2014-12-05 08:32:55,611]
-- [CoreAlgorithm.TaskManager.TasksManager::System.Collections.Generic.Dictionary`2[System.Int32,CoreAlgorithm.TaskManager.TaskModule] GetTaskClass()]
-- [文件]:D:\SinteringPC\Platform\PublicClass\LogClass.cs--第27行
-- [详细]:列名 'Pipeline_id' 无效。
********************************************************
-- [ERROR]  [2014-12-05 08:46:24,392]
-- [CoreAlgorithm.TaskManager.TasksManager::System.Collections.Generic.Dictionary`2[System.Int32,CoreAlgorithm.TaskManager.TaskModule] GetTaskClass()]
-- [文件]:D:\SinteringPC\Platform\PublicClass\LogClass.cs--第27行
-- [详细]:列名 'Pipeline_id' 无效。
********************************************************
-- [ERROR]  [2014-12-05 08:46:29,314]
-- [CoreAlgorithm.TaskManager.TasksManager::System.Collections.Generic.Dictionary`2[System.Int32,CoreAlgorithm.TaskManager.TaskModule] GetTaskClass()]
-- [文件]:D:\SinteringPC\Platform\PublicClass\LogClass.cs--第27行
-- [详细]:列名 'Pipeline_id' 无效。
********************************************************
-- [ERROR]  [2014-12-05 08:46:34,321]
-- [CoreAlgorithm.TaskManager.TasksManager::System.Collections.Generic.Dictionary`2[System.Int32,CoreAlgorithm.TaskManager.TaskModule] GetTaskClass()]
-- [文件]:D:\SinteringPC\Platform\PublicClass\LogClass.cs--第27行
-- [详细]:列名 'Pipeline_id' 无效。
********************************************************
-- [ERROR]  [2014-12-05 08:46:39,329]
-- [CoreAlgorithm.TaskManager.TasksManager::System.Collections.Generic.Dictionary`2[System.Int32,CoreAlgorithm.TaskManager.TaskModule] GetTaskClass()]
-- [文件]:D:\SinteringPC\Platform\PublicClass\LogClass.cs--第27行
-- [详细]:列名 'Pipeline_id' 无效。
********************************************************
-- [ERROR]  [2014-12-05 11:51:41,066]
-- [CoreAlgorithm.TaskManager.TasksManager::System.Collections.Generic.Dictionary`2[System.Int32,CoreAlgorithm.TaskManager.TaskModule] GetTaskClass()]
-- [文件]:D:\SinteringProControl\Platform\PublicClass\LogClass.cs--第27行
-- [详细]:列名 'Pipeline_id' 无效。
********************************************************
-- [ERROR]  [2014-12-05 11:51:45,975]
-- [CoreAlgorithm.TaskManager.TasksManager::System.Collections.Generic.Dictionary`2[System.Int32,CoreAlgorithm.TaskManager.TaskModule] GetTaskClass()]
-- [文件]:D:\SinteringProControl\Platform\PublicClass\LogClass.cs--第27行
-- [详细]:列名 'Pipeline_id' 无效。
********************************************************
-- [ERROR]  [2014-12-05 11:51:50,981]
-- [CoreAlgorithm.TaskManager.TasksManager::System.Collections.Generic.Dictionary`2[System.Int32,CoreAlgorithm.TaskManager.TaskModule] GetTaskClass()]
-- [文件]:D:\SinteringProControl\Platform\PublicClass\LogClass.cs--第27行
-- [详细]:列名 'Pipeline_id' 无效。
********************************************************
-- [ERROR]  [2014-12-05 11:51:55,991]
-- [CoreAlgorithm.TaskManager.TasksManager::System.Collections.Generic.Dictionary`2[System.Int32,CoreAlgorithm.TaskManager.TaskModule] GetTaskClass()]
-- [文件]:D:\SinteringProControl\Platform\PublicClass\LogClass.cs--第27行
-- [详细]:列名 'Pipeline_id' 无效。
********************************************************
-- [ERROR]  [2014-12-05 11:52:00,999]
-- [CoreAlgorithm.TaskManager.TasksManager::System.Collections.Generic.Dictionary`2[System.Int32,CoreAlgorithm.TaskManager.TaskModule] GetTaskClass()]
-- [文件]:D:\SinteringProControl\Platform\PublicClass\LogClass.cs--第27行
-- [详细]:列名 'Pipeline_id' 无效。
********************************************************
-- [ERROR]  [2014-12-05 13:32:58,305]
-- [CoreAlgorithm.TaskManager.TasksManager::System.Collections.Generic.Dictionary`2[System.Int32,CoreAlgorithm.TaskManager.TaskModule] GetTaskClass()]
-- [文件]:D:\SinteringProControl\Platform\PublicClass\LogClass.cs--第27行
-- [详细]:列名 'Pipeline_id' 无效。
********************************************************
-- [ERROR]  [2014-12-05 13:33:03,024]
-- [CoreAlgorithm.TaskManager.TasksManager::System.Collections.Generic.Dictionary`2[System.Int32,CoreAlgorithm.TaskManager.TaskModule] GetTaskClass()]
-- [文件]:D:\SinteringProControl\Platform\PublicClass\LogClass.cs--第27行
-- [详细]:列名 'Pipeline_id' 无效。
********************************************************
-- [ERROR]  [2014-12-05 13:33:08,030]
-- [CoreAlgorithm.TaskManager.TasksManager::System.Collections.Generic.Dictionary`2[System.Int32,CoreAlgorithm.TaskManager.TaskModule] GetTaskClass()]
-- [文件]:D:\SinteringProControl\Platform\PublicClass\LogClass.cs--第27行
-- [详细]:列名 'Pipeline_id' 无效。
********************************************************
-- [ERROR]  [2014-12-05 13:33:13,037]
-- [CoreAlgorithm.TaskManager.TasksManager::System.Collections.Generic.Dictionary`2[System.Int32,CoreAlgorithm.TaskManager.TaskModule] GetTaskClass()]
-- [文件]:D:\SinteringProControl\Platform\PublicClass\LogClass.cs--第27行
-- [详细]:列名 'Pipeline_id' 无效。
********************************************************
-- [ERROR]  [2014-12-05 13:33:18,046]
-- [CoreAlgorithm.TaskManager.TasksManager::System.Collections.Generic.Dictionary`2[System.Int32,CoreAlgorithm.TaskManager.TaskModule] GetTaskClass()]
-- [文件]:D:\SinteringProControl\Platform\PublicClass\LogClass.cs--第27行
-- [详细]:列名 'Pipeline_id' 无效。
********************************************************
-- [ERROR]  [2014-12-05 13:33:23,060]
-- [CoreAlgorithm.TaskManager.TasksManager::System.Collections.Generic.Dictionary`2[System.Int32,CoreAlgorithm.TaskManager.TaskModule] GetTaskClass()]
-- [文件]:D:\SinteringProControl\Platform\PublicClass\LogClass.cs--第27行
-- [详细]:列名 'Pipeline_id' 无效。
********************************************************
-- [ERROR]  [2014-12-05 13:33:28,061]
-- [CoreAlgorithm.TaskManager.TasksManager::System.Collections.Generic.Dictionary`2[System.Int32,CoreAlgorithm.TaskManager.TaskModule] GetTaskClass()]
-- [文件]:D:\SinteringProControl\Platform\PublicClass\LogClass.cs--第27行
-- [详细]:列名 'Pipeline_id' 无效。
********************************************************
-- [ERROR]  [2014-12-05 13:33:33,068]
-- [CoreAlgorithm.TaskManager.TasksManager::System.Collections.Generic.Dictionary`2[System.Int32,CoreAlgorithm.TaskManager.TaskModule] GetTaskClass()]
-- [文件]:D:\SinteringProControl\Platform\PublicClass\LogClass.cs--第27行
-- [详细]:列名 'Pipeline_id' 无效。
********************************************************
-- [ERROR]  [2014-12-05 13:33:38,077]
-- [CoreAlgorithm.TaskManager.TasksManager::System.Collections.Generic.Dictionary`2[System.Int32,CoreAlgorithm.TaskManager.TaskModule] GetTaskClass()]
-- [文件]:D:\SinteringProControl\Platform\PublicClass\LogClass.cs--第27行
-- [详细]:列名 'Pipeline_id' 无效。
********************************************************
-- [ERROR]  [2014-12-05 13:33:43,084]
-- [CoreAlgorithm.TaskManager.TasksManager::System.Collections.Generic.Dictionary`2[System.Int32,CoreAlgorithm.TaskManager.TaskModule] GetTaskClass()]
-- [文件]:D:\SinteringProControl\Platform\PublicClass\LogClass.cs--第27行
-- [详细]:列名 'Pipeline_id' 无效。
********************************************************
-- [ERROR]  [2014-12-05 13:33:48,092]
-- [CoreAlgorithm.TaskManager.TasksManager::System.Collections.Generic.Dictionary`2[System.Int32,CoreAlgorithm.TaskManager.TaskModule] GetTaskClass()]
-- [文件]:D:\SinteringProControl\Platform\PublicClass\LogClass.cs--第27行
-- [详细]:列名 'Pipeline_id' 无效。
********************************************************
-- [ERROR]  [2014-12-05 13:33:53,100]
-- [CoreAlgorithm.TaskManager.TasksManager::System.Collections.Generic.Dictionary`2[System.Int32,CoreAlgorithm.TaskManager.TaskModule] GetTaskClass()]
-- [文件]:D:\SinteringProControl\Platform\PublicClass\LogClass.cs--第27行
-- [详细]:列名 'Pipeline_id' 无效。
********************************************************
-- [ERROR]  [2014-12-05 13:33:58,109]
-- [CoreAlgorithm.TaskManager.TasksManager::System.Collections.Generic.Dictionary`2[System.Int32,CoreAlgorithm.TaskManager.TaskModule] GetTaskClass()]
-- [文件]:D:\SinteringProControl\Platform\PublicClass\LogClass.cs--第27行
-- [详细]:列名 'Pipeline_id' 无效。
********************************************************
-- [ERROR]  [2014-12-05 13:34:03,115]
-- [CoreAlgorithm.TaskManager.TasksManager::System.Collections.Generic.Dictionary`2[System.Int32,CoreAlgorithm.TaskManager.TaskModule] GetTaskClass()]
-- [文件]:D:\SinteringProControl\Platform\PublicClass\LogClass.cs--第27行
-- [详细]:列名 'Pipeline_id' 无效。
********************************************************
-- [ERROR]  [2014-12-05 13:34:08,122]
-- [CoreAlgorithm.TaskManager.TasksManager::System.Collections.Generic.Dictionary`2[System.Int32,CoreAlgorithm.TaskManager.TaskModule] GetTaskClass()]
-- [文件]:D:\SinteringProControl\Platform\PublicClass\LogClass.cs--第27行
-- [详细]:列名 'Pipeline_id' 无效。
********************************************************
-- [ERROR]  [2014-12-05 13:34:13,129]
-- [CoreAlgorithm.TaskManager.TasksManager::System.Collections.Generic.Dictionary`2[System.Int32,CoreAlgorithm.TaskManager.TaskModule] GetTaskClass()]
-- [文件]:D:\SinteringProControl\Platform\PublicClass\LogClass.cs--第27行
-- [详细]:列名 'Pipeline_id' 无效。
********************************************************
-- [ERROR]  [2014-12-05 13:34:18,137]
-- [CoreAlgorithm.TaskManager.TasksManager::System.Collections.Generic.Dictionary`2[System.Int32,CoreAlgorithm.TaskManager.TaskModule] GetTaskClass()]
-- [文件]:D:\SinteringProControl\Platform\PublicClass\LogClass.cs--第27行
-- [详细]:列名 'Pipeline_id' 无效。
********************************************************
-- [ERROR]  [2014-12-05 13:34:23,146]
-- [CoreAlgorithm.TaskManager.TasksManager::System.Collections.Generic.Dictionary`2[System.Int32,CoreAlgorithm.TaskManager.TaskModule] GetTaskClass()]
-- [文件]:D:\SinteringProControl\Platform\PublicClass\LogClass.cs--第27行
-- [详细]:列名 'Pipeline_id' 无效。
********************************************************
-- [ERROR]  [2014-12-05 13:34:28,152]
-- [CoreAlgorithm.TaskManager.TasksManager::System.Collections.Generic.Dictionary`2[System.Int32,CoreAlgorithm.TaskManager.TaskModule] GetTaskClass()]
-- [文件]:D:\SinteringProControl\Platform\PublicClass\LogClass.cs--第27行
-- [详细]:列名 'Pipeline_id' 无效。
********************************************************
-- [ERROR]  [2014-12-05 13:34:33,160]
-- [CoreAlgorithm.TaskManager.TasksManager::System.Collections.Generic.Dictionary`2[System.Int32,CoreAlgorithm.TaskManager.TaskModule] GetTaskClass()]
-- [文件]:D:\SinteringProControl\Platform\PublicClass\LogClass.cs--第27行
-- [详细]:列名 'Pipeline_id' 无效。
********************************************************
-- [ERROR]  [2014-12-05 13:34:38,169]
-- [CoreAlgorithm.TaskManager.TasksManager::System.Collections.Generic.Dictionary`2[System.Int32,CoreAlgorithm.TaskManager.TaskModule] GetTaskClass()]
-- [文件]:D:\SinteringProControl\Platform\PublicClass\LogClass.cs--第27行
-- [详细]:列名 'Pipeline_id' 无效。
********************************************************
-- [ERROR]  [2014-12-05 13:34:43,175]
-- [CoreAlgorithm.TaskManager.TasksManager::System.Collections.Generic.Dictionary`2[System.Int32,CoreAlgorithm.TaskManager.TaskModule] GetTaskClass()]
-- [文件]:D:\SinteringProControl\Platform\PublicClass\LogClass.cs--第27行
-- [详细]:列名 'Pipeline_id' 无效。
********************************************************
-- [ERROR]  [2014-12-05 13:34:48,183]
-- [CoreAlgorithm.TaskManager.TasksManager::System.Collections.Generic.Dictionary`2[System.Int32,CoreAlgorithm.TaskManager.TaskModule] GetTaskClass()]
-- [文件]:D:\SinteringProControl\Platform\PublicClass\LogClass.cs--第27行
-- [详细]:列名 'Pipeline_id' 无效。
********************************************************
-- [ERROR]  [2014-12-05 13:34:53,192]
-- [CoreAlgorithm.TaskManager.TasksManager::System.Collections.Generic.Dictionary`2[System.Int32,CoreAlgorithm.TaskManager.TaskModule] GetTaskClass()]
-- [文件]:D:\SinteringProControl\Platform\PublicClass\LogClass.cs--第27行
-- [详细]:列名 'Pipeline_id' 无效。
********************************************************
-- [ERROR]  [2014-12-05 13:34:58,199]
-- [CoreAlgorithm.TaskManager.TasksManager::System.Collections.Generic.Dictionary`2[System.Int32,CoreAlgorithm.TaskManager.TaskModule] GetTaskClass()]
-- [文件]:D:\SinteringProControl\Platform\PublicClass\LogClass.cs--第27行
-- [详细]:列名 'Pipeline_id' 无效。
********************************************************
-- [ERROR]  [2014-12-05 13:35:03,206]
-- [CoreAlgorithm.TaskManager.TasksManager::System.Collections.Generic.Dictionary`2[System.Int32,CoreAlgorithm.TaskManager.TaskModule] GetTaskClass()]
-- [文件]:D:\SinteringProControl\Platform\PublicClass\LogClass.cs--第27行
-- [详细]:列名 'Pipeline_id' 无效。
********************************************************
-- [ERROR]  [2014-12-05 13:35:08,214]
-- [CoreAlgorithm.TaskManager.TasksManager::System.Collections.Generic.Dictionary`2[System.Int32,CoreAlgorithm.TaskManager.TaskModule] GetTaskClass()]
-- [文件]:D:\SinteringProControl\Platform\PublicClass\LogClass.cs--第27行
-- [详细]:列名 'Pipeline_id' 无效。
********************************************************
-- [ERROR]  [2014-12-05 13:35:13,221]
-- [CoreAlgorithm.TaskManager.TasksManager::System.Collections.Generic.Dictionary`2[System.Int32,CoreAlgorithm.TaskManager.TaskModule] GetTaskClass()]
-- [文件]:D:\SinteringProControl\Platform\PublicClass\LogClass.cs--第27行
-- [详细]:列名 'Pipeline_id' 无效。
********************************************************
-- [ERROR]  [2014-12-05 13:35:18,230]
-- [CoreAlgorithm.TaskManager.TasksManager::System.Collections.Generic.Dictionary`2[System.Int32,CoreAlgorithm.TaskManager.TaskModule] GetTaskClass()]
-- [文件]:D:\SinteringProControl\Platform\PublicClass\LogClass.cs--第27行
-- [详细]:列名 'Pipeline_id' 无效。
********************************************************
-- [ERROR]  [2014-12-05 13:35:23,236]
-- [CoreAlgorithm.TaskManager.TasksManager::System.Collections.Generic.Dictionary`2[System.Int32,CoreAlgorithm.TaskManager.TaskModule] GetTaskClass()]
-- [文件]:D:\SinteringProControl\Platform\PublicClass\LogClass.cs--第27行
-- [详细]:列名 'Pipeline_id' 无效。
********************************************************
-- [ERROR]  [2014-12-05 13:35:28,244]
-- [CoreAlgorithm.TaskManager.TasksManager::System.Collections.Generic.Dictionary`2[System.Int32,CoreAlgorithm.TaskManager.TaskModule] GetTaskClass()]
-- [文件]:D:\SinteringProControl\Platform\PublicClass\LogClass.cs--第27行
-- [详细]:列名 'Pipeline_id' 无效。
********************************************************
-- [ERROR]  [2014-12-05 13:35:33,253]
-- [CoreAlgorithm.TaskManager.TasksManager::System.Collections.Generic.Dictionary`2[System.Int32,CoreAlgorithm.TaskManager.TaskModule] GetTaskClass()]
-- [文件]:D:\SinteringProControl\Platform\PublicClass\LogClass.cs--第27行
-- [详细]:列名 'Pipeline_id' 无效。
********************************************************
-- [ERROR]  [2014-12-05 13:35:38,259]
-- [CoreAlgorithm.TaskManager.TasksManager::System.Collections.Generic.Dictionary`2[System.Int32,CoreAlgorithm.TaskManager.TaskModule] GetTaskClass()]
-- [文件]:D:\SinteringProControl\Platform\PublicClass\LogClass.cs--第27行
-- [详细]:列名 'Pipeline_id' 无效。
********************************************************
-- [ERROR]  [2014-12-05 13:35:43,267]
-- [CoreAlgorithm.TaskManager.TasksManager::System.Collections.Generic.Dictionary`2[System.Int32,CoreAlgorithm.TaskManager.TaskModule] GetTaskClass()]
-- [文件]:D:\SinteringProControl\Platform\PublicClass\LogClass.cs--第27行
-- [详细]:列名 'Pipeline_id' 无效。
********************************************************
-- [ERROR]  [2014-12-05 13:35:48,280]
-- [CoreAlgorithm.TaskManager.TasksManager::System.Collections.Generic.Dictionary`2[System.Int32,CoreAlgorithm.TaskManager.TaskModule] GetTaskClass()]
-- [文件]:D:\SinteringProControl\Platform\PublicClass\LogClass.cs--第27行
-- [详细]:列名 'Pipeline_id' 无效。
********************************************************
