-- [ERROR]  [2015-09-07 09:24:33,064]
-- [CoreAlgorithm.TaskManager.ForecastClass::Void RunZDYC()]
-- [文件]:D:\SinteringProControl\Platform\PublicClass\LogClass.cs--第27行
-- [详细]:列名 '非数字' 无效。
********************************************************
-- [ERROR]  [2015-09-07 09:24:33,090]
-- [CoreAlgorithm.TaskManager.ForecastClass::Void RunZDYC()]
-- [文件]:D:\SinteringProControl\Platform\PublicClass\LogClass.cs--第27行
-- [详细]:列名 '非数字' 无效。
********************************************************
-- [ERROR]  [2015-09-07 09:24:33,336]
-- [CoreAlgorithm.TaskManager.ForecastClass::Void RunZDYC()]
-- [文件]:D:\SinteringProControl\Platform\PublicClass\LogClass.cs--第27行
-- [详细]:列名 '非数字' 无效。
********************************************************
-- [ERROR]  [2015-09-07 09:24:34,323]
-- [CoreAlgorithm.TaskManager.ForecastClass::Void RunZDYC()]
-- [文件]:D:\SinteringProControl\Platform\PublicClass\LogClass.cs--第27行
-- [详细]:列名 '非数字' 无效。
********************************************************
-- [ERROR]  [2015-09-07 09:24:35,336]
-- [CoreAlgorithm.TaskManager.ForecastClass::Void RunZDYC()]
-- [文件]:D:\SinteringProControl\Platform\PublicClass\LogClass.cs--第27行
-- [详细]:列名 '非数字' 无效。
********************************************************
-- [ERROR]  [2015-09-07 09:24:36,360]
-- [CoreAlgorithm.TaskManager.ForecastClass::Void RunZDYC()]
-- [文件]:D:\SinteringProControl\Platform\PublicClass\LogClass.cs--第27行
-- [详细]:列名 '非数字' 无效。
********************************************************
-- [ERROR]  [2015-09-07 09:24:37,344]
-- [CoreAlgorithm.TaskManager.ForecastClass::Void RunZDYC()]
-- [文件]:D:\SinteringProControl\Platform\PublicClass\LogClass.cs--第27行
-- [详细]:列名 '非数字' 无效。
********************************************************
-- [ERROR]  [2015-09-07 09:24:38,915]
-- [CoreAlgorithm.TaskManager.ForecastClass::Void RunZDYC()]
-- [文件]:D:\SinteringProControl\Platform\PublicClass\LogClass.cs--第27行
-- [详细]:列名 '非数字' 无效。
********************************************************
-- [ERROR]  [2015-09-07 09:24:39,948]
-- [CoreAlgorithm.TaskManager.ForecastClass::Void RunZDYC()]
-- [文件]:D:\SinteringProControl\Platform\PublicClass\LogClass.cs--第27行
-- [详细]:列名 '非数字' 无效。
********************************************************
-- [ERROR]  [2015-09-07 09:24:40,979]
-- [CoreAlgorithm.TaskManager.ForecastClass::Void RunZDYC()]
-- [文件]:D:\SinteringProControl\Platform\PublicClass\LogClass.cs--第27行
-- [详细]:列名 '非数字' 无效。
********************************************************
-- [ERROR]  [2015-09-07 09:24:42,000]
-- [CoreAlgorithm.TaskManager.ForecastClass::Void RunZDYC()]
-- [文件]:D:\SinteringProControl\Platform\PublicClass\LogClass.cs--第27行
-- [详细]:列名 '非数字' 无效。
********************************************************
-- [ERROR]  [2015-09-07 09:24:43,639]
-- [CoreAlgorithm.TaskManager.ForecastClass::Void RunZDYC()]
-- [文件]:D:\SinteringProControl\Platform\PublicClass\LogClass.cs--第27行
-- [详细]:列名 '非数字' 无效。
********************************************************
-- [ERROR]  [2015-09-07 09:24:44,026]
-- [CoreAlgorithm.TaskManager.ForecastClass::Void RunZDYC()]
-- [文件]:D:\SinteringProControl\Platform\PublicClass\LogClass.cs--第27行
-- [详细]:列名 '非数字' 无效。
********************************************************
-- [ERROR]  [2015-09-07 09:24:45,018]
-- [CoreAlgorithm.TaskManager.ForecastClass::Void RunZDYC()]
-- [文件]:D:\SinteringProControl\Platform\PublicClass\LogClass.cs--第27行
-- [详细]:列名 '非数字' 无效。
********************************************************
-- [ERROR]  [2015-09-07 09:24:46,048]
-- [CoreAlgorithm.TaskManager.ForecastClass::Void RunZDYC()]
-- [文件]:D:\SinteringProControl\Platform\PublicClass\LogClass.cs--第27行
-- [详细]:列名 '非数字' 无效。
********************************************************
-- [ERROR]  [2015-09-07 09:24:47,057]
-- [CoreAlgorithm.TaskManager.ForecastClass::Void RunZDYC()]
-- [文件]:D:\SinteringProControl\Platform\PublicClass\LogClass.cs--第27行
-- [详细]:列名 '非数字' 无效。
********************************************************
-- [ERROR]  [2015-09-07 09:24:48,779]
-- [CoreAlgorithm.TaskManager.ForecastClass::Void RunZDYC()]
-- [文件]:D:\SinteringProControl\Platform\PublicClass\LogClass.cs--第27行
-- [详细]:列名 '非数字' 无效。
********************************************************
-- [ERROR]  [2015-09-07 09:24:49,108]
-- [CoreAlgorithm.TaskManager.ForecastClass::Void RunZDYC()]
-- [文件]:D:\SinteringProControl\Platform\PublicClass\LogClass.cs--第27行
-- [详细]:列名 '非数字' 无效。
********************************************************
-- [ERROR]  [2015-09-07 09:24:50,115]
-- [CoreAlgorithm.TaskManager.ForecastClass::Void RunZDYC()]
-- [文件]:D:\SinteringProControl\Platform\PublicClass\LogClass.cs--第27行
-- [详细]:列名 '非数字' 无效。
********************************************************
-- [ERROR]  [2015-09-07 09:24:51,138]
-- [CoreAlgorithm.TaskManager.ForecastClass::Void RunZDYC()]
-- [文件]:D:\SinteringProControl\Platform\PublicClass\LogClass.cs--第27行
-- [详细]:列名 '非数字' 无效。
********************************************************
-- [ERROR]  [2015-09-07 09:24:52,115]
-- [CoreAlgorithm.TaskManager.ForecastClass::Void RunZDYC()]
-- [文件]:D:\SinteringProControl\Platform\PublicClass\LogClass.cs--第27行
-- [详细]:列名 '非数字' 无效。
********************************************************
-- [ERROR]  [2015-09-07 09:24:53,141]
-- [CoreAlgorithm.TaskManager.ForecastClass::Void RunZDYC()]
-- [文件]:D:\SinteringProControl\Platform\PublicClass\LogClass.cs--第27行
-- [详细]:列名 '非数字' 无效。
********************************************************
-- [ERROR]  [2015-09-07 09:26:54,504]
-- [CoreAlgorithm.TaskManager.ForecastClass::Void RunZDYC()]
-- [文件]:D:\SinteringProControl\Platform\PublicClass\LogClass.cs--第27行
-- [详细]:列名 '非数字' 无效。
********************************************************
-- [ERROR]  [2015-09-07 09:26:54,505]
-- [CoreAlgorithm.TaskManager.ForecastClass::Void RunZDYC()]
-- [文件]:D:\SinteringProControl\Platform\PublicClass\LogClass.cs--第27行
-- [详细]:列名 '非数字' 无效。
********************************************************
-- [ERROR]  [2015-09-07 09:26:54,656]
-- [CoreAlgorithm.TaskManager.ForecastClass::Void RunZDYC()]
-- [文件]:D:\SinteringProControl\Platform\PublicClass\LogClass.cs--第27行
-- [详细]:列名 '非数字' 无效。
********************************************************
-- [ERROR]  [2015-09-07 09:26:55,645]
-- [CoreAlgorithm.TaskManager.ForecastClass::Void RunZDYC()]
-- [文件]:D:\SinteringProControl\Platform\PublicClass\LogClass.cs--第27行
-- [详细]:列名 '非数字' 无效。
********************************************************
-- [ERROR]  [2015-09-07 09:26:57,349]
-- [CoreAlgorithm.TaskManager.ForecastClass::Void RunZDYC()]
-- [文件]:D:\SinteringProControl\Platform\PublicClass\LogClass.cs--第27行
-- [详细]:列名 '非数字' 无效。
********************************************************
-- [ERROR]  [2015-09-07 09:26:58,335]
-- [CoreAlgorithm.TaskManager.ForecastClass::Void RunZDYC()]
-- [文件]:D:\SinteringProControl\Platform\PublicClass\LogClass.cs--第27行
-- [详细]:列名 '非数字' 无效。
********************************************************
-- [ERROR]  [2015-09-07 09:26:59,356]
-- [CoreAlgorithm.TaskManager.ForecastClass::Void RunZDYC()]
-- [文件]:D:\SinteringProControl\Platform\PublicClass\LogClass.cs--第27行
-- [详细]:列名 '非数字' 无效。
********************************************************
-- [ERROR]  [2015-09-07 09:27:00,380]
-- [CoreAlgorithm.TaskManager.ForecastClass::Void RunZDYC()]
-- [文件]:D:\SinteringProControl\Platform\PublicClass\LogClass.cs--第27行
-- [详细]:列名 '非数字' 无效。
********************************************************
-- [ERROR]  [2015-09-07 09:27:02,916]
-- [CoreAlgorithm.TaskManager.ForecastClass::Void RunZDYC()]
-- [文件]:D:\SinteringProControl\Platform\PublicClass\LogClass.cs--第27行
-- [详细]:列名 '非数字' 无效。
********************************************************
-- [ERROR]  [2015-09-07 09:27:03,217]
-- [CoreAlgorithm.TaskManager.ForecastClass::Void RunZDYC()]
-- [文件]:D:\SinteringProControl\Platform\PublicClass\LogClass.cs--第27行
-- [详细]:列名 '非数字' 无效。
********************************************************
-- [ERROR]  [2015-09-07 09:27:04,061]
-- [CoreAlgorithm.TaskManager.ForecastClass::Void RunZDYC()]
-- [文件]:D:\SinteringProControl\Platform\PublicClass\LogClass.cs--第27行
-- [详细]:列名 '非数字' 无效。
********************************************************
-- [ERROR]  [2015-09-07 09:27:05,098]
-- [CoreAlgorithm.TaskManager.ForecastClass::Void RunZDYC()]
-- [文件]:D:\SinteringProControl\Platform\PublicClass\LogClass.cs--第27行
-- [详细]:列名 '非数字' 无效。
********************************************************
-- [ERROR]  [2015-09-07 09:27:06,122]
-- [CoreAlgorithm.TaskManager.ForecastClass::Void RunZDYC()]
-- [文件]:D:\SinteringProControl\Platform\PublicClass\LogClass.cs--第27行
-- [详细]:列名 '非数字' 无效。
********************************************************
-- [ERROR]  [2015-09-07 09:27:07,126]
-- [CoreAlgorithm.TaskManager.ForecastClass::Void RunZDYC()]
-- [文件]:D:\SinteringProControl\Platform\PublicClass\LogClass.cs--第27行
-- [详细]:列名 '非数字' 无效。
********************************************************
-- [ERROR]  [2015-09-07 09:35:58,856]
-- [CoreAlgorithm.TaskManager.ForecastClass::Void RunZDYC()]
-- [文件]:D:\SinteringProControl\Platform\PublicClass\LogClass.cs--第27行
-- [详细]:列名 '非数字' 无效。
********************************************************
-- [ERROR]  [2015-09-07 09:35:58,856]
-- [CoreAlgorithm.TaskManager.ForecastClass::Void RunZDYC()]
-- [文件]:D:\SinteringProControl\Platform\PublicClass\LogClass.cs--第27行
-- [详细]:列名 '非数字' 无效。
********************************************************
-- [ERROR]  [2015-09-07 09:35:58,964]
-- [CoreAlgorithm.TaskManager.ForecastClass::Void RunZDYC()]
-- [文件]:D:\SinteringProControl\Platform\PublicClass\LogClass.cs--第27行
-- [详细]:列名 '非数字' 无效。
********************************************************
-- [ERROR]  [2015-09-07 09:36:00,037]
-- [CoreAlgorithm.TaskManager.ForecastClass::Void RunZDYC()]
-- [文件]:D:\SinteringProControl\Platform\PublicClass\LogClass.cs--第27行
-- [详细]:列名 '非数字' 无效。
********************************************************
-- [ERROR]  [2015-09-07 09:36:05,754]
-- [CoreAlgorithm.TaskManager.ForecastClass::Void RunZDYC()]
-- [文件]:D:\SinteringProControl\Platform\PublicClass\LogClass.cs--第27行
-- [详细]:列名 '非数字' 无效。
********************************************************
-- [ERROR]  [2015-09-07 09:36:06,772]
-- [CoreAlgorithm.TaskManager.ForecastClass::Void RunZDYC()]
-- [文件]:D:\SinteringProControl\Platform\PublicClass\LogClass.cs--第27行
-- [详细]:列名 '非数字' 无效。
********************************************************
-- [ERROR]  [2015-09-07 09:36:07,744]
-- [CoreAlgorithm.TaskManager.ForecastClass::Void RunZDYC()]
-- [文件]:D:\SinteringProControl\Platform\PublicClass\LogClass.cs--第27行
-- [详细]:列名 '非数字' 无效。
********************************************************
-- [ERROR]  [2015-09-07 09:36:08,717]
-- [CoreAlgorithm.TaskManager.ForecastClass::Void RunZDYC()]
-- [文件]:D:\SinteringProControl\Platform\PublicClass\LogClass.cs--第27行
-- [详细]:列名 '非数字' 无效。
********************************************************
-- [ERROR]  [2015-09-07 09:36:09,775]
-- [CoreAlgorithm.TaskManager.ForecastClass::Void RunZDYC()]
-- [文件]:D:\SinteringProControl\Platform\PublicClass\LogClass.cs--第27行
-- [详细]:列名 '非数字' 无效。
********************************************************
-- [ERROR]  [2015-09-07 09:36:11,118]
-- [CoreAlgorithm.TaskManager.ForecastClass::Void RunZDYC()]
-- [文件]:D:\SinteringProControl\Platform\PublicClass\LogClass.cs--第27行
-- [详细]:列名 '非数字' 无效。
********************************************************
-- [ERROR]  [2015-09-07 09:36:12,145]
-- [CoreAlgorithm.TaskManager.ForecastClass::Void RunZDYC()]
-- [文件]:D:\SinteringProControl\Platform\PublicClass\LogClass.cs--第27行
-- [详细]:列名 '非数字' 无效。
********************************************************
-- [ERROR]  [2015-09-07 09:36:13,160]
-- [CoreAlgorithm.TaskManager.ForecastClass::Void RunZDYC()]
-- [文件]:D:\SinteringProControl\Platform\PublicClass\LogClass.cs--第27行
-- [详细]:列名 '非数字' 无效。
********************************************************
-- [ERROR]  [2015-09-07 09:36:14,179]
-- [CoreAlgorithm.TaskManager.ForecastClass::Void RunZDYC()]
-- [文件]:D:\SinteringProControl\Platform\PublicClass\LogClass.cs--第27行
-- [详细]:列名 '非数字' 无效。
********************************************************
-- [ERROR]  [2015-09-07 09:36:16,431]
-- [CoreAlgorithm.TaskManager.ForecastClass::Void RunZDYC()]
-- [文件]:D:\SinteringProControl\Platform\PublicClass\LogClass.cs--第27行
-- [详细]:列名 '非数字' 无效。
********************************************************
-- [ERROR]  [2015-09-07 09:36:16,730]
-- [CoreAlgorithm.TaskManager.ForecastClass::Void RunZDYC()]
-- [文件]:D:\SinteringProControl\Platform\PublicClass\LogClass.cs--第27行
-- [详细]:列名 '非数字' 无效。
********************************************************
-- [ERROR]  [2015-09-07 09:36:17,584]
-- [CoreAlgorithm.TaskManager.ForecastClass::Void RunZDYC()]
-- [文件]:D:\SinteringProControl\Platform\PublicClass\LogClass.cs--第27行
-- [详细]:列名 '非数字' 无效。
********************************************************
-- [ERROR]  [2015-09-07 09:36:18,609]
-- [CoreAlgorithm.TaskManager.ForecastClass::Void RunZDYC()]
-- [文件]:D:\SinteringProControl\Platform\PublicClass\LogClass.cs--第27行
-- [详细]:列名 '非数字' 无效。
********************************************************
-- [ERROR]  [2015-09-07 09:36:19,628]
-- [CoreAlgorithm.TaskManager.ForecastClass::Void RunZDYC()]
-- [文件]:D:\SinteringProControl\Platform\PublicClass\LogClass.cs--第27行
-- [详细]:列名 '非数字' 无效。
********************************************************
-- [ERROR]  [2015-09-07 09:36:20,626]
-- [CoreAlgorithm.TaskManager.ForecastClass::Void RunZDYC()]
-- [文件]:D:\SinteringProControl\Platform\PublicClass\LogClass.cs--第27行
-- [详细]:列名 '非数字' 无效。
********************************************************
-- [ERROR]  [2015-09-07 09:37:44,135]
-- [CoreAlgorithm.TaskManager.ForecastClass::Void RunZDYC()]
-- [文件]:D:\SinteringProControl\Platform\PublicClass\LogClass.cs--第27行
-- [详细]:列名 '非数字' 无效。
********************************************************
-- [ERROR]  [2015-09-07 09:37:44,173]
-- [CoreAlgorithm.TaskManager.ForecastClass::Void RunZDYC()]
-- [文件]:D:\SinteringProControl\Platform\PublicClass\LogClass.cs--第27行
-- [详细]:列名 '非数字' 无效。
********************************************************
-- [ERROR]  [2015-09-07 09:37:44,219]
-- [CoreAlgorithm.TaskManager.ForecastClass::Void RunZDYC()]
-- [文件]:D:\SinteringProControl\Platform\PublicClass\LogClass.cs--第27行
-- [详细]:列名 '非数字' 无效。
********************************************************
-- [ERROR]  [2015-09-07 09:37:45,201]
-- [CoreAlgorithm.TaskManager.ForecastClass::Void RunZDYC()]
-- [文件]:D:\SinteringProControl\Platform\PublicClass\LogClass.cs--第27行
-- [详细]:列名 '非数字' 无效。
********************************************************
-- [ERROR]  [2015-09-07 09:37:46,180]
-- [CoreAlgorithm.TaskManager.ForecastClass::Void RunZDYC()]
-- [文件]:D:\SinteringProControl\Platform\PublicClass\LogClass.cs--第27行
-- [详细]:列名 '非数字' 无效。
********************************************************
-- [ERROR]  [2015-09-07 09:37:47,177]
-- [CoreAlgorithm.TaskManager.ForecastClass::Void RunZDYC()]
-- [文件]:D:\SinteringProControl\Platform\PublicClass\LogClass.cs--第27行
-- [详细]:列名 '非数字' 无效。
********************************************************
-- [ERROR]  [2015-09-07 09:37:49,028]
-- [CoreAlgorithm.TaskManager.ForecastClass::Void RunZDYC()]
-- [文件]:D:\SinteringProControl\Platform\PublicClass\LogClass.cs--第27行
-- [详细]:列名 '非数字' 无效。
********************************************************
-- [ERROR]  [2015-09-07 09:37:50,024]
-- [CoreAlgorithm.TaskManager.ForecastClass::Void RunZDYC()]
-- [文件]:D:\SinteringProControl\Platform\PublicClass\LogClass.cs--第27行
-- [详细]:列名 '非数字' 无效。
********************************************************
-- [ERROR]  [2015-09-07 09:37:51,080]
-- [CoreAlgorithm.TaskManager.ForecastClass::Void RunZDYC()]
-- [文件]:D:\SinteringProControl\Platform\PublicClass\LogClass.cs--第27行
-- [详细]:列名 '非数字' 无效。
********************************************************
-- [ERROR]  [2015-09-07 09:37:52,101]
-- [CoreAlgorithm.TaskManager.ForecastClass::Void RunZDYC()]
-- [文件]:D:\SinteringProControl\Platform\PublicClass\LogClass.cs--第27行
-- [详细]:列名 '非数字' 无效。
********************************************************
-- [ERROR]  [2015-09-07 09:37:53,098]
-- [CoreAlgorithm.TaskManager.ForecastClass::Void RunZDYC()]
-- [文件]:D:\SinteringProControl\Platform\PublicClass\LogClass.cs--第27行
-- [详细]:列名 '非数字' 无效。
********************************************************
-- [ERROR]  [2015-09-07 09:38:23,601]
-- [CoreAlgorithm.TaskManager.ForecastClass::Void RunZDYC()]
-- [文件]:D:\SinteringProControl\Platform\PublicClass\LogClass.cs--第27行
-- [详细]:列名 '非数字' 无效。
********************************************************
-- [ERROR]  [2015-09-07 09:38:23,805]
-- [CoreAlgorithm.TaskManager.ForecastClass::Void RunZDYC()]
-- [文件]:D:\SinteringProControl\Platform\PublicClass\LogClass.cs--第27行
-- [详细]:列名 '非数字' 无效。
********************************************************
-- [ERROR]  [2015-09-07 09:38:24,010]
-- [CoreAlgorithm.TaskManager.ForecastClass::Void RunZDYC()]
-- [文件]:D:\SinteringProControl\Platform\PublicClass\LogClass.cs--第27行
-- [详细]:列名 '非数字' 无效。
********************************************************
-- [ERROR]  [2015-09-07 09:38:24,391]
-- [CoreAlgorithm.TaskManager.ForecastClass::Void RunZDYC()]
-- [文件]:D:\SinteringProControl\Platform\PublicClass\LogClass.cs--第27行
-- [详细]:列名 '非数字' 无效。
********************************************************
-- [ERROR]  [2015-09-07 09:38:25,379]
-- [CoreAlgorithm.TaskManager.ForecastClass::Void RunZDYC()]
-- [文件]:D:\SinteringProControl\Platform\PublicClass\LogClass.cs--第27行
-- [详细]:列名 '非数字' 无效。
********************************************************
-- [ERROR]  [2015-09-07 09:38:26,496]
-- [CoreAlgorithm.TaskManager.ForecastClass::Void RunZDYC()]
-- [文件]:D:\SinteringProControl\Platform\PublicClass\LogClass.cs--第27行
-- [详细]:列名 '非数字' 无效。
********************************************************
-- [ERROR]  [2015-09-07 09:38:27,382]
-- [CoreAlgorithm.TaskManager.ForecastClass::Void RunZDYC()]
-- [文件]:D:\SinteringProControl\Platform\PublicClass\LogClass.cs--第27行
-- [详细]:列名 '非数字' 无效。
********************************************************
-- [ERROR]  [2015-09-07 09:38:28,388]
-- [CoreAlgorithm.TaskManager.ForecastClass::Void RunZDYC()]
-- [文件]:D:\SinteringProControl\Platform\PublicClass\LogClass.cs--第27行
-- [详细]:列名 '非数字' 无效。
********************************************************
-- [ERROR]  [2015-09-07 09:38:29,403]
-- [CoreAlgorithm.TaskManager.ForecastClass::Void RunZDYC()]
-- [文件]:D:\SinteringProControl\Platform\PublicClass\LogClass.cs--第27行
-- [详细]:列名 '非数字' 无效。
********************************************************
-- [ERROR]  [2015-09-07 09:38:33,447]
-- [CoreAlgorithm.TaskManager.ForecastClass::Void RunZDYC()]
-- [文件]:D:\SinteringProControl\Platform\PublicClass\LogClass.cs--第27行
-- [详细]:列名 '非数字' 无效。
********************************************************
-- [ERROR]  [2015-09-07 09:38:33,701]
-- [CoreAlgorithm.TaskManager.ForecastClass::Void RunZDYC()]
-- [文件]:D:\SinteringProControl\Platform\PublicClass\LogClass.cs--第27行
-- [详细]:列名 '非数字' 无效。
********************************************************
-- [ERROR]  [2015-09-07 09:38:34,556]
-- [CoreAlgorithm.TaskManager.ForecastClass::Void RunZDYC()]
-- [文件]:D:\SinteringProControl\Platform\PublicClass\LogClass.cs--第27行
-- [详细]:列名 '非数字' 无效。
********************************************************
-- [ERROR]  [2015-09-07 09:38:35,594]
-- [CoreAlgorithm.TaskManager.ForecastClass::Void RunZDYC()]
-- [文件]:D:\SinteringProControl\Platform\PublicClass\LogClass.cs--第27行
-- [详细]:列名 '非数字' 无效。
********************************************************
-- [ERROR]  [2015-09-07 09:38:36,610]
-- [CoreAlgorithm.TaskManager.ForecastClass::Void RunZDYC()]
-- [文件]:D:\SinteringProControl\Platform\PublicClass\LogClass.cs--第27行
-- [详细]:列名 '非数字' 无效。
********************************************************
-- [ERROR]  [2015-09-07 09:38:37,597]
-- [CoreAlgorithm.TaskManager.ForecastClass::Void RunZDYC()]
-- [文件]:D:\SinteringProControl\Platform\PublicClass\LogClass.cs--第27行
-- [详细]:列名 '非数字' 无效。
********************************************************
-- [ERROR]  [2015-09-07 09:38:39,113]
-- [CoreAlgorithm.TaskManager.ForecastClass::Void RunZDYC()]
-- [文件]:D:\SinteringProControl\Platform\PublicClass\LogClass.cs--第27行
-- [详细]:列名 '非数字' 无效。
********************************************************
-- [ERROR]  [2015-09-07 09:38:40,098]
-- [CoreAlgorithm.TaskManager.ForecastClass::Void RunZDYC()]
-- [文件]:D:\SinteringProControl\Platform\PublicClass\LogClass.cs--第27行
-- [详细]:列名 '非数字' 无效。
********************************************************
-- [ERROR]  [2015-09-07 09:38:41,109]
-- [CoreAlgorithm.TaskManager.ForecastClass::Void RunZDYC()]
-- [文件]:D:\SinteringProControl\Platform\PublicClass\LogClass.cs--第27行
-- [详细]:列名 '非数字' 无效。
********************************************************
-- [ERROR]  [2015-09-07 09:38:42,114]
-- [CoreAlgorithm.TaskManager.ForecastClass::Void RunZDYC()]
-- [文件]:D:\SinteringProControl\Platform\PublicClass\LogClass.cs--第27行
-- [详细]:列名 '非数字' 无效。
********************************************************
-- [ERROR]  [2015-09-07 09:38:44,208]
-- [CoreAlgorithm.TaskManager.ForecastClass::Void RunZDYC()]
-- [文件]:D:\SinteringProControl\Platform\PublicClass\LogClass.cs--第27行
-- [详细]:列名 '非数字' 无效。
********************************************************
-- [ERROR]  [2015-09-07 09:38:44,367]
-- [CoreAlgorithm.TaskManager.ForecastClass::Void RunZDYC()]
-- [文件]:D:\SinteringProControl\Platform\PublicClass\LogClass.cs--第27行
-- [详细]:列名 '非数字' 无效。
********************************************************
-- [ERROR]  [2015-09-07 09:38:45,250]
-- [CoreAlgorithm.TaskManager.ForecastClass::Void RunZDYC()]
-- [文件]:D:\SinteringProControl\Platform\PublicClass\LogClass.cs--第27行
-- [详细]:列名 '非数字' 无效。
********************************************************
-- [ERROR]  [2015-09-07 09:38:46,219]
-- [CoreAlgorithm.TaskManager.ForecastClass::Void RunZDYC()]
-- [文件]:D:\SinteringProControl\Platform\PublicClass\LogClass.cs--第27行
-- [详细]:列名 '非数字' 无效。
********************************************************
-- [ERROR]  [2015-09-07 09:38:47,221]
-- [CoreAlgorithm.TaskManager.ForecastClass::Void RunZDYC()]
-- [文件]:D:\SinteringProControl\Platform\PublicClass\LogClass.cs--第27行
-- [详细]:列名 '非数字' 无效。
********************************************************
-- [ERROR]  [2015-09-07 09:38:48,254]
-- [CoreAlgorithm.TaskManager.ForecastClass::Void RunZDYC()]
-- [文件]:D:\SinteringProControl\Platform\PublicClass\LogClass.cs--第27行
-- [详细]:列名 '非数字' 无效。
********************************************************
-- [ERROR]  [2015-09-07 09:39:20,772]
-- [CoreAlgorithm.TaskManager.ForecastClass::Void RunZDYC()]
-- [文件]:D:\SinteringProControl\Platform\PublicClass\LogClass.cs--第27行
-- [详细]:列名 '非数字' 无效。
********************************************************
-- [ERROR]  [2015-09-07 09:39:20,772]
-- [CoreAlgorithm.TaskManager.ForecastClass::Void RunZDYC()]
-- [文件]:D:\SinteringProControl\Platform\PublicClass\LogClass.cs--第27行
-- [详细]:列名 '非数字' 无效。
********************************************************
-- [ERROR]  [2015-09-07 09:39:20,930]
-- [CoreAlgorithm.TaskManager.ForecastClass::Void RunZDYC()]
-- [文件]:D:\SinteringProControl\Platform\PublicClass\LogClass.cs--第27行
-- [详细]:列名 '非数字' 无效。
********************************************************
-- [ERROR]  [2015-09-07 09:39:21,909]
-- [CoreAlgorithm.TaskManager.ForecastClass::Void RunZDYC()]
-- [文件]:D:\SinteringProControl\Platform\PublicClass\LogClass.cs--第27行
-- [详细]:列名 '非数字' 无效。
********************************************************
-- [ERROR]  [2015-09-07 09:39:22,929]
-- [CoreAlgorithm.TaskManager.ForecastClass::Void RunZDYC()]
-- [文件]:D:\SinteringProControl\Platform\PublicClass\LogClass.cs--第27行
-- [详细]:列名 '非数字' 无效。
********************************************************
-- [ERROR]  [2015-09-07 09:39:23,929]
-- [CoreAlgorithm.TaskManager.ForecastClass::Void RunZDYC()]
-- [文件]:D:\SinteringProControl\Platform\PublicClass\LogClass.cs--第27行
-- [详细]:列名 '非数字' 无效。
********************************************************
-- [ERROR]  [2015-09-07 09:39:24,960]
-- [CoreAlgorithm.TaskManager.ForecastClass::Void RunZDYC()]
-- [文件]:D:\SinteringProControl\Platform\PublicClass\LogClass.cs--第27行
-- [详细]:列名 '非数字' 无效。
********************************************************
-- [ERROR]  [2015-09-07 09:39:25,964]
-- [CoreAlgorithm.TaskManager.ForecastClass::Void RunZDYC()]
-- [文件]:D:\SinteringProControl\Platform\PublicClass\LogClass.cs--第27行
-- [详细]:列名 '非数字' 无效。
********************************************************
-- [ERROR]  [2015-09-07 09:39:26,983]
-- [CoreAlgorithm.TaskManager.ForecastClass::Void RunZDYC()]
-- [文件]:D:\SinteringProControl\Platform\PublicClass\LogClass.cs--第27行
-- [详细]:列名 '非数字' 无效。
********************************************************
-- [ERROR]  [2015-09-07 09:39:27,990]
-- [CoreAlgorithm.TaskManager.ForecastClass::Void RunZDYC()]
-- [文件]:D:\SinteringProControl\Platform\PublicClass\LogClass.cs--第27行
-- [详细]:列名 '非数字' 无效。
********************************************************
-- [ERROR]  [2015-09-07 09:39:29,047]
-- [CoreAlgorithm.TaskManager.ForecastClass::Void RunZDYC()]
-- [文件]:D:\SinteringProControl\Platform\PublicClass\LogClass.cs--第27行
-- [详细]:列名 '非数字' 无效。
********************************************************
-- [ERROR]  [2015-09-07 09:39:30,159]
-- [CoreAlgorithm.TaskManager.ForecastClass::Void RunZDYC()]
-- [文件]:D:\SinteringProControl\Platform\PublicClass\LogClass.cs--第27行
-- [详细]:列名 '非数字' 无效。
********************************************************
-- [ERROR]  [2015-09-07 09:39:31,095]
-- [CoreAlgorithm.TaskManager.ForecastClass::Void RunZDYC()]
-- [文件]:D:\SinteringProControl\Platform\PublicClass\LogClass.cs--第27行
-- [详细]:列名 '非数字' 无效。
********************************************************
-- [ERROR]  [2015-09-07 09:39:32,032]
-- [CoreAlgorithm.TaskManager.ForecastClass::Void RunZDYC()]
-- [文件]:D:\SinteringProControl\Platform\PublicClass\LogClass.cs--第27行
-- [详细]:列名 '非数字' 无效。
********************************************************
-- [ERROR]  [2015-09-07 09:39:33,064]
-- [CoreAlgorithm.TaskManager.ForecastClass::Void RunZDYC()]
-- [文件]:D:\SinteringProControl\Platform\PublicClass\LogClass.cs--第27行
-- [详细]:列名 '非数字' 无效。
********************************************************
-- [ERROR]  [2015-09-07 09:39:34,084]
-- [CoreAlgorithm.TaskManager.ForecastClass::Void RunZDYC()]
-- [文件]:D:\SinteringProControl\Platform\PublicClass\LogClass.cs--第27行
-- [详细]:列名 '非数字' 无效。
********************************************************
-- [ERROR]  [2015-09-07 09:39:35,096]
-- [CoreAlgorithm.TaskManager.ForecastClass::Void RunZDYC()]
-- [文件]:D:\SinteringProControl\Platform\PublicClass\LogClass.cs--第27行
-- [详细]:列名 '非数字' 无效。
********************************************************
-- [ERROR]  [2015-09-07 09:39:41,175]
-- [CoreAlgorithm.TaskManager.ForecastClass::Void RunZDYC()]
-- [文件]:D:\SinteringProControl\Platform\PublicClass\LogClass.cs--第27行
-- [详细]:列名 '非数字' 无效。
********************************************************
-- [ERROR]  [2015-09-07 09:39:42,181]
-- [CoreAlgorithm.TaskManager.ForecastClass::Void RunZDYC()]
-- [文件]:D:\SinteringProControl\Platform\PublicClass\LogClass.cs--第27行
-- [详细]:列名 '非数字' 无效。
********************************************************
-- [ERROR]  [2015-09-07 09:39:43,210]
-- [CoreAlgorithm.TaskManager.ForecastClass::Void RunZDYC()]
-- [文件]:D:\SinteringProControl\Platform\PublicClass\LogClass.cs--第27行
-- [详细]:列名 '非数字' 无效。
********************************************************
-- [ERROR]  [2015-09-07 09:39:44,208]
-- [CoreAlgorithm.TaskManager.ForecastClass::Void RunZDYC()]
-- [文件]:D:\SinteringProControl\Platform\PublicClass\LogClass.cs--第27行
-- [详细]:列名 '非数字' 无效。
********************************************************
-- [ERROR]  [2015-09-07 09:39:45,234]
-- [CoreAlgorithm.TaskManager.ForecastClass::Void RunZDYC()]
-- [文件]:D:\SinteringProControl\Platform\PublicClass\LogClass.cs--第27行
-- [详细]:列名 '非数字' 无效。
********************************************************
-- [ERROR]  [2015-09-07 09:39:47,791]
-- [CoreAlgorithm.TaskManager.ForecastClass::Void RunZDYC()]
-- [文件]:D:\SinteringProControl\Platform\PublicClass\LogClass.cs--第27行
-- [详细]:列名 '非数字' 无效。
********************************************************
-- [ERROR]  [2015-09-07 09:39:48,771]
-- [CoreAlgorithm.TaskManager.ForecastClass::Void RunZDYC()]
-- [文件]:D:\SinteringProControl\Platform\PublicClass\LogClass.cs--第27行
-- [详细]:列名 '非数字' 无效。
********************************************************
-- [ERROR]  [2015-09-07 09:39:49,781]
-- [CoreAlgorithm.TaskManager.ForecastClass::Void RunZDYC()]
-- [文件]:D:\SinteringProControl\Platform\PublicClass\LogClass.cs--第27行
-- [详细]:列名 '非数字' 无效。
********************************************************
-- [ERROR]  [2015-09-07 09:39:50,810]
-- [CoreAlgorithm.TaskManager.ForecastClass::Void RunZDYC()]
-- [文件]:D:\SinteringProControl\Platform\PublicClass\LogClass.cs--第27行
-- [详细]:列名 '非数字' 无效。
********************************************************
-- [ERROR]  [2015-09-07 09:39:51,811]
-- [CoreAlgorithm.TaskManager.ForecastClass::Void RunZDYC()]
-- [文件]:D:\SinteringProControl\Platform\PublicClass\LogClass.cs--第27行
-- [详细]:列名 '非数字' 无效。
********************************************************
-- [ERROR]  [2015-09-07 09:49:02,251]
-- [CoreAlgorithm.TaskManager.ForecastClass::Void RunZDYC()]
-- [文件]:D:\SinteringProControl\Platform\PublicClass\LogClass.cs--第27行
-- [详细]:列名 '非数字' 无效。
********************************************************
-- [ERROR]  [2015-09-07 09:49:03,199]
-- [CoreAlgorithm.TaskManager.ForecastClass::Void RunZDYC()]
-- [文件]:D:\SinteringProControl\Platform\PublicClass\LogClass.cs--第27行
-- [详细]:列名 '非数字' 无效。
********************************************************
-- [ERROR]  [2015-09-07 09:49:04,214]
-- [CoreAlgorithm.TaskManager.ForecastClass::Void RunZDYC()]
-- [文件]:D:\SinteringProControl\Platform\PublicClass\LogClass.cs--第27行
-- [详细]:列名 '非数字' 无效。
********************************************************
-- [ERROR]  [2015-09-07 09:49:05,238]
-- [CoreAlgorithm.TaskManager.ForecastClass::Void RunZDYC()]
-- [文件]:D:\SinteringProControl\Platform\PublicClass\LogClass.cs--第27行
-- [详细]:列名 '非数字' 无效。
********************************************************
-- [ERROR]  [2015-09-07 09:49:06,254]
-- [CoreAlgorithm.TaskManager.ForecastClass::Void RunZDYC()]
-- [文件]:D:\SinteringProControl\Platform\PublicClass\LogClass.cs--第27行
-- [详细]:列名 '非数字' 无效。
********************************************************
-- [ERROR]  [2015-09-07 09:49:07,282]
-- [CoreAlgorithm.TaskManager.ForecastClass::Void RunZDYC()]
-- [文件]:D:\SinteringProControl\Platform\PublicClass\LogClass.cs--第27行
-- [详细]:列名 '非数字' 无效。
********************************************************
-- [ERROR]  [2015-09-07 09:49:08,264]
-- [CoreAlgorithm.TaskManager.ForecastClass::Void RunZDYC()]
-- [文件]:D:\SinteringProControl\Platform\PublicClass\LogClass.cs--第27行
-- [详细]:列名 '非数字' 无效。
********************************************************
-- [ERROR]  [2015-09-07 09:49:09,289]
-- [CoreAlgorithm.TaskManager.ForecastClass::Void RunZDYC()]
-- [文件]:D:\SinteringProControl\Platform\PublicClass\LogClass.cs--第27行
-- [详细]:列名 '非数字' 无效。
********************************************************
-- [ERROR]  [2015-09-07 09:49:10,303]
-- [CoreAlgorithm.TaskManager.ForecastClass::Void RunZDYC()]
-- [文件]:D:\SinteringProControl\Platform\PublicClass\LogClass.cs--第27行
-- [详细]:列名 '非数字' 无效。
********************************************************
-- [ERROR]  [2015-09-07 09:49:11,310]
-- [CoreAlgorithm.TaskManager.ForecastClass::Void RunZDYC()]
-- [文件]:D:\SinteringProControl\Platform\PublicClass\LogClass.cs--第27行
-- [详细]:列名 '非数字' 无效。
********************************************************
-- [ERROR]  [2015-09-07 09:49:12,325]
-- [CoreAlgorithm.TaskManager.ForecastClass::Void RunZDYC()]
-- [文件]:D:\SinteringProControl\Platform\PublicClass\LogClass.cs--第27行
-- [详细]:列名 '非数字' 无效。
********************************************************
-- [ERROR]  [2015-09-07 09:49:13,337]
-- [CoreAlgorithm.TaskManager.ForecastClass::Void RunZDYC()]
-- [文件]:D:\SinteringProControl\Platform\PublicClass\LogClass.cs--第27行
-- [详细]:列名 '非数字' 无效。
********************************************************
-- [ERROR]  [2015-09-07 09:49:14,350]
-- [CoreAlgorithm.TaskManager.ForecastClass::Void RunZDYC()]
-- [文件]:D:\SinteringProControl\Platform\PublicClass\LogClass.cs--第27行
-- [详细]:列名 '非数字' 无效。
********************************************************
-- [ERROR]  [2015-09-07 09:49:15,371]
-- [CoreAlgorithm.TaskManager.ForecastClass::Void RunZDYC()]
-- [文件]:D:\SinteringProControl\Platform\PublicClass\LogClass.cs--第27行
-- [详细]:列名 '非数字' 无效。
********************************************************
-- [ERROR]  [2015-09-07 09:49:16,377]
-- [CoreAlgorithm.TaskManager.ForecastClass::Void RunZDYC()]
-- [文件]:D:\SinteringProControl\Platform\PublicClass\LogClass.cs--第27行
-- [详细]:列名 '非数字' 无效。
********************************************************
-- [ERROR]  [2015-09-07 09:49:17,393]
-- [CoreAlgorithm.TaskManager.ForecastClass::Void RunZDYC()]
-- [文件]:D:\SinteringProControl\Platform\PublicClass\LogClass.cs--第27行
-- [详细]:列名 '非数字' 无效。
********************************************************
-- [ERROR]  [2015-09-07 09:49:18,400]
-- [CoreAlgorithm.TaskManager.ForecastClass::Void RunZDYC()]
-- [文件]:D:\SinteringProControl\Platform\PublicClass\LogClass.cs--第27行
-- [详细]:列名 '非数字' 无效。
********************************************************
-- [ERROR]  [2015-09-07 09:49:19,418]
-- [CoreAlgorithm.TaskManager.ForecastClass::Void RunZDYC()]
-- [文件]:D:\SinteringProControl\Platform\PublicClass\LogClass.cs--第27行
-- [详细]:列名 '非数字' 无效。
********************************************************
-- [ERROR]  [2015-09-07 09:49:20,439]
-- [CoreAlgorithm.TaskManager.ForecastClass::Void RunZDYC()]
-- [文件]:D:\SinteringProControl\Platform\PublicClass\LogClass.cs--第27行
-- [详细]:列名 '非数字' 无效。
********************************************************
-- [ERROR]  [2015-09-07 09:49:21,448]
-- [CoreAlgorithm.TaskManager.ForecastClass::Void RunZDYC()]
-- [文件]:D:\SinteringProControl\Platform\PublicClass\LogClass.cs--第27行
-- [详细]:列名 '非数字' 无效。
********************************************************
-- [ERROR]  [2015-09-07 09:49:22,480]
-- [CoreAlgorithm.TaskManager.ForecastClass::Void RunZDYC()]
-- [文件]:D:\SinteringProControl\Platform\PublicClass\LogClass.cs--第27行
-- [详细]:列名 '非数字' 无效。
********************************************************
-- [ERROR]  [2015-09-07 09:49:23,471]
-- [CoreAlgorithm.TaskManager.ForecastClass::Void RunZDYC()]
-- [文件]:D:\SinteringProControl\Platform\PublicClass\LogClass.cs--第27行
-- [详细]:列名 '非数字' 无效。
********************************************************
-- [ERROR]  [2015-09-07 09:49:24,485]
-- [CoreAlgorithm.TaskManager.ForecastClass::Void RunZDYC()]
-- [文件]:D:\SinteringProControl\Platform\PublicClass\LogClass.cs--第27行
-- [详细]:列名 '非数字' 无效。
********************************************************
-- [ERROR]  [2015-09-07 09:49:25,500]
-- [CoreAlgorithm.TaskManager.ForecastClass::Void RunZDYC()]
-- [文件]:D:\SinteringProControl\Platform\PublicClass\LogClass.cs--第27行
-- [详细]:列名 '非数字' 无效。
********************************************************
-- [ERROR]  [2015-09-07 09:49:26,514]
-- [CoreAlgorithm.TaskManager.ForecastClass::Void RunZDYC()]
-- [文件]:D:\SinteringProControl\Platform\PublicClass\LogClass.cs--第27行
-- [详细]:列名 '非数字' 无效。
********************************************************
-- [ERROR]  [2015-09-07 09:49:27,527]
-- [CoreAlgorithm.TaskManager.ForecastClass::Void RunZDYC()]
-- [文件]:D:\SinteringProControl\Platform\PublicClass\LogClass.cs--第27行
-- [详细]:列名 '非数字' 无效。
********************************************************
-- [ERROR]  [2015-09-07 09:49:28,550]
-- [CoreAlgorithm.TaskManager.ForecastClass::Void RunZDYC()]
-- [文件]:D:\SinteringProControl\Platform\PublicClass\LogClass.cs--第27行
-- [详细]:列名 '非数字' 无效。
********************************************************
-- [ERROR]  [2015-09-07 09:49:29,563]
-- [CoreAlgorithm.TaskManager.ForecastClass::Void RunZDYC()]
-- [文件]:D:\SinteringProControl\Platform\PublicClass\LogClass.cs--第27行
-- [详细]:列名 '非数字' 无效。
********************************************************
-- [ERROR]  [2015-09-07 09:49:30,577]
-- [CoreAlgorithm.TaskManager.ForecastClass::Void RunZDYC()]
-- [文件]:D:\SinteringProControl\Platform\PublicClass\LogClass.cs--第27行
-- [详细]:列名 '非数字' 无效。
********************************************************
-- [ERROR]  [2015-09-07 09:49:31,588]
-- [CoreAlgorithm.TaskManager.ForecastClass::Void RunZDYC()]
-- [文件]:D:\SinteringProControl\Platform\PublicClass\LogClass.cs--第27行
-- [详细]:列名 '非数字' 无效。
********************************************************
-- [ERROR]  [2015-09-07 09:49:32,598]
-- [CoreAlgorithm.TaskManager.ForecastClass::Void RunZDYC()]
-- [文件]:D:\SinteringProControl\Platform\PublicClass\LogClass.cs--第27行
-- [详细]:列名 '非数字' 无效。
********************************************************
-- [ERROR]  [2015-09-07 09:49:33,610]
-- [CoreAlgorithm.TaskManager.ForecastClass::Void RunZDYC()]
-- [文件]:D:\SinteringProControl\Platform\PublicClass\LogClass.cs--第27行
-- [详细]:列名 '非数字' 无效。
********************************************************
-- [ERROR]  [2015-09-07 09:49:34,637]
-- [CoreAlgorithm.TaskManager.ForecastClass::Void RunZDYC()]
-- [文件]:D:\SinteringProControl\Platform\PublicClass\LogClass.cs--第27行
-- [详细]:列名 '非数字' 无效。
********************************************************
-- [ERROR]  [2015-09-07 09:49:35,651]
-- [CoreAlgorithm.TaskManager.ForecastClass::Void RunZDYC()]
-- [文件]:D:\SinteringProControl\Platform\PublicClass\LogClass.cs--第27行
-- [详细]:列名 '非数字' 无效。
********************************************************
-- [ERROR]  [2015-09-07 09:49:36,662]
-- [CoreAlgorithm.TaskManager.ForecastClass::Void RunZDYC()]
-- [文件]:D:\SinteringProControl\Platform\PublicClass\LogClass.cs--第27行
-- [详细]:列名 '非数字' 无效。
********************************************************
-- [ERROR]  [2015-09-07 09:49:37,678]
-- [CoreAlgorithm.TaskManager.ForecastClass::Void RunZDYC()]
-- [文件]:D:\SinteringProControl\Platform\PublicClass\LogClass.cs--第27行
-- [详细]:列名 '非数字' 无效。
********************************************************
-- [ERROR]  [2015-09-07 09:49:38,684]
-- [CoreAlgorithm.TaskManager.ForecastClass::Void RunZDYC()]
-- [文件]:D:\SinteringProControl\Platform\PublicClass\LogClass.cs--第27行
-- [详细]:列名 '非数字' 无效。
********************************************************
-- [ERROR]  [2015-09-07 09:49:39,714]
-- [CoreAlgorithm.TaskManager.ForecastClass::Void RunZDYC()]
-- [文件]:D:\SinteringProControl\Platform\PublicClass\LogClass.cs--第27行
-- [详细]:列名 '非数字' 无效。
********************************************************
-- [ERROR]  [2015-09-07 09:49:40,751]
-- [CoreAlgorithm.TaskManager.ForecastClass::Void RunZDYC()]
-- [文件]:D:\SinteringProControl\Platform\PublicClass\LogClass.cs--第27行
-- [详细]:列名 '非数字' 无效。
********************************************************
-- [ERROR]  [2015-09-07 09:49:41,766]
-- [CoreAlgorithm.TaskManager.ForecastClass::Void RunZDYC()]
-- [文件]:D:\SinteringProControl\Platform\PublicClass\LogClass.cs--第27行
-- [详细]:列名 '非数字' 无效。
********************************************************
-- [ERROR]  [2015-09-07 09:49:42,745]
-- [CoreAlgorithm.TaskManager.ForecastClass::Void RunZDYC()]
-- [文件]:D:\SinteringProControl\Platform\PublicClass\LogClass.cs--第27行
-- [详细]:列名 '非数字' 无效。
********************************************************
-- [ERROR]  [2015-09-07 09:49:43,766]
-- [CoreAlgorithm.TaskManager.ForecastClass::Void RunZDYC()]
-- [文件]:D:\SinteringProControl\Platform\PublicClass\LogClass.cs--第27行
-- [详细]:列名 '非数字' 无效。
********************************************************
-- [ERROR]  [2015-09-07 09:49:44,776]
-- [CoreAlgorithm.TaskManager.ForecastClass::Void RunZDYC()]
-- [文件]:D:\SinteringProControl\Platform\PublicClass\LogClass.cs--第27行
-- [详细]:列名 '非数字' 无效。
********************************************************
-- [ERROR]  [2015-09-07 09:49:45,778]
-- [CoreAlgorithm.TaskManager.ForecastClass::Void RunZDYC()]
-- [文件]:D:\SinteringProControl\Platform\PublicClass\LogClass.cs--第27行
-- [详细]:列名 '非数字' 无效。
********************************************************
-- [ERROR]  [2015-09-07 09:51:34,244]
-- [CoreAlgorithm.TaskManager.ForecastClass::Void RunZDYC()]
-- [文件]:D:\SinteringProControl\Platform\PublicClass\LogClass.cs--第27行
-- [详细]:列名 '非数字' 无效。
********************************************************
-- [ERROR]  [2015-09-07 09:53:14,188]
-- [CoreAlgorithm.TaskManager.ForecastClass::Void RunZDYC()]
-- [文件]:D:\SinteringProControl\Platform\PublicClass\LogClass.cs--第27行
-- [详细]:列名 '非数字' 无效。
********************************************************
-- [ERROR]  [2015-09-07 09:54:54,211]
-- [CoreAlgorithm.TaskManager.ForecastClass::Void RunZDYC()]
-- [文件]:D:\SinteringProControl\Platform\PublicClass\LogClass.cs--第27行
-- [详细]:列名 '非数字' 无效。
********************************************************
-- [ERROR]  [2015-09-07 09:56:34,213]
-- [CoreAlgorithm.TaskManager.ForecastClass::Void RunZDYC()]
-- [文件]:D:\SinteringProControl\Platform\PublicClass\LogClass.cs--第27行
-- [详细]:列名 '非数字' 无效。
********************************************************
-- [ERROR]  [2015-09-07 09:58:14,228]
-- [CoreAlgorithm.TaskManager.ForecastClass::Void RunZDYC()]
-- [文件]:D:\SinteringProControl\Platform\PublicClass\LogClass.cs--第27行
-- [详细]:列名 '非数字' 无效。
********************************************************
-- [ERROR]  [2015-09-07 09:59:54,241]
-- [CoreAlgorithm.TaskManager.ForecastClass::Void RunZDYC()]
-- [文件]:D:\SinteringProControl\Platform\PublicClass\LogClass.cs--第27行
-- [详细]:列名 '非数字' 无效。
********************************************************
-- [ERROR]  [2015-09-07 10:01:34,244]
-- [CoreAlgorithm.TaskManager.ForecastClass::Void RunZDYC()]
-- [文件]:D:\SinteringProControl\Platform\PublicClass\LogClass.cs--第27行
-- [详细]:列名 '非数字' 无效。
********************************************************
-- [ERROR]  [2015-09-07 10:03:14,268]
-- [CoreAlgorithm.TaskManager.ForecastClass::Void RunZDYC()]
-- [文件]:D:\SinteringProControl\Platform\PublicClass\LogClass.cs--第27行
-- [详细]:列名 '非数字' 无效。
********************************************************
-- [ERROR]  [2015-09-07 10:04:54,280]
-- [CoreAlgorithm.TaskManager.ForecastClass::Void RunZDYC()]
-- [文件]:D:\SinteringProControl\Platform\PublicClass\LogClass.cs--第27行
-- [详细]:列名 '非数字' 无效。
********************************************************
-- [ERROR]  [2015-09-07 10:06:34,293]
-- [CoreAlgorithm.TaskManager.ForecastClass::Void RunZDYC()]
-- [文件]:D:\SinteringProControl\Platform\PublicClass\LogClass.cs--第27行
-- [详细]:列名 '非数字' 无效。
********************************************************
-- [ERROR]  [2015-09-07 10:08:14,298]
-- [CoreAlgorithm.TaskManager.ForecastClass::Void RunZDYC()]
-- [文件]:D:\SinteringProControl\Platform\PublicClass\LogClass.cs--第27行
-- [详细]:列名 '非数字' 无效。
********************************************************
-- [ERROR]  [2015-09-07 10:09:54,322]
-- [CoreAlgorithm.TaskManager.ForecastClass::Void RunZDYC()]
-- [文件]:D:\SinteringProControl\Platform\PublicClass\LogClass.cs--第27行
-- [详细]:列名 '非数字' 无效。
********************************************************
-- [ERROR]  [2015-09-07 10:35:10,595]
-- [CoreAlgorithm.TaskManager.ForecastClass::Void RunZDYC()]
-- [文件]:D:\SinteringProControl\Platform\PublicClass\LogClass.cs--第27行
-- [详细]:列“RTData_Value”不属于表 。
********************************************************
-- [ERROR]  [2015-09-07 10:35:11,388]
-- [CoreAlgorithm.TaskManager.ForecastClass::Void RunZDYC()]
-- [文件]:D:\SinteringProControl\Platform\PublicClass\LogClass.cs--第27行
-- [详细]:列“RTData_Value”不属于表 。
********************************************************
-- [ERROR]  [2015-09-07 10:35:12,402]
-- [CoreAlgorithm.TaskManager.ForecastClass::Void RunZDYC()]
-- [文件]:D:\SinteringProControl\Platform\PublicClass\LogClass.cs--第27行
-- [详细]:列“RTData_Value”不属于表 。
********************************************************
-- [ERROR]  [2015-09-07 10:35:13,421]
-- [CoreAlgorithm.TaskManager.ForecastClass::Void RunZDYC()]
-- [文件]:D:\SinteringProControl\Platform\PublicClass\LogClass.cs--第27行
-- [详细]:列“RTData_Value”不属于表 。
********************************************************
-- [ERROR]  [2015-09-07 10:35:14,434]
-- [CoreAlgorithm.TaskManager.ForecastClass::Void RunZDYC()]
-- [文件]:D:\SinteringProControl\Platform\PublicClass\LogClass.cs--第27行
-- [详细]:列“RTData_Value”不属于表 。
********************************************************
-- [ERROR]  [2015-09-07 10:35:15,452]
-- [CoreAlgorithm.TaskManager.ForecastClass::Void RunZDYC()]
-- [文件]:D:\SinteringProControl\Platform\PublicClass\LogClass.cs--第27行
-- [详细]:列“RTData_Value”不属于表 。
********************************************************
-- [ERROR]  [2015-09-07 10:35:16,464]
-- [CoreAlgorithm.TaskManager.ForecastClass::Void RunZDYC()]
-- [文件]:D:\SinteringProControl\Platform\PublicClass\LogClass.cs--第27行
-- [详细]:列“RTData_Value”不属于表 。
********************************************************
-- [ERROR]  [2015-09-07 10:35:17,473]
-- [CoreAlgorithm.TaskManager.ForecastClass::Void RunZDYC()]
-- [文件]:D:\SinteringProControl\Platform\PublicClass\LogClass.cs--第27行
-- [详细]:列“RTData_Value”不属于表 。
********************************************************
-- [ERROR]  [2015-09-07 10:35:18,496]
-- [CoreAlgorithm.TaskManager.ForecastClass::Void RunZDYC()]
-- [文件]:D:\SinteringProControl\Platform\PublicClass\LogClass.cs--第27行
-- [详细]:列“RTData_Value”不属于表 。
********************************************************
-- [ERROR]  [2015-09-07 10:35:19,514]
-- [CoreAlgorithm.TaskManager.ForecastClass::Void RunZDYC()]
-- [文件]:D:\SinteringProControl\Platform\PublicClass\LogClass.cs--第27行
-- [详细]:列“RTData_Value”不属于表 。
********************************************************
-- [ERROR]  [2015-09-07 10:35:20,531]
-- [CoreAlgorithm.TaskManager.ForecastClass::Void RunZDYC()]
-- [文件]:D:\SinteringProControl\Platform\PublicClass\LogClass.cs--第27行
-- [详细]:列“RTData_Value”不属于表 。
********************************************************
-- [ERROR]  [2015-09-07 10:35:21,533]
-- [CoreAlgorithm.TaskManager.ForecastClass::Void RunZDYC()]
-- [文件]:D:\SinteringProControl\Platform\PublicClass\LogClass.cs--第27行
-- [详细]:列“RTData_Value”不属于表 。
********************************************************
-- [ERROR]  [2015-09-07 10:35:22,543]
-- [CoreAlgorithm.TaskManager.ForecastClass::Void RunZDYC()]
-- [文件]:D:\SinteringProControl\Platform\PublicClass\LogClass.cs--第27行
-- [详细]:列“RTData_Value”不属于表 。
********************************************************
-- [ERROR]  [2015-09-07 10:35:23,555]
-- [CoreAlgorithm.TaskManager.ForecastClass::Void RunZDYC()]
-- [文件]:D:\SinteringProControl\Platform\PublicClass\LogClass.cs--第27行
-- [详细]:列“RTData_Value”不属于表 。
********************************************************
-- [ERROR]  [2015-09-07 10:35:24,583]
-- [CoreAlgorithm.TaskManager.ForecastClass::Void RunZDYC()]
-- [文件]:D:\SinteringProControl\Platform\PublicClass\LogClass.cs--第27行
-- [详细]:列“RTData_Value”不属于表 。
********************************************************
-- [ERROR]  [2015-09-07 10:35:25,579]
-- [CoreAlgorithm.TaskManager.ForecastClass::Void RunZDYC()]
-- [文件]:D:\SinteringProControl\Platform\PublicClass\LogClass.cs--第27行
-- [详细]:列“RTData_Value”不属于表 。
********************************************************
-- [ERROR]  [2015-09-07 10:35:26,608]
-- [CoreAlgorithm.TaskManager.ForecastClass::Void RunZDYC()]
-- [文件]:D:\SinteringProControl\Platform\PublicClass\LogClass.cs--第27行
-- [详细]:列“RTData_Value”不属于表 。
********************************************************
-- [ERROR]  [2015-09-07 10:35:27,610]
-- [CoreAlgorithm.TaskManager.ForecastClass::Void RunZDYC()]
-- [文件]:D:\SinteringProControl\Platform\PublicClass\LogClass.cs--第27行
-- [详细]:列“RTData_Value”不属于表 。
********************************************************
-- [ERROR]  [2015-09-07 10:35:28,629]
-- [CoreAlgorithm.TaskManager.ForecastClass::Void RunZDYC()]
-- [文件]:D:\SinteringProControl\Platform\PublicClass\LogClass.cs--第27行
-- [详细]:列“RTData_Value”不属于表 。
********************************************************
-- [ERROR]  [2015-09-07 10:35:29,656]
-- [CoreAlgorithm.TaskManager.ForecastClass::Void RunZDYC()]
-- [文件]:D:\SinteringProControl\Platform\PublicClass\LogClass.cs--第27行
-- [详细]:列“RTData_Value”不属于表 。
********************************************************
-- [ERROR]  [2015-09-07 10:35:30,656]
-- [CoreAlgorithm.TaskManager.ForecastClass::Void RunZDYC()]
-- [文件]:D:\SinteringProControl\Platform\PublicClass\LogClass.cs--第27行
-- [详细]:列“RTData_Value”不属于表 。
********************************************************
-- [ERROR]  [2015-09-07 10:35:31,695]
-- [CoreAlgorithm.TaskManager.ForecastClass::Void RunZDYC()]
-- [文件]:D:\SinteringProControl\Platform\PublicClass\LogClass.cs--第27行
-- [详细]:列“RTData_Value”不属于表 。
********************************************************
-- [ERROR]  [2015-09-07 10:35:32,702]
-- [CoreAlgorithm.TaskManager.ForecastClass::Void RunZDYC()]
-- [文件]:D:\SinteringProControl\Platform\PublicClass\LogClass.cs--第27行
-- [详细]:列“RTData_Value”不属于表 。
********************************************************
-- [ERROR]  [2015-09-07 10:35:33,712]
-- [CoreAlgorithm.TaskManager.ForecastClass::Void RunZDYC()]
-- [文件]:D:\SinteringProControl\Platform\PublicClass\LogClass.cs--第27行
-- [详细]:列“RTData_Value”不属于表 。
********************************************************
-- [ERROR]  [2015-09-07 10:35:34,732]
-- [CoreAlgorithm.TaskManager.ForecastClass::Void RunZDYC()]
-- [文件]:D:\SinteringProControl\Platform\PublicClass\LogClass.cs--第27行
-- [详细]:列“RTData_Value”不属于表 。
********************************************************
-- [ERROR]  [2015-09-07 10:35:35,779]
-- [CoreAlgorithm.TaskManager.ForecastClass::Void RunZDYC()]
-- [文件]:D:\SinteringProControl\Platform\PublicClass\LogClass.cs--第27行
-- [详细]:列“RTData_Value”不属于表 。
********************************************************
-- [ERROR]  [2015-09-07 10:35:36,746]
-- [CoreAlgorithm.TaskManager.ForecastClass::Void RunZDYC()]
-- [文件]:D:\SinteringProControl\Platform\PublicClass\LogClass.cs--第27行
-- [详细]:列“RTData_Value”不属于表 。
********************************************************
-- [ERROR]  [2015-09-07 10:35:37,757]
-- [CoreAlgorithm.TaskManager.ForecastClass::Void RunZDYC()]
-- [文件]:D:\SinteringProControl\Platform\PublicClass\LogClass.cs--第27行
-- [详细]:列“RTData_Value”不属于表 。
********************************************************
-- [ERROR]  [2015-09-07 10:35:38,758]
-- [CoreAlgorithm.TaskManager.ForecastClass::Void RunZDYC()]
-- [文件]:D:\SinteringProControl\Platform\PublicClass\LogClass.cs--第27行
-- [详细]:列“RTData_Value”不属于表 。
********************************************************
-- [ERROR]  [2015-09-07 10:35:39,799]
-- [CoreAlgorithm.TaskManager.ForecastClass::Void RunZDYC()]
-- [文件]:D:\SinteringProControl\Platform\PublicClass\LogClass.cs--第27行
-- [详细]:列“RTData_Value”不属于表 。
********************************************************
-- [ERROR]  [2015-09-07 10:35:40,816]
-- [CoreAlgorithm.TaskManager.ForecastClass::Void RunZDYC()]
-- [文件]:D:\SinteringProControl\Platform\PublicClass\LogClass.cs--第27行
-- [详细]:列“RTData_Value”不属于表 。
********************************************************
-- [ERROR]  [2015-09-07 10:35:41,811]
-- [CoreAlgorithm.TaskManager.ForecastClass::Void RunZDYC()]
-- [文件]:D:\SinteringProControl\Platform\PublicClass\LogClass.cs--第27行
-- [详细]:列“RTData_Value”不属于表 。
********************************************************
-- [ERROR]  [2015-09-07 10:35:42,820]
-- [CoreAlgorithm.TaskManager.ForecastClass::Void RunZDYC()]
-- [文件]:D:\SinteringProControl\Platform\PublicClass\LogClass.cs--第27行
-- [详细]:列“RTData_Value”不属于表 。
********************************************************
