-- [INFO]  [2014-12-15 08:07:06,888]
-- [AdvancedFunction.MdiParent::Void timerLog_Tick(System.Object, System.EventArgs)]
-- [文件]:D:\SinteringProControl\Platform\PublicClass\LogClass.cs--第30行
-- [详细]:SPC_CoreAlgorithm服务更改为：StartPending
********************************************************
-- [INFO]  [2014-12-15 08:07:12,744]
-- [AdvancedFunction.MdiParent::Void timerLog_Tick(System.Object, System.EventArgs)]
-- [文件]:D:\SinteringProControl\Platform\PublicClass\LogClass.cs--第30行
-- [详细]:SPC_CoreAlgorithm服务更改为：Running
********************************************************
-- [INFO]  [2014-12-15 08:08:53,145]
-- [AdvancedFunction.MdiParent::Void timerLog_Tick(System.Object, System.EventArgs)]
-- [文件]:D:\SinteringProControl\Platform\PublicClass\LogClass.cs--第30行
-- [详细]:SPC_CoreAlgorithm服务更改为：Stopped
********************************************************
-- [INFO]  [2014-12-15 08:15:41,887]
-- [AdvancedFunction.MdiParent::Void timerLog_Tick(System.Object, System.EventArgs)]
-- [文件]:D:\SinteringProControl\Platform\PublicClass\LogClass.cs--第30行
-- [详细]:SPC_CoreAlgorithm服务更改为：StartPending
********************************************************
-- [INFO]  [2014-12-15 08:15:42,824]
-- [AdvancedFunction.MdiParent::Void timerLog_Tick(System.Object, System.EventArgs)]
-- [文件]:D:\SinteringProControl\Platform\PublicClass\LogClass.cs--第30行
-- [详细]:SPC_CoreAlgorithm服务更改为：Running
********************************************************
-- [INFO]  [2014-12-15 08:19:03,597]
-- [AdvancedFunction.MdiParent::Void timerLog_Tick(System.Object, System.EventArgs)]
-- [文件]:D:\SinteringProControl\Platform\PublicClass\LogClass.cs--第30行
-- [详细]:SPC_CoreAlgorithm服务更改为：Stopped
********************************************************
-- [INFO]  [2014-12-15 08:20:26,736]
-- [AdvancedFunction.MdiParent::Void timerLog_Tick(System.Object, System.EventArgs)]
-- [文件]:D:\SinteringProControl\Platform\PublicClass\LogClass.cs--第30行
-- [详细]:SPC_CoreAlgorithm服务更改为：StartPending
********************************************************
-- [INFO]  [2014-12-15 08:20:27,776]
-- [AdvancedFunction.MdiParent::Void timerLog_Tick(System.Object, System.EventArgs)]
-- [文件]:D:\SinteringProControl\Platform\PublicClass\LogClass.cs--第30行
-- [详细]:SPC_CoreAlgorithm服务更改为：Running
********************************************************
-- [INFO]  [2014-12-15 08:21:39,754]
-- [AdvancedFunction.MdiParent::Void timerLog_Tick(System.Object, System.EventArgs)]
-- [文件]:D:\SinteringProControl\Platform\PublicClass\LogClass.cs--第30行
-- [详细]:SPC_CoreAlgorithm服务更改为：Stopped
********************************************************
-- [INFO]  [2014-12-15 08:24:31,121]
-- [AdvancedFunction.MdiParent::Void timerLog_Tick(System.Object, System.EventArgs)]
-- [文件]:D:\SinteringProControl\Platform\PublicClass\LogClass.cs--第30行
-- [详细]:SPC_CoreAlgorithm服务更改为：Running
********************************************************
-- [INFO]  [2014-12-15 08:26:44,969]
-- [AdvancedFunction.MdiParent::Void timerLog_Tick(System.Object, System.EventArgs)]
-- [文件]:D:\SinteringProControl\Platform\PublicClass\LogClass.cs--第30行
-- [详细]:SPC_CoreAlgorithm服务更改为：Stopped
********************************************************
-- [INFO]  [2014-12-15 08:34:36,449]
-- [AdvancedFunction.MdiParent::Void timerLog_Tick(System.Object, System.EventArgs)]
-- [文件]:D:\SinteringProControl\Platform\PublicClass\LogClass.cs--第30行
-- [详细]:SPC_CoreAlgorithm服务更改为：Running
********************************************************
-- [INFO]  [2014-12-15 08:47:31,036]
-- [AdvancedFunction.MdiParent::Void timerLog_Tick(System.Object, System.EventArgs)]
-- [文件]:D:\SinteringProControl\Platform\PublicClass\LogClass.cs--第30行
-- [详细]:SPC_CoreAlgorithm服务更改为：Stopped
********************************************************
-- [INFO]  [2014-12-15 08:49:06,293]
-- [AdvancedFunction.MdiParent::Void timerLog_Tick(System.Object, System.EventArgs)]
-- [文件]:D:\SinteringProControl\Platform\PublicClass\LogClass.cs--第30行
-- [详细]:SPC_CoreAlgorithm服务更改为：StartPending
********************************************************
-- [INFO]  [2014-12-15 08:50:45,520]
-- [AdvancedFunction.MdiParent::Void timerLog_Tick(System.Object, System.EventArgs)]
-- [文件]:D:\SinteringProControl\Platform\PublicClass\LogClass.cs--第30行
-- [详细]:SPC_CoreAlgorithm服务更改为：Running
********************************************************
-- [INFO]  [2014-12-15 08:51:30,146]
-- [AdvancedFunction.MdiParent::Void timerLog_Tick(System.Object, System.EventArgs)]
-- [文件]:D:\SinteringProControl\Platform\PublicClass\LogClass.cs--第30行
-- [详细]:SPC_CoreAlgorithm服务更改为：Stopped
********************************************************
-- [INFO]  [2014-12-15 08:58:30,448]
-- [AdvancedFunction.MdiParent::Void timerLog_Tick(System.Object, System.EventArgs)]
-- [文件]:D:\SinteringProControl\Platform\PublicClass\LogClass.cs--第30行
-- [详细]:SPC_CoreAlgorithm服务更改为：StartPending
********************************************************
-- [INFO]  [2014-12-15 08:58:31,380]
-- [AdvancedFunction.MdiParent::Void timerLog_Tick(System.Object, System.EventArgs)]
-- [文件]:D:\SinteringProControl\Platform\PublicClass\LogClass.cs--第30行
-- [详细]:SPC_CoreAlgorithm服务更改为：Running
********************************************************
-- [INFO]  [2014-12-15 08:59:14,982]
-- [AdvancedFunction.MdiParent::Void timerLog_Tick(System.Object, System.EventArgs)]
-- [文件]:D:\SinteringProControl\Platform\PublicClass\LogClass.cs--第30行
-- [详细]:SPC_CoreAlgorithm服务更改为：Stopped
********************************************************
-- [INFO]  [2014-12-15 09:48:02,337]
-- [AdvancedFunction.MdiParent::Void timerLog_Tick(System.Object, System.EventArgs)]
-- [文件]:D:\SinteringProControl\Platform\PublicClass\LogClass.cs--第30行
-- [详细]:SPC_CoreAlgorithm服务更改为：StartPending
********************************************************
-- [INFO]  [2014-12-15 09:48:03,261]
-- [AdvancedFunction.MdiParent::Void timerLog_Tick(System.Object, System.EventArgs)]
-- [文件]:D:\SinteringProControl\Platform\PublicClass\LogClass.cs--第30行
-- [详细]:SPC_CoreAlgorithm服务更改为：Running
********************************************************
-- [INFO]  [2014-12-15 09:51:22,007]
-- [AdvancedFunction.MdiParent::Void timerLog_Tick(System.Object, System.EventArgs)]
-- [文件]:D:\SinteringProControl\Platform\PublicClass\LogClass.cs--第30行
-- [详细]:SPC_CoreAlgorithm服务更改为：Stopped
********************************************************
-- [INFO]  [2014-12-15 09:51:23,020]
-- [AdvancedFunction.MdiParent::Void timerLog_Tick(System.Object, System.EventArgs)]
-- [文件]:D:\SinteringProControl\Platform\PublicClass\LogClass.cs--第30行
-- [详细]:SPC_CoreAlgorithm服务更改为：Running
********************************************************
-- [INFO]  [2014-12-15 10:07:53,570]
-- [AdvancedFunction.MdiParent::Void timerLog_Tick(System.Object, System.EventArgs)]
-- [文件]:D:\SinteringProControl\Platform\PublicClass\LogClass.cs--第30行
-- [详细]:SPC_CoreAlgorithm服务更改为：StartPending
********************************************************
-- [INFO]  [2014-12-15 10:07:59,532]
-- [AdvancedFunction.MdiParent::Void timerLog_Tick(System.Object, System.EventArgs)]
-- [文件]:D:\SinteringProControl\Platform\PublicClass\LogClass.cs--第30行
-- [详细]:SPC_CoreAlgorithm服务更改为：Running
********************************************************
-- [INFO]  [2014-12-15 10:10:06,325]
-- [AdvancedFunction.MdiParent::Void timerLog_Tick(System.Object, System.EventArgs)]
-- [文件]:D:\SinteringProControl\Platform\PublicClass\LogClass.cs--第30行
-- [详细]:SPC_CoreAlgorithm服务更改为：Stopped
********************************************************
-- [INFO]  [2014-12-15 11:29:35,804]
-- [AdvancedFunction.MdiParent::Void timerLog_Tick(System.Object, System.EventArgs)]
-- [文件]:D:\SinteringProControl\Platform\PublicClass\LogClass.cs--第30行
-- [详细]:SPC_CoreAlgorithm服务更改为：StartPending
********************************************************
-- [INFO]  [2014-12-15 11:29:42,309]
-- [AdvancedFunction.MdiParent::Void timerLog_Tick(System.Object, System.EventArgs)]
-- [文件]:D:\SinteringProControl\Platform\PublicClass\LogClass.cs--第30行
-- [详细]:SPC_CoreAlgorithm服务更改为：Running
********************************************************
-- [INFO]  [2014-12-15 11:59:15,968]
-- [AdvancedFunction.MdiParent::Void timerLog_Tick(System.Object, System.EventArgs)]
-- [文件]:D:\SinteringProControl\Platform\PublicClass\LogClass.cs--第30行
-- [详细]:SPC_CoreAlgorithm服务更改为：Stopped
********************************************************
-- [INFO]  [2014-12-15 14:46:16,287]
-- [AdvancedFunction.MdiParent::Void timerLog_Tick(System.Object, System.EventArgs)]
-- [文件]:D:\SinteringProControl\Platform\PublicClass\LogClass.cs--第30行
-- [详细]:SPC_CoreAlgorithm服务更改为：StartPending
********************************************************
-- [INFO]  [2014-12-15 14:46:29,984]
-- [AdvancedFunction.MdiParent::Void timerLog_Tick(System.Object, System.EventArgs)]
-- [文件]:D:\SinteringProControl\Platform\PublicClass\LogClass.cs--第30行
-- [详细]:SPC_CoreAlgorithm服务更改为：Running
********************************************************
