-- [INFO]  [2016-05-09 10:52:14,366]
-- [AdvancedFunction.MdiParent::Void timerLog_Tick(System.Object, System.EventArgs)]
-- [文件]:D:\SinteringProControl\Platform\PublicClass\LogClass.cs--第30行
-- [详细]:SPC_FuzzyControl服务更改为：Stopped
********************************************************
-- [INFO]  [2016-05-09 10:53:16,096]
-- [AdvancedFunction.MdiParent::Void timerLog_Tick(System.Object, System.EventArgs)]
-- [文件]:D:\SinteringProControl\Platform\PublicClass\LogClass.cs--第30行
-- [详细]:SPC_FuzzyControl服务更改为：StartPending
********************************************************
-- [INFO]  [2016-05-09 10:53:17,110]
-- [AdvancedFunction.MdiParent::Void timerLog_Tick(System.Object, System.EventArgs)]
-- [文件]:D:\SinteringProControl\Platform\PublicClass\LogClass.cs--第30行
-- [详细]:SPC_FuzzyControl服务更改为：Stopped
********************************************************
-- [INFO]  [2016-05-09 10:55:11,698]
-- [AdvancedFunction.MdiParent::Void timerLog_Tick(System.Object, System.EventArgs)]
-- [文件]:D:\SinteringProControl\Platform\PublicClass\LogClass.cs--第30行
-- [详细]:SPC_FuzzyControl服务更改为：Stopped
********************************************************
