-- [ERROR]  [2016-08-12 08:21:54,318]
-- [CoreAlgorithm.TaskManager.ForecastClass::Void RunSelfLearning()]
-- [文件]:E:\0811\烧结\新建文件夹\SinteringProControl\Platform\PublicClass\LogClass.cs--第27行
-- [详细]:Timeout 时间已到。在操作完成之前超时时间已过或服务器未响应。   在 System.Data.SqlClient.SqlConnection.OnError(SqlException exception, Boolean breakConnection, Action`1 wrapCloseInAction)
   在 System.Data.SqlClient.SqlInternalConnection.OnError(SqlException exception, Boolean breakConnection, Action`1 wrapCloseInAction)
   在 System.Data.SqlClient.TdsParser.ThrowExceptionAndWarning(TdsParserStateObject stateObj, Boolean callerHasConnectionLock, Boolean asyncClose)
   在 System.Data.SqlClient.TdsParser.TryRun(RunBehavior runBehavior, SqlCommand cmdHandler, SqlDataReader dataStream, BulkCopySimpleResultSet bulkCopyHandler, TdsParserStateObject stateObj, Boolean& dataReady)
   在 System.Data.SqlClient.SqlDataReader.TryConsumeMetaData()
   在 System.Data.SqlClient.SqlDataReader.get_MetaData()
   在 System.Data.SqlClient.SqlCommand.FinishExecuteReader(SqlDataReader ds, RunBehavior runBehavior, String resetOptionsString)
   在 System.Data.SqlClient.SqlCommand.RunExecuteReaderTds(CommandBehavior cmdBehavior, RunBehavior runBehavior, Boolean returnStream, Boolean async, Int32 timeout, Task& task, Boolean asyncWrite)
   在 System.Data.SqlClient.SqlCommand.RunExecuteReader(CommandBehavior cmdBehavior, RunBehavior runBehavior, Boolean returnStream, String method, TaskCompletionSource`1 completion, Int32 timeout, Task& task, Boolean asyncWrite)
   在 System.Data.SqlClient.SqlCommand.RunExecuteReader(CommandBehavior cmdBehavior, RunBehavior runBehavior, Boolean returnStream, String method)
   在 System.Data.SqlClient.SqlCommand.ExecuteReader(CommandBehavior behavior, String method)
   在 System.Data.SqlClient.SqlCommand.ExecuteDbDataReader(CommandBehavior behavior)
   在 System.Data.Common.DbCommand.System.Data.IDbCommand.ExecuteReader(CommandBehavior behavior)
   在 System.Data.Common.DbDataAdapter.FillInternal(DataSet dataset, DataTable[] datatables, Int32 startRecord, Int32 maxRecords, String srcTable, IDbCommand command, CommandBehavior behavior)
   在 System.Data.Common.DbDataAdapter.Fill(DataTable[] dataTables, Int32 startRecord, Int32 maxRecords, IDbCommand command, CommandBehavior behavior)
   在 System.Data.Common.DbDataAdapter.Fill(DataTable dataTable)
   在 PublicClass.DbHelper.ExecuteDataTable(DbCommand cmd) 位置 E:\0811\烧结\新建文件夹\SinteringProControl\Platform\PublicClass\DBHelper.cs:行号 121
   在 CoreAlgorithm.TaskManager.TasksManager.MultithreadDataTable(String sql) 位置 E:\0811\烧结\新建文件夹\SinteringProControl\Platform\CoreAlgorithm\TaskManager\TasksManagers.cs:行号 78
   在 CoreAlgorithm.TaskManager.ForecastClass.RunSelfLearning() 位置 E:\0811\烧结\新建文件夹\SinteringProControl\Platform\CoreAlgorithm\TaskManager\ForecastClass.cs:行号 454
********************************************************
-- [ERROR]  [2016-08-12 08:29:55,861]
-- [CoreAlgorithm.TaskManager.ForecastClass::Void RunSelfLearning()]
-- [文件]:E:\0811\烧结\新建文件夹\SinteringProControl\Platform\PublicClass\LogClass.cs--第27行
-- [详细]:Timeout 时间已到。在操作完成之前超时时间已过或服务器未响应。   在 System.Data.SqlClient.SqlConnection.OnError(SqlException exception, Boolean breakConnection, Action`1 wrapCloseInAction)
   在 System.Data.SqlClient.SqlInternalConnection.OnError(SqlException exception, Boolean breakConnection, Action`1 wrapCloseInAction)
   在 System.Data.SqlClient.TdsParser.ThrowExceptionAndWarning(TdsParserStateObject stateObj, Boolean callerHasConnectionLock, Boolean asyncClose)
   在 System.Data.SqlClient.TdsParser.TryRun(RunBehavior runBehavior, SqlCommand cmdHandler, SqlDataReader dataStream, BulkCopySimpleResultSet bulkCopyHandler, TdsParserStateObject stateObj, Boolean& dataReady)
   在 System.Data.SqlClient.SqlDataReader.TryConsumeMetaData()
   在 System.Data.SqlClient.SqlDataReader.get_MetaData()
   在 System.Data.SqlClient.SqlCommand.FinishExecuteReader(SqlDataReader ds, RunBehavior runBehavior, String resetOptionsString)
   在 System.Data.SqlClient.SqlCommand.RunExecuteReaderTds(CommandBehavior cmdBehavior, RunBehavior runBehavior, Boolean returnStream, Boolean async, Int32 timeout, Task& task, Boolean asyncWrite)
   在 System.Data.SqlClient.SqlCommand.RunExecuteReader(CommandBehavior cmdBehavior, RunBehavior runBehavior, Boolean returnStream, String method, TaskCompletionSource`1 completion, Int32 timeout, Task& task, Boolean asyncWrite)
   在 System.Data.SqlClient.SqlCommand.RunExecuteReader(CommandBehavior cmdBehavior, RunBehavior runBehavior, Boolean returnStream, String method)
   在 System.Data.SqlClient.SqlCommand.ExecuteReader(CommandBehavior behavior, String method)
   在 System.Data.SqlClient.SqlCommand.ExecuteDbDataReader(CommandBehavior behavior)
   在 System.Data.Common.DbCommand.System.Data.IDbCommand.ExecuteReader(CommandBehavior behavior)
   在 System.Data.Common.DbDataAdapter.FillInternal(DataSet dataset, DataTable[] datatables, Int32 startRecord, Int32 maxRecords, String srcTable, IDbCommand command, CommandBehavior behavior)
   在 System.Data.Common.DbDataAdapter.Fill(DataTable[] dataTables, Int32 startRecord, Int32 maxRecords, IDbCommand command, CommandBehavior behavior)
   在 System.Data.Common.DbDataAdapter.Fill(DataTable dataTable)
   在 PublicClass.DbHelper.ExecuteDataTable(DbCommand cmd) 位置 E:\0811\烧结\新建文件夹\SinteringProControl\Platform\PublicClass\DBHelper.cs:行号 121
   在 CoreAlgorithm.TaskManager.TasksManager.MultithreadDataTable(String sql) 位置 E:\0811\烧结\新建文件夹\SinteringProControl\Platform\CoreAlgorithm\TaskManager\TasksManagers.cs:行号 78
   在 CoreAlgorithm.TaskManager.ForecastClass.RunSelfLearning() 位置 E:\0811\烧结\新建文件夹\SinteringProControl\Platform\CoreAlgorithm\TaskManager\ForecastClass.cs:行号 454
********************************************************
-- [ERROR]  [2016-08-12 08:35:21,449]
-- [CoreAlgorithm.TaskManager.ForecastClass::Void RunZDYC()]
-- [文件]:E:\0811\烧结\新建文件夹\SinteringProControl\Platform\PublicClass\LogClass.cs--第27行
-- [详细]:Timeout 时间已到。在操作完成之前超时时间已过或服务器未响应。
********************************************************
