-- [INFO]  [2015-09-11 08:50:38,290]
-- [AdvancedFunction.MdiParent::Void timerLog_Tick(System.Object, System.EventArgs)]
-- [文件]:D:\SinteringProControl\Platform\PublicClass\LogClass.cs--第30行
-- [详细]:SPC_CoreAlgorithm服务更改为：Running
********************************************************
-- [INFO]  [2015-09-11 08:51:59,200]
-- [AdvancedFunction.MdiParent::Void timerLog_Tick(System.Object, System.EventArgs)]
-- [文件]:D:\SinteringProControl\Platform\PublicClass\LogClass.cs--第30行
-- [详细]:SPC_CoreAlgorithm服务更改为：Stopped
********************************************************
-- [INFO]  [2015-09-11 08:52:20,496]
-- [AdvancedFunction.MdiParent::Void timerLog_Tick(System.Object, System.EventArgs)]
-- [文件]:D:\SinteringProControl\Platform\PublicClass\LogClass.cs--第30行
-- [详细]:SPC_CoreAlgorithm服务更改为：StartPending
********************************************************
-- [INFO]  [2015-09-11 08:52:21,507]
-- [AdvancedFunction.MdiParent::Void timerLog_Tick(System.Object, System.EventArgs)]
-- [文件]:D:\SinteringProControl\Platform\PublicClass\LogClass.cs--第30行
-- [详细]:SPC_CoreAlgorithm服务更改为：Running
********************************************************
-- [INFO]  [2015-09-11 08:59:25,370]
-- [AdvancedFunction.MdiParent::Void timerLog_Tick(System.Object, System.EventArgs)]
-- [文件]:D:\SinteringProControl\Platform\PublicClass\LogClass.cs--第30行
-- [详细]:SPC_CoreAlgorithm服务更改为：Stopped
********************************************************
-- [INFO]  [2015-09-11 08:59:26,376]
-- [AdvancedFunction.MdiParent::Void timerLog_Tick(System.Object, System.EventArgs)]
-- [文件]:D:\SinteringProControl\Platform\PublicClass\LogClass.cs--第30行
-- [详细]:SPC_CoreAlgorithm服务更改为：Running
********************************************************
