-- [INFO]  [2016-04-27 11:00:43,620]
-- [AdvancedFunction.MdiParent::Void timerLog_Tick(System.Object, System.EventArgs)]
-- [文件]:D:\SinteringProControl\Platform\PublicClass\LogClass.cs--第30行
-- [详细]:SPC_CoreAlgorithm服务更改为：Stopped
********************************************************
-- [INFO]  [2016-04-27 11:00:43,901]
-- [AdvancedFunction.MdiParent::Void timerLog_Tick(System.Object, System.EventArgs)]
-- [文件]:D:\SinteringProControl\Platform\PublicClass\LogClass.cs--第30行
-- [详细]:SPC_CoreAlgorithm服务更改为：StartPending
********************************************************
-- [INFO]  [2016-04-27 11:00:44,915]
-- [AdvancedFunction.MdiParent::Void timerLog_Tick(System.Object, System.EventArgs)]
-- [文件]:D:\SinteringProControl\Platform\PublicClass\LogClass.cs--第30行
-- [详细]:SPC_CoreAlgorithm服务更改为：Running
********************************************************
-- [INFO]  [2016-04-27 11:00:47,957]
-- [AdvancedFunction.MdiParent::Void timerLog_Tick(System.Object, System.EventArgs)]
-- [文件]:D:\SinteringProControl\Platform\PublicClass\LogClass.cs--第30行
-- [详细]:SPC_CoreAlgorithm服务更改为：Stopped
********************************************************
-- [INFO]  [2016-04-27 14:28:50,995]
-- [AdvancedFunction.MdiParent::Void timerLog_Tick(System.Object, System.EventArgs)]
-- [文件]:D:\SinteringProControl\Platform\PublicClass\LogClass.cs--第30行
-- [详细]:SPC_CoreAlgorithm服务更改为：StartPending
********************************************************
-- [INFO]  [2016-04-27 14:28:51,147]
-- [AdvancedFunction.MdiParent::Void timerLog_Tick(System.Object, System.EventArgs)]
-- [文件]:D:\SinteringProControl\Platform\PublicClass\LogClass.cs--第30行
-- [详细]:SPC_CoreAlgorithm服务更改为：Running
********************************************************
-- [INFO]  [2016-04-27 14:28:54,421]
-- [AdvancedFunction.MdiParent::Void timerLog_Tick(System.Object, System.EventArgs)]
-- [文件]:D:\SinteringProControl\Platform\PublicClass\LogClass.cs--第30行
-- [详细]:SPC_CoreAlgorithm服务更改为：Stopped
********************************************************
