-- [WARN]  [2016-07-22 14:34:27,207]
-- [MonitorScreen.SinteringPro::Void timerSinteringPro_Tick(System.Object, System.EventArgs)]
-- [文件]:D:\SinteringProControl\Platform\PublicClass\LogClass.cs--第21行
-- [详细]:采集异常，终点异常，计算失效，终点温度大于380℃
********************************************************
-- [WARN]  [2016-07-22 14:34:41,894]
-- [MonitorScreen.SinteringPro::Void timerSinteringPro_Tick(System.Object, System.EventArgs)]
-- [文件]:D:\SinteringProControl\Platform\PublicClass\LogClass.cs--第21行
-- [详细]:采集异常，终点异常，计算失效，终点温度大于380℃
********************************************************
-- [WARN]  [2016-07-22 14:52:50,265]
-- [MonitorScreen.SinteringPro::Void timerSinteringPro_Tick(System.Object, System.EventArgs)]
-- [文件]:D:\SinteringProControl\Platform\PublicClass\LogClass.cs--第21行
-- [详细]:采集异常，终点异常，计算失效，终点温度大于380℃
********************************************************
-- [WARN]  [2016-07-22 14:53:29,588]
-- [MonitorScreen.SinteringPro::Void timerSinteringPro_Tick(System.Object, System.EventArgs)]
-- [文件]:D:\SinteringProControl\Platform\PublicClass\LogClass.cs--第21行
-- [详细]:采集异常，终点异常，计算失效，终点温度大于380℃
********************************************************
-- [WARN]  [2016-07-22 14:53:32,409]
-- [MonitorScreen.SinteringPro::Void timerSinteringPro_Tick(System.Object, System.EventArgs)]
-- [文件]:D:\SinteringProControl\Platform\PublicClass\LogClass.cs--第21行
-- [详细]:采集异常，终点异常，计算失效，终点温度大于380℃
********************************************************
-- [WARN]  [2016-07-22 14:53:39,621]
-- [MonitorScreen.SinteringPro::Void timerSinteringPro_Tick(System.Object, System.EventArgs)]
-- [文件]:D:\SinteringProControl\Platform\PublicClass\LogClass.cs--第21行
-- [详细]:采集异常，终点异常，计算失效，终点温度大于380℃
********************************************************
-- [WARN]  [2016-07-22 14:53:39,770]
-- [MonitorScreen.SinteringPro::Void timerSinteringPro_Tick(System.Object, System.EventArgs)]
-- [文件]:D:\SinteringProControl\Platform\PublicClass\LogClass.cs--第21行
-- [详细]:采集异常，终点异常，计算失效，终点温度大于380℃
********************************************************
-- [WARN]  [2016-07-22 14:53:41,317]
-- [MonitorScreen.SinteringPro::Void timerSinteringPro_Tick(System.Object, System.EventArgs)]
-- [文件]:D:\SinteringProControl\Platform\PublicClass\LogClass.cs--第21行
-- [详细]:采集异常，终点异常，计算失效，终点温度大于380℃
********************************************************
-- [WARN]  [2016-07-22 14:53:43,329]
-- [MonitorScreen.SinteringPro::Void timerSinteringPro_Tick(System.Object, System.EventArgs)]
-- [文件]:D:\SinteringProControl\Platform\PublicClass\LogClass.cs--第21行
-- [详细]:采集异常，终点异常，计算失效，终点温度大于380℃
********************************************************
-- [WARN]  [2016-07-22 14:53:45,340]
-- [MonitorScreen.SinteringPro::Void timerSinteringPro_Tick(System.Object, System.EventArgs)]
-- [文件]:D:\SinteringProControl\Platform\PublicClass\LogClass.cs--第21行
-- [详细]:采集异常，终点异常，计算失效，终点温度大于380℃
********************************************************
-- [WARN]  [2016-07-22 14:53:47,354]
-- [MonitorScreen.SinteringPro::Void timerSinteringPro_Tick(System.Object, System.EventArgs)]
-- [文件]:D:\SinteringProControl\Platform\PublicClass\LogClass.cs--第21行
-- [详细]:采集异常，终点异常，计算失效，终点温度大于380℃
********************************************************
-- [WARN]  [2016-07-22 14:53:49,364]
-- [MonitorScreen.SinteringPro::Void timerSinteringPro_Tick(System.Object, System.EventArgs)]
-- [文件]:D:\SinteringProControl\Platform\PublicClass\LogClass.cs--第21行
-- [详细]:采集异常，终点异常，计算失效，终点温度大于380℃
********************************************************
-- [WARN]  [2016-07-22 14:53:51,364]
-- [MonitorScreen.SinteringPro::Void timerSinteringPro_Tick(System.Object, System.EventArgs)]
-- [文件]:D:\SinteringProControl\Platform\PublicClass\LogClass.cs--第21行
-- [详细]:采集异常，终点异常，计算失效，终点温度大于380℃
********************************************************
-- [WARN]  [2016-07-22 14:53:53,391]
-- [MonitorScreen.SinteringPro::Void timerSinteringPro_Tick(System.Object, System.EventArgs)]
-- [文件]:D:\SinteringProControl\Platform\PublicClass\LogClass.cs--第21行
-- [详细]:采集异常，终点异常，计算失效，终点温度大于380℃
********************************************************
-- [WARN]  [2016-07-22 14:53:55,395]
-- [MonitorScreen.SinteringPro::Void timerSinteringPro_Tick(System.Object, System.EventArgs)]
-- [文件]:D:\SinteringProControl\Platform\PublicClass\LogClass.cs--第21行
-- [详细]:采集异常，终点异常，计算失效，终点温度大于380℃
********************************************************
-- [WARN]  [2016-07-22 14:53:57,411]
-- [MonitorScreen.SinteringPro::Void timerSinteringPro_Tick(System.Object, System.EventArgs)]
-- [文件]:D:\SinteringProControl\Platform\PublicClass\LogClass.cs--第21行
-- [详细]:采集异常，终点异常，计算失效，终点温度大于380℃
********************************************************
-- [WARN]  [2016-07-22 14:56:30,088]
-- [MonitorScreen.SinteringPro::Void timerSinteringPro_Tick(System.Object, System.EventArgs)]
-- [文件]:D:\SinteringProControl\Platform\PublicClass\LogClass.cs--第21行
-- [详细]:采集异常，终点异常，计算失效，终点温度大于380℃
********************************************************
-- [WARN]  [2016-07-22 15:15:58,238]
-- [MonitorScreen.SinteringPro::Void timerSinteringPro_Tick(System.Object, System.EventArgs)]
-- [文件]:D:\SinteringProControl\Platform\PublicClass\LogClass.cs--第21行
-- [详细]:采集异常，终点异常，计算失效，终点温度大于380℃
********************************************************
-- [WARN]  [2016-07-22 16:47:33,064]
-- [MonitorScreen.SinteringPro::Void timerSinteringPro_Tick(System.Object, System.EventArgs)]
-- [文件]:D:\SinteringProControl\Platform\PublicClass\LogClass.cs--第21行
-- [详细]:采集异常，终点异常，计算失效，终点温度大于380℃
********************************************************
-- [WARN]  [2016-07-22 16:47:35,149]
-- [MonitorScreen.SinteringPro::Void timerSinteringPro_Tick(System.Object, System.EventArgs)]
-- [文件]:D:\SinteringProControl\Platform\PublicClass\LogClass.cs--第21行
-- [详细]:采集异常，终点异常，计算失效，终点温度大于380℃
********************************************************
-- [WARN]  [2016-07-22 16:47:37,158]
-- [MonitorScreen.SinteringPro::Void timerSinteringPro_Tick(System.Object, System.EventArgs)]
-- [文件]:D:\SinteringProControl\Platform\PublicClass\LogClass.cs--第21行
-- [详细]:采集异常，终点异常，计算失效，终点温度大于380℃
********************************************************
-- [WARN]  [2016-07-22 16:47:39,167]
-- [MonitorScreen.SinteringPro::Void timerSinteringPro_Tick(System.Object, System.EventArgs)]
-- [文件]:D:\SinteringProControl\Platform\PublicClass\LogClass.cs--第21行
-- [详细]:采集异常，终点异常，计算失效，终点温度大于380℃
********************************************************
-- [WARN]  [2016-07-22 16:47:41,179]
-- [MonitorScreen.SinteringPro::Void timerSinteringPro_Tick(System.Object, System.EventArgs)]
-- [文件]:D:\SinteringProControl\Platform\PublicClass\LogClass.cs--第21行
-- [详细]:采集异常，终点异常，计算失效，终点温度大于380℃
********************************************************
-- [WARN]  [2016-07-22 16:47:43,193]
-- [MonitorScreen.SinteringPro::Void timerSinteringPro_Tick(System.Object, System.EventArgs)]
-- [文件]:D:\SinteringProControl\Platform\PublicClass\LogClass.cs--第21行
-- [详细]:采集异常，终点异常，计算失效，终点温度大于380℃
********************************************************
-- [WARN]  [2016-07-22 16:48:45,350]
-- [MonitorScreen.SinteringPro::Void timerSinteringPro_Tick(System.Object, System.EventArgs)]
-- [文件]:D:\SinteringProControl\Platform\PublicClass\LogClass.cs--第21行
-- [详细]:采集异常，终点异常，计算失效，终点温度大于380℃
********************************************************
-- [WARN]  [2016-07-22 16:49:32,459]
-- [MonitorScreen.SinteringPro::Void timerSinteringPro_Tick(System.Object, System.EventArgs)]
-- [文件]:D:\SinteringProControl\Platform\PublicClass\LogClass.cs--第21行
-- [详细]:采集异常，终点异常，计算失效，终点温度大于380℃
********************************************************
-- [WARN]  [2016-07-22 17:18:58,234]
-- [MonitorScreen.SinteringPro::Void timerSinteringPro_Tick(System.Object, System.EventArgs)]
-- [文件]:D:\SinteringProControl\Platform\PublicClass\LogClass.cs--第21行
-- [详细]:采集异常，终点异常，计算失效，终点温度大于380℃
********************************************************
-- [WARN]  [2016-07-22 17:19:18,276]
-- [MonitorScreen.SinteringPro::Void timerSinteringPro_Tick(System.Object, System.EventArgs)]
-- [文件]:D:\SinteringProControl\Platform\PublicClass\LogClass.cs--第21行
-- [详细]:采集异常，终点异常，计算失效，终点温度大于380℃
********************************************************
-- [WARN]  [2016-07-22 17:19:38,284]
-- [MonitorScreen.SinteringPro::Void timerSinteringPro_Tick(System.Object, System.EventArgs)]
-- [文件]:D:\SinteringProControl\Platform\PublicClass\LogClass.cs--第21行
-- [详细]:采集异常，终点异常，计算失效，终点温度大于380℃
********************************************************
-- [WARN]  [2016-07-22 17:19:58,305]
-- [MonitorScreen.SinteringPro::Void timerSinteringPro_Tick(System.Object, System.EventArgs)]
-- [文件]:D:\SinteringProControl\Platform\PublicClass\LogClass.cs--第21行
-- [详细]:采集异常，终点异常，计算失效，终点温度大于380℃
********************************************************
-- [WARN]  [2016-07-22 17:21:04,954]
-- [MonitorScreen.SinteringPro::Void timerSinteringPro_Tick(System.Object, System.EventArgs)]
-- [文件]:D:\SinteringProControl\Platform\PublicClass\LogClass.cs--第21行
-- [详细]:采集异常，终点异常，计算失效，终点温度大于380℃
********************************************************
-- [WARN]  [2016-07-22 17:21:25,015]
-- [MonitorScreen.SinteringPro::Void timerSinteringPro_Tick(System.Object, System.EventArgs)]
-- [文件]:D:\SinteringProControl\Platform\PublicClass\LogClass.cs--第21行
-- [详细]:采集异常，终点异常，计算失效，终点温度大于380℃
********************************************************
-- [WARN]  [2016-07-22 17:21:45,011]
-- [MonitorScreen.SinteringPro::Void timerSinteringPro_Tick(System.Object, System.EventArgs)]
-- [文件]:D:\SinteringProControl\Platform\PublicClass\LogClass.cs--第21行
-- [详细]:采集异常，终点异常，计算失效，终点温度大于380℃
********************************************************
