-- [WARN]  [2016-08-18 08:21:03,704]
-- [MonitorScreen.SinteringPro::Void timerSinteringPro_Tick(System.Object, System.EventArgs)]
-- [文件]:D:\SinteringProControl\Platform\PublicClass\LogClass.cs--第21行
-- [详细]:终点异常，计算失效，终点温度小于300℃
********************************************************
-- [WARN]  [2016-08-18 08:21:06,128]
-- [MonitorScreen.SinteringPro::Void timerSinteringPro_Tick(System.Object, System.EventArgs)]
-- [文件]:D:\SinteringProControl\Platform\PublicClass\LogClass.cs--第21行
-- [详细]:终点异常，计算失效，终点温度小于300℃
********************************************************
-- [WARN]  [2016-08-18 08:21:08,142]
-- [MonitorScreen.SinteringPro::Void timerSinteringPro_Tick(System.Object, System.EventArgs)]
-- [文件]:D:\SinteringProControl\Platform\PublicClass\LogClass.cs--第21行
-- [详细]:终点异常，计算失效，终点温度小于300℃
********************************************************
-- [WARN]  [2016-08-18 08:21:10,154]
-- [MonitorScreen.SinteringPro::Void timerSinteringPro_Tick(System.Object, System.EventArgs)]
-- [文件]:D:\SinteringProControl\Platform\PublicClass\LogClass.cs--第21行
-- [详细]:终点异常，计算失效，终点温度小于300℃
********************************************************
-- [WARN]  [2016-08-18 08:21:12,167]
-- [MonitorScreen.SinteringPro::Void timerSinteringPro_Tick(System.Object, System.EventArgs)]
-- [文件]:D:\SinteringProControl\Platform\PublicClass\LogClass.cs--第21行
-- [详细]:终点异常，计算失效，终点温度小于300℃
********************************************************
-- [WARN]  [2016-08-18 08:21:14,203]
-- [MonitorScreen.SinteringPro::Void timerSinteringPro_Tick(System.Object, System.EventArgs)]
-- [文件]:D:\SinteringProControl\Platform\PublicClass\LogClass.cs--第21行
-- [详细]:终点异常，计算失效，终点温度小于300℃
********************************************************
-- [WARN]  [2016-08-18 08:21:16,188]
-- [MonitorScreen.SinteringPro::Void timerSinteringPro_Tick(System.Object, System.EventArgs)]
-- [文件]:D:\SinteringProControl\Platform\PublicClass\LogClass.cs--第21行
-- [详细]:终点异常，计算失效，终点温度小于300℃
********************************************************
-- [WARN]  [2016-08-18 08:21:18,202]
-- [MonitorScreen.SinteringPro::Void timerSinteringPro_Tick(System.Object, System.EventArgs)]
-- [文件]:D:\SinteringProControl\Platform\PublicClass\LogClass.cs--第21行
-- [详细]:终点异常，计算失效，终点温度小于300℃
********************************************************
-- [WARN]  [2016-08-18 08:21:20,215]
-- [MonitorScreen.SinteringPro::Void timerSinteringPro_Tick(System.Object, System.EventArgs)]
-- [文件]:D:\SinteringProControl\Platform\PublicClass\LogClass.cs--第21行
-- [详细]:终点异常，计算失效，终点温度小于300℃
********************************************************
-- [WARN]  [2016-08-18 08:21:22,239]
-- [MonitorScreen.SinteringPro::Void timerSinteringPro_Tick(System.Object, System.EventArgs)]
-- [文件]:D:\SinteringProControl\Platform\PublicClass\LogClass.cs--第21行
-- [详细]:终点异常，计算失效，终点温度小于300℃
********************************************************
-- [WARN]  [2016-08-18 08:21:24,253]
-- [MonitorScreen.SinteringPro::Void timerSinteringPro_Tick(System.Object, System.EventArgs)]
-- [文件]:D:\SinteringProControl\Platform\PublicClass\LogClass.cs--第21行
-- [详细]:终点异常，计算失效，终点温度小于300℃
********************************************************
-- [WARN]  [2016-08-18 08:21:26,240]
-- [MonitorScreen.SinteringPro::Void timerSinteringPro_Tick(System.Object, System.EventArgs)]
-- [文件]:D:\SinteringProControl\Platform\PublicClass\LogClass.cs--第21行
-- [详细]:终点异常，计算失效，终点温度小于300℃
********************************************************
-- [WARN]  [2016-08-18 08:21:28,255]
-- [MonitorScreen.SinteringPro::Void timerSinteringPro_Tick(System.Object, System.EventArgs)]
-- [文件]:D:\SinteringProControl\Platform\PublicClass\LogClass.cs--第21行
-- [详细]:终点异常，计算失效，终点温度小于300℃
********************************************************
-- [WARN]  [2016-08-18 08:21:30,413]
-- [MonitorScreen.SinteringPro::Void timerSinteringPro_Tick(System.Object, System.EventArgs)]
-- [文件]:D:\SinteringProControl\Platform\PublicClass\LogClass.cs--第21行
-- [详细]:终点异常，计算失效，终点温度小于300℃
********************************************************
-- [WARN]  [2016-08-18 08:21:32,291]
-- [MonitorScreen.SinteringPro::Void timerSinteringPro_Tick(System.Object, System.EventArgs)]
-- [文件]:D:\SinteringProControl\Platform\PublicClass\LogClass.cs--第21行
-- [详细]:终点异常，计算失效，终点温度小于300℃
********************************************************
-- [WARN]  [2016-08-18 08:21:34,325]
-- [MonitorScreen.SinteringPro::Void timerSinteringPro_Tick(System.Object, System.EventArgs)]
-- [文件]:D:\SinteringProControl\Platform\PublicClass\LogClass.cs--第21行
-- [详细]:终点异常，计算失效，终点温度小于300℃
********************************************************
-- [WARN]  [2016-08-18 08:21:36,313]
-- [MonitorScreen.SinteringPro::Void timerSinteringPro_Tick(System.Object, System.EventArgs)]
-- [文件]:D:\SinteringProControl\Platform\PublicClass\LogClass.cs--第21行
-- [详细]:终点异常，计算失效，终点温度小于300℃
********************************************************
-- [WARN]  [2016-08-18 08:21:38,336]
-- [MonitorScreen.SinteringPro::Void timerSinteringPro_Tick(System.Object, System.EventArgs)]
-- [文件]:D:\SinteringProControl\Platform\PublicClass\LogClass.cs--第21行
-- [详细]:终点异常，计算失效，终点温度小于300℃
********************************************************
-- [WARN]  [2016-08-18 08:21:40,326]
-- [MonitorScreen.SinteringPro::Void timerSinteringPro_Tick(System.Object, System.EventArgs)]
-- [文件]:D:\SinteringProControl\Platform\PublicClass\LogClass.cs--第21行
-- [详细]:终点异常，计算失效，终点温度小于300℃
********************************************************
-- [WARN]  [2016-08-18 08:21:42,349]
-- [MonitorScreen.SinteringPro::Void timerSinteringPro_Tick(System.Object, System.EventArgs)]
-- [文件]:D:\SinteringProControl\Platform\PublicClass\LogClass.cs--第21行
-- [详细]:终点异常，计算失效，终点温度小于300℃
********************************************************
-- [WARN]  [2016-08-18 08:21:44,677]
-- [MonitorScreen.SinteringPro::Void timerSinteringPro_Tick(System.Object, System.EventArgs)]
-- [文件]:D:\SinteringProControl\Platform\PublicClass\LogClass.cs--第21行
-- [详细]:终点异常，计算失效，终点温度小于300℃
********************************************************
-- [WARN]  [2016-08-18 08:21:46,378]
-- [MonitorScreen.SinteringPro::Void timerSinteringPro_Tick(System.Object, System.EventArgs)]
-- [文件]:D:\SinteringProControl\Platform\PublicClass\LogClass.cs--第21行
-- [详细]:终点异常，计算失效，终点温度小于300℃
********************************************************
-- [WARN]  [2016-08-18 08:21:48,386]
-- [MonitorScreen.SinteringPro::Void timerSinteringPro_Tick(System.Object, System.EventArgs)]
-- [文件]:D:\SinteringProControl\Platform\PublicClass\LogClass.cs--第21行
-- [详细]:终点异常，计算失效，终点温度小于300℃
********************************************************
-- [WARN]  [2016-08-18 08:21:50,401]
-- [MonitorScreen.SinteringPro::Void timerSinteringPro_Tick(System.Object, System.EventArgs)]
-- [文件]:D:\SinteringProControl\Platform\PublicClass\LogClass.cs--第21行
-- [详细]:终点异常，计算失效，终点温度小于300℃
********************************************************
-- [WARN]  [2016-08-18 08:21:52,413]
-- [MonitorScreen.SinteringPro::Void timerSinteringPro_Tick(System.Object, System.EventArgs)]
-- [文件]:D:\SinteringProControl\Platform\PublicClass\LogClass.cs--第21行
-- [详细]:终点异常，计算失效，终点温度小于300℃
********************************************************
-- [WARN]  [2016-08-18 08:21:54,441]
-- [MonitorScreen.SinteringPro::Void timerSinteringPro_Tick(System.Object, System.EventArgs)]
-- [文件]:D:\SinteringProControl\Platform\PublicClass\LogClass.cs--第21行
-- [详细]:终点异常，计算失效，终点温度小于300℃
********************************************************
-- [WARN]  [2016-08-18 08:21:56,439]
-- [MonitorScreen.SinteringPro::Void timerSinteringPro_Tick(System.Object, System.EventArgs)]
-- [文件]:D:\SinteringProControl\Platform\PublicClass\LogClass.cs--第21行
-- [详细]:终点异常，计算失效，终点温度小于300℃
********************************************************
-- [WARN]  [2016-08-18 08:21:58,452]
-- [MonitorScreen.SinteringPro::Void timerSinteringPro_Tick(System.Object, System.EventArgs)]
-- [文件]:D:\SinteringProControl\Platform\PublicClass\LogClass.cs--第21行
-- [详细]:终点异常，计算失效，终点温度小于300℃
********************************************************
-- [WARN]  [2016-08-18 08:22:00,467]
-- [MonitorScreen.SinteringPro::Void timerSinteringPro_Tick(System.Object, System.EventArgs)]
-- [文件]:D:\SinteringProControl\Platform\PublicClass\LogClass.cs--第21行
-- [详细]:终点异常，计算失效，终点温度小于300℃
********************************************************
-- [WARN]  [2016-08-18 08:22:02,472]
-- [MonitorScreen.SinteringPro::Void timerSinteringPro_Tick(System.Object, System.EventArgs)]
-- [文件]:D:\SinteringProControl\Platform\PublicClass\LogClass.cs--第21行
-- [详细]:终点异常，计算失效，终点温度小于300℃
********************************************************
-- [WARN]  [2016-08-18 08:22:04,501]
-- [MonitorScreen.SinteringPro::Void timerSinteringPro_Tick(System.Object, System.EventArgs)]
-- [文件]:D:\SinteringProControl\Platform\PublicClass\LogClass.cs--第21行
-- [详细]:终点异常，计算失效，终点温度小于300℃
********************************************************
-- [WARN]  [2016-08-18 08:22:06,501]
-- [MonitorScreen.SinteringPro::Void timerSinteringPro_Tick(System.Object, System.EventArgs)]
-- [文件]:D:\SinteringProControl\Platform\PublicClass\LogClass.cs--第21行
-- [详细]:终点异常，计算失效，终点温度小于300℃
********************************************************
-- [WARN]  [2016-08-18 08:22:08,515]
-- [MonitorScreen.SinteringPro::Void timerSinteringPro_Tick(System.Object, System.EventArgs)]
-- [文件]:D:\SinteringProControl\Platform\PublicClass\LogClass.cs--第21行
-- [详细]:终点异常，计算失效，终点温度小于300℃
********************************************************
-- [WARN]  [2016-08-18 08:22:10,518]
-- [MonitorScreen.SinteringPro::Void timerSinteringPro_Tick(System.Object, System.EventArgs)]
-- [文件]:D:\SinteringProControl\Platform\PublicClass\LogClass.cs--第21行
-- [详细]:终点异常，计算失效，终点温度小于300℃
********************************************************
-- [WARN]  [2016-08-18 08:22:12,532]
-- [MonitorScreen.SinteringPro::Void timerSinteringPro_Tick(System.Object, System.EventArgs)]
-- [文件]:D:\SinteringProControl\Platform\PublicClass\LogClass.cs--第21行
-- [详细]:终点异常，计算失效，终点温度小于300℃
********************************************************
-- [WARN]  [2016-08-18 08:22:14,565]
-- [MonitorScreen.SinteringPro::Void timerSinteringPro_Tick(System.Object, System.EventArgs)]
-- [文件]:D:\SinteringProControl\Platform\PublicClass\LogClass.cs--第21行
-- [详细]:终点异常，计算失效，终点温度小于300℃
********************************************************
-- [WARN]  [2016-08-18 08:22:16,564]
-- [MonitorScreen.SinteringPro::Void timerSinteringPro_Tick(System.Object, System.EventArgs)]
-- [文件]:D:\SinteringProControl\Platform\PublicClass\LogClass.cs--第21行
-- [详细]:终点异常，计算失效，终点温度小于300℃
********************************************************
-- [WARN]  [2016-08-18 08:22:18,578]
-- [MonitorScreen.SinteringPro::Void timerSinteringPro_Tick(System.Object, System.EventArgs)]
-- [文件]:D:\SinteringProControl\Platform\PublicClass\LogClass.cs--第21行
-- [详细]:终点异常，计算失效，终点温度小于300℃
********************************************************
-- [WARN]  [2016-08-18 08:22:20,588]
-- [MonitorScreen.SinteringPro::Void timerSinteringPro_Tick(System.Object, System.EventArgs)]
-- [文件]:D:\SinteringProControl\Platform\PublicClass\LogClass.cs--第21行
-- [详细]:终点异常，计算失效，终点温度小于300℃
********************************************************
-- [WARN]  [2016-08-18 08:22:22,603]
-- [MonitorScreen.SinteringPro::Void timerSinteringPro_Tick(System.Object, System.EventArgs)]
-- [文件]:D:\SinteringProControl\Platform\PublicClass\LogClass.cs--第21行
-- [详细]:终点异常，计算失效，终点温度小于300℃
********************************************************
-- [WARN]  [2016-08-18 08:22:24,645]
-- [MonitorScreen.SinteringPro::Void timerSinteringPro_Tick(System.Object, System.EventArgs)]
-- [文件]:D:\SinteringProControl\Platform\PublicClass\LogClass.cs--第21行
-- [详细]:终点异常，计算失效，终点温度小于300℃
********************************************************
-- [WARN]  [2016-08-18 08:22:26,622]
-- [MonitorScreen.SinteringPro::Void timerSinteringPro_Tick(System.Object, System.EventArgs)]
-- [文件]:D:\SinteringProControl\Platform\PublicClass\LogClass.cs--第21行
-- [详细]:终点异常，计算失效，终点温度小于300℃
********************************************************
-- [WARN]  [2016-08-18 08:22:28,637]
-- [MonitorScreen.SinteringPro::Void timerSinteringPro_Tick(System.Object, System.EventArgs)]
-- [文件]:D:\SinteringProControl\Platform\PublicClass\LogClass.cs--第21行
-- [详细]:终点异常，计算失效，终点温度小于300℃
********************************************************
-- [WARN]  [2016-08-18 08:22:30,644]
-- [MonitorScreen.SinteringPro::Void timerSinteringPro_Tick(System.Object, System.EventArgs)]
-- [文件]:D:\SinteringProControl\Platform\PublicClass\LogClass.cs--第21行
-- [详细]:终点异常，计算失效，终点温度小于300℃
********************************************************
-- [WARN]  [2016-08-18 08:22:32,652]
-- [MonitorScreen.SinteringPro::Void timerSinteringPro_Tick(System.Object, System.EventArgs)]
-- [文件]:D:\SinteringProControl\Platform\PublicClass\LogClass.cs--第21行
-- [详细]:终点异常，计算失效，终点温度小于300℃
********************************************************
-- [WARN]  [2016-08-18 08:22:34,693]
-- [MonitorScreen.SinteringPro::Void timerSinteringPro_Tick(System.Object, System.EventArgs)]
-- [文件]:D:\SinteringProControl\Platform\PublicClass\LogClass.cs--第21行
-- [详细]:终点异常，计算失效，终点温度小于300℃
********************************************************
-- [WARN]  [2016-08-18 08:22:36,728]
-- [MonitorScreen.SinteringPro::Void timerSinteringPro_Tick(System.Object, System.EventArgs)]
-- [文件]:D:\SinteringProControl\Platform\PublicClass\LogClass.cs--第21行
-- [详细]:终点异常，计算失效，终点温度小于300℃
********************************************************
-- [WARN]  [2016-08-18 08:22:38,720]
-- [MonitorScreen.SinteringPro::Void timerSinteringPro_Tick(System.Object, System.EventArgs)]
-- [文件]:D:\SinteringProControl\Platform\PublicClass\LogClass.cs--第21行
-- [详细]:终点异常，计算失效，终点温度小于300℃
********************************************************
-- [WARN]  [2016-08-18 08:22:40,714]
-- [MonitorScreen.SinteringPro::Void timerSinteringPro_Tick(System.Object, System.EventArgs)]
-- [文件]:D:\SinteringProControl\Platform\PublicClass\LogClass.cs--第21行
-- [详细]:终点异常，计算失效，终点温度小于300℃
********************************************************
-- [WARN]  [2016-08-18 08:22:42,722]
-- [MonitorScreen.SinteringPro::Void timerSinteringPro_Tick(System.Object, System.EventArgs)]
-- [文件]:D:\SinteringProControl\Platform\PublicClass\LogClass.cs--第21行
-- [详细]:终点异常，计算失效，终点温度小于300℃
********************************************************
-- [WARN]  [2016-08-18 08:22:44,755]
-- [MonitorScreen.SinteringPro::Void timerSinteringPro_Tick(System.Object, System.EventArgs)]
-- [文件]:D:\SinteringProControl\Platform\PublicClass\LogClass.cs--第21行
-- [详细]:终点异常，计算失效，终点温度小于300℃
********************************************************
-- [WARN]  [2016-08-18 08:22:46,754]
-- [MonitorScreen.SinteringPro::Void timerSinteringPro_Tick(System.Object, System.EventArgs)]
-- [文件]:D:\SinteringProControl\Platform\PublicClass\LogClass.cs--第21行
-- [详细]:终点异常，计算失效，终点温度小于300℃
********************************************************
-- [WARN]  [2016-08-18 08:22:48,760]
-- [MonitorScreen.SinteringPro::Void timerSinteringPro_Tick(System.Object, System.EventArgs)]
-- [文件]:D:\SinteringProControl\Platform\PublicClass\LogClass.cs--第21行
-- [详细]:终点异常，计算失效，终点温度小于300℃
********************************************************
-- [WARN]  [2016-08-18 08:22:50,771]
-- [MonitorScreen.SinteringPro::Void timerSinteringPro_Tick(System.Object, System.EventArgs)]
-- [文件]:D:\SinteringProControl\Platform\PublicClass\LogClass.cs--第21行
-- [详细]:终点异常，计算失效，终点温度小于300℃
********************************************************
-- [WARN]  [2016-08-18 08:22:52,779]
-- [MonitorScreen.SinteringPro::Void timerSinteringPro_Tick(System.Object, System.EventArgs)]
-- [文件]:D:\SinteringProControl\Platform\PublicClass\LogClass.cs--第21行
-- [详细]:终点异常，计算失效，终点温度小于300℃
********************************************************
-- [WARN]  [2016-08-18 08:22:54,840]
-- [MonitorScreen.SinteringPro::Void timerSinteringPro_Tick(System.Object, System.EventArgs)]
-- [文件]:D:\SinteringProControl\Platform\PublicClass\LogClass.cs--第21行
-- [详细]:终点异常，计算失效，终点温度小于300℃
********************************************************
-- [WARN]  [2016-08-18 08:22:56,822]
-- [MonitorScreen.SinteringPro::Void timerSinteringPro_Tick(System.Object, System.EventArgs)]
-- [文件]:D:\SinteringProControl\Platform\PublicClass\LogClass.cs--第21行
-- [详细]:终点异常，计算失效，终点温度小于300℃
********************************************************
-- [WARN]  [2016-08-18 08:22:58,818]
-- [MonitorScreen.SinteringPro::Void timerSinteringPro_Tick(System.Object, System.EventArgs)]
-- [文件]:D:\SinteringProControl\Platform\PublicClass\LogClass.cs--第21行
-- [详细]:终点异常，计算失效，终点温度小于300℃
********************************************************
-- [WARN]  [2016-08-18 08:23:00,837]
-- [MonitorScreen.SinteringPro::Void timerSinteringPro_Tick(System.Object, System.EventArgs)]
-- [文件]:D:\SinteringProControl\Platform\PublicClass\LogClass.cs--第21行
-- [详细]:终点异常，计算失效，终点温度小于300℃
********************************************************
-- [WARN]  [2016-08-18 08:23:02,853]
-- [MonitorScreen.SinteringPro::Void timerSinteringPro_Tick(System.Object, System.EventArgs)]
-- [文件]:D:\SinteringProControl\Platform\PublicClass\LogClass.cs--第21行
-- [详细]:终点异常，计算失效，终点温度小于300℃
********************************************************
-- [WARN]  [2016-08-18 08:23:04,877]
-- [MonitorScreen.SinteringPro::Void timerSinteringPro_Tick(System.Object, System.EventArgs)]
-- [文件]:D:\SinteringProControl\Platform\PublicClass\LogClass.cs--第21行
-- [详细]:终点异常，计算失效，终点温度小于300℃
********************************************************
-- [WARN]  [2016-08-18 08:23:06,875]
-- [MonitorScreen.SinteringPro::Void timerSinteringPro_Tick(System.Object, System.EventArgs)]
-- [文件]:D:\SinteringProControl\Platform\PublicClass\LogClass.cs--第21行
-- [详细]:终点异常，计算失效，终点温度小于300℃
********************************************************
-- [WARN]  [2016-08-18 08:23:08,895]
-- [MonitorScreen.SinteringPro::Void timerSinteringPro_Tick(System.Object, System.EventArgs)]
-- [文件]:D:\SinteringProControl\Platform\PublicClass\LogClass.cs--第21行
-- [详细]:终点异常，计算失效，终点温度小于300℃
********************************************************
-- [WARN]  [2016-08-18 08:23:10,896]
-- [MonitorScreen.SinteringPro::Void timerSinteringPro_Tick(System.Object, System.EventArgs)]
-- [文件]:D:\SinteringProControl\Platform\PublicClass\LogClass.cs--第21行
-- [详细]:终点异常，计算失效，终点温度小于300℃
********************************************************
-- [WARN]  [2016-08-18 08:23:12,918]
-- [MonitorScreen.SinteringPro::Void timerSinteringPro_Tick(System.Object, System.EventArgs)]
-- [文件]:D:\SinteringProControl\Platform\PublicClass\LogClass.cs--第21行
-- [详细]:终点异常，计算失效，终点温度小于300℃
********************************************************
-- [WARN]  [2016-08-18 08:23:14,976]
-- [MonitorScreen.SinteringPro::Void timerSinteringPro_Tick(System.Object, System.EventArgs)]
-- [文件]:D:\SinteringProControl\Platform\PublicClass\LogClass.cs--第21行
-- [详细]:终点异常，计算失效，终点温度小于300℃
********************************************************
-- [WARN]  [2016-08-18 08:23:16,938]
-- [MonitorScreen.SinteringPro::Void timerSinteringPro_Tick(System.Object, System.EventArgs)]
-- [文件]:D:\SinteringProControl\Platform\PublicClass\LogClass.cs--第21行
-- [详细]:终点异常，计算失效，终点温度小于300℃
********************************************************
-- [WARN]  [2016-08-18 08:23:18,950]
-- [MonitorScreen.SinteringPro::Void timerSinteringPro_Tick(System.Object, System.EventArgs)]
-- [文件]:D:\SinteringProControl\Platform\PublicClass\LogClass.cs--第21行
-- [详细]:终点异常，计算失效，终点温度小于300℃
********************************************************
-- [WARN]  [2016-08-18 08:23:20,970]
-- [MonitorScreen.SinteringPro::Void timerSinteringPro_Tick(System.Object, System.EventArgs)]
-- [文件]:D:\SinteringProControl\Platform\PublicClass\LogClass.cs--第21行
-- [详细]:终点异常，计算失效，终点温度小于300℃
********************************************************
-- [WARN]  [2016-08-18 08:23:22,966]
-- [MonitorScreen.SinteringPro::Void timerSinteringPro_Tick(System.Object, System.EventArgs)]
-- [文件]:D:\SinteringProControl\Platform\PublicClass\LogClass.cs--第21行
-- [详细]:终点异常，计算失效，终点温度小于300℃
********************************************************
-- [WARN]  [2016-08-18 08:23:24,983]
-- [MonitorScreen.SinteringPro::Void timerSinteringPro_Tick(System.Object, System.EventArgs)]
-- [文件]:D:\SinteringProControl\Platform\PublicClass\LogClass.cs--第21行
-- [详细]:终点异常，计算失效，终点温度小于300℃
********************************************************
-- [WARN]  [2016-08-18 08:23:26,997]
-- [MonitorScreen.SinteringPro::Void timerSinteringPro_Tick(System.Object, System.EventArgs)]
-- [文件]:D:\SinteringProControl\Platform\PublicClass\LogClass.cs--第21行
-- [详细]:终点异常，计算失效，终点温度小于300℃
********************************************************
