-- [WARN]  [2016-07-19 16:53:56,797]
-- [MonitorScreen.SinteringPro::Void timerSinteringPro_Tick(System.Object, System.EventArgs)]
-- [文件]:D:\SinteringProControl\Platform\PublicClass\LogClass.cs--第21行
-- [详细]:采集异常，终点异常，计算失效，终点温度小于300℃
********************************************************
-- [WARN]  [2016-07-19 16:53:58,942]
-- [MonitorScreen.SinteringPro::Void timerSinteringPro_Tick(System.Object, System.EventArgs)]
-- [文件]:D:\SinteringProControl\Platform\PublicClass\LogClass.cs--第21行
-- [详细]:采集异常，终点异常，计算失效，终点温度小于300℃
********************************************************
-- [WARN]  [2016-07-19 16:54:00,957]
-- [MonitorScreen.SinteringPro::Void timerSinteringPro_Tick(System.Object, System.EventArgs)]
-- [文件]:D:\SinteringProControl\Platform\PublicClass\LogClass.cs--第21行
-- [详细]:采集异常，终点异常，计算失效，终点温度小于300℃
********************************************************
-- [WARN]  [2016-07-19 16:54:02,968]
-- [MonitorScreen.SinteringPro::Void timerSinteringPro_Tick(System.Object, System.EventArgs)]
-- [文件]:D:\SinteringProControl\Platform\PublicClass\LogClass.cs--第21行
-- [详细]:采集异常，终点异常，计算失效，终点温度小于300℃
********************************************************
-- [WARN]  [2016-07-19 16:54:04,973]
-- [MonitorScreen.SinteringPro::Void timerSinteringPro_Tick(System.Object, System.EventArgs)]
-- [文件]:D:\SinteringProControl\Platform\PublicClass\LogClass.cs--第21行
-- [详细]:采集异常，终点异常，计算失效，终点温度小于300℃
********************************************************
-- [WARN]  [2016-07-19 16:54:06,993]
-- [MonitorScreen.SinteringPro::Void timerSinteringPro_Tick(System.Object, System.EventArgs)]
-- [文件]:D:\SinteringProControl\Platform\PublicClass\LogClass.cs--第21行
-- [详细]:采集异常，终点异常，计算失效，终点温度小于300℃
********************************************************
-- [WARN]  [2016-07-19 16:54:09,006]
-- [MonitorScreen.SinteringPro::Void timerSinteringPro_Tick(System.Object, System.EventArgs)]
-- [文件]:D:\SinteringProControl\Platform\PublicClass\LogClass.cs--第21行
-- [详细]:采集异常，终点异常，计算失效，终点温度小于300℃
********************************************************
-- [WARN]  [2016-07-19 16:54:10,929]
-- [MonitorScreen.SinteringPro::Void timerSinteringPro_Tick(System.Object, System.EventArgs)]
-- [文件]:D:\SinteringProControl\Platform\PublicClass\LogClass.cs--第21行
-- [详细]:采集异常，终点异常，计算失效，终点温度小于300℃
********************************************************
-- [WARN]  [2016-07-19 16:54:18,178]
-- [MonitorScreen.SinteringPro::Void timerSinteringPro_Tick(System.Object, System.EventArgs)]
-- [文件]:D:\SinteringProControl\Platform\PublicClass\LogClass.cs--第21行
-- [详细]:采集异常，终点异常，计算失效，终点温度小于300℃
********************************************************
-- [WARN]  [2016-07-19 16:54:20,198]
-- [MonitorScreen.SinteringPro::Void timerSinteringPro_Tick(System.Object, System.EventArgs)]
-- [文件]:D:\SinteringProControl\Platform\PublicClass\LogClass.cs--第21行
-- [详细]:采集异常，终点异常，计算失效，终点温度小于300℃
********************************************************
-- [WARN]  [2016-07-19 16:54:22,203]
-- [MonitorScreen.SinteringPro::Void timerSinteringPro_Tick(System.Object, System.EventArgs)]
-- [文件]:D:\SinteringProControl\Platform\PublicClass\LogClass.cs--第21行
-- [详细]:采集异常，终点异常，计算失效，终点温度小于300℃
********************************************************
-- [WARN]  [2016-07-19 16:54:24,231]
-- [MonitorScreen.SinteringPro::Void timerSinteringPro_Tick(System.Object, System.EventArgs)]
-- [文件]:D:\SinteringProControl\Platform\PublicClass\LogClass.cs--第21行
-- [详细]:采集异常，终点异常，计算失效，终点温度小于300℃
********************************************************
-- [WARN]  [2016-07-19 16:55:56,454]
-- [MonitorScreen.SinteringPro::Void timerSinteringPro_Tick(System.Object, System.EventArgs)]
-- [文件]:D:\SinteringProControl\Platform\PublicClass\LogClass.cs--第21行
-- [详细]:采集异常，终点异常，计算失效，终点温度小于300℃
********************************************************
-- [WARN]  [2016-07-19 16:55:58,474]
-- [MonitorScreen.SinteringPro::Void timerSinteringPro_Tick(System.Object, System.EventArgs)]
-- [文件]:D:\SinteringProControl\Platform\PublicClass\LogClass.cs--第21行
-- [详细]:采集异常，终点异常，计算失效，终点温度小于300℃
********************************************************
-- [WARN]  [2016-07-19 16:56:00,490]
-- [MonitorScreen.SinteringPro::Void timerSinteringPro_Tick(System.Object, System.EventArgs)]
-- [文件]:D:\SinteringProControl\Platform\PublicClass\LogClass.cs--第21行
-- [详细]:采集异常，终点异常，计算失效，终点温度小于300℃
********************************************************
-- [WARN]  [2016-07-19 16:56:02,509]
-- [MonitorScreen.SinteringPro::Void timerSinteringPro_Tick(System.Object, System.EventArgs)]
-- [文件]:D:\SinteringProControl\Platform\PublicClass\LogClass.cs--第21行
-- [详细]:采集异常，终点异常，计算失效，终点温度小于300℃
********************************************************
-- [WARN]  [2016-07-19 16:56:04,506]
-- [MonitorScreen.SinteringPro::Void timerSinteringPro_Tick(System.Object, System.EventArgs)]
-- [文件]:D:\SinteringProControl\Platform\PublicClass\LogClass.cs--第21行
-- [详细]:采集异常，终点异常，计算失效，终点温度小于300℃
********************************************************
-- [WARN]  [2016-07-19 16:56:06,524]
-- [MonitorScreen.SinteringPro::Void timerSinteringPro_Tick(System.Object, System.EventArgs)]
-- [文件]:D:\SinteringProControl\Platform\PublicClass\LogClass.cs--第21行
-- [详细]:采集异常，终点异常，计算失效，终点温度小于300℃
********************************************************
-- [WARN]  [2016-07-19 16:56:08,541]
-- [MonitorScreen.SinteringPro::Void timerSinteringPro_Tick(System.Object, System.EventArgs)]
-- [文件]:D:\SinteringProControl\Platform\PublicClass\LogClass.cs--第21行
-- [详细]:采集异常，终点异常，计算失效，终点温度小于300℃
********************************************************
-- [WARN]  [2016-07-19 16:56:10,544]
-- [MonitorScreen.SinteringPro::Void timerSinteringPro_Tick(System.Object, System.EventArgs)]
-- [文件]:D:\SinteringProControl\Platform\PublicClass\LogClass.cs--第21行
-- [详细]:采集异常，终点异常，计算失效，终点温度小于300℃
********************************************************
-- [WARN]  [2016-07-19 16:56:12,560]
-- [MonitorScreen.SinteringPro::Void timerSinteringPro_Tick(System.Object, System.EventArgs)]
-- [文件]:D:\SinteringProControl\Platform\PublicClass\LogClass.cs--第21行
-- [详细]:采集异常，终点异常，计算失效，终点温度小于300℃
********************************************************
-- [WARN]  [2016-07-19 16:56:14,581]
-- [MonitorScreen.SinteringPro::Void timerSinteringPro_Tick(System.Object, System.EventArgs)]
-- [文件]:D:\SinteringProControl\Platform\PublicClass\LogClass.cs--第21行
-- [详细]:采集异常，终点异常，计算失效，终点温度小于300℃
********************************************************
-- [WARN]  [2016-07-19 16:56:16,593]
-- [MonitorScreen.SinteringPro::Void timerSinteringPro_Tick(System.Object, System.EventArgs)]
-- [文件]:D:\SinteringProControl\Platform\PublicClass\LogClass.cs--第21行
-- [详细]:采集异常，终点异常，计算失效，终点温度小于300℃
********************************************************
-- [WARN]  [2016-07-19 16:56:18,612]
-- [MonitorScreen.SinteringPro::Void timerSinteringPro_Tick(System.Object, System.EventArgs)]
-- [文件]:D:\SinteringProControl\Platform\PublicClass\LogClass.cs--第21行
-- [详细]:采集异常，终点异常，计算失效，终点温度小于300℃
********************************************************
-- [WARN]  [2016-07-19 16:56:20,612]
-- [MonitorScreen.SinteringPro::Void timerSinteringPro_Tick(System.Object, System.EventArgs)]
-- [文件]:D:\SinteringProControl\Platform\PublicClass\LogClass.cs--第21行
-- [详细]:采集异常，终点异常，计算失效，终点温度小于300℃
********************************************************
-- [WARN]  [2016-07-19 16:56:22,622]
-- [MonitorScreen.SinteringPro::Void timerSinteringPro_Tick(System.Object, System.EventArgs)]
-- [文件]:D:\SinteringProControl\Platform\PublicClass\LogClass.cs--第21行
-- [详细]:采集异常，终点异常，计算失效，终点温度小于300℃
********************************************************
-- [WARN]  [2016-07-19 16:56:24,636]
-- [MonitorScreen.SinteringPro::Void timerSinteringPro_Tick(System.Object, System.EventArgs)]
-- [文件]:D:\SinteringProControl\Platform\PublicClass\LogClass.cs--第21行
-- [详细]:采集异常，终点异常，计算失效，终点温度小于300℃
********************************************************
-- [WARN]  [2016-07-19 16:56:26,654]
-- [MonitorScreen.SinteringPro::Void timerSinteringPro_Tick(System.Object, System.EventArgs)]
-- [文件]:D:\SinteringProControl\Platform\PublicClass\LogClass.cs--第21行
-- [详细]:采集异常，终点异常，计算失效，终点温度小于300℃
********************************************************
-- [WARN]  [2016-07-19 16:56:28,658]
-- [MonitorScreen.SinteringPro::Void timerSinteringPro_Tick(System.Object, System.EventArgs)]
-- [文件]:D:\SinteringProControl\Platform\PublicClass\LogClass.cs--第21行
-- [详细]:采集异常，终点异常，计算失效，终点温度小于300℃
********************************************************
-- [WARN]  [2016-07-19 16:56:30,677]
-- [MonitorScreen.SinteringPro::Void timerSinteringPro_Tick(System.Object, System.EventArgs)]
-- [文件]:D:\SinteringProControl\Platform\PublicClass\LogClass.cs--第21行
-- [详细]:采集异常，终点异常，计算失效，终点温度小于300℃
********************************************************
-- [WARN]  [2016-07-19 16:56:32,684]
-- [MonitorScreen.SinteringPro::Void timerSinteringPro_Tick(System.Object, System.EventArgs)]
-- [文件]:D:\SinteringProControl\Platform\PublicClass\LogClass.cs--第21行
-- [详细]:采集异常，终点异常，计算失效，终点温度小于300℃
********************************************************
-- [WARN]  [2016-07-19 16:56:34,697]
-- [MonitorScreen.SinteringPro::Void timerSinteringPro_Tick(System.Object, System.EventArgs)]
-- [文件]:D:\SinteringProControl\Platform\PublicClass\LogClass.cs--第21行
-- [详细]:采集异常，终点异常，计算失效，终点温度小于300℃
********************************************************
-- [WARN]  [2016-07-19 16:56:36,720]
-- [MonitorScreen.SinteringPro::Void timerSinteringPro_Tick(System.Object, System.EventArgs)]
-- [文件]:D:\SinteringProControl\Platform\PublicClass\LogClass.cs--第21行
-- [详细]:采集异常，终点异常，计算失效，终点温度小于300℃
********************************************************
-- [WARN]  [2016-07-19 16:56:38,735]
-- [MonitorScreen.SinteringPro::Void timerSinteringPro_Tick(System.Object, System.EventArgs)]
-- [文件]:D:\SinteringProControl\Platform\PublicClass\LogClass.cs--第21行
-- [详细]:采集异常，终点异常，计算失效，终点温度小于300℃
********************************************************
-- [WARN]  [2016-07-19 16:56:40,742]
-- [MonitorScreen.SinteringPro::Void timerSinteringPro_Tick(System.Object, System.EventArgs)]
-- [文件]:D:\SinteringProControl\Platform\PublicClass\LogClass.cs--第21行
-- [详细]:采集异常，终点异常，计算失效，终点温度小于300℃
********************************************************
-- [WARN]  [2016-07-19 16:56:42,751]
-- [MonitorScreen.SinteringPro::Void timerSinteringPro_Tick(System.Object, System.EventArgs)]
-- [文件]:D:\SinteringProControl\Platform\PublicClass\LogClass.cs--第21行
-- [详细]:采集异常，终点异常，计算失效，终点温度小于300℃
********************************************************
-- [WARN]  [2016-07-19 16:56:44,772]
-- [MonitorScreen.SinteringPro::Void timerSinteringPro_Tick(System.Object, System.EventArgs)]
-- [文件]:D:\SinteringProControl\Platform\PublicClass\LogClass.cs--第21行
-- [详细]:采集异常，终点异常，计算失效，终点温度小于300℃
********************************************************
-- [WARN]  [2016-07-19 16:56:46,787]
-- [MonitorScreen.SinteringPro::Void timerSinteringPro_Tick(System.Object, System.EventArgs)]
-- [文件]:D:\SinteringProControl\Platform\PublicClass\LogClass.cs--第21行
-- [详细]:采集异常，终点异常，计算失效，终点温度小于300℃
********************************************************
-- [WARN]  [2016-07-19 16:56:48,799]
-- [MonitorScreen.SinteringPro::Void timerSinteringPro_Tick(System.Object, System.EventArgs)]
-- [文件]:D:\SinteringProControl\Platform\PublicClass\LogClass.cs--第21行
-- [详细]:采集异常，终点异常，计算失效，终点温度小于300℃
********************************************************
-- [WARN]  [2016-07-19 16:56:50,796]
-- [MonitorScreen.SinteringPro::Void timerSinteringPro_Tick(System.Object, System.EventArgs)]
-- [文件]:D:\SinteringProControl\Platform\PublicClass\LogClass.cs--第21行
-- [详细]:采集异常，终点异常，计算失效，终点温度小于300℃
********************************************************
-- [WARN]  [2016-07-19 16:56:52,803]
-- [MonitorScreen.SinteringPro::Void timerSinteringPro_Tick(System.Object, System.EventArgs)]
-- [文件]:D:\SinteringProControl\Platform\PublicClass\LogClass.cs--第21行
-- [详细]:采集异常，终点异常，计算失效，终点温度小于300℃
********************************************************
-- [WARN]  [2016-07-19 16:56:54,825]
-- [MonitorScreen.SinteringPro::Void timerSinteringPro_Tick(System.Object, System.EventArgs)]
-- [文件]:D:\SinteringProControl\Platform\PublicClass\LogClass.cs--第21行
-- [详细]:采集异常，终点异常，计算失效，终点温度小于300℃
********************************************************
-- [WARN]  [2016-07-19 16:56:56,833]
-- [MonitorScreen.SinteringPro::Void timerSinteringPro_Tick(System.Object, System.EventArgs)]
-- [文件]:D:\SinteringProControl\Platform\PublicClass\LogClass.cs--第21行
-- [详细]:采集异常，终点异常，计算失效，终点温度小于300℃
********************************************************
-- [WARN]  [2016-07-19 16:56:58,853]
-- [MonitorScreen.SinteringPro::Void timerSinteringPro_Tick(System.Object, System.EventArgs)]
-- [文件]:D:\SinteringProControl\Platform\PublicClass\LogClass.cs--第21行
-- [详细]:采集异常，终点异常，计算失效，终点温度小于300℃
********************************************************
-- [WARN]  [2016-07-19 16:57:00,869]
-- [MonitorScreen.SinteringPro::Void timerSinteringPro_Tick(System.Object, System.EventArgs)]
-- [文件]:D:\SinteringProControl\Platform\PublicClass\LogClass.cs--第21行
-- [详细]:采集异常，终点异常，计算失效，终点温度小于300℃
********************************************************
-- [WARN]  [2016-07-19 16:57:02,870]
-- [MonitorScreen.SinteringPro::Void timerSinteringPro_Tick(System.Object, System.EventArgs)]
-- [文件]:D:\SinteringProControl\Platform\PublicClass\LogClass.cs--第21行
-- [详细]:采集异常，终点异常，计算失效，终点温度小于300℃
********************************************************
-- [WARN]  [2016-07-19 16:57:04,887]
-- [MonitorScreen.SinteringPro::Void timerSinteringPro_Tick(System.Object, System.EventArgs)]
-- [文件]:D:\SinteringProControl\Platform\PublicClass\LogClass.cs--第21行
-- [详细]:采集异常，终点异常，计算失效，终点温度小于300℃
********************************************************
-- [WARN]  [2016-07-19 16:57:06,908]
-- [MonitorScreen.SinteringPro::Void timerSinteringPro_Tick(System.Object, System.EventArgs)]
-- [文件]:D:\SinteringProControl\Platform\PublicClass\LogClass.cs--第21行
-- [详细]:采集异常，终点异常，计算失效，终点温度小于300℃
********************************************************
-- [WARN]  [2016-07-19 16:57:08,913]
-- [MonitorScreen.SinteringPro::Void timerSinteringPro_Tick(System.Object, System.EventArgs)]
-- [文件]:D:\SinteringProControl\Platform\PublicClass\LogClass.cs--第21行
-- [详细]:采集异常，终点异常，计算失效，终点温度小于300℃
********************************************************
-- [WARN]  [2016-07-19 16:57:10,925]
-- [MonitorScreen.SinteringPro::Void timerSinteringPro_Tick(System.Object, System.EventArgs)]
-- [文件]:D:\SinteringProControl\Platform\PublicClass\LogClass.cs--第21行
-- [详细]:采集异常，终点异常，计算失效，终点温度小于300℃
********************************************************
-- [WARN]  [2016-07-19 16:57:12,931]
-- [MonitorScreen.SinteringPro::Void timerSinteringPro_Tick(System.Object, System.EventArgs)]
-- [文件]:D:\SinteringProControl\Platform\PublicClass\LogClass.cs--第21行
-- [详细]:采集异常，终点异常，计算失效，终点温度小于300℃
********************************************************
-- [WARN]  [2016-07-19 16:57:14,949]
-- [MonitorScreen.SinteringPro::Void timerSinteringPro_Tick(System.Object, System.EventArgs)]
-- [文件]:D:\SinteringProControl\Platform\PublicClass\LogClass.cs--第21行
-- [详细]:采集异常，终点异常，计算失效，终点温度小于300℃
********************************************************
-- [WARN]  [2016-07-19 16:57:16,961]
-- [MonitorScreen.SinteringPro::Void timerSinteringPro_Tick(System.Object, System.EventArgs)]
-- [文件]:D:\SinteringProControl\Platform\PublicClass\LogClass.cs--第21行
-- [详细]:采集异常，终点异常，计算失效，终点温度小于300℃
********************************************************
-- [WARN]  [2016-07-19 16:57:18,966]
-- [MonitorScreen.SinteringPro::Void timerSinteringPro_Tick(System.Object, System.EventArgs)]
-- [文件]:D:\SinteringProControl\Platform\PublicClass\LogClass.cs--第21行
-- [详细]:采集异常，终点异常，计算失效，终点温度小于300℃
********************************************************
-- [WARN]  [2016-07-19 16:57:20,984]
-- [MonitorScreen.SinteringPro::Void timerSinteringPro_Tick(System.Object, System.EventArgs)]
-- [文件]:D:\SinteringProControl\Platform\PublicClass\LogClass.cs--第21行
-- [详细]:采集异常，终点异常，计算失效，终点温度小于300℃
********************************************************
-- [WARN]  [2016-07-19 16:57:22,992]
-- [MonitorScreen.SinteringPro::Void timerSinteringPro_Tick(System.Object, System.EventArgs)]
-- [文件]:D:\SinteringProControl\Platform\PublicClass\LogClass.cs--第21行
-- [详细]:采集异常，终点异常，计算失效，终点温度小于300℃
********************************************************
-- [WARN]  [2016-07-19 16:57:25,016]
-- [MonitorScreen.SinteringPro::Void timerSinteringPro_Tick(System.Object, System.EventArgs)]
-- [文件]:D:\SinteringProControl\Platform\PublicClass\LogClass.cs--第21行
-- [详细]:采集异常，终点异常，计算失效，终点温度小于300℃
********************************************************
-- [WARN]  [2016-07-19 16:57:27,028]
-- [MonitorScreen.SinteringPro::Void timerSinteringPro_Tick(System.Object, System.EventArgs)]
-- [文件]:D:\SinteringProControl\Platform\PublicClass\LogClass.cs--第21行
-- [详细]:采集异常，终点异常，计算失效，终点温度小于300℃
********************************************************
-- [WARN]  [2016-07-19 16:57:29,035]
-- [MonitorScreen.SinteringPro::Void timerSinteringPro_Tick(System.Object, System.EventArgs)]
-- [文件]:D:\SinteringProControl\Platform\PublicClass\LogClass.cs--第21行
-- [详细]:采集异常，终点异常，计算失效，终点温度小于300℃
********************************************************
-- [WARN]  [2016-07-19 16:57:31,044]
-- [MonitorScreen.SinteringPro::Void timerSinteringPro_Tick(System.Object, System.EventArgs)]
-- [文件]:D:\SinteringProControl\Platform\PublicClass\LogClass.cs--第21行
-- [详细]:采集异常，终点异常，计算失效，终点温度小于300℃
********************************************************
-- [WARN]  [2016-07-19 16:57:33,053]
-- [MonitorScreen.SinteringPro::Void timerSinteringPro_Tick(System.Object, System.EventArgs)]
-- [文件]:D:\SinteringProControl\Platform\PublicClass\LogClass.cs--第21行
-- [详细]:采集异常，终点异常，计算失效，终点温度小于300℃
********************************************************
-- [WARN]  [2016-07-19 16:57:35,071]
-- [MonitorScreen.SinteringPro::Void timerSinteringPro_Tick(System.Object, System.EventArgs)]
-- [文件]:D:\SinteringProControl\Platform\PublicClass\LogClass.cs--第21行
-- [详细]:采集异常，终点异常，计算失效，终点温度小于300℃
********************************************************
-- [WARN]  [2016-07-19 16:57:37,095]
-- [MonitorScreen.SinteringPro::Void timerSinteringPro_Tick(System.Object, System.EventArgs)]
-- [文件]:D:\SinteringProControl\Platform\PublicClass\LogClass.cs--第21行
-- [详细]:采集异常，终点异常，计算失效，终点温度小于300℃
********************************************************
-- [WARN]  [2016-07-19 16:57:39,103]
-- [MonitorScreen.SinteringPro::Void timerSinteringPro_Tick(System.Object, System.EventArgs)]
-- [文件]:D:\SinteringProControl\Platform\PublicClass\LogClass.cs--第21行
-- [详细]:采集异常，终点异常，计算失效，终点温度小于300℃
********************************************************
-- [WARN]  [2016-07-19 16:57:41,105]
-- [MonitorScreen.SinteringPro::Void timerSinteringPro_Tick(System.Object, System.EventArgs)]
-- [文件]:D:\SinteringProControl\Platform\PublicClass\LogClass.cs--第21行
-- [详细]:采集异常，终点异常，计算失效，终点温度小于300℃
********************************************************
-- [WARN]  [2016-07-19 16:57:43,116]
-- [MonitorScreen.SinteringPro::Void timerSinteringPro_Tick(System.Object, System.EventArgs)]
-- [文件]:D:\SinteringProControl\Platform\PublicClass\LogClass.cs--第21行
-- [详细]:采集异常，终点异常，计算失效，终点温度小于300℃
********************************************************
-- [WARN]  [2016-07-19 16:57:45,136]
-- [MonitorScreen.SinteringPro::Void timerSinteringPro_Tick(System.Object, System.EventArgs)]
-- [文件]:D:\SinteringProControl\Platform\PublicClass\LogClass.cs--第21行
-- [详细]:采集异常，终点异常，计算失效，终点温度小于300℃
********************************************************
-- [WARN]  [2016-07-19 16:57:47,151]
-- [MonitorScreen.SinteringPro::Void timerSinteringPro_Tick(System.Object, System.EventArgs)]
-- [文件]:D:\SinteringProControl\Platform\PublicClass\LogClass.cs--第21行
-- [详细]:采集异常，终点异常，计算失效，终点温度小于300℃
********************************************************
-- [WARN]  [2016-07-19 16:57:49,161]
-- [MonitorScreen.SinteringPro::Void timerSinteringPro_Tick(System.Object, System.EventArgs)]
-- [文件]:D:\SinteringProControl\Platform\PublicClass\LogClass.cs--第21行
-- [详细]:采集异常，终点异常，计算失效，终点温度小于300℃
********************************************************
-- [WARN]  [2016-07-19 16:57:51,166]
-- [MonitorScreen.SinteringPro::Void timerSinteringPro_Tick(System.Object, System.EventArgs)]
-- [文件]:D:\SinteringProControl\Platform\PublicClass\LogClass.cs--第21行
-- [详细]:采集异常，终点异常，计算失效，终点温度小于300℃
********************************************************
-- [WARN]  [2016-07-19 16:57:53,195]
-- [MonitorScreen.SinteringPro::Void timerSinteringPro_Tick(System.Object, System.EventArgs)]
-- [文件]:D:\SinteringProControl\Platform\PublicClass\LogClass.cs--第21行
-- [详细]:采集异常，终点异常，计算失效，终点温度小于300℃
********************************************************
-- [WARN]  [2016-07-19 16:57:55,191]
-- [MonitorScreen.SinteringPro::Void timerSinteringPro_Tick(System.Object, System.EventArgs)]
-- [文件]:D:\SinteringProControl\Platform\PublicClass\LogClass.cs--第21行
-- [详细]:采集异常，终点异常，计算失效，终点温度小于300℃
********************************************************
-- [WARN]  [2016-07-19 16:57:57,207]
-- [MonitorScreen.SinteringPro::Void timerSinteringPro_Tick(System.Object, System.EventArgs)]
-- [文件]:D:\SinteringProControl\Platform\PublicClass\LogClass.cs--第21行
-- [详细]:采集异常，终点异常，计算失效，终点温度小于300℃
********************************************************
-- [WARN]  [2016-07-19 16:57:59,218]
-- [MonitorScreen.SinteringPro::Void timerSinteringPro_Tick(System.Object, System.EventArgs)]
-- [文件]:D:\SinteringProControl\Platform\PublicClass\LogClass.cs--第21行
-- [详细]:采集异常，终点异常，计算失效，终点温度小于300℃
********************************************************
-- [WARN]  [2016-07-19 16:58:01,231]
-- [MonitorScreen.SinteringPro::Void timerSinteringPro_Tick(System.Object, System.EventArgs)]
-- [文件]:D:\SinteringProControl\Platform\PublicClass\LogClass.cs--第21行
-- [详细]:采集异常，终点异常，计算失效，终点温度小于300℃
********************************************************
-- [WARN]  [2016-07-19 16:58:03,251]
-- [MonitorScreen.SinteringPro::Void timerSinteringPro_Tick(System.Object, System.EventArgs)]
-- [文件]:D:\SinteringProControl\Platform\PublicClass\LogClass.cs--第21行
-- [详细]:采集异常，终点异常，计算失效，终点温度小于300℃
********************************************************
-- [WARN]  [2016-07-19 16:58:05,256]
-- [MonitorScreen.SinteringPro::Void timerSinteringPro_Tick(System.Object, System.EventArgs)]
-- [文件]:D:\SinteringProControl\Platform\PublicClass\LogClass.cs--第21行
-- [详细]:采集异常，终点异常，计算失效，终点温度小于300℃
********************************************************
-- [WARN]  [2016-07-19 16:58:07,269]
-- [MonitorScreen.SinteringPro::Void timerSinteringPro_Tick(System.Object, System.EventArgs)]
-- [文件]:D:\SinteringProControl\Platform\PublicClass\LogClass.cs--第21行
-- [详细]:采集异常，终点异常，计算失效，终点温度小于300℃
********************************************************
-- [WARN]  [2016-07-19 16:58:09,290]
-- [MonitorScreen.SinteringPro::Void timerSinteringPro_Tick(System.Object, System.EventArgs)]
-- [文件]:D:\SinteringProControl\Platform\PublicClass\LogClass.cs--第21行
-- [详细]:采集异常，终点异常，计算失效，终点温度小于300℃
********************************************************
-- [WARN]  [2016-07-19 16:58:11,294]
-- [MonitorScreen.SinteringPro::Void timerSinteringPro_Tick(System.Object, System.EventArgs)]
-- [文件]:D:\SinteringProControl\Platform\PublicClass\LogClass.cs--第21行
-- [详细]:采集异常，终点异常，计算失效，终点温度小于300℃
********************************************************
-- [WARN]  [2016-07-19 16:58:13,311]
-- [MonitorScreen.SinteringPro::Void timerSinteringPro_Tick(System.Object, System.EventArgs)]
-- [文件]:D:\SinteringProControl\Platform\PublicClass\LogClass.cs--第21行
-- [详细]:采集异常，终点异常，计算失效，终点温度小于300℃
********************************************************
-- [WARN]  [2016-07-19 16:58:15,319]
-- [MonitorScreen.SinteringPro::Void timerSinteringPro_Tick(System.Object, System.EventArgs)]
-- [文件]:D:\SinteringProControl\Platform\PublicClass\LogClass.cs--第21行
-- [详细]:采集异常，终点异常，计算失效，终点温度小于300℃
********************************************************
-- [WARN]  [2016-07-19 16:58:17,357]
-- [MonitorScreen.SinteringPro::Void timerSinteringPro_Tick(System.Object, System.EventArgs)]
-- [文件]:D:\SinteringProControl\Platform\PublicClass\LogClass.cs--第21行
-- [详细]:采集异常，终点异常，计算失效，终点温度小于300℃
********************************************************
-- [WARN]  [2016-07-19 16:58:19,339]
-- [MonitorScreen.SinteringPro::Void timerSinteringPro_Tick(System.Object, System.EventArgs)]
-- [文件]:D:\SinteringProControl\Platform\PublicClass\LogClass.cs--第21行
-- [详细]:采集异常，终点异常，计算失效，终点温度小于300℃
********************************************************
-- [WARN]  [2016-07-19 16:58:21,360]
-- [MonitorScreen.SinteringPro::Void timerSinteringPro_Tick(System.Object, System.EventArgs)]
-- [文件]:D:\SinteringProControl\Platform\PublicClass\LogClass.cs--第21行
-- [详细]:采集异常，终点异常，计算失效，终点温度小于300℃
********************************************************
-- [WARN]  [2016-07-19 16:58:23,375]
-- [MonitorScreen.SinteringPro::Void timerSinteringPro_Tick(System.Object, System.EventArgs)]
-- [文件]:D:\SinteringProControl\Platform\PublicClass\LogClass.cs--第21行
-- [详细]:采集异常，终点异常，计算失效，终点温度小于300℃
********************************************************
-- [WARN]  [2016-07-19 16:58:25,378]
-- [MonitorScreen.SinteringPro::Void timerSinteringPro_Tick(System.Object, System.EventArgs)]
-- [文件]:D:\SinteringProControl\Platform\PublicClass\LogClass.cs--第21行
-- [详细]:采集异常，终点异常，计算失效，终点温度小于300℃
********************************************************
-- [WARN]  [2016-07-19 16:58:27,406]
-- [MonitorScreen.SinteringPro::Void timerSinteringPro_Tick(System.Object, System.EventArgs)]
-- [文件]:D:\SinteringProControl\Platform\PublicClass\LogClass.cs--第21行
-- [详细]:采集异常，终点异常，计算失效，终点温度小于300℃
********************************************************
-- [WARN]  [2016-07-19 16:58:29,407]
-- [MonitorScreen.SinteringPro::Void timerSinteringPro_Tick(System.Object, System.EventArgs)]
-- [文件]:D:\SinteringProControl\Platform\PublicClass\LogClass.cs--第21行
-- [详细]:采集异常，终点异常，计算失效，终点温度小于300℃
********************************************************
-- [WARN]  [2016-07-19 16:58:31,415]
-- [MonitorScreen.SinteringPro::Void timerSinteringPro_Tick(System.Object, System.EventArgs)]
-- [文件]:D:\SinteringProControl\Platform\PublicClass\LogClass.cs--第21行
-- [详细]:采集异常，终点异常，计算失效，终点温度小于300℃
********************************************************
-- [WARN]  [2016-07-19 16:58:33,440]
-- [MonitorScreen.SinteringPro::Void timerSinteringPro_Tick(System.Object, System.EventArgs)]
-- [文件]:D:\SinteringProControl\Platform\PublicClass\LogClass.cs--第21行
-- [详细]:采集异常，终点异常，计算失效，终点温度小于300℃
********************************************************
-- [WARN]  [2016-07-19 16:58:35,444]
-- [MonitorScreen.SinteringPro::Void timerSinteringPro_Tick(System.Object, System.EventArgs)]
-- [文件]:D:\SinteringProControl\Platform\PublicClass\LogClass.cs--第21行
-- [详细]:采集异常，终点异常，计算失效，终点温度小于300℃
********************************************************
-- [WARN]  [2016-07-19 16:58:37,456]
-- [MonitorScreen.SinteringPro::Void timerSinteringPro_Tick(System.Object, System.EventArgs)]
-- [文件]:D:\SinteringProControl\Platform\PublicClass\LogClass.cs--第21行
-- [详细]:采集异常，终点异常，计算失效，终点温度小于300℃
********************************************************
-- [WARN]  [2016-07-19 16:58:39,478]
-- [MonitorScreen.SinteringPro::Void timerSinteringPro_Tick(System.Object, System.EventArgs)]
-- [文件]:D:\SinteringProControl\Platform\PublicClass\LogClass.cs--第21行
-- [详细]:采集异常，终点异常，计算失效，终点温度小于300℃
********************************************************
-- [WARN]  [2016-07-19 16:58:41,478]
-- [MonitorScreen.SinteringPro::Void timerSinteringPro_Tick(System.Object, System.EventArgs)]
-- [文件]:D:\SinteringProControl\Platform\PublicClass\LogClass.cs--第21行
-- [详细]:采集异常，终点异常，计算失效，终点温度小于300℃
********************************************************
-- [WARN]  [2016-07-19 16:58:43,489]
-- [MonitorScreen.SinteringPro::Void timerSinteringPro_Tick(System.Object, System.EventArgs)]
-- [文件]:D:\SinteringProControl\Platform\PublicClass\LogClass.cs--第21行
-- [详细]:采集异常，终点异常，计算失效，终点温度小于300℃
********************************************************
-- [WARN]  [2016-07-19 16:58:45,509]
-- [MonitorScreen.SinteringPro::Void timerSinteringPro_Tick(System.Object, System.EventArgs)]
-- [文件]:D:\SinteringProControl\Platform\PublicClass\LogClass.cs--第21行
-- [详细]:采集异常，终点异常，计算失效，终点温度小于300℃
********************************************************
-- [WARN]  [2016-07-19 16:58:47,515]
-- [MonitorScreen.SinteringPro::Void timerSinteringPro_Tick(System.Object, System.EventArgs)]
-- [文件]:D:\SinteringProControl\Platform\PublicClass\LogClass.cs--第21行
-- [详细]:采集异常，终点异常，计算失效，终点温度小于300℃
********************************************************
-- [WARN]  [2016-07-19 16:58:49,539]
-- [MonitorScreen.SinteringPro::Void timerSinteringPro_Tick(System.Object, System.EventArgs)]
-- [文件]:D:\SinteringProControl\Platform\PublicClass\LogClass.cs--第21行
-- [详细]:采集异常，终点异常，计算失效，终点温度小于300℃
********************************************************
-- [WARN]  [2016-07-19 16:58:51,554]
-- [MonitorScreen.SinteringPro::Void timerSinteringPro_Tick(System.Object, System.EventArgs)]
-- [文件]:D:\SinteringProControl\Platform\PublicClass\LogClass.cs--第21行
-- [详细]:采集异常，终点异常，计算失效，终点温度小于300℃
********************************************************
-- [WARN]  [2016-07-19 16:58:53,567]
-- [MonitorScreen.SinteringPro::Void timerSinteringPro_Tick(System.Object, System.EventArgs)]
-- [文件]:D:\SinteringProControl\Platform\PublicClass\LogClass.cs--第21行
-- [详细]:采集异常，终点异常，计算失效，终点温度小于300℃
********************************************************
-- [WARN]  [2016-07-19 16:58:55,564]
-- [MonitorScreen.SinteringPro::Void timerSinteringPro_Tick(System.Object, System.EventArgs)]
-- [文件]:D:\SinteringProControl\Platform\PublicClass\LogClass.cs--第21行
-- [详细]:采集异常，终点异常，计算失效，终点温度小于300℃
********************************************************
-- [WARN]  [2016-07-19 16:58:57,584]
-- [MonitorScreen.SinteringPro::Void timerSinteringPro_Tick(System.Object, System.EventArgs)]
-- [文件]:D:\SinteringProControl\Platform\PublicClass\LogClass.cs--第21行
-- [详细]:采集异常，终点异常，计算失效，终点温度小于300℃
********************************************************
-- [WARN]  [2016-07-19 16:58:59,600]
-- [MonitorScreen.SinteringPro::Void timerSinteringPro_Tick(System.Object, System.EventArgs)]
-- [文件]:D:\SinteringProControl\Platform\PublicClass\LogClass.cs--第21行
-- [详细]:采集异常，终点异常，计算失效，终点温度小于300℃
********************************************************
-- [WARN]  [2016-07-19 16:59:01,605]
-- [MonitorScreen.SinteringPro::Void timerSinteringPro_Tick(System.Object, System.EventArgs)]
-- [文件]:D:\SinteringProControl\Platform\PublicClass\LogClass.cs--第21行
-- [详细]:采集异常，终点异常，计算失效，终点温度小于300℃
********************************************************
-- [WARN]  [2016-07-19 16:59:03,623]
-- [MonitorScreen.SinteringPro::Void timerSinteringPro_Tick(System.Object, System.EventArgs)]
-- [文件]:D:\SinteringProControl\Platform\PublicClass\LogClass.cs--第21行
-- [详细]:采集异常，终点异常，计算失效，终点温度小于300℃
********************************************************
-- [WARN]  [2016-07-19 16:59:05,635]
-- [MonitorScreen.SinteringPro::Void timerSinteringPro_Tick(System.Object, System.EventArgs)]
-- [文件]:D:\SinteringProControl\Platform\PublicClass\LogClass.cs--第21行
-- [详细]:采集异常，终点异常，计算失效，终点温度小于300℃
********************************************************
-- [WARN]  [2016-07-19 16:59:07,643]
-- [MonitorScreen.SinteringPro::Void timerSinteringPro_Tick(System.Object, System.EventArgs)]
-- [文件]:D:\SinteringProControl\Platform\PublicClass\LogClass.cs--第21行
-- [详细]:采集异常，终点异常，计算失效，终点温度小于300℃
********************************************************
-- [WARN]  [2016-07-19 16:59:09,655]
-- [MonitorScreen.SinteringPro::Void timerSinteringPro_Tick(System.Object, System.EventArgs)]
-- [文件]:D:\SinteringProControl\Platform\PublicClass\LogClass.cs--第21行
-- [详细]:采集异常，终点异常，计算失效，终点温度小于300℃
********************************************************
-- [WARN]  [2016-07-19 16:59:11,666]
-- [MonitorScreen.SinteringPro::Void timerSinteringPro_Tick(System.Object, System.EventArgs)]
-- [文件]:D:\SinteringProControl\Platform\PublicClass\LogClass.cs--第21行
-- [详细]:采集异常，终点异常，计算失效，终点温度小于300℃
********************************************************
-- [WARN]  [2016-07-19 16:59:13,675]
-- [MonitorScreen.SinteringPro::Void timerSinteringPro_Tick(System.Object, System.EventArgs)]
-- [文件]:D:\SinteringProControl\Platform\PublicClass\LogClass.cs--第21行
-- [详细]:采集异常，终点异常，计算失效，终点温度小于300℃
********************************************************
-- [WARN]  [2016-07-19 16:59:15,688]
-- [MonitorScreen.SinteringPro::Void timerSinteringPro_Tick(System.Object, System.EventArgs)]
-- [文件]:D:\SinteringProControl\Platform\PublicClass\LogClass.cs--第21行
-- [详细]:采集异常，终点异常，计算失效，终点温度小于300℃
********************************************************
-- [WARN]  [2016-07-19 16:59:17,701]
-- [MonitorScreen.SinteringPro::Void timerSinteringPro_Tick(System.Object, System.EventArgs)]
-- [文件]:D:\SinteringProControl\Platform\PublicClass\LogClass.cs--第21行
-- [详细]:采集异常，终点异常，计算失效，终点温度小于300℃
********************************************************
-- [WARN]  [2016-07-19 16:59:19,715]
-- [MonitorScreen.SinteringPro::Void timerSinteringPro_Tick(System.Object, System.EventArgs)]
-- [文件]:D:\SinteringProControl\Platform\PublicClass\LogClass.cs--第21行
-- [详细]:采集异常，终点异常，计算失效，终点温度小于300℃
********************************************************
-- [WARN]  [2016-07-19 16:59:21,727]
-- [MonitorScreen.SinteringPro::Void timerSinteringPro_Tick(System.Object, System.EventArgs)]
-- [文件]:D:\SinteringProControl\Platform\PublicClass\LogClass.cs--第21行
-- [详细]:采集异常，终点异常，计算失效，终点温度小于300℃
********************************************************
-- [WARN]  [2016-07-19 16:59:23,737]
-- [MonitorScreen.SinteringPro::Void timerSinteringPro_Tick(System.Object, System.EventArgs)]
-- [文件]:D:\SinteringProControl\Platform\PublicClass\LogClass.cs--第21行
-- [详细]:采集异常，终点异常，计算失效，终点温度小于300℃
********************************************************
-- [WARN]  [2016-07-19 16:59:25,753]
-- [MonitorScreen.SinteringPro::Void timerSinteringPro_Tick(System.Object, System.EventArgs)]
-- [文件]:D:\SinteringProControl\Platform\PublicClass\LogClass.cs--第21行
-- [详细]:采集异常，终点异常，计算失效，终点温度小于300℃
********************************************************
-- [WARN]  [2016-07-19 16:59:27,761]
-- [MonitorScreen.SinteringPro::Void timerSinteringPro_Tick(System.Object, System.EventArgs)]
-- [文件]:D:\SinteringProControl\Platform\PublicClass\LogClass.cs--第21行
-- [详细]:采集异常，终点异常，计算失效，终点温度小于300℃
********************************************************
-- [WARN]  [2016-07-19 16:59:29,785]
-- [MonitorScreen.SinteringPro::Void timerSinteringPro_Tick(System.Object, System.EventArgs)]
-- [文件]:D:\SinteringProControl\Platform\PublicClass\LogClass.cs--第21行
-- [详细]:采集异常，终点异常，计算失效，终点温度小于300℃
********************************************************
-- [WARN]  [2016-07-19 16:59:31,793]
-- [MonitorScreen.SinteringPro::Void timerSinteringPro_Tick(System.Object, System.EventArgs)]
-- [文件]:D:\SinteringProControl\Platform\PublicClass\LogClass.cs--第21行
-- [详细]:采集异常，终点异常，计算失效，终点温度小于300℃
********************************************************
-- [WARN]  [2016-07-19 16:59:33,817]
-- [MonitorScreen.SinteringPro::Void timerSinteringPro_Tick(System.Object, System.EventArgs)]
-- [文件]:D:\SinteringProControl\Platform\PublicClass\LogClass.cs--第21行
-- [详细]:采集异常，终点异常，计算失效，终点温度小于300℃
********************************************************
-- [WARN]  [2016-07-19 16:59:35,816]
-- [MonitorScreen.SinteringPro::Void timerSinteringPro_Tick(System.Object, System.EventArgs)]
-- [文件]:D:\SinteringProControl\Platform\PublicClass\LogClass.cs--第21行
-- [详细]:采集异常，终点异常，计算失效，终点温度小于300℃
********************************************************
-- [WARN]  [2016-07-19 16:59:37,833]
-- [MonitorScreen.SinteringPro::Void timerSinteringPro_Tick(System.Object, System.EventArgs)]
-- [文件]:D:\SinteringProControl\Platform\PublicClass\LogClass.cs--第21行
-- [详细]:采集异常，终点异常，计算失效，终点温度小于300℃
********************************************************
-- [WARN]  [2016-07-19 16:59:39,835]
-- [MonitorScreen.SinteringPro::Void timerSinteringPro_Tick(System.Object, System.EventArgs)]
-- [文件]:D:\SinteringProControl\Platform\PublicClass\LogClass.cs--第21行
-- [详细]:采集异常，终点异常，计算失效，终点温度小于300℃
********************************************************
-- [WARN]  [2016-07-19 16:59:41,853]
-- [MonitorScreen.SinteringPro::Void timerSinteringPro_Tick(System.Object, System.EventArgs)]
-- [文件]:D:\SinteringProControl\Platform\PublicClass\LogClass.cs--第21行
-- [详细]:采集异常，终点异常，计算失效，终点温度小于300℃
********************************************************
-- [WARN]  [2016-07-19 16:59:43,866]
-- [MonitorScreen.SinteringPro::Void timerSinteringPro_Tick(System.Object, System.EventArgs)]
-- [文件]:D:\SinteringProControl\Platform\PublicClass\LogClass.cs--第21行
-- [详细]:采集异常，终点异常，计算失效，终点温度小于300℃
********************************************************
-- [WARN]  [2016-07-19 16:59:45,876]
-- [MonitorScreen.SinteringPro::Void timerSinteringPro_Tick(System.Object, System.EventArgs)]
-- [文件]:D:\SinteringProControl\Platform\PublicClass\LogClass.cs--第21行
-- [详细]:采集异常，终点异常，计算失效，终点温度小于300℃
********************************************************
-- [WARN]  [2016-07-19 16:59:47,888]
-- [MonitorScreen.SinteringPro::Void timerSinteringPro_Tick(System.Object, System.EventArgs)]
-- [文件]:D:\SinteringProControl\Platform\PublicClass\LogClass.cs--第21行
-- [详细]:采集异常，终点异常，计算失效，终点温度小于300℃
********************************************************
-- [WARN]  [2016-07-19 16:59:49,903]
-- [MonitorScreen.SinteringPro::Void timerSinteringPro_Tick(System.Object, System.EventArgs)]
-- [文件]:D:\SinteringProControl\Platform\PublicClass\LogClass.cs--第21行
-- [详细]:采集异常，终点异常，计算失效，终点温度小于300℃
********************************************************
-- [WARN]  [2016-07-19 16:59:51,930]
-- [MonitorScreen.SinteringPro::Void timerSinteringPro_Tick(System.Object, System.EventArgs)]
-- [文件]:D:\SinteringProControl\Platform\PublicClass\LogClass.cs--第21行
-- [详细]:采集异常，终点异常，计算失效，终点温度小于300℃
********************************************************
-- [WARN]  [2016-07-19 16:59:53,933]
-- [MonitorScreen.SinteringPro::Void timerSinteringPro_Tick(System.Object, System.EventArgs)]
-- [文件]:D:\SinteringProControl\Platform\PublicClass\LogClass.cs--第21行
-- [详细]:采集异常，终点异常，计算失效，终点温度小于300℃
********************************************************
-- [WARN]  [2016-07-19 16:59:55,949]
-- [MonitorScreen.SinteringPro::Void timerSinteringPro_Tick(System.Object, System.EventArgs)]
-- [文件]:D:\SinteringProControl\Platform\PublicClass\LogClass.cs--第21行
-- [详细]:采集异常，终点异常，计算失效，终点温度小于300℃
********************************************************
-- [WARN]  [2016-07-19 16:59:57,952]
-- [MonitorScreen.SinteringPro::Void timerSinteringPro_Tick(System.Object, System.EventArgs)]
-- [文件]:D:\SinteringProControl\Platform\PublicClass\LogClass.cs--第21行
-- [详细]:采集异常，终点异常，计算失效，终点温度小于300℃
********************************************************
-- [WARN]  [2016-07-19 16:59:59,962]
-- [MonitorScreen.SinteringPro::Void timerSinteringPro_Tick(System.Object, System.EventArgs)]
-- [文件]:D:\SinteringProControl\Platform\PublicClass\LogClass.cs--第21行
-- [详细]:采集异常，终点异常，计算失效，终点温度小于300℃
********************************************************
-- [WARN]  [2016-07-19 17:00:01,981]
-- [MonitorScreen.SinteringPro::Void timerSinteringPro_Tick(System.Object, System.EventArgs)]
-- [文件]:D:\SinteringProControl\Platform\PublicClass\LogClass.cs--第21行
-- [详细]:采集异常，终点异常，计算失效，终点温度小于300℃
********************************************************
-- [WARN]  [2016-07-19 17:00:03,987]
-- [MonitorScreen.SinteringPro::Void timerSinteringPro_Tick(System.Object, System.EventArgs)]
-- [文件]:D:\SinteringProControl\Platform\PublicClass\LogClass.cs--第21行
-- [详细]:采集异常，终点异常，计算失效，终点温度小于300℃
********************************************************
-- [WARN]  [2016-07-19 17:00:06,000]
-- [MonitorScreen.SinteringPro::Void timerSinteringPro_Tick(System.Object, System.EventArgs)]
-- [文件]:D:\SinteringProControl\Platform\PublicClass\LogClass.cs--第21行
-- [详细]:采集异常，终点异常，计算失效，终点温度小于300℃
********************************************************
-- [WARN]  [2016-07-19 17:00:08,011]
-- [MonitorScreen.SinteringPro::Void timerSinteringPro_Tick(System.Object, System.EventArgs)]
-- [文件]:D:\SinteringProControl\Platform\PublicClass\LogClass.cs--第21行
-- [详细]:采集异常，终点异常，计算失效，终点温度小于300℃
********************************************************
