-- [ERROR]  [2014-12-04 17:18:03,620]
-- [CoreAlgorithm.TaskManager.TasksManager::System.Collections.Generic.Dictionary`2[System.Int32,CoreAlgorithm.TaskManager.TaskModule] GetTaskClass()]
-- [文件]:D:\SinteringPC\Platform\PublicClass\LogClass.cs--第27行
-- [详细]:列名 'Pipeline_id' 无效。
********************************************************
-- [ERROR]  [2014-12-04 17:18:08,409]
-- [CoreAlgorithm.TaskManager.TasksManager::System.Collections.Generic.Dictionary`2[System.Int32,CoreAlgorithm.TaskManager.TaskModule] GetTaskClass()]
-- [文件]:D:\SinteringPC\Platform\PublicClass\LogClass.cs--第27行
-- [详细]:列名 'Pipeline_id' 无效。
********************************************************
-- [ERROR]  [2014-12-04 17:18:13,417]
-- [CoreAlgorithm.TaskManager.TasksManager::System.Collections.Generic.Dictionary`2[System.Int32,CoreAlgorithm.TaskManager.TaskModule] GetTaskClass()]
-- [文件]:D:\SinteringPC\Platform\PublicClass\LogClass.cs--第27行
-- [详细]:列名 'Pipeline_id' 无效。
********************************************************
-- [ERROR]  [2014-12-04 17:18:18,426]
-- [CoreAlgorithm.TaskManager.TasksManager::System.Collections.Generic.Dictionary`2[System.Int32,CoreAlgorithm.TaskManager.TaskModule] GetTaskClass()]
-- [文件]:D:\SinteringPC\Platform\PublicClass\LogClass.cs--第27行
-- [详细]:列名 'Pipeline_id' 无效。
********************************************************
-- [ERROR]  [2014-12-04 17:18:23,433]
-- [CoreAlgorithm.TaskManager.TasksManager::System.Collections.Generic.Dictionary`2[System.Int32,CoreAlgorithm.TaskManager.TaskModule] GetTaskClass()]
-- [文件]:D:\SinteringPC\Platform\PublicClass\LogClass.cs--第27行
-- [详细]:列名 'Pipeline_id' 无效。
********************************************************
-- [ERROR]  [2014-12-04 17:18:28,453]
-- [CoreAlgorithm.TaskManager.TasksManager::System.Collections.Generic.Dictionary`2[System.Int32,CoreAlgorithm.TaskManager.TaskModule] GetTaskClass()]
-- [文件]:D:\SinteringPC\Platform\PublicClass\LogClass.cs--第27行
-- [详细]:列名 'Pipeline_id' 无效。
********************************************************
-- [ERROR]  [2014-12-04 17:18:33,461]
-- [CoreAlgorithm.TaskManager.TasksManager::System.Collections.Generic.Dictionary`2[System.Int32,CoreAlgorithm.TaskManager.TaskModule] GetTaskClass()]
-- [文件]:D:\SinteringPC\Platform\PublicClass\LogClass.cs--第27行
-- [详细]:列名 'Pipeline_id' 无效。
********************************************************
-- [ERROR]  [2014-12-04 17:18:38,468]
-- [CoreAlgorithm.TaskManager.TasksManager::System.Collections.Generic.Dictionary`2[System.Int32,CoreAlgorithm.TaskManager.TaskModule] GetTaskClass()]
-- [文件]:D:\SinteringPC\Platform\PublicClass\LogClass.cs--第27行
-- [详细]:列名 'Pipeline_id' 无效。
********************************************************
-- [ERROR]  [2014-12-04 17:18:43,464]
-- [CoreAlgorithm.TaskManager.TasksManager::System.Collections.Generic.Dictionary`2[System.Int32,CoreAlgorithm.TaskManager.TaskModule] GetTaskClass()]
-- [文件]:D:\SinteringPC\Platform\PublicClass\LogClass.cs--第27行
-- [详细]:列名 'Pipeline_id' 无效。
********************************************************
-- [ERROR]  [2014-12-04 17:18:48,472]
-- [CoreAlgorithm.TaskManager.TasksManager::System.Collections.Generic.Dictionary`2[System.Int32,CoreAlgorithm.TaskManager.TaskModule] GetTaskClass()]
-- [文件]:D:\SinteringPC\Platform\PublicClass\LogClass.cs--第27行
-- [详细]:列名 'Pipeline_id' 无效。
********************************************************
-- [ERROR]  [2014-12-04 17:18:53,477]
-- [CoreAlgorithm.TaskManager.TasksManager::System.Collections.Generic.Dictionary`2[System.Int32,CoreAlgorithm.TaskManager.TaskModule] GetTaskClass()]
-- [文件]:D:\SinteringPC\Platform\PublicClass\LogClass.cs--第27行
-- [详细]:列名 'Pipeline_id' 无效。
********************************************************
-- [ERROR]  [2014-12-04 17:18:58,487]
-- [CoreAlgorithm.TaskManager.TasksManager::System.Collections.Generic.Dictionary`2[System.Int32,CoreAlgorithm.TaskManager.TaskModule] GetTaskClass()]
-- [文件]:D:\SinteringPC\Platform\PublicClass\LogClass.cs--第27行
-- [详细]:列名 'Pipeline_id' 无效。
********************************************************
-- [ERROR]  [2014-12-04 17:19:03,495]
-- [CoreAlgorithm.TaskManager.TasksManager::System.Collections.Generic.Dictionary`2[System.Int32,CoreAlgorithm.TaskManager.TaskModule] GetTaskClass()]
-- [文件]:D:\SinteringPC\Platform\PublicClass\LogClass.cs--第27行
-- [详细]:列名 'Pipeline_id' 无效。
********************************************************
-- [ERROR]  [2014-12-04 17:19:08,502]
-- [CoreAlgorithm.TaskManager.TasksManager::System.Collections.Generic.Dictionary`2[System.Int32,CoreAlgorithm.TaskManager.TaskModule] GetTaskClass()]
-- [文件]:D:\SinteringPC\Platform\PublicClass\LogClass.cs--第27行
-- [详细]:列名 'Pipeline_id' 无效。
********************************************************
-- [ERROR]  [2014-12-04 17:19:13,510]
-- [CoreAlgorithm.TaskManager.TasksManager::System.Collections.Generic.Dictionary`2[System.Int32,CoreAlgorithm.TaskManager.TaskModule] GetTaskClass()]
-- [文件]:D:\SinteringPC\Platform\PublicClass\LogClass.cs--第27行
-- [详细]:列名 'Pipeline_id' 无效。
********************************************************
-- [ERROR]  [2014-12-04 17:19:18,518]
-- [CoreAlgorithm.TaskManager.TasksManager::System.Collections.Generic.Dictionary`2[System.Int32,CoreAlgorithm.TaskManager.TaskModule] GetTaskClass()]
-- [文件]:D:\SinteringPC\Platform\PublicClass\LogClass.cs--第27行
-- [详细]:列名 'Pipeline_id' 无效。
********************************************************
-- [ERROR]  [2014-12-04 17:19:23,525]
-- [CoreAlgorithm.TaskManager.TasksManager::System.Collections.Generic.Dictionary`2[System.Int32,CoreAlgorithm.TaskManager.TaskModule] GetTaskClass()]
-- [文件]:D:\SinteringPC\Platform\PublicClass\LogClass.cs--第27行
-- [详细]:列名 'Pipeline_id' 无效。
********************************************************
-- [ERROR]  [2014-12-04 17:19:28,534]
-- [CoreAlgorithm.TaskManager.TasksManager::System.Collections.Generic.Dictionary`2[System.Int32,CoreAlgorithm.TaskManager.TaskModule] GetTaskClass()]
-- [文件]:D:\SinteringPC\Platform\PublicClass\LogClass.cs--第27行
-- [详细]:列名 'Pipeline_id' 无效。
********************************************************
-- [ERROR]  [2014-12-04 17:19:33,540]
-- [CoreAlgorithm.TaskManager.TasksManager::System.Collections.Generic.Dictionary`2[System.Int32,CoreAlgorithm.TaskManager.TaskModule] GetTaskClass()]
-- [文件]:D:\SinteringPC\Platform\PublicClass\LogClass.cs--第27行
-- [详细]:列名 'Pipeline_id' 无效。
********************************************************
-- [ERROR]  [2014-12-04 17:19:38,547]
-- [CoreAlgorithm.TaskManager.TasksManager::System.Collections.Generic.Dictionary`2[System.Int32,CoreAlgorithm.TaskManager.TaskModule] GetTaskClass()]
-- [文件]:D:\SinteringPC\Platform\PublicClass\LogClass.cs--第27行
-- [详细]:列名 'Pipeline_id' 无效。
********************************************************
-- [ERROR]  [2014-12-04 17:19:43,554]
-- [CoreAlgorithm.TaskManager.TasksManager::System.Collections.Generic.Dictionary`2[System.Int32,CoreAlgorithm.TaskManager.TaskModule] GetTaskClass()]
-- [文件]:D:\SinteringPC\Platform\PublicClass\LogClass.cs--第27行
-- [详细]:列名 'Pipeline_id' 无效。
********************************************************
-- [ERROR]  [2014-12-04 17:19:48,562]
-- [CoreAlgorithm.TaskManager.TasksManager::System.Collections.Generic.Dictionary`2[System.Int32,CoreAlgorithm.TaskManager.TaskModule] GetTaskClass()]
-- [文件]:D:\SinteringPC\Platform\PublicClass\LogClass.cs--第27行
-- [详细]:列名 'Pipeline_id' 无效。
********************************************************
-- [ERROR]  [2014-12-04 17:19:53,569]
-- [CoreAlgorithm.TaskManager.TasksManager::System.Collections.Generic.Dictionary`2[System.Int32,CoreAlgorithm.TaskManager.TaskModule] GetTaskClass()]
-- [文件]:D:\SinteringPC\Platform\PublicClass\LogClass.cs--第27行
-- [详细]:列名 'Pipeline_id' 无效。
********************************************************
-- [ERROR]  [2014-12-04 17:19:58,584]
-- [CoreAlgorithm.TaskManager.TasksManager::System.Collections.Generic.Dictionary`2[System.Int32,CoreAlgorithm.TaskManager.TaskModule] GetTaskClass()]
-- [文件]:D:\SinteringPC\Platform\PublicClass\LogClass.cs--第27行
-- [详细]:列名 'Pipeline_id' 无效。
********************************************************
-- [ERROR]  [2014-12-04 17:20:03,592]
-- [CoreAlgorithm.TaskManager.TasksManager::System.Collections.Generic.Dictionary`2[System.Int32,CoreAlgorithm.TaskManager.TaskModule] GetTaskClass()]
-- [文件]:D:\SinteringPC\Platform\PublicClass\LogClass.cs--第27行
-- [详细]:列名 'Pipeline_id' 无效。
********************************************************
-- [ERROR]  [2014-12-04 17:20:08,599]
-- [CoreAlgorithm.TaskManager.TasksManager::System.Collections.Generic.Dictionary`2[System.Int32,CoreAlgorithm.TaskManager.TaskModule] GetTaskClass()]
-- [文件]:D:\SinteringPC\Platform\PublicClass\LogClass.cs--第27行
-- [详细]:列名 'Pipeline_id' 无效。
********************************************************
-- [ERROR]  [2014-12-04 17:20:13,607]
-- [CoreAlgorithm.TaskManager.TasksManager::System.Collections.Generic.Dictionary`2[System.Int32,CoreAlgorithm.TaskManager.TaskModule] GetTaskClass()]
-- [文件]:D:\SinteringPC\Platform\PublicClass\LogClass.cs--第27行
-- [详细]:列名 'Pipeline_id' 无效。
********************************************************
-- [ERROR]  [2014-12-04 17:20:18,614]
-- [CoreAlgorithm.TaskManager.TasksManager::System.Collections.Generic.Dictionary`2[System.Int32,CoreAlgorithm.TaskManager.TaskModule] GetTaskClass()]
-- [文件]:D:\SinteringPC\Platform\PublicClass\LogClass.cs--第27行
-- [详细]:列名 'Pipeline_id' 无效。
********************************************************
-- [ERROR]  [2014-12-04 17:20:23,622]
-- [CoreAlgorithm.TaskManager.TasksManager::System.Collections.Generic.Dictionary`2[System.Int32,CoreAlgorithm.TaskManager.TaskModule] GetTaskClass()]
-- [文件]:D:\SinteringPC\Platform\PublicClass\LogClass.cs--第27行
-- [详细]:列名 'Pipeline_id' 无效。
********************************************************
-- [ERROR]  [2014-12-04 17:20:28,630]
-- [CoreAlgorithm.TaskManager.TasksManager::System.Collections.Generic.Dictionary`2[System.Int32,CoreAlgorithm.TaskManager.TaskModule] GetTaskClass()]
-- [文件]:D:\SinteringPC\Platform\PublicClass\LogClass.cs--第27行
-- [详细]:列名 'Pipeline_id' 无效。
********************************************************
-- [ERROR]  [2014-12-04 17:20:33,637]
-- [CoreAlgorithm.TaskManager.TasksManager::System.Collections.Generic.Dictionary`2[System.Int32,CoreAlgorithm.TaskManager.TaskModule] GetTaskClass()]
-- [文件]:D:\SinteringPC\Platform\PublicClass\LogClass.cs--第27行
-- [详细]:列名 'Pipeline_id' 无效。
********************************************************
-- [ERROR]  [2014-12-04 17:20:38,645]
-- [CoreAlgorithm.TaskManager.TasksManager::System.Collections.Generic.Dictionary`2[System.Int32,CoreAlgorithm.TaskManager.TaskModule] GetTaskClass()]
-- [文件]:D:\SinteringPC\Platform\PublicClass\LogClass.cs--第27行
-- [详细]:列名 'Pipeline_id' 无效。
********************************************************
-- [ERROR]  [2014-12-04 17:20:43,652]
-- [CoreAlgorithm.TaskManager.TasksManager::System.Collections.Generic.Dictionary`2[System.Int32,CoreAlgorithm.TaskManager.TaskModule] GetTaskClass()]
-- [文件]:D:\SinteringPC\Platform\PublicClass\LogClass.cs--第27行
-- [详细]:列名 'Pipeline_id' 无效。
********************************************************
-- [ERROR]  [2014-12-04 17:20:48,660]
-- [CoreAlgorithm.TaskManager.TasksManager::System.Collections.Generic.Dictionary`2[System.Int32,CoreAlgorithm.TaskManager.TaskModule] GetTaskClass()]
-- [文件]:D:\SinteringPC\Platform\PublicClass\LogClass.cs--第27行
-- [详细]:列名 'Pipeline_id' 无效。
********************************************************
-- [ERROR]  [2014-12-04 17:20:53,668]
-- [CoreAlgorithm.TaskManager.TasksManager::System.Collections.Generic.Dictionary`2[System.Int32,CoreAlgorithm.TaskManager.TaskModule] GetTaskClass()]
-- [文件]:D:\SinteringPC\Platform\PublicClass\LogClass.cs--第27行
-- [详细]:列名 'Pipeline_id' 无效。
********************************************************
-- [ERROR]  [2014-12-04 17:20:58,675]
-- [CoreAlgorithm.TaskManager.TasksManager::System.Collections.Generic.Dictionary`2[System.Int32,CoreAlgorithm.TaskManager.TaskModule] GetTaskClass()]
-- [文件]:D:\SinteringPC\Platform\PublicClass\LogClass.cs--第27行
-- [详细]:列名 'Pipeline_id' 无效。
********************************************************
-- [ERROR]  [2014-12-04 17:21:03,683]
-- [CoreAlgorithm.TaskManager.TasksManager::System.Collections.Generic.Dictionary`2[System.Int32,CoreAlgorithm.TaskManager.TaskModule] GetTaskClass()]
-- [文件]:D:\SinteringPC\Platform\PublicClass\LogClass.cs--第27行
-- [详细]:列名 'Pipeline_id' 无效。
********************************************************
-- [ERROR]  [2014-12-04 17:21:08,690]
-- [CoreAlgorithm.TaskManager.TasksManager::System.Collections.Generic.Dictionary`2[System.Int32,CoreAlgorithm.TaskManager.TaskModule] GetTaskClass()]
-- [文件]:D:\SinteringPC\Platform\PublicClass\LogClass.cs--第27行
-- [详细]:列名 'Pipeline_id' 无效。
********************************************************
-- [ERROR]  [2014-12-04 17:21:13,698]
-- [CoreAlgorithm.TaskManager.TasksManager::System.Collections.Generic.Dictionary`2[System.Int32,CoreAlgorithm.TaskManager.TaskModule] GetTaskClass()]
-- [文件]:D:\SinteringPC\Platform\PublicClass\LogClass.cs--第27行
-- [详细]:列名 'Pipeline_id' 无效。
********************************************************
-- [ERROR]  [2014-12-04 17:21:18,706]
-- [CoreAlgorithm.TaskManager.TasksManager::System.Collections.Generic.Dictionary`2[System.Int32,CoreAlgorithm.TaskManager.TaskModule] GetTaskClass()]
-- [文件]:D:\SinteringPC\Platform\PublicClass\LogClass.cs--第27行
-- [详细]:列名 'Pipeline_id' 无效。
********************************************************
-- [ERROR]  [2014-12-04 17:21:23,713]
-- [CoreAlgorithm.TaskManager.TasksManager::System.Collections.Generic.Dictionary`2[System.Int32,CoreAlgorithm.TaskManager.TaskModule] GetTaskClass()]
-- [文件]:D:\SinteringPC\Platform\PublicClass\LogClass.cs--第27行
-- [详细]:列名 'Pipeline_id' 无效。
********************************************************
-- [ERROR]  [2014-12-04 17:21:28,721]
-- [CoreAlgorithm.TaskManager.TasksManager::System.Collections.Generic.Dictionary`2[System.Int32,CoreAlgorithm.TaskManager.TaskModule] GetTaskClass()]
-- [文件]:D:\SinteringPC\Platform\PublicClass\LogClass.cs--第27行
-- [详细]:列名 'Pipeline_id' 无效。
********************************************************
-- [ERROR]  [2014-12-04 17:21:33,729]
-- [CoreAlgorithm.TaskManager.TasksManager::System.Collections.Generic.Dictionary`2[System.Int32,CoreAlgorithm.TaskManager.TaskModule] GetTaskClass()]
-- [文件]:D:\SinteringPC\Platform\PublicClass\LogClass.cs--第27行
-- [详细]:列名 'Pipeline_id' 无效。
********************************************************
-- [ERROR]  [2014-12-04 17:21:38,736]
-- [CoreAlgorithm.TaskManager.TasksManager::System.Collections.Generic.Dictionary`2[System.Int32,CoreAlgorithm.TaskManager.TaskModule] GetTaskClass()]
-- [文件]:D:\SinteringPC\Platform\PublicClass\LogClass.cs--第27行
-- [详细]:列名 'Pipeline_id' 无效。
********************************************************
-- [ERROR]  [2014-12-04 17:21:43,744]
-- [CoreAlgorithm.TaskManager.TasksManager::System.Collections.Generic.Dictionary`2[System.Int32,CoreAlgorithm.TaskManager.TaskModule] GetTaskClass()]
-- [文件]:D:\SinteringPC\Platform\PublicClass\LogClass.cs--第27行
-- [详细]:列名 'Pipeline_id' 无效。
********************************************************
-- [ERROR]  [2014-12-04 17:21:48,751]
-- [CoreAlgorithm.TaskManager.TasksManager::System.Collections.Generic.Dictionary`2[System.Int32,CoreAlgorithm.TaskManager.TaskModule] GetTaskClass()]
-- [文件]:D:\SinteringPC\Platform\PublicClass\LogClass.cs--第27行
-- [详细]:列名 'Pipeline_id' 无效。
********************************************************
-- [ERROR]  [2014-12-04 17:21:53,759]
-- [CoreAlgorithm.TaskManager.TasksManager::System.Collections.Generic.Dictionary`2[System.Int32,CoreAlgorithm.TaskManager.TaskModule] GetTaskClass()]
-- [文件]:D:\SinteringPC\Platform\PublicClass\LogClass.cs--第27行
-- [详细]:列名 'Pipeline_id' 无效。
********************************************************
-- [ERROR]  [2014-12-04 17:21:58,767]
-- [CoreAlgorithm.TaskManager.TasksManager::System.Collections.Generic.Dictionary`2[System.Int32,CoreAlgorithm.TaskManager.TaskModule] GetTaskClass()]
-- [文件]:D:\SinteringPC\Platform\PublicClass\LogClass.cs--第27行
-- [详细]:列名 'Pipeline_id' 无效。
********************************************************
-- [ERROR]  [2014-12-04 17:22:03,774]
-- [CoreAlgorithm.TaskManager.TasksManager::System.Collections.Generic.Dictionary`2[System.Int32,CoreAlgorithm.TaskManager.TaskModule] GetTaskClass()]
-- [文件]:D:\SinteringPC\Platform\PublicClass\LogClass.cs--第27行
-- [详细]:列名 'Pipeline_id' 无效。
********************************************************
-- [ERROR]  [2014-12-04 17:22:08,782]
-- [CoreAlgorithm.TaskManager.TasksManager::System.Collections.Generic.Dictionary`2[System.Int32,CoreAlgorithm.TaskManager.TaskModule] GetTaskClass()]
-- [文件]:D:\SinteringPC\Platform\PublicClass\LogClass.cs--第27行
-- [详细]:列名 'Pipeline_id' 无效。
********************************************************
-- [ERROR]  [2014-12-04 17:22:13,789]
-- [CoreAlgorithm.TaskManager.TasksManager::System.Collections.Generic.Dictionary`2[System.Int32,CoreAlgorithm.TaskManager.TaskModule] GetTaskClass()]
-- [文件]:D:\SinteringPC\Platform\PublicClass\LogClass.cs--第27行
-- [详细]:列名 'Pipeline_id' 无效。
********************************************************
-- [ERROR]  [2014-12-04 17:22:18,797]
-- [CoreAlgorithm.TaskManager.TasksManager::System.Collections.Generic.Dictionary`2[System.Int32,CoreAlgorithm.TaskManager.TaskModule] GetTaskClass()]
-- [文件]:D:\SinteringPC\Platform\PublicClass\LogClass.cs--第27行
-- [详细]:列名 'Pipeline_id' 无效。
********************************************************
-- [ERROR]  [2014-12-04 17:22:23,805]
-- [CoreAlgorithm.TaskManager.TasksManager::System.Collections.Generic.Dictionary`2[System.Int32,CoreAlgorithm.TaskManager.TaskModule] GetTaskClass()]
-- [文件]:D:\SinteringPC\Platform\PublicClass\LogClass.cs--第27行
-- [详细]:列名 'Pipeline_id' 无效。
********************************************************
-- [ERROR]  [2014-12-04 17:22:28,812]
-- [CoreAlgorithm.TaskManager.TasksManager::System.Collections.Generic.Dictionary`2[System.Int32,CoreAlgorithm.TaskManager.TaskModule] GetTaskClass()]
-- [文件]:D:\SinteringPC\Platform\PublicClass\LogClass.cs--第27行
-- [详细]:列名 'Pipeline_id' 无效。
********************************************************
-- [ERROR]  [2014-12-04 17:22:33,820]
-- [CoreAlgorithm.TaskManager.TasksManager::System.Collections.Generic.Dictionary`2[System.Int32,CoreAlgorithm.TaskManager.TaskModule] GetTaskClass()]
-- [文件]:D:\SinteringPC\Platform\PublicClass\LogClass.cs--第27行
-- [详细]:列名 'Pipeline_id' 无效。
********************************************************
-- [ERROR]  [2014-12-04 17:22:38,827]
-- [CoreAlgorithm.TaskManager.TasksManager::System.Collections.Generic.Dictionary`2[System.Int32,CoreAlgorithm.TaskManager.TaskModule] GetTaskClass()]
-- [文件]:D:\SinteringPC\Platform\PublicClass\LogClass.cs--第27行
-- [详细]:列名 'Pipeline_id' 无效。
********************************************************
-- [ERROR]  [2014-12-04 17:22:43,837]
-- [CoreAlgorithm.TaskManager.TasksManager::System.Collections.Generic.Dictionary`2[System.Int32,CoreAlgorithm.TaskManager.TaskModule] GetTaskClass()]
-- [文件]:D:\SinteringPC\Platform\PublicClass\LogClass.cs--第27行
-- [详细]:列名 'Pipeline_id' 无效。
********************************************************
-- [ERROR]  [2014-12-04 17:22:48,837]
-- [CoreAlgorithm.TaskManager.TasksManager::System.Collections.Generic.Dictionary`2[System.Int32,CoreAlgorithm.TaskManager.TaskModule] GetTaskClass()]
-- [文件]:D:\SinteringPC\Platform\PublicClass\LogClass.cs--第27行
-- [详细]:列名 'Pipeline_id' 无效。
********************************************************
-- [ERROR]  [2014-12-04 17:22:53,853]
-- [CoreAlgorithm.TaskManager.TasksManager::System.Collections.Generic.Dictionary`2[System.Int32,CoreAlgorithm.TaskManager.TaskModule] GetTaskClass()]
-- [文件]:D:\SinteringPC\Platform\PublicClass\LogClass.cs--第27行
-- [详细]:列名 'Pipeline_id' 无效。
********************************************************
-- [ERROR]  [2014-12-04 17:22:58,860]
-- [CoreAlgorithm.TaskManager.TasksManager::System.Collections.Generic.Dictionary`2[System.Int32,CoreAlgorithm.TaskManager.TaskModule] GetTaskClass()]
-- [文件]:D:\SinteringPC\Platform\PublicClass\LogClass.cs--第27行
-- [详细]:列名 'Pipeline_id' 无效。
********************************************************
-- [ERROR]  [2014-12-04 17:23:03,868]
-- [CoreAlgorithm.TaskManager.TasksManager::System.Collections.Generic.Dictionary`2[System.Int32,CoreAlgorithm.TaskManager.TaskModule] GetTaskClass()]
-- [文件]:D:\SinteringPC\Platform\PublicClass\LogClass.cs--第27行
-- [详细]:列名 'Pipeline_id' 无效。
********************************************************
-- [ERROR]  [2014-12-04 17:23:08,875]
-- [CoreAlgorithm.TaskManager.TasksManager::System.Collections.Generic.Dictionary`2[System.Int32,CoreAlgorithm.TaskManager.TaskModule] GetTaskClass()]
-- [文件]:D:\SinteringPC\Platform\PublicClass\LogClass.cs--第27行
-- [详细]:列名 'Pipeline_id' 无效。
********************************************************
-- [ERROR]  [2014-12-04 17:23:13,883]
-- [CoreAlgorithm.TaskManager.TasksManager::System.Collections.Generic.Dictionary`2[System.Int32,CoreAlgorithm.TaskManager.TaskModule] GetTaskClass()]
-- [文件]:D:\SinteringPC\Platform\PublicClass\LogClass.cs--第27行
-- [详细]:列名 'Pipeline_id' 无效。
********************************************************
-- [ERROR]  [2014-12-04 17:23:18,891]
-- [CoreAlgorithm.TaskManager.TasksManager::System.Collections.Generic.Dictionary`2[System.Int32,CoreAlgorithm.TaskManager.TaskModule] GetTaskClass()]
-- [文件]:D:\SinteringPC\Platform\PublicClass\LogClass.cs--第27行
-- [详细]:列名 'Pipeline_id' 无效。
********************************************************
-- [ERROR]  [2014-12-04 17:23:23,898]
-- [CoreAlgorithm.TaskManager.TasksManager::System.Collections.Generic.Dictionary`2[System.Int32,CoreAlgorithm.TaskManager.TaskModule] GetTaskClass()]
-- [文件]:D:\SinteringPC\Platform\PublicClass\LogClass.cs--第27行
-- [详细]:列名 'Pipeline_id' 无效。
********************************************************
-- [ERROR]  [2014-12-04 17:23:28,906]
-- [CoreAlgorithm.TaskManager.TasksManager::System.Collections.Generic.Dictionary`2[System.Int32,CoreAlgorithm.TaskManager.TaskModule] GetTaskClass()]
-- [文件]:D:\SinteringPC\Platform\PublicClass\LogClass.cs--第27行
-- [详细]:列名 'Pipeline_id' 无效。
********************************************************
-- [ERROR]  [2014-12-04 17:23:33,913]
-- [CoreAlgorithm.TaskManager.TasksManager::System.Collections.Generic.Dictionary`2[System.Int32,CoreAlgorithm.TaskManager.TaskModule] GetTaskClass()]
-- [文件]:D:\SinteringPC\Platform\PublicClass\LogClass.cs--第27行
-- [详细]:列名 'Pipeline_id' 无效。
********************************************************
-- [ERROR]  [2014-12-04 17:23:38,921]
-- [CoreAlgorithm.TaskManager.TasksManager::System.Collections.Generic.Dictionary`2[System.Int32,CoreAlgorithm.TaskManager.TaskModule] GetTaskClass()]
-- [文件]:D:\SinteringPC\Platform\PublicClass\LogClass.cs--第27行
-- [详细]:列名 'Pipeline_id' 无效。
********************************************************
-- [ERROR]  [2014-12-04 17:23:43,929]
-- [CoreAlgorithm.TaskManager.TasksManager::System.Collections.Generic.Dictionary`2[System.Int32,CoreAlgorithm.TaskManager.TaskModule] GetTaskClass()]
-- [文件]:D:\SinteringPC\Platform\PublicClass\LogClass.cs--第27行
-- [详细]:列名 'Pipeline_id' 无效。
********************************************************
-- [ERROR]  [2014-12-04 17:23:48,936]
-- [CoreAlgorithm.TaskManager.TasksManager::System.Collections.Generic.Dictionary`2[System.Int32,CoreAlgorithm.TaskManager.TaskModule] GetTaskClass()]
-- [文件]:D:\SinteringPC\Platform\PublicClass\LogClass.cs--第27行
-- [详细]:列名 'Pipeline_id' 无效。
********************************************************
-- [ERROR]  [2014-12-04 17:23:53,944]
-- [CoreAlgorithm.TaskManager.TasksManager::System.Collections.Generic.Dictionary`2[System.Int32,CoreAlgorithm.TaskManager.TaskModule] GetTaskClass()]
-- [文件]:D:\SinteringPC\Platform\PublicClass\LogClass.cs--第27行
-- [详细]:列名 'Pipeline_id' 无效。
********************************************************
-- [ERROR]  [2014-12-04 17:23:58,951]
-- [CoreAlgorithm.TaskManager.TasksManager::System.Collections.Generic.Dictionary`2[System.Int32,CoreAlgorithm.TaskManager.TaskModule] GetTaskClass()]
-- [文件]:D:\SinteringPC\Platform\PublicClass\LogClass.cs--第27行
-- [详细]:列名 'Pipeline_id' 无效。
********************************************************
-- [ERROR]  [2014-12-04 17:24:03,959]
-- [CoreAlgorithm.TaskManager.TasksManager::System.Collections.Generic.Dictionary`2[System.Int32,CoreAlgorithm.TaskManager.TaskModule] GetTaskClass()]
-- [文件]:D:\SinteringPC\Platform\PublicClass\LogClass.cs--第27行
-- [详细]:列名 'Pipeline_id' 无效。
********************************************************
-- [ERROR]  [2014-12-04 17:24:08,967]
-- [CoreAlgorithm.TaskManager.TasksManager::System.Collections.Generic.Dictionary`2[System.Int32,CoreAlgorithm.TaskManager.TaskModule] GetTaskClass()]
-- [文件]:D:\SinteringPC\Platform\PublicClass\LogClass.cs--第27行
-- [详细]:列名 'Pipeline_id' 无效。
********************************************************
-- [ERROR]  [2014-12-04 17:24:13,974]
-- [CoreAlgorithm.TaskManager.TasksManager::System.Collections.Generic.Dictionary`2[System.Int32,CoreAlgorithm.TaskManager.TaskModule] GetTaskClass()]
-- [文件]:D:\SinteringPC\Platform\PublicClass\LogClass.cs--第27行
-- [详细]:列名 'Pipeline_id' 无效。
********************************************************
-- [ERROR]  [2014-12-04 17:24:18,982]
-- [CoreAlgorithm.TaskManager.TasksManager::System.Collections.Generic.Dictionary`2[System.Int32,CoreAlgorithm.TaskManager.TaskModule] GetTaskClass()]
-- [文件]:D:\SinteringPC\Platform\PublicClass\LogClass.cs--第27行
-- [详细]:列名 'Pipeline_id' 无效。
********************************************************
-- [ERROR]  [2014-12-04 17:24:23,990]
-- [CoreAlgorithm.TaskManager.TasksManager::System.Collections.Generic.Dictionary`2[System.Int32,CoreAlgorithm.TaskManager.TaskModule] GetTaskClass()]
-- [文件]:D:\SinteringPC\Platform\PublicClass\LogClass.cs--第27行
-- [详细]:列名 'Pipeline_id' 无效。
********************************************************
-- [ERROR]  [2014-12-04 17:24:28,997]
-- [CoreAlgorithm.TaskManager.TasksManager::System.Collections.Generic.Dictionary`2[System.Int32,CoreAlgorithm.TaskManager.TaskModule] GetTaskClass()]
-- [文件]:D:\SinteringPC\Platform\PublicClass\LogClass.cs--第27行
-- [详细]:列名 'Pipeline_id' 无效。
********************************************************
-- [ERROR]  [2014-12-04 17:24:34,005]
-- [CoreAlgorithm.TaskManager.TasksManager::System.Collections.Generic.Dictionary`2[System.Int32,CoreAlgorithm.TaskManager.TaskModule] GetTaskClass()]
-- [文件]:D:\SinteringPC\Platform\PublicClass\LogClass.cs--第27行
-- [详细]:列名 'Pipeline_id' 无效。
********************************************************
-- [ERROR]  [2014-12-04 17:24:39,012]
-- [CoreAlgorithm.TaskManager.TasksManager::System.Collections.Generic.Dictionary`2[System.Int32,CoreAlgorithm.TaskManager.TaskModule] GetTaskClass()]
-- [文件]:D:\SinteringPC\Platform\PublicClass\LogClass.cs--第27行
-- [详细]:列名 'Pipeline_id' 无效。
********************************************************
-- [ERROR]  [2014-12-04 17:24:44,020]
-- [CoreAlgorithm.TaskManager.TasksManager::System.Collections.Generic.Dictionary`2[System.Int32,CoreAlgorithm.TaskManager.TaskModule] GetTaskClass()]
-- [文件]:D:\SinteringPC\Platform\PublicClass\LogClass.cs--第27行
-- [详细]:列名 'Pipeline_id' 无效。
********************************************************
-- [ERROR]  [2014-12-04 17:24:49,028]
-- [CoreAlgorithm.TaskManager.TasksManager::System.Collections.Generic.Dictionary`2[System.Int32,CoreAlgorithm.TaskManager.TaskModule] GetTaskClass()]
-- [文件]:D:\SinteringPC\Platform\PublicClass\LogClass.cs--第27行
-- [详细]:列名 'Pipeline_id' 无效。
********************************************************
-- [ERROR]  [2014-12-04 17:24:54,035]
-- [CoreAlgorithm.TaskManager.TasksManager::System.Collections.Generic.Dictionary`2[System.Int32,CoreAlgorithm.TaskManager.TaskModule] GetTaskClass()]
-- [文件]:D:\SinteringPC\Platform\PublicClass\LogClass.cs--第27行
-- [详细]:列名 'Pipeline_id' 无效。
********************************************************
-- [ERROR]  [2014-12-04 17:24:59,043]
-- [CoreAlgorithm.TaskManager.TasksManager::System.Collections.Generic.Dictionary`2[System.Int32,CoreAlgorithm.TaskManager.TaskModule] GetTaskClass()]
-- [文件]:D:\SinteringPC\Platform\PublicClass\LogClass.cs--第27行
-- [详细]:列名 'Pipeline_id' 无效。
********************************************************
-- [ERROR]  [2014-12-04 17:25:04,050]
-- [CoreAlgorithm.TaskManager.TasksManager::System.Collections.Generic.Dictionary`2[System.Int32,CoreAlgorithm.TaskManager.TaskModule] GetTaskClass()]
-- [文件]:D:\SinteringPC\Platform\PublicClass\LogClass.cs--第27行
-- [详细]:列名 'Pipeline_id' 无效。
********************************************************
-- [ERROR]  [2014-12-04 17:25:09,058]
-- [CoreAlgorithm.TaskManager.TasksManager::System.Collections.Generic.Dictionary`2[System.Int32,CoreAlgorithm.TaskManager.TaskModule] GetTaskClass()]
-- [文件]:D:\SinteringPC\Platform\PublicClass\LogClass.cs--第27行
-- [详细]:列名 'Pipeline_id' 无效。
********************************************************
-- [ERROR]  [2014-12-04 17:25:14,066]
-- [CoreAlgorithm.TaskManager.TasksManager::System.Collections.Generic.Dictionary`2[System.Int32,CoreAlgorithm.TaskManager.TaskModule] GetTaskClass()]
-- [文件]:D:\SinteringPC\Platform\PublicClass\LogClass.cs--第27行
-- [详细]:列名 'Pipeline_id' 无效。
********************************************************
-- [ERROR]  [2014-12-04 17:25:19,073]
-- [CoreAlgorithm.TaskManager.TasksManager::System.Collections.Generic.Dictionary`2[System.Int32,CoreAlgorithm.TaskManager.TaskModule] GetTaskClass()]
-- [文件]:D:\SinteringPC\Platform\PublicClass\LogClass.cs--第27行
-- [详细]:列名 'Pipeline_id' 无效。
********************************************************
-- [ERROR]  [2014-12-04 17:25:24,072]
-- [CoreAlgorithm.TaskManager.TasksManager::System.Collections.Generic.Dictionary`2[System.Int32,CoreAlgorithm.TaskManager.TaskModule] GetTaskClass()]
-- [文件]:D:\SinteringPC\Platform\PublicClass\LogClass.cs--第27行
-- [详细]:列名 'Pipeline_id' 无效。
********************************************************
-- [ERROR]  [2014-12-04 17:25:29,080]
-- [CoreAlgorithm.TaskManager.TasksManager::System.Collections.Generic.Dictionary`2[System.Int32,CoreAlgorithm.TaskManager.TaskModule] GetTaskClass()]
-- [文件]:D:\SinteringPC\Platform\PublicClass\LogClass.cs--第27行
-- [详细]:列名 'Pipeline_id' 无效。
********************************************************
-- [ERROR]  [2014-12-04 17:25:34,097]
-- [CoreAlgorithm.TaskManager.TasksManager::System.Collections.Generic.Dictionary`2[System.Int32,CoreAlgorithm.TaskManager.TaskModule] GetTaskClass()]
-- [文件]:D:\SinteringPC\Platform\PublicClass\LogClass.cs--第27行
-- [详细]:列名 'Pipeline_id' 无效。
********************************************************
-- [ERROR]  [2014-12-04 17:25:39,105]
-- [CoreAlgorithm.TaskManager.TasksManager::System.Collections.Generic.Dictionary`2[System.Int32,CoreAlgorithm.TaskManager.TaskModule] GetTaskClass()]
-- [文件]:D:\SinteringPC\Platform\PublicClass\LogClass.cs--第27行
-- [详细]:列名 'Pipeline_id' 无效。
********************************************************
-- [ERROR]  [2014-12-04 17:25:44,113]
-- [CoreAlgorithm.TaskManager.TasksManager::System.Collections.Generic.Dictionary`2[System.Int32,CoreAlgorithm.TaskManager.TaskModule] GetTaskClass()]
-- [文件]:D:\SinteringPC\Platform\PublicClass\LogClass.cs--第27行
-- [详细]:列名 'Pipeline_id' 无效。
********************************************************
-- [ERROR]  [2014-12-04 17:25:49,120]
-- [CoreAlgorithm.TaskManager.TasksManager::System.Collections.Generic.Dictionary`2[System.Int32,CoreAlgorithm.TaskManager.TaskModule] GetTaskClass()]
-- [文件]:D:\SinteringPC\Platform\PublicClass\LogClass.cs--第27行
-- [详细]:列名 'Pipeline_id' 无效。
********************************************************
-- [ERROR]  [2014-12-04 17:25:54,128]
-- [CoreAlgorithm.TaskManager.TasksManager::System.Collections.Generic.Dictionary`2[System.Int32,CoreAlgorithm.TaskManager.TaskModule] GetTaskClass()]
-- [文件]:D:\SinteringPC\Platform\PublicClass\LogClass.cs--第27行
-- [详细]:列名 'Pipeline_id' 无效。
********************************************************
-- [ERROR]  [2014-12-04 17:25:59,135]
-- [CoreAlgorithm.TaskManager.TasksManager::System.Collections.Generic.Dictionary`2[System.Int32,CoreAlgorithm.TaskManager.TaskModule] GetTaskClass()]
-- [文件]:D:\SinteringPC\Platform\PublicClass\LogClass.cs--第27行
-- [详细]:列名 'Pipeline_id' 无效。
********************************************************
-- [ERROR]  [2014-12-04 17:26:04,143]
-- [CoreAlgorithm.TaskManager.TasksManager::System.Collections.Generic.Dictionary`2[System.Int32,CoreAlgorithm.TaskManager.TaskModule] GetTaskClass()]
-- [文件]:D:\SinteringPC\Platform\PublicClass\LogClass.cs--第27行
-- [详细]:列名 'Pipeline_id' 无效。
********************************************************
-- [ERROR]  [2014-12-04 17:26:09,151]
-- [CoreAlgorithm.TaskManager.TasksManager::System.Collections.Generic.Dictionary`2[System.Int32,CoreAlgorithm.TaskManager.TaskModule] GetTaskClass()]
-- [文件]:D:\SinteringPC\Platform\PublicClass\LogClass.cs--第27行
-- [详细]:列名 'Pipeline_id' 无效。
********************************************************
-- [ERROR]  [2014-12-04 17:26:14,158]
-- [CoreAlgorithm.TaskManager.TasksManager::System.Collections.Generic.Dictionary`2[System.Int32,CoreAlgorithm.TaskManager.TaskModule] GetTaskClass()]
-- [文件]:D:\SinteringPC\Platform\PublicClass\LogClass.cs--第27行
-- [详细]:列名 'Pipeline_id' 无效。
********************************************************
-- [ERROR]  [2014-12-04 17:26:19,166]
-- [CoreAlgorithm.TaskManager.TasksManager::System.Collections.Generic.Dictionary`2[System.Int32,CoreAlgorithm.TaskManager.TaskModule] GetTaskClass()]
-- [文件]:D:\SinteringPC\Platform\PublicClass\LogClass.cs--第27行
-- [详细]:列名 'Pipeline_id' 无效。
********************************************************
-- [ERROR]  [2014-12-04 17:26:24,173]
-- [CoreAlgorithm.TaskManager.TasksManager::System.Collections.Generic.Dictionary`2[System.Int32,CoreAlgorithm.TaskManager.TaskModule] GetTaskClass()]
-- [文件]:D:\SinteringPC\Platform\PublicClass\LogClass.cs--第27行
-- [详细]:列名 'Pipeline_id' 无效。
********************************************************
-- [ERROR]  [2014-12-04 17:26:29,181]
-- [CoreAlgorithm.TaskManager.TasksManager::System.Collections.Generic.Dictionary`2[System.Int32,CoreAlgorithm.TaskManager.TaskModule] GetTaskClass()]
-- [文件]:D:\SinteringPC\Platform\PublicClass\LogClass.cs--第27行
-- [详细]:列名 'Pipeline_id' 无效。
********************************************************
-- [ERROR]  [2014-12-04 17:26:34,179]
-- [CoreAlgorithm.TaskManager.TasksManager::System.Collections.Generic.Dictionary`2[System.Int32,CoreAlgorithm.TaskManager.TaskModule] GetTaskClass()]
-- [文件]:D:\SinteringPC\Platform\PublicClass\LogClass.cs--第27行
-- [详细]:列名 'Pipeline_id' 无效。
********************************************************
-- [ERROR]  [2014-12-04 17:26:39,191]
-- [CoreAlgorithm.TaskManager.TasksManager::System.Collections.Generic.Dictionary`2[System.Int32,CoreAlgorithm.TaskManager.TaskModule] GetTaskClass()]
-- [文件]:D:\SinteringPC\Platform\PublicClass\LogClass.cs--第27行
-- [详细]:列名 'Pipeline_id' 无效。
********************************************************
-- [ERROR]  [2014-12-04 17:26:44,201]
-- [CoreAlgorithm.TaskManager.TasksManager::System.Collections.Generic.Dictionary`2[System.Int32,CoreAlgorithm.TaskManager.TaskModule] GetTaskClass()]
-- [文件]:D:\SinteringPC\Platform\PublicClass\LogClass.cs--第27行
-- [详细]:列名 'Pipeline_id' 无效。
********************************************************
-- [ERROR]  [2014-12-04 17:26:49,208]
-- [CoreAlgorithm.TaskManager.TasksManager::System.Collections.Generic.Dictionary`2[System.Int32,CoreAlgorithm.TaskManager.TaskModule] GetTaskClass()]
-- [文件]:D:\SinteringPC\Platform\PublicClass\LogClass.cs--第27行
-- [详细]:列名 'Pipeline_id' 无效。
********************************************************
-- [ERROR]  [2014-12-04 17:26:54,216]
-- [CoreAlgorithm.TaskManager.TasksManager::System.Collections.Generic.Dictionary`2[System.Int32,CoreAlgorithm.TaskManager.TaskModule] GetTaskClass()]
-- [文件]:D:\SinteringPC\Platform\PublicClass\LogClass.cs--第27行
-- [详细]:列名 'Pipeline_id' 无效。
********************************************************
-- [ERROR]  [2014-12-04 17:26:59,224]
-- [CoreAlgorithm.TaskManager.TasksManager::System.Collections.Generic.Dictionary`2[System.Int32,CoreAlgorithm.TaskManager.TaskModule] GetTaskClass()]
-- [文件]:D:\SinteringPC\Platform\PublicClass\LogClass.cs--第27行
-- [详细]:列名 'Pipeline_id' 无效。
********************************************************
-- [ERROR]  [2014-12-04 17:27:04,231]
-- [CoreAlgorithm.TaskManager.TasksManager::System.Collections.Generic.Dictionary`2[System.Int32,CoreAlgorithm.TaskManager.TaskModule] GetTaskClass()]
-- [文件]:D:\SinteringPC\Platform\PublicClass\LogClass.cs--第27行
-- [详细]:列名 'Pipeline_id' 无效。
********************************************************
-- [ERROR]  [2014-12-04 17:27:09,239]
-- [CoreAlgorithm.TaskManager.TasksManager::System.Collections.Generic.Dictionary`2[System.Int32,CoreAlgorithm.TaskManager.TaskModule] GetTaskClass()]
-- [文件]:D:\SinteringPC\Platform\PublicClass\LogClass.cs--第27行
-- [详细]:列名 'Pipeline_id' 无效。
********************************************************
-- [ERROR]  [2014-12-04 17:27:14,246]
-- [CoreAlgorithm.TaskManager.TasksManager::System.Collections.Generic.Dictionary`2[System.Int32,CoreAlgorithm.TaskManager.TaskModule] GetTaskClass()]
-- [文件]:D:\SinteringPC\Platform\PublicClass\LogClass.cs--第27行
-- [详细]:列名 'Pipeline_id' 无效。
********************************************************
-- [ERROR]  [2014-12-04 17:27:19,254]
-- [CoreAlgorithm.TaskManager.TasksManager::System.Collections.Generic.Dictionary`2[System.Int32,CoreAlgorithm.TaskManager.TaskModule] GetTaskClass()]
-- [文件]:D:\SinteringPC\Platform\PublicClass\LogClass.cs--第27行
-- [详细]:列名 'Pipeline_id' 无效。
********************************************************
-- [ERROR]  [2014-12-04 17:27:24,262]
-- [CoreAlgorithm.TaskManager.TasksManager::System.Collections.Generic.Dictionary`2[System.Int32,CoreAlgorithm.TaskManager.TaskModule] GetTaskClass()]
-- [文件]:D:\SinteringPC\Platform\PublicClass\LogClass.cs--第27行
-- [详细]:列名 'Pipeline_id' 无效。
********************************************************
-- [ERROR]  [2014-12-04 17:27:29,269]
-- [CoreAlgorithm.TaskManager.TasksManager::System.Collections.Generic.Dictionary`2[System.Int32,CoreAlgorithm.TaskManager.TaskModule] GetTaskClass()]
-- [文件]:D:\SinteringPC\Platform\PublicClass\LogClass.cs--第27行
-- [详细]:列名 'Pipeline_id' 无效。
********************************************************
-- [ERROR]  [2014-12-04 17:27:34,277]
-- [CoreAlgorithm.TaskManager.TasksManager::System.Collections.Generic.Dictionary`2[System.Int32,CoreAlgorithm.TaskManager.TaskModule] GetTaskClass()]
-- [文件]:D:\SinteringPC\Platform\PublicClass\LogClass.cs--第27行
-- [详细]:列名 'Pipeline_id' 无效。
********************************************************
-- [ERROR]  [2014-12-04 17:27:39,284]
-- [CoreAlgorithm.TaskManager.TasksManager::System.Collections.Generic.Dictionary`2[System.Int32,CoreAlgorithm.TaskManager.TaskModule] GetTaskClass()]
-- [文件]:D:\SinteringPC\Platform\PublicClass\LogClass.cs--第27行
-- [详细]:列名 'Pipeline_id' 无效。
********************************************************
-- [ERROR]  [2014-12-04 17:27:44,292]
-- [CoreAlgorithm.TaskManager.TasksManager::System.Collections.Generic.Dictionary`2[System.Int32,CoreAlgorithm.TaskManager.TaskModule] GetTaskClass()]
-- [文件]:D:\SinteringPC\Platform\PublicClass\LogClass.cs--第27行
-- [详细]:列名 'Pipeline_id' 无效。
********************************************************
-- [ERROR]  [2014-12-04 17:27:49,300]
-- [CoreAlgorithm.TaskManager.TasksManager::System.Collections.Generic.Dictionary`2[System.Int32,CoreAlgorithm.TaskManager.TaskModule] GetTaskClass()]
-- [文件]:D:\SinteringPC\Platform\PublicClass\LogClass.cs--第27行
-- [详细]:列名 'Pipeline_id' 无效。
********************************************************
-- [ERROR]  [2014-12-04 17:27:54,307]
-- [CoreAlgorithm.TaskManager.TasksManager::System.Collections.Generic.Dictionary`2[System.Int32,CoreAlgorithm.TaskManager.TaskModule] GetTaskClass()]
-- [文件]:D:\SinteringPC\Platform\PublicClass\LogClass.cs--第27行
-- [详细]:列名 'Pipeline_id' 无效。
********************************************************
-- [ERROR]  [2014-12-04 17:27:59,315]
-- [CoreAlgorithm.TaskManager.TasksManager::System.Collections.Generic.Dictionary`2[System.Int32,CoreAlgorithm.TaskManager.TaskModule] GetTaskClass()]
-- [文件]:D:\SinteringPC\Platform\PublicClass\LogClass.cs--第27行
-- [详细]:列名 'Pipeline_id' 无效。
********************************************************
-- [ERROR]  [2014-12-04 17:28:04,323]
-- [CoreAlgorithm.TaskManager.TasksManager::System.Collections.Generic.Dictionary`2[System.Int32,CoreAlgorithm.TaskManager.TaskModule] GetTaskClass()]
-- [文件]:D:\SinteringPC\Platform\PublicClass\LogClass.cs--第27行
-- [详细]:列名 'Pipeline_id' 无效。
********************************************************
-- [ERROR]  [2014-12-04 17:28:09,330]
-- [CoreAlgorithm.TaskManager.TasksManager::System.Collections.Generic.Dictionary`2[System.Int32,CoreAlgorithm.TaskManager.TaskModule] GetTaskClass()]
-- [文件]:D:\SinteringPC\Platform\PublicClass\LogClass.cs--第27行
-- [详细]:列名 'Pipeline_id' 无效。
********************************************************
-- [ERROR]  [2014-12-04 17:28:14,338]
-- [CoreAlgorithm.TaskManager.TasksManager::System.Collections.Generic.Dictionary`2[System.Int32,CoreAlgorithm.TaskManager.TaskModule] GetTaskClass()]
-- [文件]:D:\SinteringPC\Platform\PublicClass\LogClass.cs--第27行
-- [详细]:列名 'Pipeline_id' 无效。
********************************************************
-- [ERROR]  [2014-12-04 17:28:19,345]
-- [CoreAlgorithm.TaskManager.TasksManager::System.Collections.Generic.Dictionary`2[System.Int32,CoreAlgorithm.TaskManager.TaskModule] GetTaskClass()]
-- [文件]:D:\SinteringPC\Platform\PublicClass\LogClass.cs--第27行
-- [详细]:列名 'Pipeline_id' 无效。
********************************************************
-- [ERROR]  [2014-12-04 17:28:24,353]
-- [CoreAlgorithm.TaskManager.TasksManager::System.Collections.Generic.Dictionary`2[System.Int32,CoreAlgorithm.TaskManager.TaskModule] GetTaskClass()]
-- [文件]:D:\SinteringPC\Platform\PublicClass\LogClass.cs--第27行
-- [详细]:列名 'Pipeline_id' 无效。
********************************************************
-- [ERROR]  [2014-12-04 17:28:29,361]
-- [CoreAlgorithm.TaskManager.TasksManager::System.Collections.Generic.Dictionary`2[System.Int32,CoreAlgorithm.TaskManager.TaskModule] GetTaskClass()]
-- [文件]:D:\SinteringPC\Platform\PublicClass\LogClass.cs--第27行
-- [详细]:列名 'Pipeline_id' 无效。
********************************************************
-- [ERROR]  [2014-12-04 17:28:34,368]
-- [CoreAlgorithm.TaskManager.TasksManager::System.Collections.Generic.Dictionary`2[System.Int32,CoreAlgorithm.TaskManager.TaskModule] GetTaskClass()]
-- [文件]:D:\SinteringPC\Platform\PublicClass\LogClass.cs--第27行
-- [详细]:列名 'Pipeline_id' 无效。
********************************************************
-- [ERROR]  [2014-12-04 17:28:39,375]
-- [CoreAlgorithm.TaskManager.TasksManager::System.Collections.Generic.Dictionary`2[System.Int32,CoreAlgorithm.TaskManager.TaskModule] GetTaskClass()]
-- [文件]:D:\SinteringPC\Platform\PublicClass\LogClass.cs--第27行
-- [详细]:列名 'Pipeline_id' 无效。
********************************************************
-- [ERROR]  [2014-12-04 17:28:44,383]
-- [CoreAlgorithm.TaskManager.TasksManager::System.Collections.Generic.Dictionary`2[System.Int32,CoreAlgorithm.TaskManager.TaskModule] GetTaskClass()]
-- [文件]:D:\SinteringPC\Platform\PublicClass\LogClass.cs--第27行
-- [详细]:列名 'Pipeline_id' 无效。
********************************************************
