-- [ERROR]  [2015-09-17 11:14:06,816]
-- [CoreAlgorithm.TaskManager.ForecastClass::Void RunZDYC()]
-- [文件]:D:\SinteringProControl\Platform\PublicClass\LogClass.cs--第27行
-- [详细]:列“EAid”不属于表 。
********************************************************
-- [ERROR]  [2015-09-17 11:16:32,446]
-- [CoreAlgorithm.TaskManager.ForecastClass::Void RunZDYC()]
-- [文件]:D:\SinteringProControl\Platform\PublicClass\LogClass.cs--第27行
-- [详细]:列“EAid”不属于表 。
********************************************************
-- [ERROR]  [2015-09-17 11:16:32,446]
-- [CoreAlgorithm.TaskManager.ForecastClass::Void RunZDYC()]
-- [文件]:D:\SinteringProControl\Platform\PublicClass\LogClass.cs--第27行
-- [详细]:列“EAid”不属于表 。
********************************************************
-- [ERROR]  [2015-09-17 11:16:32,592]
-- [CoreAlgorithm.TaskManager.ForecastClass::Void RunZDYC()]
-- [文件]:D:\SinteringProControl\Platform\PublicClass\LogClass.cs--第27行
-- [详细]:列“EAid”不属于表 。
********************************************************
-- [ERROR]  [2015-09-17 11:16:33,458]
-- [CoreAlgorithm.TaskManager.ForecastClass::Void RunZDYC()]
-- [文件]:D:\SinteringProControl\Platform\PublicClass\LogClass.cs--第27行
-- [详细]:列“EAid”不属于表 。
********************************************************
-- [ERROR]  [2015-09-17 11:16:34,478]
-- [CoreAlgorithm.TaskManager.ForecastClass::Void RunZDYC()]
-- [文件]:D:\SinteringProControl\Platform\PublicClass\LogClass.cs--第27行
-- [详细]:列“EAid”不属于表 。
********************************************************
-- [ERROR]  [2015-09-17 11:16:35,500]
-- [CoreAlgorithm.TaskManager.ForecastClass::Void RunZDYC()]
-- [文件]:D:\SinteringProControl\Platform\PublicClass\LogClass.cs--第27行
-- [详细]:列“EAid”不属于表 。
********************************************************
-- [ERROR]  [2015-09-17 11:16:36,496]
-- [CoreAlgorithm.TaskManager.ForecastClass::Void RunZDYC()]
-- [文件]:D:\SinteringProControl\Platform\PublicClass\LogClass.cs--第27行
-- [详细]:列“EAid”不属于表 。
********************************************************
-- [ERROR]  [2015-09-17 11:16:37,548]
-- [CoreAlgorithm.TaskManager.ForecastClass::Void RunZDYC()]
-- [文件]:D:\SinteringProControl\Platform\PublicClass\LogClass.cs--第27行
-- [详细]:列“EAid”不属于表 。
********************************************************
-- [ERROR]  [2015-09-17 11:16:38,530]
-- [CoreAlgorithm.TaskManager.ForecastClass::Void RunZDYC()]
-- [文件]:D:\SinteringProControl\Platform\PublicClass\LogClass.cs--第27行
-- [详细]:列“EAid”不属于表 。
********************************************************
-- [ERROR]  [2015-09-17 11:16:39,547]
-- [CoreAlgorithm.TaskManager.ForecastClass::Void RunZDYC()]
-- [文件]:D:\SinteringProControl\Platform\PublicClass\LogClass.cs--第27行
-- [详细]:列“EAid”不属于表 。
********************************************************
-- [ERROR]  [2015-09-17 11:16:40,577]
-- [CoreAlgorithm.TaskManager.ForecastClass::Void RunZDYC()]
-- [文件]:D:\SinteringProControl\Platform\PublicClass\LogClass.cs--第27行
-- [详细]:列“EAid”不属于表 。
********************************************************
-- [ERROR]  [2015-09-17 11:16:41,572]
-- [CoreAlgorithm.TaskManager.ForecastClass::Void RunZDYC()]
-- [文件]:D:\SinteringProControl\Platform\PublicClass\LogClass.cs--第27行
-- [详细]:列“EAid”不属于表 。
********************************************************
-- [ERROR]  [2015-09-17 11:16:42,607]
-- [CoreAlgorithm.TaskManager.ForecastClass::Void RunZDYC()]
-- [文件]:D:\SinteringProControl\Platform\PublicClass\LogClass.cs--第27行
-- [详细]:列“EAid”不属于表 。
********************************************************
-- [ERROR]  [2015-09-17 11:16:43,609]
-- [CoreAlgorithm.TaskManager.ForecastClass::Void RunZDYC()]
-- [文件]:D:\SinteringProControl\Platform\PublicClass\LogClass.cs--第27行
-- [详细]:列“EAid”不属于表 。
********************************************************
