-- [ERROR]  [2015-08-13 15:07:03,024]
-- [CoreAlgorithm.TaskManager.ForecastClass::Void RunZDYC()]
-- [文件]:D:\SinteringProControl\Platform\PublicClass\LogClass.cs--第27行
-- [详细]:列“uuid”不属于表 。
********************************************************
-- [ERROR]  [2015-08-13 15:07:03,446]
-- [CoreAlgorithm.TaskManager.ForecastClass::Void RunZDYC()]
-- [文件]:D:\SinteringProControl\Platform\PublicClass\LogClass.cs--第27行
-- [详细]:列“uuid”不属于表 。
********************************************************
-- [ERROR]  [2015-08-13 15:07:04,475]
-- [CoreAlgorithm.TaskManager.ForecastClass::Void RunZDYC()]
-- [文件]:D:\SinteringProControl\Platform\PublicClass\LogClass.cs--第27行
-- [详细]:列“uuid”不属于表 。
********************************************************
-- [ERROR]  [2015-08-13 15:07:05,487]
-- [CoreAlgorithm.TaskManager.ForecastClass::Void RunZDYC()]
-- [文件]:D:\SinteringProControl\Platform\PublicClass\LogClass.cs--第27行
-- [详细]:列“uuid”不属于表 。
********************************************************
-- [ERROR]  [2015-08-13 15:07:06,501]
-- [CoreAlgorithm.TaskManager.ForecastClass::Void RunZDYC()]
-- [文件]:D:\SinteringProControl\Platform\PublicClass\LogClass.cs--第27行
-- [详细]:列“uuid”不属于表 。
********************************************************
-- [ERROR]  [2015-08-13 15:07:07,515]
-- [CoreAlgorithm.TaskManager.ForecastClass::Void RunZDYC()]
-- [文件]:D:\SinteringProControl\Platform\PublicClass\LogClass.cs--第27行
-- [详细]:列“uuid”不属于表 。
********************************************************
-- [ERROR]  [2015-08-13 15:07:08,529]
-- [CoreAlgorithm.TaskManager.ForecastClass::Void RunZDYC()]
-- [文件]:D:\SinteringProControl\Platform\PublicClass\LogClass.cs--第27行
-- [详细]:列“uuid”不属于表 。
********************************************************
-- [ERROR]  [2015-08-13 15:07:09,518]
-- [CoreAlgorithm.TaskManager.ForecastClass::Void RunZDYC()]
-- [文件]:D:\SinteringProControl\Platform\PublicClass\LogClass.cs--第27行
-- [详细]:列“uuid”不属于表 。
********************************************************
-- [ERROR]  [2015-08-13 15:07:10,527]
-- [CoreAlgorithm.TaskManager.ForecastClass::Void RunZDYC()]
-- [文件]:D:\SinteringProControl\Platform\PublicClass\LogClass.cs--第27行
-- [详细]:列“uuid”不属于表 。
********************************************************
-- [ERROR]  [2015-08-13 15:07:11,557]
-- [CoreAlgorithm.TaskManager.ForecastClass::Void RunZDYC()]
-- [文件]:D:\SinteringProControl\Platform\PublicClass\LogClass.cs--第27行
-- [详细]:列“uuid”不属于表 。
********************************************************
-- [ERROR]  [2015-08-13 15:07:12,571]
-- [CoreAlgorithm.TaskManager.ForecastClass::Void RunZDYC()]
-- [文件]:D:\SinteringProControl\Platform\PublicClass\LogClass.cs--第27行
-- [详细]:列“uuid”不属于表 。
********************************************************
-- [ERROR]  [2015-08-13 15:07:13,600]
-- [CoreAlgorithm.TaskManager.ForecastClass::Void RunZDYC()]
-- [文件]:D:\SinteringProControl\Platform\PublicClass\LogClass.cs--第27行
-- [详细]:列“uuid”不属于表 。
********************************************************
-- [ERROR]  [2015-08-13 15:07:14,614]
-- [CoreAlgorithm.TaskManager.ForecastClass::Void RunZDYC()]
-- [文件]:D:\SinteringProControl\Platform\PublicClass\LogClass.cs--第27行
-- [详细]:列“uuid”不属于表 。
********************************************************
-- [ERROR]  [2015-08-13 15:07:15,613]
-- [CoreAlgorithm.TaskManager.ForecastClass::Void RunZDYC()]
-- [文件]:D:\SinteringProControl\Platform\PublicClass\LogClass.cs--第27行
-- [详细]:列“uuid”不属于表 。
********************************************************
-- [ERROR]  [2015-08-13 15:07:16,627]
-- [CoreAlgorithm.TaskManager.ForecastClass::Void RunZDYC()]
-- [文件]:D:\SinteringProControl\Platform\PublicClass\LogClass.cs--第27行
-- [详细]:列“uuid”不属于表 。
********************************************************
-- [ERROR]  [2015-08-13 15:07:17,656]
-- [CoreAlgorithm.TaskManager.ForecastClass::Void RunZDYC()]
-- [文件]:D:\SinteringProControl\Platform\PublicClass\LogClass.cs--第27行
-- [详细]:列“uuid”不属于表 。
********************************************************
-- [ERROR]  [2015-08-13 15:07:18,670]
-- [CoreAlgorithm.TaskManager.ForecastClass::Void RunZDYC()]
-- [文件]:D:\SinteringProControl\Platform\PublicClass\LogClass.cs--第27行
-- [详细]:列“uuid”不属于表 。
********************************************************
-- [ERROR]  [2015-08-13 15:12:42,252]
-- [CoreAlgorithm.TaskManager.ForecastClass::Void RunZDYC()]
-- [文件]:D:\SinteringProControl\Platform\PublicClass\LogClass.cs--第27行
-- [详细]:列“uuid”不属于表 。
********************************************************
-- [ERROR]  [2015-08-13 15:12:42,252]
-- [CoreAlgorithm.TaskManager.ForecastClass::Void RunZDYC()]
-- [文件]:D:\SinteringProControl\Platform\PublicClass\LogClass.cs--第27行
-- [详细]:列“uuid”不属于表 。
********************************************************
-- [ERROR]  [2015-08-13 15:12:42,252]
-- [CoreAlgorithm.TaskManager.ForecastClass::Void RunZDYC()]
-- [文件]:D:\SinteringProControl\Platform\PublicClass\LogClass.cs--第27行
-- [详细]:列“uuid”不属于表 。
********************************************************
-- [ERROR]  [2015-08-13 15:12:42,252]
-- [CoreAlgorithm.TaskManager.ForecastClass::Void RunZDYC()]
-- [文件]:D:\SinteringProControl\Platform\PublicClass\LogClass.cs--第27行
-- [详细]:列“uuid”不属于表 。
********************************************************
-- [ERROR]  [2015-08-13 15:12:42,876]
-- [CoreAlgorithm.TaskManager.ForecastClass::Void RunZDYC()]
-- [文件]:D:\SinteringProControl\Platform\PublicClass\LogClass.cs--第27行
-- [详细]:列“uuid”不属于表 。
********************************************************
-- [ERROR]  [2015-08-13 15:12:43,859]
-- [CoreAlgorithm.TaskManager.ForecastClass::Void RunZDYC()]
-- [文件]:D:\SinteringProControl\Platform\PublicClass\LogClass.cs--第27行
-- [详细]:列“uuid”不属于表 。
********************************************************
-- [ERROR]  [2015-08-13 15:12:44,840]
-- [CoreAlgorithm.TaskManager.ForecastClass::Void RunZDYC()]
-- [文件]:D:\SinteringProControl\Platform\PublicClass\LogClass.cs--第27行
-- [详细]:列“uuid”不属于表 。
********************************************************
-- [ERROR]  [2015-08-13 15:12:45,854]
-- [CoreAlgorithm.TaskManager.ForecastClass::Void RunZDYC()]
-- [文件]:D:\SinteringProControl\Platform\PublicClass\LogClass.cs--第27行
-- [详细]:列“uuid”不属于表 。
********************************************************
-- [ERROR]  [2015-08-13 15:12:46,946]
-- [CoreAlgorithm.TaskManager.ForecastClass::Void RunZDYC()]
-- [文件]:D:\SinteringProControl\Platform\PublicClass\LogClass.cs--第27行
-- [详细]:列“uuid”不属于表 。
********************************************************
-- [ERROR]  [2015-08-13 15:12:47,960]
-- [CoreAlgorithm.TaskManager.ForecastClass::Void RunZDYC()]
-- [文件]:D:\SinteringProControl\Platform\PublicClass\LogClass.cs--第27行
-- [详细]:列“uuid”不属于表 。
********************************************************
-- [ERROR]  [2015-08-13 15:12:48,974]
-- [CoreAlgorithm.TaskManager.ForecastClass::Void RunZDYC()]
-- [文件]:D:\SinteringProControl\Platform\PublicClass\LogClass.cs--第27行
-- [详细]:列“uuid”不属于表 。
********************************************************
-- [ERROR]  [2015-08-13 15:12:49,973]
-- [CoreAlgorithm.TaskManager.ForecastClass::Void RunZDYC()]
-- [文件]:D:\SinteringProControl\Platform\PublicClass\LogClass.cs--第27行
-- [详细]:列“uuid”不属于表 。
********************************************************
-- [ERROR]  [2015-08-13 15:12:51,018]
-- [CoreAlgorithm.TaskManager.ForecastClass::Void RunZDYC()]
-- [文件]:D:\SinteringProControl\Platform\PublicClass\LogClass.cs--第27行
-- [详细]:列“uuid”不属于表 。
********************************************************
-- [ERROR]  [2015-08-13 15:12:52,016]
-- [CoreAlgorithm.TaskManager.ForecastClass::Void RunZDYC()]
-- [文件]:D:\SinteringProControl\Platform\PublicClass\LogClass.cs--第27行
-- [详细]:列“uuid”不属于表 。
********************************************************
-- [ERROR]  [2015-08-13 15:12:53,030]
-- [CoreAlgorithm.TaskManager.ForecastClass::Void RunZDYC()]
-- [文件]:D:\SinteringProControl\Platform\PublicClass\LogClass.cs--第27行
-- [详细]:列“uuid”不属于表 。
********************************************************
-- [ERROR]  [2015-08-13 15:12:54,044]
-- [CoreAlgorithm.TaskManager.ForecastClass::Void RunZDYC()]
-- [文件]:D:\SinteringProControl\Platform\PublicClass\LogClass.cs--第27行
-- [详细]:列“uuid”不属于表 。
********************************************************
-- [ERROR]  [2015-08-13 15:12:55,058]
-- [CoreAlgorithm.TaskManager.ForecastClass::Void RunZDYC()]
-- [文件]:D:\SinteringProControl\Platform\PublicClass\LogClass.cs--第27行
-- [详细]:列“uuid”不属于表 。
********************************************************
-- [ERROR]  [2015-08-13 15:12:56,119]
-- [CoreAlgorithm.TaskManager.ForecastClass::Void RunZDYC()]
-- [文件]:D:\SinteringProControl\Platform\PublicClass\LogClass.cs--第27行
-- [详细]:列“uuid”不属于表 。
********************************************************
-- [ERROR]  [2015-08-13 15:12:57,086]
-- [CoreAlgorithm.TaskManager.ForecastClass::Void RunZDYC()]
-- [文件]:D:\SinteringProControl\Platform\PublicClass\LogClass.cs--第27行
-- [详细]:列“uuid”不属于表 。
********************************************************
-- [ERROR]  [2015-08-13 15:12:58,054]
-- [CoreAlgorithm.TaskManager.ForecastClass::Void RunZDYC()]
-- [文件]:D:\SinteringProControl\Platform\PublicClass\LogClass.cs--第27行
-- [详细]:列“uuid”不属于表 。
********************************************************
-- [ERROR]  [2015-08-13 15:12:59,068]
-- [CoreAlgorithm.TaskManager.ForecastClass::Void RunZDYC()]
-- [文件]:D:\SinteringProControl\Platform\PublicClass\LogClass.cs--第27行
-- [详细]:列“uuid”不属于表 。
********************************************************
-- [ERROR]  [2015-08-13 15:13:00,128]
-- [CoreAlgorithm.TaskManager.ForecastClass::Void RunZDYC()]
-- [文件]:D:\SinteringProControl\Platform\PublicClass\LogClass.cs--第27行
-- [详细]:列“uuid”不属于表 。
********************************************************
-- [ERROR]  [2015-08-13 15:13:01,111]
-- [CoreAlgorithm.TaskManager.ForecastClass::Void RunZDYC()]
-- [文件]:D:\SinteringProControl\Platform\PublicClass\LogClass.cs--第27行
-- [详细]:列“uuid”不属于表 。
********************************************************
-- [ERROR]  [2015-08-13 15:13:02,234]
-- [CoreAlgorithm.TaskManager.ForecastClass::Void RunZDYC()]
-- [文件]:D:\SinteringProControl\Platform\PublicClass\LogClass.cs--第27行
-- [详细]:列“uuid”不属于表 。
********************************************************
-- [ERROR]  [2015-08-13 15:13:03,124]
-- [CoreAlgorithm.TaskManager.ForecastClass::Void RunZDYC()]
-- [文件]:D:\SinteringProControl\Platform\PublicClass\LogClass.cs--第27行
-- [详细]:列“uuid”不属于表 。
********************************************************
-- [ERROR]  [2015-08-13 15:13:04,122]
-- [CoreAlgorithm.TaskManager.ForecastClass::Void RunZDYC()]
-- [文件]:D:\SinteringProControl\Platform\PublicClass\LogClass.cs--第27行
-- [详细]:列“uuid”不属于表 。
********************************************************
-- [ERROR]  [2015-08-13 15:13:05,152]
-- [CoreAlgorithm.TaskManager.ForecastClass::Void RunZDYC()]
-- [文件]:D:\SinteringProControl\Platform\PublicClass\LogClass.cs--第27行
-- [详细]:列“uuid”不属于表 。
********************************************************
-- [ERROR]  [2015-08-13 15:15:03,529]
-- [CoreAlgorithm.TaskManager.ForecastClass::Void RunZDYC()]
-- [文件]:D:\SinteringProControl\Platform\PublicClass\LogClass.cs--第27行
-- [详细]:列“uuid”不属于表 。
********************************************************
