-- [WARN]  [2016-09-08 15:25:50,399]
-- [MonitorScreen.SinteringPro::Void timerSinteringPro_Tick(System.Object, System.EventArgs)]
-- [文件]:D:\SinteringProControl\Platform\PublicClass\LogClass.cs--第21行
-- [详细]:终点异常，计算失效，终点温度小于300℃
********************************************************
-- [WARN]  [2016-09-08 15:25:53,757]
-- [MonitorScreen.SinteringPro::Void timerSinteringPro_Tick(System.Object, System.EventArgs)]
-- [文件]:D:\SinteringProControl\Platform\PublicClass\LogClass.cs--第21行
-- [详细]:终点异常，计算失效，终点温度小于300℃
********************************************************
-- [WARN]  [2016-09-08 15:25:55,777]
-- [MonitorScreen.SinteringPro::Void timerSinteringPro_Tick(System.Object, System.EventArgs)]
-- [文件]:D:\SinteringProControl\Platform\PublicClass\LogClass.cs--第21行
-- [详细]:终点异常，计算失效，终点温度小于300℃
********************************************************
-- [WARN]  [2016-09-08 15:25:57,777]
-- [MonitorScreen.SinteringPro::Void timerSinteringPro_Tick(System.Object, System.EventArgs)]
-- [文件]:D:\SinteringProControl\Platform\PublicClass\LogClass.cs--第21行
-- [详细]:终点异常，计算失效，终点温度小于300℃
********************************************************
-- [WARN]  [2016-09-08 15:25:59,787]
-- [MonitorScreen.SinteringPro::Void timerSinteringPro_Tick(System.Object, System.EventArgs)]
-- [文件]:D:\SinteringProControl\Platform\PublicClass\LogClass.cs--第21行
-- [详细]:终点异常，计算失效，终点温度小于300℃
********************************************************
-- [WARN]  [2016-09-08 15:26:01,827]
-- [MonitorScreen.SinteringPro::Void timerSinteringPro_Tick(System.Object, System.EventArgs)]
-- [文件]:D:\SinteringProControl\Platform\PublicClass\LogClass.cs--第21行
-- [详细]:终点异常，计算失效，终点温度小于300℃
********************************************************
-- [WARN]  [2016-09-08 15:26:03,837]
-- [MonitorScreen.SinteringPro::Void timerSinteringPro_Tick(System.Object, System.EventArgs)]
-- [文件]:D:\SinteringProControl\Platform\PublicClass\LogClass.cs--第21行
-- [详细]:终点异常，计算失效，终点温度小于300℃
********************************************************
-- [WARN]  [2016-09-08 15:26:05,827]
-- [MonitorScreen.SinteringPro::Void timerSinteringPro_Tick(System.Object, System.EventArgs)]
-- [文件]:D:\SinteringProControl\Platform\PublicClass\LogClass.cs--第21行
-- [详细]:终点异常，计算失效，终点温度小于300℃
********************************************************
-- [WARN]  [2016-09-08 15:26:07,857]
-- [MonitorScreen.SinteringPro::Void timerSinteringPro_Tick(System.Object, System.EventArgs)]
-- [文件]:D:\SinteringProControl\Platform\PublicClass\LogClass.cs--第21行
-- [详细]:终点异常，计算失效，终点温度小于300℃
********************************************************
-- [WARN]  [2016-09-08 15:26:09,877]
-- [MonitorScreen.SinteringPro::Void timerSinteringPro_Tick(System.Object, System.EventArgs)]
-- [文件]:D:\SinteringProControl\Platform\PublicClass\LogClass.cs--第21行
-- [详细]:终点异常，计算失效，终点温度小于300℃
********************************************************
-- [WARN]  [2016-09-08 15:26:11,919]
-- [MonitorScreen.SinteringPro::Void timerSinteringPro_Tick(System.Object, System.EventArgs)]
-- [文件]:D:\SinteringProControl\Platform\PublicClass\LogClass.cs--第21行
-- [详细]:终点异常，计算失效，终点温度小于300℃
********************************************************
-- [WARN]  [2016-09-08 15:26:13,899]
-- [MonitorScreen.SinteringPro::Void timerSinteringPro_Tick(System.Object, System.EventArgs)]
-- [文件]:D:\SinteringProControl\Platform\PublicClass\LogClass.cs--第21行
-- [详细]:终点异常，计算失效，终点温度小于300℃
********************************************************
-- [WARN]  [2016-09-08 15:26:15,909]
-- [MonitorScreen.SinteringPro::Void timerSinteringPro_Tick(System.Object, System.EventArgs)]
-- [文件]:D:\SinteringProControl\Platform\PublicClass\LogClass.cs--第21行
-- [详细]:终点异常，计算失效，终点温度小于300℃
********************************************************
-- [WARN]  [2016-09-08 15:26:17,919]
-- [MonitorScreen.SinteringPro::Void timerSinteringPro_Tick(System.Object, System.EventArgs)]
-- [文件]:D:\SinteringProControl\Platform\PublicClass\LogClass.cs--第21行
-- [详细]:终点异常，计算失效，终点温度小于300℃
********************************************************
-- [WARN]  [2016-09-08 15:26:19,934]
-- [MonitorScreen.SinteringPro::Void timerSinteringPro_Tick(System.Object, System.EventArgs)]
-- [文件]:D:\SinteringProControl\Platform\PublicClass\LogClass.cs--第21行
-- [详细]:终点异常，计算失效，终点温度小于300℃
********************************************************
-- [WARN]  [2016-09-08 15:26:21,954]
-- [MonitorScreen.SinteringPro::Void timerSinteringPro_Tick(System.Object, System.EventArgs)]
-- [文件]:D:\SinteringProControl\Platform\PublicClass\LogClass.cs--第21行
-- [详细]:终点异常，计算失效，终点温度小于300℃
********************************************************
-- [WARN]  [2016-09-08 15:26:23,964]
-- [MonitorScreen.SinteringPro::Void timerSinteringPro_Tick(System.Object, System.EventArgs)]
-- [文件]:D:\SinteringProControl\Platform\PublicClass\LogClass.cs--第21行
-- [详细]:终点异常，计算失效，终点温度小于300℃
********************************************************
-- [WARN]  [2016-09-08 15:26:25,974]
-- [MonitorScreen.SinteringPro::Void timerSinteringPro_Tick(System.Object, System.EventArgs)]
-- [文件]:D:\SinteringProControl\Platform\PublicClass\LogClass.cs--第21行
-- [详细]:终点异常，计算失效，终点温度小于300℃
********************************************************
-- [WARN]  [2016-09-08 15:26:27,984]
-- [MonitorScreen.SinteringPro::Void timerSinteringPro_Tick(System.Object, System.EventArgs)]
-- [文件]:D:\SinteringProControl\Platform\PublicClass\LogClass.cs--第21行
-- [详细]:终点异常，计算失效，终点温度小于300℃
********************************************************
-- [WARN]  [2016-09-08 15:26:29,974]
-- [MonitorScreen.SinteringPro::Void timerSinteringPro_Tick(System.Object, System.EventArgs)]
-- [文件]:D:\SinteringProControl\Platform\PublicClass\LogClass.cs--第21行
-- [详细]:终点异常，计算失效，终点温度小于300℃
********************************************************
-- [WARN]  [2016-09-08 15:26:31,994]
-- [MonitorScreen.SinteringPro::Void timerSinteringPro_Tick(System.Object, System.EventArgs)]
-- [文件]:D:\SinteringProControl\Platform\PublicClass\LogClass.cs--第21行
-- [详细]:终点异常，计算失效，终点温度小于300℃
********************************************************
-- [WARN]  [2016-09-08 15:26:34,014]
-- [MonitorScreen.SinteringPro::Void timerSinteringPro_Tick(System.Object, System.EventArgs)]
-- [文件]:D:\SinteringProControl\Platform\PublicClass\LogClass.cs--第21行
-- [详细]:终点异常，计算失效，终点温度小于300℃
********************************************************
-- [WARN]  [2016-09-08 15:26:36,014]
-- [MonitorScreen.SinteringPro::Void timerSinteringPro_Tick(System.Object, System.EventArgs)]
-- [文件]:D:\SinteringProControl\Platform\PublicClass\LogClass.cs--第21行
-- [详细]:终点异常，计算失效，终点温度小于300℃
********************************************************
-- [WARN]  [2016-09-08 15:26:38,044]
-- [MonitorScreen.SinteringPro::Void timerSinteringPro_Tick(System.Object, System.EventArgs)]
-- [文件]:D:\SinteringProControl\Platform\PublicClass\LogClass.cs--第21行
-- [详细]:终点异常，计算失效，终点温度小于300℃
********************************************************
-- [WARN]  [2016-09-08 15:26:40,034]
-- [MonitorScreen.SinteringPro::Void timerSinteringPro_Tick(System.Object, System.EventArgs)]
-- [文件]:D:\SinteringProControl\Platform\PublicClass\LogClass.cs--第21行
-- [详细]:终点异常，计算失效，终点温度小于300℃
********************************************************
-- [WARN]  [2016-09-08 15:26:42,084]
-- [MonitorScreen.SinteringPro::Void timerSinteringPro_Tick(System.Object, System.EventArgs)]
-- [文件]:D:\SinteringProControl\Platform\PublicClass\LogClass.cs--第21行
-- [详细]:终点异常，计算失效，终点温度小于300℃
********************************************************
-- [WARN]  [2016-09-08 15:26:44,084]
-- [MonitorScreen.SinteringPro::Void timerSinteringPro_Tick(System.Object, System.EventArgs)]
-- [文件]:D:\SinteringProControl\Platform\PublicClass\LogClass.cs--第21行
-- [详细]:终点异常，计算失效，终点温度小于300℃
********************************************************
-- [WARN]  [2016-09-08 15:26:46,091]
-- [MonitorScreen.SinteringPro::Void timerSinteringPro_Tick(System.Object, System.EventArgs)]
-- [文件]:D:\SinteringProControl\Platform\PublicClass\LogClass.cs--第21行
-- [详细]:终点异常，计算失效，终点温度小于300℃
********************************************************
-- [WARN]  [2016-09-08 15:26:48,109]
-- [MonitorScreen.SinteringPro::Void timerSinteringPro_Tick(System.Object, System.EventArgs)]
-- [文件]:D:\SinteringProControl\Platform\PublicClass\LogClass.cs--第21行
-- [详细]:终点异常，计算失效，终点温度小于300℃
********************************************************
-- [WARN]  [2016-09-08 15:26:50,121]
-- [MonitorScreen.SinteringPro::Void timerSinteringPro_Tick(System.Object, System.EventArgs)]
-- [文件]:D:\SinteringProControl\Platform\PublicClass\LogClass.cs--第21行
-- [详细]:终点异常，计算失效，终点温度小于300℃
********************************************************
-- [WARN]  [2016-09-08 15:26:52,165]
-- [MonitorScreen.SinteringPro::Void timerSinteringPro_Tick(System.Object, System.EventArgs)]
-- [文件]:D:\SinteringProControl\Platform\PublicClass\LogClass.cs--第21行
-- [详细]:终点异常，计算失效，终点温度小于300℃
********************************************************
-- [WARN]  [2016-09-08 15:26:54,146]
-- [MonitorScreen.SinteringPro::Void timerSinteringPro_Tick(System.Object, System.EventArgs)]
-- [文件]:D:\SinteringProControl\Platform\PublicClass\LogClass.cs--第21行
-- [详细]:终点异常，计算失效，终点温度小于300℃
********************************************************
-- [WARN]  [2016-09-08 15:26:56,156]
-- [MonitorScreen.SinteringPro::Void timerSinteringPro_Tick(System.Object, System.EventArgs)]
-- [文件]:D:\SinteringProControl\Platform\PublicClass\LogClass.cs--第21行
-- [详细]:终点异常，计算失效，终点温度小于300℃
********************************************************
-- [WARN]  [2016-09-08 15:26:58,166]
-- [MonitorScreen.SinteringPro::Void timerSinteringPro_Tick(System.Object, System.EventArgs)]
-- [文件]:D:\SinteringProControl\Platform\PublicClass\LogClass.cs--第21行
-- [详细]:终点异常，计算失效，终点温度小于300℃
********************************************************
-- [WARN]  [2016-09-08 15:27:00,186]
-- [MonitorScreen.SinteringPro::Void timerSinteringPro_Tick(System.Object, System.EventArgs)]
-- [文件]:D:\SinteringProControl\Platform\PublicClass\LogClass.cs--第21行
-- [详细]:终点异常，计算失效，终点温度小于300℃
********************************************************
-- [WARN]  [2016-09-08 15:27:02,216]
-- [MonitorScreen.SinteringPro::Void timerSinteringPro_Tick(System.Object, System.EventArgs)]
-- [文件]:D:\SinteringProControl\Platform\PublicClass\LogClass.cs--第21行
-- [详细]:终点异常，计算失效，终点温度小于300℃
********************************************************
-- [WARN]  [2016-09-08 15:27:04,206]
-- [MonitorScreen.SinteringPro::Void timerSinteringPro_Tick(System.Object, System.EventArgs)]
-- [文件]:D:\SinteringProControl\Platform\PublicClass\LogClass.cs--第21行
-- [详细]:终点异常，计算失效，终点温度小于300℃
********************************************************
-- [WARN]  [2016-09-08 15:27:06,216]
-- [MonitorScreen.SinteringPro::Void timerSinteringPro_Tick(System.Object, System.EventArgs)]
-- [文件]:D:\SinteringProControl\Platform\PublicClass\LogClass.cs--第21行
-- [详细]:终点异常，计算失效，终点温度小于300℃
********************************************************
-- [WARN]  [2016-09-08 15:27:08,236]
-- [MonitorScreen.SinteringPro::Void timerSinteringPro_Tick(System.Object, System.EventArgs)]
-- [文件]:D:\SinteringProControl\Platform\PublicClass\LogClass.cs--第21行
-- [详细]:终点异常，计算失效，终点温度小于300℃
********************************************************
-- [WARN]  [2016-09-08 15:27:10,246]
-- [MonitorScreen.SinteringPro::Void timerSinteringPro_Tick(System.Object, System.EventArgs)]
-- [文件]:D:\SinteringProControl\Platform\PublicClass\LogClass.cs--第21行
-- [详细]:终点异常，计算失效，终点温度小于300℃
********************************************************
-- [WARN]  [2016-09-08 15:27:12,276]
-- [MonitorScreen.SinteringPro::Void timerSinteringPro_Tick(System.Object, System.EventArgs)]
-- [文件]:D:\SinteringProControl\Platform\PublicClass\LogClass.cs--第21行
-- [详细]:终点异常，计算失效，终点温度小于300℃
********************************************************
-- [WARN]  [2016-09-08 15:27:14,266]
-- [MonitorScreen.SinteringPro::Void timerSinteringPro_Tick(System.Object, System.EventArgs)]
-- [文件]:D:\SinteringProControl\Platform\PublicClass\LogClass.cs--第21行
-- [详细]:终点异常，计算失效，终点温度小于300℃
********************************************************
-- [WARN]  [2016-09-08 15:27:16,287]
-- [MonitorScreen.SinteringPro::Void timerSinteringPro_Tick(System.Object, System.EventArgs)]
-- [文件]:D:\SinteringProControl\Platform\PublicClass\LogClass.cs--第21行
-- [详细]:终点异常，计算失效，终点温度小于300℃
********************************************************
-- [WARN]  [2016-09-08 15:27:18,287]
-- [MonitorScreen.SinteringPro::Void timerSinteringPro_Tick(System.Object, System.EventArgs)]
-- [文件]:D:\SinteringProControl\Platform\PublicClass\LogClass.cs--第21行
-- [详细]:终点异常，计算失效，终点温度小于300℃
********************************************************
-- [WARN]  [2016-09-08 15:27:20,290]
-- [MonitorScreen.SinteringPro::Void timerSinteringPro_Tick(System.Object, System.EventArgs)]
-- [文件]:D:\SinteringProControl\Platform\PublicClass\LogClass.cs--第21行
-- [详细]:终点异常，计算失效，终点温度小于300℃
********************************************************
-- [WARN]  [2016-09-08 15:27:22,340]
-- [MonitorScreen.SinteringPro::Void timerSinteringPro_Tick(System.Object, System.EventArgs)]
-- [文件]:D:\SinteringProControl\Platform\PublicClass\LogClass.cs--第21行
-- [详细]:终点异常，计算失效，终点温度小于300℃
********************************************************
-- [WARN]  [2016-09-08 15:27:24,330]
-- [MonitorScreen.SinteringPro::Void timerSinteringPro_Tick(System.Object, System.EventArgs)]
-- [文件]:D:\SinteringProControl\Platform\PublicClass\LogClass.cs--第21行
-- [详细]:终点异常，计算失效，终点温度小于300℃
********************************************************
-- [WARN]  [2016-09-08 15:27:26,330]
-- [MonitorScreen.SinteringPro::Void timerSinteringPro_Tick(System.Object, System.EventArgs)]
-- [文件]:D:\SinteringProControl\Platform\PublicClass\LogClass.cs--第21行
-- [详细]:终点异常，计算失效，终点温度小于300℃
********************************************************
-- [WARN]  [2016-09-08 15:27:28,344]
-- [MonitorScreen.SinteringPro::Void timerSinteringPro_Tick(System.Object, System.EventArgs)]
-- [文件]:D:\SinteringProControl\Platform\PublicClass\LogClass.cs--第21行
-- [详细]:终点异常，计算失效，终点温度小于300℃
********************************************************
-- [WARN]  [2016-09-08 15:27:30,364]
-- [MonitorScreen.SinteringPro::Void timerSinteringPro_Tick(System.Object, System.EventArgs)]
-- [文件]:D:\SinteringProControl\Platform\PublicClass\LogClass.cs--第21行
-- [详细]:终点异常，计算失效，终点温度小于300℃
********************************************************
-- [WARN]  [2016-09-08 15:27:32,404]
-- [MonitorScreen.SinteringPro::Void timerSinteringPro_Tick(System.Object, System.EventArgs)]
-- [文件]:D:\SinteringProControl\Platform\PublicClass\LogClass.cs--第21行
-- [详细]:终点异常，计算失效，终点温度小于300℃
********************************************************
-- [WARN]  [2016-09-08 15:27:34,394]
-- [MonitorScreen.SinteringPro::Void timerSinteringPro_Tick(System.Object, System.EventArgs)]
-- [文件]:D:\SinteringProControl\Platform\PublicClass\LogClass.cs--第21行
-- [详细]:终点异常，计算失效，终点温度小于300℃
********************************************************
-- [WARN]  [2016-09-08 15:27:36,394]
-- [MonitorScreen.SinteringPro::Void timerSinteringPro_Tick(System.Object, System.EventArgs)]
-- [文件]:D:\SinteringProControl\Platform\PublicClass\LogClass.cs--第21行
-- [详细]:终点异常，计算失效，终点温度小于300℃
********************************************************
-- [WARN]  [2016-09-08 15:27:38,424]
-- [MonitorScreen.SinteringPro::Void timerSinteringPro_Tick(System.Object, System.EventArgs)]
-- [文件]:D:\SinteringProControl\Platform\PublicClass\LogClass.cs--第21行
-- [详细]:终点异常，计算失效，终点温度小于300℃
********************************************************
-- [WARN]  [2016-09-08 15:27:40,434]
-- [MonitorScreen.SinteringPro::Void timerSinteringPro_Tick(System.Object, System.EventArgs)]
-- [文件]:D:\SinteringProControl\Platform\PublicClass\LogClass.cs--第21行
-- [详细]:终点异常，计算失效，终点温度小于300℃
********************************************************
-- [WARN]  [2016-09-08 15:27:42,474]
-- [MonitorScreen.SinteringPro::Void timerSinteringPro_Tick(System.Object, System.EventArgs)]
-- [文件]:D:\SinteringProControl\Platform\PublicClass\LogClass.cs--第21行
-- [详细]:终点异常，计算失效，终点温度小于300℃
********************************************************
-- [WARN]  [2016-09-08 15:27:44,454]
-- [MonitorScreen.SinteringPro::Void timerSinteringPro_Tick(System.Object, System.EventArgs)]
-- [文件]:D:\SinteringProControl\Platform\PublicClass\LogClass.cs--第21行
-- [详细]:终点异常，计算失效，终点温度小于300℃
********************************************************
-- [WARN]  [2016-09-08 15:27:46,474]
-- [MonitorScreen.SinteringPro::Void timerSinteringPro_Tick(System.Object, System.EventArgs)]
-- [文件]:D:\SinteringProControl\Platform\PublicClass\LogClass.cs--第21行
-- [详细]:终点异常，计算失效，终点温度小于300℃
********************************************************
-- [WARN]  [2016-09-08 15:27:48,484]
-- [MonitorScreen.SinteringPro::Void timerSinteringPro_Tick(System.Object, System.EventArgs)]
-- [文件]:D:\SinteringProControl\Platform\PublicClass\LogClass.cs--第21行
-- [详细]:终点异常，计算失效，终点温度小于300℃
********************************************************
-- [WARN]  [2016-09-08 15:27:50,494]
-- [MonitorScreen.SinteringPro::Void timerSinteringPro_Tick(System.Object, System.EventArgs)]
-- [文件]:D:\SinteringProControl\Platform\PublicClass\LogClass.cs--第21行
-- [详细]:终点异常，计算失效，终点温度小于300℃
********************************************************
-- [WARN]  [2016-09-08 15:27:52,524]
-- [MonitorScreen.SinteringPro::Void timerSinteringPro_Tick(System.Object, System.EventArgs)]
-- [文件]:D:\SinteringProControl\Platform\PublicClass\LogClass.cs--第21行
-- [详细]:终点异常，计算失效，终点温度小于300℃
********************************************************
-- [WARN]  [2016-09-08 15:27:54,516]
-- [MonitorScreen.SinteringPro::Void timerSinteringPro_Tick(System.Object, System.EventArgs)]
-- [文件]:D:\SinteringProControl\Platform\PublicClass\LogClass.cs--第21行
-- [详细]:终点异常，计算失效，终点温度小于300℃
********************************************************
-- [WARN]  [2016-09-08 15:27:56,526]
-- [MonitorScreen.SinteringPro::Void timerSinteringPro_Tick(System.Object, System.EventArgs)]
-- [文件]:D:\SinteringProControl\Platform\PublicClass\LogClass.cs--第21行
-- [详细]:终点异常，计算失效，终点温度小于300℃
********************************************************
-- [WARN]  [2016-09-08 15:27:58,546]
-- [MonitorScreen.SinteringPro::Void timerSinteringPro_Tick(System.Object, System.EventArgs)]
-- [文件]:D:\SinteringProControl\Platform\PublicClass\LogClass.cs--第21行
-- [详细]:终点异常，计算失效，终点温度小于300℃
********************************************************
-- [WARN]  [2016-09-08 16:02:09,942]
-- [MonitorScreen.SinteringPro::Void timerSinteringPro_Tick(System.Object, System.EventArgs)]
-- [文件]:D:\SinteringProControl\Platform\PublicClass\LogClass.cs--第21行
-- [详细]:终点异常，计算失效，终点温度小于300℃
********************************************************
-- [WARN]  [2016-09-08 16:02:11,996]
-- [MonitorScreen.SinteringPro::Void timerSinteringPro_Tick(System.Object, System.EventArgs)]
-- [文件]:D:\SinteringProControl\Platform\PublicClass\LogClass.cs--第21行
-- [详细]:终点异常，计算失效，终点温度小于300℃
********************************************************
-- [WARN]  [2016-09-08 16:02:13,986]
-- [MonitorScreen.SinteringPro::Void timerSinteringPro_Tick(System.Object, System.EventArgs)]
-- [文件]:D:\SinteringProControl\Platform\PublicClass\LogClass.cs--第21行
-- [详细]:终点异常，计算失效，终点温度小于300℃
********************************************************
-- [WARN]  [2016-09-08 16:02:16,006]
-- [MonitorScreen.SinteringPro::Void timerSinteringPro_Tick(System.Object, System.EventArgs)]
-- [文件]:D:\SinteringProControl\Platform\PublicClass\LogClass.cs--第21行
-- [详细]:终点异常，计算失效，终点温度小于300℃
********************************************************
-- [WARN]  [2016-09-08 16:02:18,019]
-- [MonitorScreen.SinteringPro::Void timerSinteringPro_Tick(System.Object, System.EventArgs)]
-- [文件]:D:\SinteringProControl\Platform\PublicClass\LogClass.cs--第21行
-- [详细]:终点异常，计算失效，终点温度小于300℃
********************************************************
-- [WARN]  [2016-09-08 16:02:20,049]
-- [MonitorScreen.SinteringPro::Void timerSinteringPro_Tick(System.Object, System.EventArgs)]
-- [文件]:D:\SinteringProControl\Platform\PublicClass\LogClass.cs--第21行
-- [详细]:终点异常，计算失效，终点温度小于300℃
********************************************************
-- [WARN]  [2016-09-08 16:02:22,049]
-- [MonitorScreen.SinteringPro::Void timerSinteringPro_Tick(System.Object, System.EventArgs)]
-- [文件]:D:\SinteringProControl\Platform\PublicClass\LogClass.cs--第21行
-- [详细]:终点异常，计算失效，终点温度小于300℃
********************************************************
-- [WARN]  [2016-09-08 16:02:24,059]
-- [MonitorScreen.SinteringPro::Void timerSinteringPro_Tick(System.Object, System.EventArgs)]
-- [文件]:D:\SinteringProControl\Platform\PublicClass\LogClass.cs--第21行
-- [详细]:终点异常，计算失效，终点温度小于300℃
********************************************************
-- [WARN]  [2016-09-08 16:02:26,059]
-- [MonitorScreen.SinteringPro::Void timerSinteringPro_Tick(System.Object, System.EventArgs)]
-- [文件]:D:\SinteringProControl\Platform\PublicClass\LogClass.cs--第21行
-- [详细]:终点异常，计算失效，终点温度小于300℃
********************************************************
-- [WARN]  [2016-09-08 16:02:28,080]
-- [MonitorScreen.SinteringPro::Void timerSinteringPro_Tick(System.Object, System.EventArgs)]
-- [文件]:D:\SinteringProControl\Platform\PublicClass\LogClass.cs--第21行
-- [详细]:终点异常，计算失效，终点温度小于300℃
********************************************************
-- [WARN]  [2016-09-08 16:02:30,120]
-- [MonitorScreen.SinteringPro::Void timerSinteringPro_Tick(System.Object, System.EventArgs)]
-- [文件]:D:\SinteringProControl\Platform\PublicClass\LogClass.cs--第21行
-- [详细]:终点异常，计算失效，终点温度小于300℃
********************************************************
-- [WARN]  [2016-09-08 16:02:32,110]
-- [MonitorScreen.SinteringPro::Void timerSinteringPro_Tick(System.Object, System.EventArgs)]
-- [文件]:D:\SinteringProControl\Platform\PublicClass\LogClass.cs--第21行
-- [详细]:终点异常，计算失效，终点温度小于300℃
********************************************************
-- [WARN]  [2016-09-08 16:02:34,120]
-- [MonitorScreen.SinteringPro::Void timerSinteringPro_Tick(System.Object, System.EventArgs)]
-- [文件]:D:\SinteringProControl\Platform\PublicClass\LogClass.cs--第21行
-- [详细]:终点异常，计算失效，终点温度小于300℃
********************************************************
-- [WARN]  [2016-09-08 16:02:36,150]
-- [MonitorScreen.SinteringPro::Void timerSinteringPro_Tick(System.Object, System.EventArgs)]
-- [文件]:D:\SinteringProControl\Platform\PublicClass\LogClass.cs--第21行
-- [详细]:终点异常，计算失效，终点温度小于300℃
********************************************************
-- [WARN]  [2016-09-08 16:02:38,142]
-- [MonitorScreen.SinteringPro::Void timerSinteringPro_Tick(System.Object, System.EventArgs)]
-- [文件]:D:\SinteringProControl\Platform\PublicClass\LogClass.cs--第21行
-- [详细]:终点异常，计算失效，终点温度小于300℃
********************************************************
-- [WARN]  [2016-09-08 16:02:40,182]
-- [MonitorScreen.SinteringPro::Void timerSinteringPro_Tick(System.Object, System.EventArgs)]
-- [文件]:D:\SinteringProControl\Platform\PublicClass\LogClass.cs--第21行
-- [详细]:终点异常，计算失效，终点温度小于300℃
********************************************************
-- [WARN]  [2016-09-08 16:02:42,172]
-- [MonitorScreen.SinteringPro::Void timerSinteringPro_Tick(System.Object, System.EventArgs)]
-- [文件]:D:\SinteringProControl\Platform\PublicClass\LogClass.cs--第21行
-- [详细]:终点异常，计算失效，终点温度小于300℃
********************************************************
-- [WARN]  [2016-09-08 16:02:44,172]
-- [MonitorScreen.SinteringPro::Void timerSinteringPro_Tick(System.Object, System.EventArgs)]
-- [文件]:D:\SinteringProControl\Platform\PublicClass\LogClass.cs--第21行
-- [详细]:终点异常，计算失效，终点温度小于300℃
********************************************************
-- [WARN]  [2016-09-08 16:02:46,192]
-- [MonitorScreen.SinteringPro::Void timerSinteringPro_Tick(System.Object, System.EventArgs)]
-- [文件]:D:\SinteringProControl\Platform\PublicClass\LogClass.cs--第21行
-- [详细]:终点异常，计算失效，终点温度小于300℃
********************************************************
-- [WARN]  [2016-09-08 16:02:48,212]
-- [MonitorScreen.SinteringPro::Void timerSinteringPro_Tick(System.Object, System.EventArgs)]
-- [文件]:D:\SinteringProControl\Platform\PublicClass\LogClass.cs--第21行
-- [详细]:终点异常，计算失效，终点温度小于300℃
********************************************************
-- [WARN]  [2016-09-08 16:02:50,252]
-- [MonitorScreen.SinteringPro::Void timerSinteringPro_Tick(System.Object, System.EventArgs)]
-- [文件]:D:\SinteringProControl\Platform\PublicClass\LogClass.cs--第21行
-- [详细]:终点异常，计算失效，终点温度小于300℃
********************************************************
-- [WARN]  [2016-09-08 16:02:52,232]
-- [MonitorScreen.SinteringPro::Void timerSinteringPro_Tick(System.Object, System.EventArgs)]
-- [文件]:D:\SinteringProControl\Platform\PublicClass\LogClass.cs--第21行
-- [详细]:终点异常，计算失效，终点温度小于300℃
********************************************************
-- [WARN]  [2016-09-08 16:02:54,258]
-- [MonitorScreen.SinteringPro::Void timerSinteringPro_Tick(System.Object, System.EventArgs)]
-- [文件]:D:\SinteringProControl\Platform\PublicClass\LogClass.cs--第21行
-- [详细]:终点异常，计算失效，终点温度小于300℃
********************************************************
-- [WARN]  [2016-09-08 16:02:56,258]
-- [MonitorScreen.SinteringPro::Void timerSinteringPro_Tick(System.Object, System.EventArgs)]
-- [文件]:D:\SinteringProControl\Platform\PublicClass\LogClass.cs--第21行
-- [详细]:终点异常，计算失效，终点温度小于300℃
********************************************************
-- [WARN]  [2016-09-08 16:02:58,268]
-- [MonitorScreen.SinteringPro::Void timerSinteringPro_Tick(System.Object, System.EventArgs)]
-- [文件]:D:\SinteringProControl\Platform\PublicClass\LogClass.cs--第21行
-- [详细]:终点异常，计算失效，终点温度小于300℃
********************************************************
-- [WARN]  [2016-09-08 16:03:00,368]
-- [MonitorScreen.SinteringPro::Void timerSinteringPro_Tick(System.Object, System.EventArgs)]
-- [文件]:D:\SinteringProControl\Platform\PublicClass\LogClass.cs--第21行
-- [详细]:终点异常，计算失效，终点温度小于300℃
********************************************************
-- [WARN]  [2016-09-08 16:03:02,292]
-- [MonitorScreen.SinteringPro::Void timerSinteringPro_Tick(System.Object, System.EventArgs)]
-- [文件]:D:\SinteringProControl\Platform\PublicClass\LogClass.cs--第21行
-- [详细]:终点异常，计算失效，终点温度小于300℃
********************************************************
-- [WARN]  [2016-09-08 16:03:04,302]
-- [MonitorScreen.SinteringPro::Void timerSinteringPro_Tick(System.Object, System.EventArgs)]
-- [文件]:D:\SinteringProControl\Platform\PublicClass\LogClass.cs--第21行
-- [详细]:终点异常，计算失效，终点温度小于300℃
********************************************************
-- [WARN]  [2016-09-08 16:03:06,322]
-- [MonitorScreen.SinteringPro::Void timerSinteringPro_Tick(System.Object, System.EventArgs)]
-- [文件]:D:\SinteringProControl\Platform\PublicClass\LogClass.cs--第21行
-- [详细]:终点异常，计算失效，终点温度小于300℃
********************************************************
-- [WARN]  [2016-09-08 16:03:08,342]
-- [MonitorScreen.SinteringPro::Void timerSinteringPro_Tick(System.Object, System.EventArgs)]
-- [文件]:D:\SinteringProControl\Platform\PublicClass\LogClass.cs--第21行
-- [详细]:终点异常，计算失效，终点温度小于300℃
********************************************************
-- [WARN]  [2016-09-08 16:03:10,372]
-- [MonitorScreen.SinteringPro::Void timerSinteringPro_Tick(System.Object, System.EventArgs)]
-- [文件]:D:\SinteringProControl\Platform\PublicClass\LogClass.cs--第21行
-- [详细]:终点异常，计算失效，终点温度小于300℃
********************************************************
-- [WARN]  [2016-09-08 16:03:12,352]
-- [MonitorScreen.SinteringPro::Void timerSinteringPro_Tick(System.Object, System.EventArgs)]
-- [文件]:D:\SinteringProControl\Platform\PublicClass\LogClass.cs--第21行
-- [详细]:终点异常，计算失效，终点温度小于300℃
********************************************************
-- [WARN]  [2016-09-08 16:03:14,368]
-- [MonitorScreen.SinteringPro::Void timerSinteringPro_Tick(System.Object, System.EventArgs)]
-- [文件]:D:\SinteringProControl\Platform\PublicClass\LogClass.cs--第21行
-- [详细]:终点异常，计算失效，终点温度小于300℃
********************************************************
-- [WARN]  [2016-09-08 16:03:16,378]
-- [MonitorScreen.SinteringPro::Void timerSinteringPro_Tick(System.Object, System.EventArgs)]
-- [文件]:D:\SinteringProControl\Platform\PublicClass\LogClass.cs--第21行
-- [详细]:终点异常，计算失效，终点温度小于300℃
********************************************************
-- [WARN]  [2016-09-08 16:03:18,398]
-- [MonitorScreen.SinteringPro::Void timerSinteringPro_Tick(System.Object, System.EventArgs)]
-- [文件]:D:\SinteringProControl\Platform\PublicClass\LogClass.cs--第21行
-- [详细]:终点异常，计算失效，终点温度小于300℃
********************************************************
-- [WARN]  [2016-09-08 16:03:20,428]
-- [MonitorScreen.SinteringPro::Void timerSinteringPro_Tick(System.Object, System.EventArgs)]
-- [文件]:D:\SinteringProControl\Platform\PublicClass\LogClass.cs--第21行
-- [详细]:终点异常，计算失效，终点温度小于300℃
********************************************************
-- [WARN]  [2016-09-08 16:03:22,418]
-- [MonitorScreen.SinteringPro::Void timerSinteringPro_Tick(System.Object, System.EventArgs)]
-- [文件]:D:\SinteringProControl\Platform\PublicClass\LogClass.cs--第21行
-- [详细]:终点异常，计算失效，终点温度小于300℃
********************************************************
-- [WARN]  [2016-09-08 16:03:24,418]
-- [MonitorScreen.SinteringPro::Void timerSinteringPro_Tick(System.Object, System.EventArgs)]
-- [文件]:D:\SinteringProControl\Platform\PublicClass\LogClass.cs--第21行
-- [详细]:终点异常，计算失效，终点温度小于300℃
********************************************************
-- [WARN]  [2016-09-08 16:03:26,438]
-- [MonitorScreen.SinteringPro::Void timerSinteringPro_Tick(System.Object, System.EventArgs)]
-- [文件]:D:\SinteringProControl\Platform\PublicClass\LogClass.cs--第21行
-- [详细]:终点异常，计算失效，终点温度小于300℃
********************************************************
-- [WARN]  [2016-09-08 16:03:28,452]
-- [MonitorScreen.SinteringPro::Void timerSinteringPro_Tick(System.Object, System.EventArgs)]
-- [文件]:D:\SinteringProControl\Platform\PublicClass\LogClass.cs--第21行
-- [详细]:终点异常，计算失效，终点温度小于300℃
********************************************************
-- [WARN]  [2016-09-08 16:03:30,492]
-- [MonitorScreen.SinteringPro::Void timerSinteringPro_Tick(System.Object, System.EventArgs)]
-- [文件]:D:\SinteringProControl\Platform\PublicClass\LogClass.cs--第21行
-- [详细]:终点异常，计算失效，终点温度小于300℃
********************************************************
-- [WARN]  [2016-09-08 16:03:32,482]
-- [MonitorScreen.SinteringPro::Void timerSinteringPro_Tick(System.Object, System.EventArgs)]
-- [文件]:D:\SinteringProControl\Platform\PublicClass\LogClass.cs--第21行
-- [详细]:终点异常，计算失效，终点温度小于300℃
********************************************************
-- [WARN]  [2016-09-08 16:03:34,482]
-- [MonitorScreen.SinteringPro::Void timerSinteringPro_Tick(System.Object, System.EventArgs)]
-- [文件]:D:\SinteringProControl\Platform\PublicClass\LogClass.cs--第21行
-- [详细]:终点异常，计算失效，终点温度小于300℃
********************************************************
-- [WARN]  [2016-09-08 16:05:01,857]
-- [MonitorScreen.SinteringPro::Void timerSinteringPro_Tick(System.Object, System.EventArgs)]
-- [文件]:D:\SinteringProControl\Platform\PublicClass\LogClass.cs--第21行
-- [详细]:终点异常，计算失效，终点温度小于300℃
********************************************************
-- [WARN]  [2016-09-08 16:05:03,894]
-- [MonitorScreen.SinteringPro::Void timerSinteringPro_Tick(System.Object, System.EventArgs)]
-- [文件]:D:\SinteringProControl\Platform\PublicClass\LogClass.cs--第21行
-- [详细]:终点异常，计算失效，终点温度小于300℃
********************************************************
-- [WARN]  [2016-09-08 16:05:05,914]
-- [MonitorScreen.SinteringPro::Void timerSinteringPro_Tick(System.Object, System.EventArgs)]
-- [文件]:D:\SinteringProControl\Platform\PublicClass\LogClass.cs--第21行
-- [详细]:终点异常，计算失效，终点温度小于300℃
********************************************************
-- [WARN]  [2016-09-08 16:05:07,924]
-- [MonitorScreen.SinteringPro::Void timerSinteringPro_Tick(System.Object, System.EventArgs)]
-- [文件]:D:\SinteringProControl\Platform\PublicClass\LogClass.cs--第21行
-- [详细]:终点异常，计算失效，终点温度小于300℃
********************************************************
-- [WARN]  [2016-09-08 16:05:09,924]
-- [MonitorScreen.SinteringPro::Void timerSinteringPro_Tick(System.Object, System.EventArgs)]
-- [文件]:D:\SinteringProControl\Platform\PublicClass\LogClass.cs--第21行
-- [详细]:终点异常，计算失效，终点温度小于300℃
********************************************************
-- [WARN]  [2016-09-08 16:05:11,954]
-- [MonitorScreen.SinteringPro::Void timerSinteringPro_Tick(System.Object, System.EventArgs)]
-- [文件]:D:\SinteringProControl\Platform\PublicClass\LogClass.cs--第21行
-- [详细]:终点异常，计算失效，终点温度小于300℃
********************************************************
-- [WARN]  [2016-09-08 16:05:13,954]
-- [MonitorScreen.SinteringPro::Void timerSinteringPro_Tick(System.Object, System.EventArgs)]
-- [文件]:D:\SinteringProControl\Platform\PublicClass\LogClass.cs--第21行
-- [详细]:终点异常，计算失效，终点温度小于300℃
********************************************************
-- [WARN]  [2016-09-08 16:05:15,967]
-- [MonitorScreen.SinteringPro::Void timerSinteringPro_Tick(System.Object, System.EventArgs)]
-- [文件]:D:\SinteringProControl\Platform\PublicClass\LogClass.cs--第21行
-- [详细]:终点异常，计算失效，终点温度小于300℃
********************************************************
-- [WARN]  [2016-09-08 16:05:17,987]
-- [MonitorScreen.SinteringPro::Void timerSinteringPro_Tick(System.Object, System.EventArgs)]
-- [文件]:D:\SinteringProControl\Platform\PublicClass\LogClass.cs--第21行
-- [详细]:终点异常，计算失效，终点温度小于300℃
********************************************************
-- [WARN]  [2016-09-08 16:07:04,840]
-- [MonitorScreen.SinteringPro::Void timerSinteringPro_Tick(System.Object, System.EventArgs)]
-- [文件]:D:\SinteringProControl\Platform\PublicClass\LogClass.cs--第21行
-- [详细]:终点异常，计算失效，终点温度小于300℃
********************************************************
-- [WARN]  [2016-09-08 16:07:06,889]
-- [MonitorScreen.SinteringPro::Void timerSinteringPro_Tick(System.Object, System.EventArgs)]
-- [文件]:D:\SinteringProControl\Platform\PublicClass\LogClass.cs--第21行
-- [详细]:终点异常，计算失效，终点温度小于300℃
********************************************************
-- [WARN]  [2016-09-08 16:07:08,899]
-- [MonitorScreen.SinteringPro::Void timerSinteringPro_Tick(System.Object, System.EventArgs)]
-- [文件]:D:\SinteringProControl\Platform\PublicClass\LogClass.cs--第21行
-- [详细]:终点异常，计算失效，终点温度小于300℃
********************************************************
-- [WARN]  [2016-09-08 16:16:48,582]
-- [MonitorScreen.SinteringPro::Void timerSinteringPro_Tick(System.Object, System.EventArgs)]
-- [文件]:D:\SinteringProControl\Platform\PublicClass\LogClass.cs--第21行
-- [详细]:终点异常，计算失效，终点温度小于300℃
********************************************************
-- [WARN]  [2016-09-08 16:16:50,629]
-- [MonitorScreen.SinteringPro::Void timerSinteringPro_Tick(System.Object, System.EventArgs)]
-- [文件]:D:\SinteringProControl\Platform\PublicClass\LogClass.cs--第21行
-- [详细]:终点异常，计算失效，终点温度小于300℃
********************************************************
-- [WARN]  [2016-09-08 16:16:52,639]
-- [MonitorScreen.SinteringPro::Void timerSinteringPro_Tick(System.Object, System.EventArgs)]
-- [文件]:D:\SinteringProControl\Platform\PublicClass\LogClass.cs--第21行
-- [详细]:终点异常，计算失效，终点温度小于300℃
********************************************************
-- [WARN]  [2016-09-08 16:16:54,649]
-- [MonitorScreen.SinteringPro::Void timerSinteringPro_Tick(System.Object, System.EventArgs)]
-- [文件]:D:\SinteringProControl\Platform\PublicClass\LogClass.cs--第21行
-- [详细]:终点异常，计算失效，终点温度小于300℃
********************************************************
-- [WARN]  [2016-09-08 16:16:56,679]
-- [MonitorScreen.SinteringPro::Void timerSinteringPro_Tick(System.Object, System.EventArgs)]
-- [文件]:D:\SinteringProControl\Platform\PublicClass\LogClass.cs--第21行
-- [详细]:终点异常，计算失效，终点温度小于300℃
********************************************************
-- [WARN]  [2016-09-08 16:16:58,699]
-- [MonitorScreen.SinteringPro::Void timerSinteringPro_Tick(System.Object, System.EventArgs)]
-- [文件]:D:\SinteringProControl\Platform\PublicClass\LogClass.cs--第21行
-- [详细]:终点异常，计算失效，终点温度小于300℃
********************************************************
-- [WARN]  [2016-09-08 16:17:00,699]
-- [MonitorScreen.SinteringPro::Void timerSinteringPro_Tick(System.Object, System.EventArgs)]
-- [文件]:D:\SinteringProControl\Platform\PublicClass\LogClass.cs--第21行
-- [详细]:终点异常，计算失效，终点温度小于300℃
********************************************************
-- [WARN]  [2016-09-08 16:17:02,699]
-- [MonitorScreen.SinteringPro::Void timerSinteringPro_Tick(System.Object, System.EventArgs)]
-- [文件]:D:\SinteringProControl\Platform\PublicClass\LogClass.cs--第21行
-- [详细]:终点异常，计算失效，终点温度小于300℃
********************************************************
-- [WARN]  [2016-09-08 16:17:04,719]
-- [MonitorScreen.SinteringPro::Void timerSinteringPro_Tick(System.Object, System.EventArgs)]
-- [文件]:D:\SinteringProControl\Platform\PublicClass\LogClass.cs--第21行
-- [详细]:终点异常，计算失效，终点温度小于300℃
********************************************************
-- [WARN]  [2016-09-08 16:17:06,729]
-- [MonitorScreen.SinteringPro::Void timerSinteringPro_Tick(System.Object, System.EventArgs)]
-- [文件]:D:\SinteringProControl\Platform\PublicClass\LogClass.cs--第21行
-- [详细]:终点异常，计算失效，终点温度小于300℃
********************************************************
-- [WARN]  [2016-09-08 16:17:08,761]
-- [MonitorScreen.SinteringPro::Void timerSinteringPro_Tick(System.Object, System.EventArgs)]
-- [文件]:D:\SinteringProControl\Platform\PublicClass\LogClass.cs--第21行
-- [详细]:终点异常，计算失效，终点温度小于300℃
********************************************************
-- [WARN]  [2016-09-08 16:17:10,751]
-- [MonitorScreen.SinteringPro::Void timerSinteringPro_Tick(System.Object, System.EventArgs)]
-- [文件]:D:\SinteringProControl\Platform\PublicClass\LogClass.cs--第21行
-- [详细]:终点异常，计算失效，终点温度小于300℃
********************************************************
-- [WARN]  [2016-09-08 16:17:12,761]
-- [MonitorScreen.SinteringPro::Void timerSinteringPro_Tick(System.Object, System.EventArgs)]
-- [文件]:D:\SinteringProControl\Platform\PublicClass\LogClass.cs--第21行
-- [详细]:终点异常，计算失效，终点温度小于300℃
********************************************************
-- [WARN]  [2016-09-08 16:17:14,781]
-- [MonitorScreen.SinteringPro::Void timerSinteringPro_Tick(System.Object, System.EventArgs)]
-- [文件]:D:\SinteringProControl\Platform\PublicClass\LogClass.cs--第21行
-- [详细]:终点异常，计算失效，终点温度小于300℃
********************************************************
-- [WARN]  [2016-09-08 16:17:16,771]
-- [MonitorScreen.SinteringPro::Void timerSinteringPro_Tick(System.Object, System.EventArgs)]
-- [文件]:D:\SinteringProControl\Platform\PublicClass\LogClass.cs--第21行
-- [详细]:终点异常，计算失效，终点温度小于300℃
********************************************************
-- [WARN]  [2016-09-08 16:20:37,919]
-- [MonitorScreen.SinteringPro::Void timerSinteringPro_Tick(System.Object, System.EventArgs)]
-- [文件]:D:\SinteringProControl\Platform\PublicClass\LogClass.cs--第21行
-- [详细]:终点异常，计算失效，终点温度小于300℃
********************************************************
-- [WARN]  [2016-09-08 16:20:39,947]
-- [MonitorScreen.SinteringPro::Void timerSinteringPro_Tick(System.Object, System.EventArgs)]
-- [文件]:D:\SinteringProControl\Platform\PublicClass\LogClass.cs--第21行
-- [详细]:终点异常，计算失效，终点温度小于300℃
********************************************************
-- [WARN]  [2016-09-08 16:20:41,977]
-- [MonitorScreen.SinteringPro::Void timerSinteringPro_Tick(System.Object, System.EventArgs)]
-- [文件]:D:\SinteringProControl\Platform\PublicClass\LogClass.cs--第21行
-- [详细]:终点异常，计算失效，终点温度小于300℃
********************************************************
-- [WARN]  [2016-09-08 16:20:43,987]
-- [MonitorScreen.SinteringPro::Void timerSinteringPro_Tick(System.Object, System.EventArgs)]
-- [文件]:D:\SinteringProControl\Platform\PublicClass\LogClass.cs--第21行
-- [详细]:终点异常，计算失效，终点温度小于300℃
********************************************************
-- [WARN]  [2016-09-08 16:20:46,007]
-- [MonitorScreen.SinteringPro::Void timerSinteringPro_Tick(System.Object, System.EventArgs)]
-- [文件]:D:\SinteringProControl\Platform\PublicClass\LogClass.cs--第21行
-- [详细]:终点异常，计算失效，终点温度小于300℃
********************************************************
-- [WARN]  [2016-09-08 16:42:09,358]
-- [MonitorScreen.SinteringPro::Void timerSinteringPro_Tick(System.Object, System.EventArgs)]
-- [文件]:D:\SinteringProControl\Platform\PublicClass\LogClass.cs--第21行
-- [详细]:终点异常，计算失效，终点温度小于300℃
********************************************************
-- [WARN]  [2016-09-08 16:42:11,392]
-- [MonitorScreen.SinteringPro::Void timerSinteringPro_Tick(System.Object, System.EventArgs)]
-- [文件]:D:\SinteringProControl\Platform\PublicClass\LogClass.cs--第21行
-- [详细]:终点异常，计算失效，终点温度小于300℃
********************************************************
-- [WARN]  [2016-09-08 16:42:13,412]
-- [MonitorScreen.SinteringPro::Void timerSinteringPro_Tick(System.Object, System.EventArgs)]
-- [文件]:D:\SinteringProControl\Platform\PublicClass\LogClass.cs--第21行
-- [详细]:终点异常，计算失效，终点温度小于300℃
********************************************************
-- [WARN]  [2016-09-08 16:42:15,432]
-- [MonitorScreen.SinteringPro::Void timerSinteringPro_Tick(System.Object, System.EventArgs)]
-- [文件]:D:\SinteringProControl\Platform\PublicClass\LogClass.cs--第21行
-- [详细]:终点异常，计算失效，终点温度小于300℃
********************************************************
-- [WARN]  [2016-09-08 16:42:17,442]
-- [MonitorScreen.SinteringPro::Void timerSinteringPro_Tick(System.Object, System.EventArgs)]
-- [文件]:D:\SinteringProControl\Platform\PublicClass\LogClass.cs--第21行
-- [详细]:终点异常，计算失效，终点温度小于300℃
********************************************************
-- [WARN]  [2016-09-08 16:42:19,482]
-- [MonitorScreen.SinteringPro::Void timerSinteringPro_Tick(System.Object, System.EventArgs)]
-- [文件]:D:\SinteringProControl\Platform\PublicClass\LogClass.cs--第21行
-- [详细]:终点异常，计算失效，终点温度小于300℃
********************************************************
-- [WARN]  [2016-09-08 16:42:21,462]
-- [MonitorScreen.SinteringPro::Void timerSinteringPro_Tick(System.Object, System.EventArgs)]
-- [文件]:D:\SinteringProControl\Platform\PublicClass\LogClass.cs--第21行
-- [详细]:终点异常，计算失效，终点温度小于300℃
********************************************************
-- [WARN]  [2016-09-08 16:42:23,482]
-- [MonitorScreen.SinteringPro::Void timerSinteringPro_Tick(System.Object, System.EventArgs)]
-- [文件]:D:\SinteringProControl\Platform\PublicClass\LogClass.cs--第21行
-- [详细]:终点异常，计算失效，终点温度小于300℃
********************************************************
-- [WARN]  [2016-09-08 16:42:25,492]
-- [MonitorScreen.SinteringPro::Void timerSinteringPro_Tick(System.Object, System.EventArgs)]
-- [文件]:D:\SinteringProControl\Platform\PublicClass\LogClass.cs--第21行
-- [详细]:终点异常，计算失效，终点温度小于300℃
********************************************************
-- [WARN]  [2016-09-08 16:42:27,505]
-- [MonitorScreen.SinteringPro::Void timerSinteringPro_Tick(System.Object, System.EventArgs)]
-- [文件]:D:\SinteringProControl\Platform\PublicClass\LogClass.cs--第21行
-- [详细]:终点异常，计算失效，终点温度小于300℃
********************************************************
-- [WARN]  [2016-09-08 16:42:29,527]
-- [MonitorScreen.SinteringPro::Void timerSinteringPro_Tick(System.Object, System.EventArgs)]
-- [文件]:D:\SinteringProControl\Platform\PublicClass\LogClass.cs--第21行
-- [详细]:终点异常，计算失效，终点温度小于300℃
********************************************************
-- [WARN]  [2016-09-08 16:42:31,527]
-- [MonitorScreen.SinteringPro::Void timerSinteringPro_Tick(System.Object, System.EventArgs)]
-- [文件]:D:\SinteringProControl\Platform\PublicClass\LogClass.cs--第21行
-- [详细]:终点异常，计算失效，终点温度小于300℃
********************************************************
-- [WARN]  [2016-09-08 16:42:33,543]
-- [MonitorScreen.SinteringPro::Void timerSinteringPro_Tick(System.Object, System.EventArgs)]
-- [文件]:D:\SinteringProControl\Platform\PublicClass\LogClass.cs--第21行
-- [详细]:终点异常，计算失效，终点温度小于300℃
********************************************************
-- [WARN]  [2016-09-08 16:42:35,553]
-- [MonitorScreen.SinteringPro::Void timerSinteringPro_Tick(System.Object, System.EventArgs)]
-- [文件]:D:\SinteringProControl\Platform\PublicClass\LogClass.cs--第21行
-- [详细]:终点异常，计算失效，终点温度小于300℃
********************************************************
-- [WARN]  [2016-09-08 16:43:38,014]
-- [MonitorScreen.SinteringPro::Void timerSinteringPro_Tick(System.Object, System.EventArgs)]
-- [文件]:D:\SinteringProControl\Platform\PublicClass\LogClass.cs--第21行
-- [详细]:终点异常，计算失效，终点温度小于300℃
********************************************************
-- [WARN]  [2016-09-08 16:43:40,062]
-- [MonitorScreen.SinteringPro::Void timerSinteringPro_Tick(System.Object, System.EventArgs)]
-- [文件]:D:\SinteringProControl\Platform\PublicClass\LogClass.cs--第21行
-- [详细]:终点异常，计算失效，终点温度小于300℃
********************************************************
-- [WARN]  [2016-09-08 16:43:42,072]
-- [MonitorScreen.SinteringPro::Void timerSinteringPro_Tick(System.Object, System.EventArgs)]
-- [文件]:D:\SinteringProControl\Platform\PublicClass\LogClass.cs--第21行
-- [详细]:终点异常，计算失效，终点温度小于300℃
********************************************************
-- [WARN]  [2016-09-08 16:43:44,089]
-- [MonitorScreen.SinteringPro::Void timerSinteringPro_Tick(System.Object, System.EventArgs)]
-- [文件]:D:\SinteringProControl\Platform\PublicClass\LogClass.cs--第21行
-- [详细]:终点异常，计算失效，终点温度小于300℃
********************************************************
-- [WARN]  [2016-09-08 16:43:46,099]
-- [MonitorScreen.SinteringPro::Void timerSinteringPro_Tick(System.Object, System.EventArgs)]
-- [文件]:D:\SinteringProControl\Platform\PublicClass\LogClass.cs--第21行
-- [详细]:终点异常，计算失效，终点温度小于300℃
********************************************************
-- [WARN]  [2016-09-08 16:43:48,122]
-- [MonitorScreen.SinteringPro::Void timerSinteringPro_Tick(System.Object, System.EventArgs)]
-- [文件]:D:\SinteringProControl\Platform\PublicClass\LogClass.cs--第21行
-- [详细]:终点异常，计算失效，终点温度小于300℃
********************************************************
-- [WARN]  [2016-09-08 16:43:50,122]
-- [MonitorScreen.SinteringPro::Void timerSinteringPro_Tick(System.Object, System.EventArgs)]
-- [文件]:D:\SinteringProControl\Platform\PublicClass\LogClass.cs--第21行
-- [详细]:终点异常，计算失效，终点温度小于300℃
********************************************************
-- [WARN]  [2016-09-08 16:43:52,132]
-- [MonitorScreen.SinteringPro::Void timerSinteringPro_Tick(System.Object, System.EventArgs)]
-- [文件]:D:\SinteringProControl\Platform\PublicClass\LogClass.cs--第21行
-- [详细]:终点异常，计算失效，终点温度小于300℃
********************************************************
-- [WARN]  [2016-09-08 16:43:54,132]
-- [MonitorScreen.SinteringPro::Void timerSinteringPro_Tick(System.Object, System.EventArgs)]
-- [文件]:D:\SinteringProControl\Platform\PublicClass\LogClass.cs--第21行
-- [详细]:终点异常，计算失效，终点温度小于300℃
********************************************************
-- [WARN]  [2016-09-08 16:56:42,248]
-- [MonitorScreen.SinteringPro::Void timerSinteringPro_Tick(System.Object, System.EventArgs)]
-- [文件]:D:\SinteringProControl\Platform\PublicClass\LogClass.cs--第21行
-- [详细]:终点异常，计算失效，终点温度小于300℃
********************************************************
-- [WARN]  [2016-09-08 16:56:44,295]
-- [MonitorScreen.SinteringPro::Void timerSinteringPro_Tick(System.Object, System.EventArgs)]
-- [文件]:D:\SinteringProControl\Platform\PublicClass\LogClass.cs--第21行
-- [详细]:终点异常，计算失效，终点温度小于300℃
********************************************************
-- [WARN]  [2016-09-08 16:56:46,305]
-- [MonitorScreen.SinteringPro::Void timerSinteringPro_Tick(System.Object, System.EventArgs)]
-- [文件]:D:\SinteringProControl\Platform\PublicClass\LogClass.cs--第21行
-- [详细]:终点异常，计算失效，终点温度小于300℃
********************************************************
-- [WARN]  [2016-09-08 16:56:48,325]
-- [MonitorScreen.SinteringPro::Void timerSinteringPro_Tick(System.Object, System.EventArgs)]
-- [文件]:D:\SinteringProControl\Platform\PublicClass\LogClass.cs--第21行
-- [详细]:终点异常，计算失效，终点温度小于300℃
********************************************************
-- [WARN]  [2016-09-08 16:56:50,325]
-- [MonitorScreen.SinteringPro::Void timerSinteringPro_Tick(System.Object, System.EventArgs)]
-- [文件]:D:\SinteringProControl\Platform\PublicClass\LogClass.cs--第21行
-- [详细]:终点异常，计算失效，终点温度小于300℃
********************************************************
-- [WARN]  [2016-09-08 16:56:52,365]
-- [MonitorScreen.SinteringPro::Void timerSinteringPro_Tick(System.Object, System.EventArgs)]
-- [文件]:D:\SinteringProControl\Platform\PublicClass\LogClass.cs--第21行
-- [详细]:终点异常，计算失效，终点温度小于300℃
********************************************************
-- [WARN]  [2016-09-08 16:56:54,365]
-- [MonitorScreen.SinteringPro::Void timerSinteringPro_Tick(System.Object, System.EventArgs)]
-- [文件]:D:\SinteringProControl\Platform\PublicClass\LogClass.cs--第21行
-- [详细]:终点异常，计算失效，终点温度小于300℃
********************************************************
-- [WARN]  [2016-09-08 16:56:56,365]
-- [MonitorScreen.SinteringPro::Void timerSinteringPro_Tick(System.Object, System.EventArgs)]
-- [文件]:D:\SinteringProControl\Platform\PublicClass\LogClass.cs--第21行
-- [详细]:终点异常，计算失效，终点温度小于300℃
********************************************************
-- [WARN]  [2016-09-08 16:56:58,375]
-- [MonitorScreen.SinteringPro::Void timerSinteringPro_Tick(System.Object, System.EventArgs)]
-- [文件]:D:\SinteringProControl\Platform\PublicClass\LogClass.cs--第21行
-- [详细]:终点异常，计算失效，终点温度小于300℃
********************************************************
-- [WARN]  [2016-09-08 16:57:00,396]
-- [MonitorScreen.SinteringPro::Void timerSinteringPro_Tick(System.Object, System.EventArgs)]
-- [文件]:D:\SinteringProControl\Platform\PublicClass\LogClass.cs--第21行
-- [详细]:终点异常，计算失效，终点温度小于300℃
********************************************************
-- [WARN]  [2016-09-08 16:57:02,436]
-- [MonitorScreen.SinteringPro::Void timerSinteringPro_Tick(System.Object, System.EventArgs)]
-- [文件]:D:\SinteringProControl\Platform\PublicClass\LogClass.cs--第21行
-- [详细]:终点异常，计算失效，终点温度小于300℃
********************************************************
-- [WARN]  [2016-09-08 16:57:04,426]
-- [MonitorScreen.SinteringPro::Void timerSinteringPro_Tick(System.Object, System.EventArgs)]
-- [文件]:D:\SinteringProControl\Platform\PublicClass\LogClass.cs--第21行
-- [详细]:终点异常，计算失效，终点温度小于300℃
********************************************************
-- [WARN]  [2016-09-08 16:57:06,426]
-- [MonitorScreen.SinteringPro::Void timerSinteringPro_Tick(System.Object, System.EventArgs)]
-- [文件]:D:\SinteringProControl\Platform\PublicClass\LogClass.cs--第21行
-- [详细]:终点异常，计算失效，终点温度小于300℃
********************************************************
-- [WARN]  [2016-09-08 16:57:08,446]
-- [MonitorScreen.SinteringPro::Void timerSinteringPro_Tick(System.Object, System.EventArgs)]
-- [文件]:D:\SinteringProControl\Platform\PublicClass\LogClass.cs--第21行
-- [详细]:终点异常，计算失效，终点温度小于300℃
********************************************************
-- [WARN]  [2016-09-08 16:57:10,456]
-- [MonitorScreen.SinteringPro::Void timerSinteringPro_Tick(System.Object, System.EventArgs)]
-- [文件]:D:\SinteringProControl\Platform\PublicClass\LogClass.cs--第21行
-- [详细]:终点异常，计算失效，终点温度小于300℃
********************************************************
-- [WARN]  [2016-09-08 16:57:12,486]
-- [MonitorScreen.SinteringPro::Void timerSinteringPro_Tick(System.Object, System.EventArgs)]
-- [文件]:D:\SinteringProControl\Platform\PublicClass\LogClass.cs--第21行
-- [详细]:终点异常，计算失效，终点温度小于300℃
********************************************************
-- [WARN]  [2016-09-08 16:57:14,476]
-- [MonitorScreen.SinteringPro::Void timerSinteringPro_Tick(System.Object, System.EventArgs)]
-- [文件]:D:\SinteringProControl\Platform\PublicClass\LogClass.cs--第21行
-- [详细]:终点异常，计算失效，终点温度小于300℃
********************************************************
-- [WARN]  [2016-09-08 16:57:16,486]
-- [MonitorScreen.SinteringPro::Void timerSinteringPro_Tick(System.Object, System.EventArgs)]
-- [文件]:D:\SinteringProControl\Platform\PublicClass\LogClass.cs--第21行
-- [详细]:终点异常，计算失效，终点温度小于300℃
********************************************************
-- [WARN]  [2016-09-08 16:57:18,516]
-- [MonitorScreen.SinteringPro::Void timerSinteringPro_Tick(System.Object, System.EventArgs)]
-- [文件]:D:\SinteringProControl\Platform\PublicClass\LogClass.cs--第21行
-- [详细]:终点异常，计算失效，终点温度小于300℃
********************************************************
-- [WARN]  [2016-09-08 16:57:20,516]
-- [MonitorScreen.SinteringPro::Void timerSinteringPro_Tick(System.Object, System.EventArgs)]
-- [文件]:D:\SinteringProControl\Platform\PublicClass\LogClass.cs--第21行
-- [详细]:终点异常，计算失效，终点温度小于300℃
********************************************************
-- [WARN]  [2016-09-08 16:57:22,536]
-- [MonitorScreen.SinteringPro::Void timerSinteringPro_Tick(System.Object, System.EventArgs)]
-- [文件]:D:\SinteringProControl\Platform\PublicClass\LogClass.cs--第21行
-- [详细]:终点异常，计算失效，终点温度小于300℃
********************************************************
-- [WARN]  [2016-09-08 16:57:24,536]
-- [MonitorScreen.SinteringPro::Void timerSinteringPro_Tick(System.Object, System.EventArgs)]
-- [文件]:D:\SinteringProControl\Platform\PublicClass\LogClass.cs--第21行
-- [详细]:终点异常，计算失效，终点温度小于300℃
********************************************************
-- [WARN]  [2016-09-08 16:57:26,556]
-- [MonitorScreen.SinteringPro::Void timerSinteringPro_Tick(System.Object, System.EventArgs)]
-- [文件]:D:\SinteringProControl\Platform\PublicClass\LogClass.cs--第21行
-- [详细]:终点异常，计算失效，终点温度小于300℃
********************************************************
-- [WARN]  [2016-09-08 16:57:28,566]
-- [MonitorScreen.SinteringPro::Void timerSinteringPro_Tick(System.Object, System.EventArgs)]
-- [文件]:D:\SinteringProControl\Platform\PublicClass\LogClass.cs--第21行
-- [详细]:终点异常，计算失效，终点温度小于300℃
********************************************************
-- [WARN]  [2016-09-08 16:57:30,576]
-- [MonitorScreen.SinteringPro::Void timerSinteringPro_Tick(System.Object, System.EventArgs)]
-- [文件]:D:\SinteringProControl\Platform\PublicClass\LogClass.cs--第21行
-- [详细]:终点异常，计算失效，终点温度小于300℃
********************************************************
-- [WARN]  [2016-09-08 16:57:32,616]
-- [MonitorScreen.SinteringPro::Void timerSinteringPro_Tick(System.Object, System.EventArgs)]
-- [文件]:D:\SinteringProControl\Platform\PublicClass\LogClass.cs--第21行
-- [详细]:终点异常，计算失效，终点温度小于300℃
********************************************************
-- [WARN]  [2016-09-08 16:57:34,606]
-- [MonitorScreen.SinteringPro::Void timerSinteringPro_Tick(System.Object, System.EventArgs)]
-- [文件]:D:\SinteringProControl\Platform\PublicClass\LogClass.cs--第21行
-- [详细]:终点异常，计算失效，终点温度小于300℃
********************************************************
-- [WARN]  [2016-09-08 16:57:36,936]
-- [MonitorScreen.SinteringPro::Void timerSinteringPro_Tick(System.Object, System.EventArgs)]
-- [文件]:D:\SinteringProControl\Platform\PublicClass\LogClass.cs--第21行
-- [详细]:终点异常，计算失效，终点温度小于300℃
********************************************************
-- [WARN]  [2016-09-08 16:58:29,667]
-- [MonitorScreen.SinteringPro::Void timerSinteringPro_Tick(System.Object, System.EventArgs)]
-- [文件]:D:\SinteringProControl\Platform\PublicClass\LogClass.cs--第21行
-- [详细]:终点异常，计算失效，终点温度小于300℃
********************************************************
-- [WARN]  [2016-09-08 16:58:31,739]
-- [MonitorScreen.SinteringPro::Void timerSinteringPro_Tick(System.Object, System.EventArgs)]
-- [文件]:D:\SinteringProControl\Platform\PublicClass\LogClass.cs--第21行
-- [详细]:终点异常，计算失效，终点温度小于300℃
********************************************************
-- [WARN]  [2016-09-08 16:58:33,749]
-- [MonitorScreen.SinteringPro::Void timerSinteringPro_Tick(System.Object, System.EventArgs)]
-- [文件]:D:\SinteringProControl\Platform\PublicClass\LogClass.cs--第21行
-- [详细]:终点异常，计算失效，终点温度小于300℃
********************************************************
-- [WARN]  [2016-09-08 16:58:35,759]
-- [MonitorScreen.SinteringPro::Void timerSinteringPro_Tick(System.Object, System.EventArgs)]
-- [文件]:D:\SinteringProControl\Platform\PublicClass\LogClass.cs--第21行
-- [详细]:终点异常，计算失效，终点温度小于300℃
********************************************************
-- [WARN]  [2016-09-08 16:58:37,769]
-- [MonitorScreen.SinteringPro::Void timerSinteringPro_Tick(System.Object, System.EventArgs)]
-- [文件]:D:\SinteringProControl\Platform\PublicClass\LogClass.cs--第21行
-- [详细]:终点异常，计算失效，终点温度小于300℃
********************************************************
-- [WARN]  [2016-09-08 16:58:39,799]
-- [MonitorScreen.SinteringPro::Void timerSinteringPro_Tick(System.Object, System.EventArgs)]
-- [文件]:D:\SinteringProControl\Platform\PublicClass\LogClass.cs--第21行
-- [详细]:终点异常，计算失效，终点温度小于300℃
********************************************************
-- [WARN]  [2016-09-08 16:58:41,790]
-- [MonitorScreen.SinteringPro::Void timerSinteringPro_Tick(System.Object, System.EventArgs)]
-- [文件]:D:\SinteringProControl\Platform\PublicClass\LogClass.cs--第21行
-- [详细]:终点异常，计算失效，终点温度小于300℃
********************************************************
-- [WARN]  [2016-09-08 16:58:43,810]
-- [MonitorScreen.SinteringPro::Void timerSinteringPro_Tick(System.Object, System.EventArgs)]
-- [文件]:D:\SinteringProControl\Platform\PublicClass\LogClass.cs--第21行
-- [详细]:终点异常，计算失效，终点温度小于300℃
********************************************************
-- [WARN]  [2016-09-08 16:58:45,810]
-- [MonitorScreen.SinteringPro::Void timerSinteringPro_Tick(System.Object, System.EventArgs)]
-- [文件]:D:\SinteringProControl\Platform\PublicClass\LogClass.cs--第21行
-- [详细]:终点异常，计算失效，终点温度小于300℃
********************************************************
-- [WARN]  [2016-09-08 16:58:47,830]
-- [MonitorScreen.SinteringPro::Void timerSinteringPro_Tick(System.Object, System.EventArgs)]
-- [文件]:D:\SinteringProControl\Platform\PublicClass\LogClass.cs--第21行
-- [详细]:终点异常，计算失效，终点温度小于300℃
********************************************************
-- [WARN]  [2016-09-08 16:59:26,738]
-- [MonitorScreen.SinteringPro::Void timerSinteringPro_Tick(System.Object, System.EventArgs)]
-- [文件]:D:\SinteringProControl\Platform\PublicClass\LogClass.cs--第21行
-- [详细]:终点异常，计算失效，终点温度小于300℃
********************************************************
-- [WARN]  [2016-09-08 16:59:28,798]
-- [MonitorScreen.SinteringPro::Void timerSinteringPro_Tick(System.Object, System.EventArgs)]
-- [文件]:D:\SinteringProControl\Platform\PublicClass\LogClass.cs--第21行
-- [详细]:终点异常，计算失效，终点温度小于300℃
********************************************************
-- [WARN]  [2016-09-08 16:59:30,808]
-- [MonitorScreen.SinteringPro::Void timerSinteringPro_Tick(System.Object, System.EventArgs)]
-- [文件]:D:\SinteringProControl\Platform\PublicClass\LogClass.cs--第21行
-- [详细]:终点异常，计算失效，终点温度小于300℃
********************************************************
-- [WARN]  [2016-09-08 16:59:32,822]
-- [MonitorScreen.SinteringPro::Void timerSinteringPro_Tick(System.Object, System.EventArgs)]
-- [文件]:D:\SinteringProControl\Platform\PublicClass\LogClass.cs--第21行
-- [详细]:终点异常，计算失效，终点温度小于300℃
********************************************************
-- [WARN]  [2016-09-08 16:59:34,832]
-- [MonitorScreen.SinteringPro::Void timerSinteringPro_Tick(System.Object, System.EventArgs)]
-- [文件]:D:\SinteringProControl\Platform\PublicClass\LogClass.cs--第21行
-- [详细]:终点异常，计算失效，终点温度小于300℃
********************************************************
-- [WARN]  [2016-09-08 16:59:36,872]
-- [MonitorScreen.SinteringPro::Void timerSinteringPro_Tick(System.Object, System.EventArgs)]
-- [文件]:D:\SinteringProControl\Platform\PublicClass\LogClass.cs--第21行
-- [详细]:终点异常，计算失效，终点温度小于300℃
********************************************************
