-- [WARN]  [2016-07-21 15:12:28,476]
-- [MonitorScreen.SinteringPro::Void timerSinteringPro_Tick(System.Object, System.EventArgs)]
-- [文件]:D:\SinteringProControl\Platform\PublicClass\LogClass.cs--第21行
-- [详细]:采集异常，终点异常，计算失效，终点温度大于380℃
********************************************************
-- [WARN]  [2016-07-21 15:12:30,598]
-- [MonitorScreen.SinteringPro::Void timerSinteringPro_Tick(System.Object, System.EventArgs)]
-- [文件]:D:\SinteringProControl\Platform\PublicClass\LogClass.cs--第21行
-- [详细]:采集异常，终点异常，计算失效，终点温度大于380℃
********************************************************
-- [WARN]  [2016-07-21 15:12:32,595]
-- [MonitorScreen.SinteringPro::Void timerSinteringPro_Tick(System.Object, System.EventArgs)]
-- [文件]:D:\SinteringProControl\Platform\PublicClass\LogClass.cs--第21行
-- [详细]:采集异常，终点异常，计算失效，终点温度大于380℃
********************************************************
-- [WARN]  [2016-07-21 15:12:34,623]
-- [MonitorScreen.SinteringPro::Void timerSinteringPro_Tick(System.Object, System.EventArgs)]
-- [文件]:D:\SinteringProControl\Platform\PublicClass\LogClass.cs--第21行
-- [详细]:采集异常，终点异常，计算失效，终点温度大于380℃
********************************************************
-- [WARN]  [2016-07-21 15:12:36,635]
-- [MonitorScreen.SinteringPro::Void timerSinteringPro_Tick(System.Object, System.EventArgs)]
-- [文件]:D:\SinteringProControl\Platform\PublicClass\LogClass.cs--第21行
-- [详细]:采集异常，终点异常，计算失效，终点温度大于380℃
********************************************************
-- [WARN]  [2016-07-21 15:12:38,647]
-- [MonitorScreen.SinteringPro::Void timerSinteringPro_Tick(System.Object, System.EventArgs)]
-- [文件]:D:\SinteringProControl\Platform\PublicClass\LogClass.cs--第21行
-- [详细]:采集异常，终点异常，计算失效，终点温度大于380℃
********************************************************
-- [WARN]  [2016-07-21 15:12:40,660]
-- [MonitorScreen.SinteringPro::Void timerSinteringPro_Tick(System.Object, System.EventArgs)]
-- [文件]:D:\SinteringProControl\Platform\PublicClass\LogClass.cs--第21行
-- [详细]:采集异常，终点异常，计算失效，终点温度大于380℃
********************************************************
-- [WARN]  [2016-07-21 15:12:42,672]
-- [MonitorScreen.SinteringPro::Void timerSinteringPro_Tick(System.Object, System.EventArgs)]
-- [文件]:D:\SinteringProControl\Platform\PublicClass\LogClass.cs--第21行
-- [详细]:采集异常，终点异常，计算失效，终点温度大于380℃
********************************************************
-- [WARN]  [2016-07-21 15:12:44,700]
-- [MonitorScreen.SinteringPro::Void timerSinteringPro_Tick(System.Object, System.EventArgs)]
-- [文件]:D:\SinteringProControl\Platform\PublicClass\LogClass.cs--第21行
-- [详细]:采集异常，终点异常，计算失效，终点温度大于380℃
********************************************************
-- [WARN]  [2016-07-21 15:12:46,681]
-- [MonitorScreen.SinteringPro::Void timerSinteringPro_Tick(System.Object, System.EventArgs)]
-- [文件]:D:\SinteringProControl\Platform\PublicClass\LogClass.cs--第21行
-- [详细]:采集异常，终点异常，计算失效，终点温度大于380℃
********************************************************
-- [WARN]  [2016-07-21 15:12:48,709]
-- [MonitorScreen.SinteringPro::Void timerSinteringPro_Tick(System.Object, System.EventArgs)]
-- [文件]:D:\SinteringProControl\Platform\PublicClass\LogClass.cs--第21行
-- [详细]:采集异常，终点异常，计算失效，终点温度大于380℃
********************************************************
-- [WARN]  [2016-07-21 15:12:50,722]
-- [MonitorScreen.SinteringPro::Void timerSinteringPro_Tick(System.Object, System.EventArgs)]
-- [文件]:D:\SinteringProControl\Platform\PublicClass\LogClass.cs--第21行
-- [详细]:采集异常，终点异常，计算失效，终点温度大于380℃
********************************************************
-- [WARN]  [2016-07-21 15:12:52,734]
-- [MonitorScreen.SinteringPro::Void timerSinteringPro_Tick(System.Object, System.EventArgs)]
-- [文件]:D:\SinteringProControl\Platform\PublicClass\LogClass.cs--第21行
-- [详细]:采集异常，终点异常，计算失效，终点温度大于380℃
********************************************************
-- [WARN]  [2016-07-21 15:12:54,747]
-- [MonitorScreen.SinteringPro::Void timerSinteringPro_Tick(System.Object, System.EventArgs)]
-- [文件]:D:\SinteringProControl\Platform\PublicClass\LogClass.cs--第21行
-- [详细]:采集异常，终点异常，计算失效，终点温度大于380℃
********************************************************
-- [WARN]  [2016-07-21 15:12:56,743]
-- [MonitorScreen.SinteringPro::Void timerSinteringPro_Tick(System.Object, System.EventArgs)]
-- [文件]:D:\SinteringProControl\Platform\PublicClass\LogClass.cs--第21行
-- [详细]:采集异常，终点异常，计算失效，终点温度大于380℃
********************************************************
-- [WARN]  [2016-07-21 15:12:58,771]
-- [MonitorScreen.SinteringPro::Void timerSinteringPro_Tick(System.Object, System.EventArgs)]
-- [文件]:D:\SinteringProControl\Platform\PublicClass\LogClass.cs--第21行
-- [详细]:采集异常，终点异常，计算失效，终点温度大于380℃
********************************************************
-- [WARN]  [2016-07-21 15:13:00,768]
-- [MonitorScreen.SinteringPro::Void timerSinteringPro_Tick(System.Object, System.EventArgs)]
-- [文件]:D:\SinteringProControl\Platform\PublicClass\LogClass.cs--第21行
-- [详细]:采集异常，终点异常，计算失效，终点温度大于380℃
********************************************************
-- [WARN]  [2016-07-21 15:13:02,796]
-- [MonitorScreen.SinteringPro::Void timerSinteringPro_Tick(System.Object, System.EventArgs)]
-- [文件]:D:\SinteringProControl\Platform\PublicClass\LogClass.cs--第21行
-- [详细]:采集异常，终点异常，计算失效，终点温度大于380℃
********************************************************
-- [WARN]  [2016-07-21 15:13:04,809]
-- [MonitorScreen.SinteringPro::Void timerSinteringPro_Tick(System.Object, System.EventArgs)]
-- [文件]:D:\SinteringProControl\Platform\PublicClass\LogClass.cs--第21行
-- [详细]:采集异常，终点异常，计算失效，终点温度大于380℃
********************************************************
-- [WARN]  [2016-07-21 15:13:06,821]
-- [MonitorScreen.SinteringPro::Void timerSinteringPro_Tick(System.Object, System.EventArgs)]
-- [文件]:D:\SinteringProControl\Platform\PublicClass\LogClass.cs--第21行
-- [详细]:采集异常，终点异常，计算失效，终点温度大于380℃
********************************************************
-- [WARN]  [2016-07-21 15:13:08,833]
-- [MonitorScreen.SinteringPro::Void timerSinteringPro_Tick(System.Object, System.EventArgs)]
-- [文件]:D:\SinteringProControl\Platform\PublicClass\LogClass.cs--第21行
-- [详细]:采集异常，终点异常，计算失效，终点温度大于380℃
********************************************************
-- [WARN]  [2016-07-21 15:13:10,846]
-- [MonitorScreen.SinteringPro::Void timerSinteringPro_Tick(System.Object, System.EventArgs)]
-- [文件]:D:\SinteringProControl\Platform\PublicClass\LogClass.cs--第21行
-- [详细]:采集异常，终点异常，计算失效，终点温度大于380℃
********************************************************
-- [WARN]  [2016-07-21 15:13:12,843]
-- [MonitorScreen.SinteringPro::Void timerSinteringPro_Tick(System.Object, System.EventArgs)]
-- [文件]:D:\SinteringProControl\Platform\PublicClass\LogClass.cs--第21行
-- [详细]:采集异常，终点异常，计算失效，终点温度大于380℃
********************************************************
-- [WARN]  [2016-07-21 15:13:14,871]
-- [MonitorScreen.SinteringPro::Void timerSinteringPro_Tick(System.Object, System.EventArgs)]
-- [文件]:D:\SinteringProControl\Platform\PublicClass\LogClass.cs--第21行
-- [详细]:采集异常，终点异常，计算失效，终点温度大于380℃
********************************************************
-- [WARN]  [2016-07-21 15:13:16,899]
-- [MonitorScreen.SinteringPro::Void timerSinteringPro_Tick(System.Object, System.EventArgs)]
-- [文件]:D:\SinteringProControl\Platform\PublicClass\LogClass.cs--第21行
-- [详细]:采集异常，终点异常，计算失效，终点温度大于380℃
********************************************************
-- [WARN]  [2016-07-21 15:13:18,895]
-- [MonitorScreen.SinteringPro::Void timerSinteringPro_Tick(System.Object, System.EventArgs)]
-- [文件]:D:\SinteringProControl\Platform\PublicClass\LogClass.cs--第21行
-- [详细]:采集异常，终点异常，计算失效，终点温度大于380℃
********************************************************
-- [WARN]  [2016-07-21 15:13:20,908]
-- [MonitorScreen.SinteringPro::Void timerSinteringPro_Tick(System.Object, System.EventArgs)]
-- [文件]:D:\SinteringProControl\Platform\PublicClass\LogClass.cs--第21行
-- [详细]:采集异常，终点异常，计算失效，终点温度大于380℃
********************************************************
-- [WARN]  [2016-07-21 15:13:22,920]
-- [MonitorScreen.SinteringPro::Void timerSinteringPro_Tick(System.Object, System.EventArgs)]
-- [文件]:D:\SinteringProControl\Platform\PublicClass\LogClass.cs--第21行
-- [详细]:采集异常，终点异常，计算失效，终点温度大于380℃
********************************************************
-- [WARN]  [2016-07-21 15:13:24,855]
-- [MonitorScreen.SinteringPro::Void timerSinteringPro_Tick(System.Object, System.EventArgs)]
-- [文件]:D:\SinteringProControl\Platform\PublicClass\LogClass.cs--第21行
-- [详细]:采集异常，终点异常，计算失效，终点温度大于380℃
********************************************************
-- [WARN]  [2016-07-21 15:13:26,914]
-- [MonitorScreen.SinteringPro::Void timerSinteringPro_Tick(System.Object, System.EventArgs)]
-- [文件]:D:\SinteringProControl\Platform\PublicClass\LogClass.cs--第21行
-- [详细]:采集异常，终点异常，计算失效，终点温度大于380℃
********************************************************
-- [WARN]  [2016-07-21 15:13:28,926]
-- [MonitorScreen.SinteringPro::Void timerSinteringPro_Tick(System.Object, System.EventArgs)]
-- [文件]:D:\SinteringProControl\Platform\PublicClass\LogClass.cs--第21行
-- [详细]:采集异常，终点异常，计算失效，终点温度大于380℃
********************************************************
-- [WARN]  [2016-07-21 15:13:30,939]
-- [MonitorScreen.SinteringPro::Void timerSinteringPro_Tick(System.Object, System.EventArgs)]
-- [文件]:D:\SinteringProControl\Platform\PublicClass\LogClass.cs--第21行
-- [详细]:采集异常，终点异常，计算失效，终点温度大于380℃
********************************************************
-- [WARN]  [2016-07-21 15:13:32,951]
-- [MonitorScreen.SinteringPro::Void timerSinteringPro_Tick(System.Object, System.EventArgs)]
-- [文件]:D:\SinteringProControl\Platform\PublicClass\LogClass.cs--第21行
-- [详细]:采集异常，终点异常，计算失效，终点温度大于380℃
********************************************************
-- [WARN]  [2016-07-21 15:13:34,964]
-- [MonitorScreen.SinteringPro::Void timerSinteringPro_Tick(System.Object, System.EventArgs)]
-- [文件]:D:\SinteringProControl\Platform\PublicClass\LogClass.cs--第21行
-- [详细]:采集异常，终点异常，计算失效，终点温度大于380℃
********************************************************
-- [WARN]  [2016-07-21 15:13:36,976]
-- [MonitorScreen.SinteringPro::Void timerSinteringPro_Tick(System.Object, System.EventArgs)]
-- [文件]:D:\SinteringProControl\Platform\PublicClass\LogClass.cs--第21行
-- [详细]:采集异常，终点异常，计算失效，终点温度大于380℃
********************************************************
-- [WARN]  [2016-07-21 15:13:38,988]
-- [MonitorScreen.SinteringPro::Void timerSinteringPro_Tick(System.Object, System.EventArgs)]
-- [文件]:D:\SinteringProControl\Platform\PublicClass\LogClass.cs--第21行
-- [详细]:采集异常，终点异常，计算失效，终点温度大于380℃
********************************************************
-- [WARN]  [2016-07-21 15:13:41,001]
-- [MonitorScreen.SinteringPro::Void timerSinteringPro_Tick(System.Object, System.EventArgs)]
-- [文件]:D:\SinteringProControl\Platform\PublicClass\LogClass.cs--第21行
-- [详细]:采集异常，终点异常，计算失效，终点温度大于380℃
********************************************************
-- [WARN]  [2016-07-21 15:13:43,013]
-- [MonitorScreen.SinteringPro::Void timerSinteringPro_Tick(System.Object, System.EventArgs)]
-- [文件]:D:\SinteringProControl\Platform\PublicClass\LogClass.cs--第21行
-- [详细]:采集异常，终点异常，计算失效，终点温度大于380℃
********************************************************
-- [WARN]  [2016-07-21 15:13:45,026]
-- [MonitorScreen.SinteringPro::Void timerSinteringPro_Tick(System.Object, System.EventArgs)]
-- [文件]:D:\SinteringProControl\Platform\PublicClass\LogClass.cs--第21行
-- [详细]:采集异常，终点异常，计算失效，终点温度大于380℃
********************************************************
-- [WARN]  [2016-07-21 15:13:47,038]
-- [MonitorScreen.SinteringPro::Void timerSinteringPro_Tick(System.Object, System.EventArgs)]
-- [文件]:D:\SinteringProControl\Platform\PublicClass\LogClass.cs--第21行
-- [详细]:采集异常，终点异常，计算失效，终点温度大于380℃
********************************************************
-- [WARN]  [2016-07-21 15:13:49,050]
-- [MonitorScreen.SinteringPro::Void timerSinteringPro_Tick(System.Object, System.EventArgs)]
-- [文件]:D:\SinteringProControl\Platform\PublicClass\LogClass.cs--第21行
-- [详细]:采集异常，终点异常，计算失效，终点温度大于380℃
********************************************************
-- [WARN]  [2016-07-21 15:13:51,063]
-- [MonitorScreen.SinteringPro::Void timerSinteringPro_Tick(System.Object, System.EventArgs)]
-- [文件]:D:\SinteringProControl\Platform\PublicClass\LogClass.cs--第21行
-- [详细]:采集异常，终点异常，计算失效，终点温度大于380℃
********************************************************
-- [WARN]  [2016-07-21 15:13:53,075]
-- [MonitorScreen.SinteringPro::Void timerSinteringPro_Tick(System.Object, System.EventArgs)]
-- [文件]:D:\SinteringProControl\Platform\PublicClass\LogClass.cs--第21行
-- [详细]:采集异常，终点异常，计算失效，终点温度大于380℃
********************************************************
-- [WARN]  [2016-07-21 15:13:55,088]
-- [MonitorScreen.SinteringPro::Void timerSinteringPro_Tick(System.Object, System.EventArgs)]
-- [文件]:D:\SinteringProControl\Platform\PublicClass\LogClass.cs--第21行
-- [详细]:采集异常，终点异常，计算失效，终点温度大于380℃
********************************************************
-- [WARN]  [2016-07-21 15:13:57,100]
-- [MonitorScreen.SinteringPro::Void timerSinteringPro_Tick(System.Object, System.EventArgs)]
-- [文件]:D:\SinteringProControl\Platform\PublicClass\LogClass.cs--第21行
-- [详细]:采集异常，终点异常，计算失效，终点温度大于380℃
********************************************************
-- [WARN]  [2016-07-21 15:33:43,754]
-- [MonitorScreen.SinteringPro::Void timerSinteringPro_Tick(System.Object, System.EventArgs)]
-- [文件]:D:\SinteringProControl\Platform\PublicClass\LogClass.cs--第21行
-- [详细]:采集异常，终点异常，计算失效，终点温度大于380℃
********************************************************
-- [WARN]  [2016-07-21 15:33:45,886]
-- [MonitorScreen.SinteringPro::Void timerSinteringPro_Tick(System.Object, System.EventArgs)]
-- [文件]:D:\SinteringProControl\Platform\PublicClass\LogClass.cs--第21行
-- [详细]:采集异常，终点异常，计算失效，终点温度大于380℃
********************************************************
-- [WARN]  [2016-07-21 15:33:47,910]
-- [MonitorScreen.SinteringPro::Void timerSinteringPro_Tick(System.Object, System.EventArgs)]
-- [文件]:D:\SinteringProControl\Platform\PublicClass\LogClass.cs--第21行
-- [详细]:采集异常，终点异常，计算失效，终点温度大于380℃
********************************************************
-- [WARN]  [2016-07-21 15:33:49,919]
-- [MonitorScreen.SinteringPro::Void timerSinteringPro_Tick(System.Object, System.EventArgs)]
-- [文件]:D:\SinteringProControl\Platform\PublicClass\LogClass.cs--第21行
-- [详细]:采集异常，终点异常，计算失效，终点温度大于380℃
********************************************************
-- [WARN]  [2016-07-21 15:33:51,930]
-- [MonitorScreen.SinteringPro::Void timerSinteringPro_Tick(System.Object, System.EventArgs)]
-- [文件]:D:\SinteringProControl\Platform\PublicClass\LogClass.cs--第21行
-- [详细]:采集异常，终点异常，计算失效，终点温度大于380℃
********************************************************
-- [WARN]  [2016-07-21 15:33:53,942]
-- [MonitorScreen.SinteringPro::Void timerSinteringPro_Tick(System.Object, System.EventArgs)]
-- [文件]:D:\SinteringProControl\Platform\PublicClass\LogClass.cs--第21行
-- [详细]:采集异常，终点异常，计算失效，终点温度大于380℃
********************************************************
-- [WARN]  [2016-07-21 15:33:55,951]
-- [MonitorScreen.SinteringPro::Void timerSinteringPro_Tick(System.Object, System.EventArgs)]
-- [文件]:D:\SinteringProControl\Platform\PublicClass\LogClass.cs--第21行
-- [详细]:采集异常，终点异常，计算失效，终点温度大于380℃
********************************************************
-- [WARN]  [2016-07-21 15:33:57,959]
-- [MonitorScreen.SinteringPro::Void timerSinteringPro_Tick(System.Object, System.EventArgs)]
-- [文件]:D:\SinteringProControl\Platform\PublicClass\LogClass.cs--第21行
-- [详细]:采集异常，终点异常，计算失效，终点温度大于380℃
********************************************************
-- [WARN]  [2016-07-21 15:33:59,978]
-- [MonitorScreen.SinteringPro::Void timerSinteringPro_Tick(System.Object, System.EventArgs)]
-- [文件]:D:\SinteringProControl\Platform\PublicClass\LogClass.cs--第21行
-- [详细]:采集异常，终点异常，计算失效，终点温度大于380℃
********************************************************
-- [WARN]  [2016-07-21 15:34:01,989]
-- [MonitorScreen.SinteringPro::Void timerSinteringPro_Tick(System.Object, System.EventArgs)]
-- [文件]:D:\SinteringProControl\Platform\PublicClass\LogClass.cs--第21行
-- [详细]:采集异常，终点异常，计算失效，终点温度大于380℃
********************************************************
-- [WARN]  [2016-07-21 15:34:04,003]
-- [MonitorScreen.SinteringPro::Void timerSinteringPro_Tick(System.Object, System.EventArgs)]
-- [文件]:D:\SinteringProControl\Platform\PublicClass\LogClass.cs--第21行
-- [详细]:采集异常，终点异常，计算失效，终点温度大于380℃
********************************************************
-- [WARN]  [2016-07-21 15:34:06,009]
-- [MonitorScreen.SinteringPro::Void timerSinteringPro_Tick(System.Object, System.EventArgs)]
-- [文件]:D:\SinteringProControl\Platform\PublicClass\LogClass.cs--第21行
-- [详细]:采集异常，终点异常，计算失效，终点温度大于380℃
********************************************************
-- [WARN]  [2016-07-21 15:34:08,021]
-- [MonitorScreen.SinteringPro::Void timerSinteringPro_Tick(System.Object, System.EventArgs)]
-- [文件]:D:\SinteringProControl\Platform\PublicClass\LogClass.cs--第21行
-- [详细]:采集异常，终点异常，计算失效，终点温度大于380℃
********************************************************
-- [WARN]  [2016-07-21 15:34:10,042]
-- [MonitorScreen.SinteringPro::Void timerSinteringPro_Tick(System.Object, System.EventArgs)]
-- [文件]:D:\SinteringProControl\Platform\PublicClass\LogClass.cs--第21行
-- [详细]:采集异常，终点异常，计算失效，终点温度大于380℃
********************************************************
-- [WARN]  [2016-07-21 15:34:12,048]
-- [MonitorScreen.SinteringPro::Void timerSinteringPro_Tick(System.Object, System.EventArgs)]
-- [文件]:D:\SinteringProControl\Platform\PublicClass\LogClass.cs--第21行
-- [详细]:采集异常，终点异常，计算失效，终点温度大于380℃
********************************************************
-- [WARN]  [2016-07-21 15:34:14,067]
-- [MonitorScreen.SinteringPro::Void timerSinteringPro_Tick(System.Object, System.EventArgs)]
-- [文件]:D:\SinteringProControl\Platform\PublicClass\LogClass.cs--第21行
-- [详细]:采集异常，终点异常，计算失效，终点温度大于380℃
********************************************************
-- [WARN]  [2016-07-21 15:34:16,072]
-- [MonitorScreen.SinteringPro::Void timerSinteringPro_Tick(System.Object, System.EventArgs)]
-- [文件]:D:\SinteringProControl\Platform\PublicClass\LogClass.cs--第21行
-- [详细]:采集异常，终点异常，计算失效，终点温度大于380℃
********************************************************
-- [WARN]  [2016-07-21 15:34:18,086]
-- [MonitorScreen.SinteringPro::Void timerSinteringPro_Tick(System.Object, System.EventArgs)]
-- [文件]:D:\SinteringProControl\Platform\PublicClass\LogClass.cs--第21行
-- [详细]:采集异常，终点异常，计算失效，终点温度大于380℃
********************************************************
-- [WARN]  [2016-07-21 15:34:20,097]
-- [MonitorScreen.SinteringPro::Void timerSinteringPro_Tick(System.Object, System.EventArgs)]
-- [文件]:D:\SinteringProControl\Platform\PublicClass\LogClass.cs--第21行
-- [详细]:采集异常，终点异常，计算失效，终点温度大于380℃
********************************************************
-- [WARN]  [2016-07-21 15:51:04,240]
-- [MonitorScreen.SinteringPro::Void timerSinteringPro_Tick(System.Object, System.EventArgs)]
-- [文件]:D:\SinteringProControl\Platform\PublicClass\LogClass.cs--第21行
-- [详细]:采集异常，终点异常，计算失效，终点温度大于380℃
********************************************************
-- [WARN]  [2016-07-21 15:51:06,374]
-- [MonitorScreen.SinteringPro::Void timerSinteringPro_Tick(System.Object, System.EventArgs)]
-- [文件]:D:\SinteringProControl\Platform\PublicClass\LogClass.cs--第21行
-- [详细]:采集异常，终点异常，计算失效，终点温度大于380℃
********************************************************
-- [WARN]  [2016-07-21 15:51:08,387]
-- [MonitorScreen.SinteringPro::Void timerSinteringPro_Tick(System.Object, System.EventArgs)]
-- [文件]:D:\SinteringProControl\Platform\PublicClass\LogClass.cs--第21行
-- [详细]:采集异常，终点异常，计算失效，终点温度大于380℃
********************************************************
-- [WARN]  [2016-07-21 15:51:10,395]
-- [MonitorScreen.SinteringPro::Void timerSinteringPro_Tick(System.Object, System.EventArgs)]
-- [文件]:D:\SinteringProControl\Platform\PublicClass\LogClass.cs--第21行
-- [详细]:采集异常，终点异常，计算失效，终点温度大于380℃
********************************************************
-- [WARN]  [2016-07-21 16:10:45,048]
-- [MonitorScreen.SinteringPro::Void timerSinteringPro_Tick(System.Object, System.EventArgs)]
-- [文件]:D:\SinteringProControl\Platform\PublicClass\LogClass.cs--第21行
-- [详细]:采集异常，终点异常，计算失效，终点温度大于380℃
********************************************************
-- [WARN]  [2016-07-21 16:10:47,192]
-- [MonitorScreen.SinteringPro::Void timerSinteringPro_Tick(System.Object, System.EventArgs)]
-- [文件]:D:\SinteringProControl\Platform\PublicClass\LogClass.cs--第21行
-- [详细]:采集异常，终点异常，计算失效，终点温度大于380℃
********************************************************
-- [WARN]  [2016-07-21 16:10:49,206]
-- [MonitorScreen.SinteringPro::Void timerSinteringPro_Tick(System.Object, System.EventArgs)]
-- [文件]:D:\SinteringProControl\Platform\PublicClass\LogClass.cs--第21行
-- [详细]:采集异常，终点异常，计算失效，终点温度大于380℃
********************************************************
-- [WARN]  [2016-07-21 16:10:51,217]
-- [MonitorScreen.SinteringPro::Void timerSinteringPro_Tick(System.Object, System.EventArgs)]
-- [文件]:D:\SinteringProControl\Platform\PublicClass\LogClass.cs--第21行
-- [详细]:采集异常，终点异常，计算失效，终点温度大于380℃
********************************************************
-- [WARN]  [2016-07-21 16:10:53,230]
-- [MonitorScreen.SinteringPro::Void timerSinteringPro_Tick(System.Object, System.EventArgs)]
-- [文件]:D:\SinteringProControl\Platform\PublicClass\LogClass.cs--第21行
-- [详细]:采集异常，终点异常，计算失效，终点温度大于380℃
********************************************************
-- [WARN]  [2016-07-21 16:10:55,248]
-- [MonitorScreen.SinteringPro::Void timerSinteringPro_Tick(System.Object, System.EventArgs)]
-- [文件]:D:\SinteringProControl\Platform\PublicClass\LogClass.cs--第21行
-- [详细]:采集异常，终点异常，计算失效，终点温度大于380℃
********************************************************
-- [WARN]  [2016-07-21 16:10:57,253]
-- [MonitorScreen.SinteringPro::Void timerSinteringPro_Tick(System.Object, System.EventArgs)]
-- [文件]:D:\SinteringProControl\Platform\PublicClass\LogClass.cs--第21行
-- [详细]:采集异常，终点异常，计算失效，终点温度大于380℃
********************************************************
-- [WARN]  [2016-07-21 16:53:34,935]
-- [MonitorScreen.SinteringPro::Void timerSinteringPro_Tick(System.Object, System.EventArgs)]
-- [文件]:D:\SinteringProControl\Platform\PublicClass\LogClass.cs--第21行
-- [详细]:采集正在启动，计算失效，
********************************************************
-- [WARN]  [2016-07-21 16:53:36,843]
-- [MonitorScreen.SinteringPro::Void timerSinteringPro_Tick(System.Object, System.EventArgs)]
-- [文件]:D:\SinteringProControl\Platform\PublicClass\LogClass.cs--第21行
-- [详细]:采集正在启动，计算失效，
********************************************************
-- [WARN]  [2016-07-21 16:53:38,860]
-- [MonitorScreen.SinteringPro::Void timerSinteringPro_Tick(System.Object, System.EventArgs)]
-- [文件]:D:\SinteringProControl\Platform\PublicClass\LogClass.cs--第21行
-- [详细]:采集正在启动，计算失效，
********************************************************
-- [WARN]  [2016-07-21 16:53:40,874]
-- [MonitorScreen.SinteringPro::Void timerSinteringPro_Tick(System.Object, System.EventArgs)]
-- [文件]:D:\SinteringProControl\Platform\PublicClass\LogClass.cs--第21行
-- [详细]:采集正在启动，计算失效，
********************************************************
-- [WARN]  [2016-07-21 16:53:42,884]
-- [MonitorScreen.SinteringPro::Void timerSinteringPro_Tick(System.Object, System.EventArgs)]
-- [文件]:D:\SinteringProControl\Platform\PublicClass\LogClass.cs--第21行
-- [详细]:采集正在启动，计算失效，
********************************************************
-- [WARN]  [2016-07-21 16:53:44,891]
-- [MonitorScreen.SinteringPro::Void timerSinteringPro_Tick(System.Object, System.EventArgs)]
-- [文件]:D:\SinteringProControl\Platform\PublicClass\LogClass.cs--第21行
-- [详细]:采集正在启动，计算失效，
********************************************************
-- [WARN]  [2016-07-21 16:53:46,908]
-- [MonitorScreen.SinteringPro::Void timerSinteringPro_Tick(System.Object, System.EventArgs)]
-- [文件]:D:\SinteringProControl\Platform\PublicClass\LogClass.cs--第21行
-- [详细]:采集正在启动，计算失效，
********************************************************
-- [WARN]  [2016-07-21 16:53:48,921]
-- [MonitorScreen.SinteringPro::Void timerSinteringPro_Tick(System.Object, System.EventArgs)]
-- [文件]:D:\SinteringProControl\Platform\PublicClass\LogClass.cs--第21行
-- [详细]:采集正在启动，计算失效，
********************************************************
-- [WARN]  [2016-07-21 16:53:50,937]
-- [MonitorScreen.SinteringPro::Void timerSinteringPro_Tick(System.Object, System.EventArgs)]
-- [文件]:D:\SinteringProControl\Platform\PublicClass\LogClass.cs--第21行
-- [详细]:采集正在启动，计算失效，
********************************************************
-- [WARN]  [2016-07-21 16:53:52,935]
-- [MonitorScreen.SinteringPro::Void timerSinteringPro_Tick(System.Object, System.EventArgs)]
-- [文件]:D:\SinteringProControl\Platform\PublicClass\LogClass.cs--第21行
-- [详细]:采集正在启动，计算失效，
********************************************************
-- [WARN]  [2016-07-21 16:53:54,952]
-- [MonitorScreen.SinteringPro::Void timerSinteringPro_Tick(System.Object, System.EventArgs)]
-- [文件]:D:\SinteringProControl\Platform\PublicClass\LogClass.cs--第21行
-- [详细]:采集正在启动，计算失效，
********************************************************
-- [WARN]  [2016-07-21 16:53:56,970]
-- [MonitorScreen.SinteringPro::Void timerSinteringPro_Tick(System.Object, System.EventArgs)]
-- [文件]:D:\SinteringProControl\Platform\PublicClass\LogClass.cs--第21行
-- [详细]:采集正在启动，计算失效，
********************************************************
-- [WARN]  [2016-07-21 16:53:58,999]
-- [MonitorScreen.SinteringPro::Void timerSinteringPro_Tick(System.Object, System.EventArgs)]
-- [文件]:D:\SinteringProControl\Platform\PublicClass\LogClass.cs--第21行
-- [详细]:采集正在启动，计算失效，
********************************************************
-- [WARN]  [2016-07-21 16:54:01,000]
-- [MonitorScreen.SinteringPro::Void timerSinteringPro_Tick(System.Object, System.EventArgs)]
-- [文件]:D:\SinteringProControl\Platform\PublicClass\LogClass.cs--第21行
-- [详细]:采集正在启动，计算失效，
********************************************************
-- [WARN]  [2016-07-21 16:54:03,009]
-- [MonitorScreen.SinteringPro::Void timerSinteringPro_Tick(System.Object, System.EventArgs)]
-- [文件]:D:\SinteringProControl\Platform\PublicClass\LogClass.cs--第21行
-- [详细]:采集正在启动，计算失效，
********************************************************
-- [WARN]  [2016-07-21 16:54:35,606]
-- [MonitorScreen.SinteringPro::Void timerSinteringPro_Tick(System.Object, System.EventArgs)]
-- [文件]:D:\SinteringProControl\Platform\PublicClass\LogClass.cs--第21行
-- [详细]:采集正在启动，计算失效，
********************************************************
-- [WARN]  [2016-07-21 16:54:37,628]
-- [MonitorScreen.SinteringPro::Void timerSinteringPro_Tick(System.Object, System.EventArgs)]
-- [文件]:D:\SinteringProControl\Platform\PublicClass\LogClass.cs--第21行
-- [详细]:采集正在启动，计算失效，
********************************************************
-- [WARN]  [2016-07-21 16:54:39,654]
-- [MonitorScreen.SinteringPro::Void timerSinteringPro_Tick(System.Object, System.EventArgs)]
-- [文件]:D:\SinteringProControl\Platform\PublicClass\LogClass.cs--第21行
-- [详细]:采集正在启动，计算失效，
********************************************************
-- [WARN]  [2016-07-21 16:54:41,665]
-- [MonitorScreen.SinteringPro::Void timerSinteringPro_Tick(System.Object, System.EventArgs)]
-- [文件]:D:\SinteringProControl\Platform\PublicClass\LogClass.cs--第21行
-- [详细]:采集正在启动，计算失效，
********************************************************
-- [WARN]  [2016-07-21 16:54:43,682]
-- [MonitorScreen.SinteringPro::Void timerSinteringPro_Tick(System.Object, System.EventArgs)]
-- [文件]:D:\SinteringProControl\Platform\PublicClass\LogClass.cs--第21行
-- [详细]:采集正在启动，计算失效，
********************************************************
-- [WARN]  [2016-07-21 16:54:45,678]
-- [MonitorScreen.SinteringPro::Void timerSinteringPro_Tick(System.Object, System.EventArgs)]
-- [文件]:D:\SinteringProControl\Platform\PublicClass\LogClass.cs--第21行
-- [详细]:采集正在启动，计算失效，
********************************************************
-- [WARN]  [2016-07-21 16:54:47,702]
-- [MonitorScreen.SinteringPro::Void timerSinteringPro_Tick(System.Object, System.EventArgs)]
-- [文件]:D:\SinteringProControl\Platform\PublicClass\LogClass.cs--第21行
-- [详细]:采集正在启动，计算失效，
********************************************************
-- [WARN]  [2016-07-21 16:55:09,459]
-- [MonitorScreen.SinteringPro::Void timerSinteringPro_Tick(System.Object, System.EventArgs)]
-- [文件]:D:\SinteringProControl\Platform\PublicClass\LogClass.cs--第21行
-- [详细]:采集正在启动，计算失效，
********************************************************
-- [WARN]  [2016-07-21 16:55:11,495]
-- [MonitorScreen.SinteringPro::Void timerSinteringPro_Tick(System.Object, System.EventArgs)]
-- [文件]:D:\SinteringProControl\Platform\PublicClass\LogClass.cs--第21行
-- [详细]:采集正在启动，计算失效，
********************************************************
-- [WARN]  [2016-07-21 16:55:13,506]
-- [MonitorScreen.SinteringPro::Void timerSinteringPro_Tick(System.Object, System.EventArgs)]
-- [文件]:D:\SinteringProControl\Platform\PublicClass\LogClass.cs--第21行
-- [详细]:采集正在启动，计算失效，
********************************************************
-- [WARN]  [2016-07-21 16:55:15,507]
-- [MonitorScreen.SinteringPro::Void timerSinteringPro_Tick(System.Object, System.EventArgs)]
-- [文件]:D:\SinteringProControl\Platform\PublicClass\LogClass.cs--第21行
-- [详细]:采集正在启动，计算失效，
********************************************************
-- [WARN]  [2016-07-21 16:55:17,534]
-- [MonitorScreen.SinteringPro::Void timerSinteringPro_Tick(System.Object, System.EventArgs)]
-- [文件]:D:\SinteringProControl\Platform\PublicClass\LogClass.cs--第21行
-- [详细]:采集正在启动，计算失效，
********************************************************
-- [WARN]  [2016-07-21 16:55:19,539]
-- [MonitorScreen.SinteringPro::Void timerSinteringPro_Tick(System.Object, System.EventArgs)]
-- [文件]:D:\SinteringProControl\Platform\PublicClass\LogClass.cs--第21行
-- [详细]:采集正在启动，计算失效，
********************************************************
-- [WARN]  [2016-07-21 16:55:21,549]
-- [MonitorScreen.SinteringPro::Void timerSinteringPro_Tick(System.Object, System.EventArgs)]
-- [文件]:D:\SinteringProControl\Platform\PublicClass\LogClass.cs--第21行
-- [详细]:采集正在启动，计算失效，
********************************************************
-- [WARN]  [2016-07-21 16:55:23,562]
-- [MonitorScreen.SinteringPro::Void timerSinteringPro_Tick(System.Object, System.EventArgs)]
-- [文件]:D:\SinteringProControl\Platform\PublicClass\LogClass.cs--第21行
-- [详细]:采集正在启动，计算失效，
********************************************************
-- [WARN]  [2016-07-21 16:55:25,566]
-- [MonitorScreen.SinteringPro::Void timerSinteringPro_Tick(System.Object, System.EventArgs)]
-- [文件]:D:\SinteringProControl\Platform\PublicClass\LogClass.cs--第21行
-- [详细]:采集正在启动，计算失效，
********************************************************
-- [WARN]  [2016-07-21 16:55:27,591]
-- [MonitorScreen.SinteringPro::Void timerSinteringPro_Tick(System.Object, System.EventArgs)]
-- [文件]:D:\SinteringProControl\Platform\PublicClass\LogClass.cs--第21行
-- [详细]:采集正在启动，计算失效，
********************************************************
-- [WARN]  [2016-07-21 16:55:29,605]
-- [MonitorScreen.SinteringPro::Void timerSinteringPro_Tick(System.Object, System.EventArgs)]
-- [文件]:D:\SinteringProControl\Platform\PublicClass\LogClass.cs--第21行
-- [详细]:采集正在启动，计算失效，
********************************************************
-- [WARN]  [2016-07-21 16:55:31,610]
-- [MonitorScreen.SinteringPro::Void timerSinteringPro_Tick(System.Object, System.EventArgs)]
-- [文件]:D:\SinteringProControl\Platform\PublicClass\LogClass.cs--第21行
-- [详细]:采集正在启动，计算失效，
********************************************************
-- [WARN]  [2016-07-21 16:55:33,632]
-- [MonitorScreen.SinteringPro::Void timerSinteringPro_Tick(System.Object, System.EventArgs)]
-- [文件]:D:\SinteringProControl\Platform\PublicClass\LogClass.cs--第21行
-- [详细]:采集正在启动，计算失效，
********************************************************
-- [WARN]  [2016-07-21 16:55:35,626]
-- [MonitorScreen.SinteringPro::Void timerSinteringPro_Tick(System.Object, System.EventArgs)]
-- [文件]:D:\SinteringProControl\Platform\PublicClass\LogClass.cs--第21行
-- [详细]:采集正在启动，计算失效，
********************************************************
-- [WARN]  [2016-07-21 16:55:37,645]
-- [MonitorScreen.SinteringPro::Void timerSinteringPro_Tick(System.Object, System.EventArgs)]
-- [文件]:D:\SinteringProControl\Platform\PublicClass\LogClass.cs--第21行
-- [详细]:采集正在启动，计算失效，
********************************************************
-- [WARN]  [2016-07-21 16:55:39,658]
-- [MonitorScreen.SinteringPro::Void timerSinteringPro_Tick(System.Object, System.EventArgs)]
-- [文件]:D:\SinteringProControl\Platform\PublicClass\LogClass.cs--第21行
-- [详细]:采集正在启动，计算失效，
********************************************************
-- [WARN]  [2016-07-21 16:55:41,680]
-- [MonitorScreen.SinteringPro::Void timerSinteringPro_Tick(System.Object, System.EventArgs)]
-- [文件]:D:\SinteringProControl\Platform\PublicClass\LogClass.cs--第21行
-- [详细]:采集正在启动，计算失效，
********************************************************
-- [WARN]  [2016-07-21 16:55:43,681]
-- [MonitorScreen.SinteringPro::Void timerSinteringPro_Tick(System.Object, System.EventArgs)]
-- [文件]:D:\SinteringProControl\Platform\PublicClass\LogClass.cs--第21行
-- [详细]:采集正在启动，计算失效，
********************************************************
-- [WARN]  [2016-07-21 16:55:45,695]
-- [MonitorScreen.SinteringPro::Void timerSinteringPro_Tick(System.Object, System.EventArgs)]
-- [文件]:D:\SinteringProControl\Platform\PublicClass\LogClass.cs--第21行
-- [详细]:采集正在启动，计算失效，
********************************************************
-- [WARN]  [2016-07-21 16:55:47,708]
-- [MonitorScreen.SinteringPro::Void timerSinteringPro_Tick(System.Object, System.EventArgs)]
-- [文件]:D:\SinteringProControl\Platform\PublicClass\LogClass.cs--第21行
-- [详细]:采集正在启动，计算失效，
********************************************************
-- [WARN]  [2016-07-21 16:55:49,719]
-- [MonitorScreen.SinteringPro::Void timerSinteringPro_Tick(System.Object, System.EventArgs)]
-- [文件]:D:\SinteringProControl\Platform\PublicClass\LogClass.cs--第21行
-- [详细]:采集正在启动，计算失效，
********************************************************
-- [WARN]  [2016-07-21 16:55:51,741]
-- [MonitorScreen.SinteringPro::Void timerSinteringPro_Tick(System.Object, System.EventArgs)]
-- [文件]:D:\SinteringProControl\Platform\PublicClass\LogClass.cs--第21行
-- [详细]:采集正在启动，计算失效，
********************************************************
-- [WARN]  [2016-07-21 16:55:53,756]
-- [MonitorScreen.SinteringPro::Void timerSinteringPro_Tick(System.Object, System.EventArgs)]
-- [文件]:D:\SinteringProControl\Platform\PublicClass\LogClass.cs--第21行
-- [详细]:采集正在启动，计算失效，
********************************************************
-- [WARN]  [2016-07-21 16:55:55,762]
-- [MonitorScreen.SinteringPro::Void timerSinteringPro_Tick(System.Object, System.EventArgs)]
-- [文件]:D:\SinteringProControl\Platform\PublicClass\LogClass.cs--第21行
-- [详细]:采集正在启动，计算失效，
********************************************************
-- [WARN]  [2016-07-21 16:55:57,774]
-- [MonitorScreen.SinteringPro::Void timerSinteringPro_Tick(System.Object, System.EventArgs)]
-- [文件]:D:\SinteringProControl\Platform\PublicClass\LogClass.cs--第21行
-- [详细]:采集正在启动，计算失效，
********************************************************
-- [WARN]  [2016-07-21 16:55:59,781]
-- [MonitorScreen.SinteringPro::Void timerSinteringPro_Tick(System.Object, System.EventArgs)]
-- [文件]:D:\SinteringProControl\Platform\PublicClass\LogClass.cs--第21行
-- [详细]:采集正在启动，计算失效，
********************************************************
-- [WARN]  [2016-07-21 16:56:01,801]
-- [MonitorScreen.SinteringPro::Void timerSinteringPro_Tick(System.Object, System.EventArgs)]
-- [文件]:D:\SinteringProControl\Platform\PublicClass\LogClass.cs--第21行
-- [详细]:采集正在启动，计算失效，
********************************************************
-- [WARN]  [2016-07-21 16:56:03,811]
-- [MonitorScreen.SinteringPro::Void timerSinteringPro_Tick(System.Object, System.EventArgs)]
-- [文件]:D:\SinteringProControl\Platform\PublicClass\LogClass.cs--第21行
-- [详细]:采集正在启动，计算失效，
********************************************************
-- [WARN]  [2016-07-21 16:56:05,814]
-- [MonitorScreen.SinteringPro::Void timerSinteringPro_Tick(System.Object, System.EventArgs)]
-- [文件]:D:\SinteringProControl\Platform\PublicClass\LogClass.cs--第21行
-- [详细]:采集正在启动，计算失效，
********************************************************
-- [WARN]  [2016-07-21 16:56:07,840]
-- [MonitorScreen.SinteringPro::Void timerSinteringPro_Tick(System.Object, System.EventArgs)]
-- [文件]:D:\SinteringProControl\Platform\PublicClass\LogClass.cs--第21行
-- [详细]:采集正在启动，计算失效，
********************************************************
-- [WARN]  [2016-07-21 16:56:09,859]
-- [MonitorScreen.SinteringPro::Void timerSinteringPro_Tick(System.Object, System.EventArgs)]
-- [文件]:D:\SinteringProControl\Platform\PublicClass\LogClass.cs--第21行
-- [详细]:采集正在启动，计算失效，
********************************************************
-- [WARN]  [2016-07-21 16:56:11,860]
-- [MonitorScreen.SinteringPro::Void timerSinteringPro_Tick(System.Object, System.EventArgs)]
-- [文件]:D:\SinteringProControl\Platform\PublicClass\LogClass.cs--第21行
-- [详细]:采集正在启动，计算失效，
********************************************************
-- [WARN]  [2016-07-21 16:56:13,878]
-- [MonitorScreen.SinteringPro::Void timerSinteringPro_Tick(System.Object, System.EventArgs)]
-- [文件]:D:\SinteringProControl\Platform\PublicClass\LogClass.cs--第21行
-- [详细]:采集正在启动，计算失效，
********************************************************
-- [WARN]  [2016-07-21 16:56:15,891]
-- [MonitorScreen.SinteringPro::Void timerSinteringPro_Tick(System.Object, System.EventArgs)]
-- [文件]:D:\SinteringProControl\Platform\PublicClass\LogClass.cs--第21行
-- [详细]:采集正在启动，计算失效，
********************************************************
-- [WARN]  [2016-07-21 16:56:17,900]
-- [MonitorScreen.SinteringPro::Void timerSinteringPro_Tick(System.Object, System.EventArgs)]
-- [文件]:D:\SinteringProControl\Platform\PublicClass\LogClass.cs--第21行
-- [详细]:采集正在启动，计算失效，
********************************************************
-- [WARN]  [2016-07-21 16:56:19,910]
-- [MonitorScreen.SinteringPro::Void timerSinteringPro_Tick(System.Object, System.EventArgs)]
-- [文件]:D:\SinteringProControl\Platform\PublicClass\LogClass.cs--第21行
-- [详细]:采集正在启动，计算失效，
********************************************************
-- [WARN]  [2016-07-21 16:56:21,917]
-- [MonitorScreen.SinteringPro::Void timerSinteringPro_Tick(System.Object, System.EventArgs)]
-- [文件]:D:\SinteringProControl\Platform\PublicClass\LogClass.cs--第21行
-- [详细]:采集正在启动，计算失效，
********************************************************
-- [WARN]  [2016-07-21 16:56:23,941]
-- [MonitorScreen.SinteringPro::Void timerSinteringPro_Tick(System.Object, System.EventArgs)]
-- [文件]:D:\SinteringProControl\Platform\PublicClass\LogClass.cs--第21行
-- [详细]:采集正在启动，计算失效，
********************************************************
-- [WARN]  [2016-07-21 16:56:25,939]
-- [MonitorScreen.SinteringPro::Void timerSinteringPro_Tick(System.Object, System.EventArgs)]
-- [文件]:D:\SinteringProControl\Platform\PublicClass\LogClass.cs--第21行
-- [详细]:采集正在启动，计算失效，
********************************************************
-- [WARN]  [2016-07-21 16:56:27,953]
-- [MonitorScreen.SinteringPro::Void timerSinteringPro_Tick(System.Object, System.EventArgs)]
-- [文件]:D:\SinteringProControl\Platform\PublicClass\LogClass.cs--第21行
-- [详细]:采集正在启动，计算失效，
********************************************************
-- [WARN]  [2016-07-21 16:56:29,979]
-- [MonitorScreen.SinteringPro::Void timerSinteringPro_Tick(System.Object, System.EventArgs)]
-- [文件]:D:\SinteringProControl\Platform\PublicClass\LogClass.cs--第21行
-- [详细]:采集正在启动，计算失效，
********************************************************
-- [WARN]  [2016-07-21 16:56:31,996]
-- [MonitorScreen.SinteringPro::Void timerSinteringPro_Tick(System.Object, System.EventArgs)]
-- [文件]:D:\SinteringProControl\Platform\PublicClass\LogClass.cs--第21行
-- [详细]:采集正在启动，计算失效，
********************************************************
-- [WARN]  [2016-07-21 16:56:33,997]
-- [MonitorScreen.SinteringPro::Void timerSinteringPro_Tick(System.Object, System.EventArgs)]
-- [文件]:D:\SinteringProControl\Platform\PublicClass\LogClass.cs--第21行
-- [详细]:采集正在启动，计算失效，
********************************************************
-- [WARN]  [2016-07-21 16:56:36,007]
-- [MonitorScreen.SinteringPro::Void timerSinteringPro_Tick(System.Object, System.EventArgs)]
-- [文件]:D:\SinteringProControl\Platform\PublicClass\LogClass.cs--第21行
-- [详细]:采集正在启动，计算失效，
********************************************************
-- [WARN]  [2016-07-21 16:56:38,024]
-- [MonitorScreen.SinteringPro::Void timerSinteringPro_Tick(System.Object, System.EventArgs)]
-- [文件]:D:\SinteringProControl\Platform\PublicClass\LogClass.cs--第21行
-- [详细]:采集正在启动，计算失效，
********************************************************
-- [WARN]  [2016-07-21 16:56:40,030]
-- [MonitorScreen.SinteringPro::Void timerSinteringPro_Tick(System.Object, System.EventArgs)]
-- [文件]:D:\SinteringProControl\Platform\PublicClass\LogClass.cs--第21行
-- [详细]:采集正在启动，计算失效，
********************************************************
-- [WARN]  [2016-07-21 16:56:42,052]
-- [MonitorScreen.SinteringPro::Void timerSinteringPro_Tick(System.Object, System.EventArgs)]
-- [文件]:D:\SinteringProControl\Platform\PublicClass\LogClass.cs--第21行
-- [详细]:采集正在启动，计算失效，
********************************************************
-- [WARN]  [2016-07-21 16:56:44,056]
-- [MonitorScreen.SinteringPro::Void timerSinteringPro_Tick(System.Object, System.EventArgs)]
-- [文件]:D:\SinteringProControl\Platform\PublicClass\LogClass.cs--第21行
-- [详细]:采集正在启动，计算失效，
********************************************************
-- [WARN]  [2016-07-21 16:56:46,076]
-- [MonitorScreen.SinteringPro::Void timerSinteringPro_Tick(System.Object, System.EventArgs)]
-- [文件]:D:\SinteringProControl\Platform\PublicClass\LogClass.cs--第21行
-- [详细]:采集正在启动，计算失效，
********************************************************
-- [WARN]  [2016-07-21 16:56:48,087]
-- [MonitorScreen.SinteringPro::Void timerSinteringPro_Tick(System.Object, System.EventArgs)]
-- [文件]:D:\SinteringProControl\Platform\PublicClass\LogClass.cs--第21行
-- [详细]:采集正在启动，计算失效，
********************************************************
-- [WARN]  [2016-07-21 16:56:50,102]
-- [MonitorScreen.SinteringPro::Void timerSinteringPro_Tick(System.Object, System.EventArgs)]
-- [文件]:D:\SinteringProControl\Platform\PublicClass\LogClass.cs--第21行
-- [详细]:采集正在启动，计算失效，
********************************************************
-- [WARN]  [2016-07-21 16:56:52,107]
-- [MonitorScreen.SinteringPro::Void timerSinteringPro_Tick(System.Object, System.EventArgs)]
-- [文件]:D:\SinteringProControl\Platform\PublicClass\LogClass.cs--第21行
-- [详细]:采集正在启动，计算失效，
********************************************************
-- [WARN]  [2016-07-21 16:56:54,116]
-- [MonitorScreen.SinteringPro::Void timerSinteringPro_Tick(System.Object, System.EventArgs)]
-- [文件]:D:\SinteringProControl\Platform\PublicClass\LogClass.cs--第21行
-- [详细]:采集正在启动，计算失效，
********************************************************
-- [WARN]  [2016-07-21 16:56:56,131]
-- [MonitorScreen.SinteringPro::Void timerSinteringPro_Tick(System.Object, System.EventArgs)]
-- [文件]:D:\SinteringProControl\Platform\PublicClass\LogClass.cs--第21行
-- [详细]:采集正在启动，计算失效，
********************************************************
-- [WARN]  [2016-07-21 16:56:58,148]
-- [MonitorScreen.SinteringPro::Void timerSinteringPro_Tick(System.Object, System.EventArgs)]
-- [文件]:D:\SinteringProControl\Platform\PublicClass\LogClass.cs--第21行
-- [详细]:采集正在启动，计算失效，
********************************************************
-- [WARN]  [2016-07-21 16:57:00,162]
-- [MonitorScreen.SinteringPro::Void timerSinteringPro_Tick(System.Object, System.EventArgs)]
-- [文件]:D:\SinteringProControl\Platform\PublicClass\LogClass.cs--第21行
-- [详细]:采集正在启动，计算失效，
********************************************************
-- [WARN]  [2016-07-21 16:57:02,176]
-- [MonitorScreen.SinteringPro::Void timerSinteringPro_Tick(System.Object, System.EventArgs)]
-- [文件]:D:\SinteringProControl\Platform\PublicClass\LogClass.cs--第21行
-- [详细]:采集正在启动，计算失效，
********************************************************
-- [WARN]  [2016-07-21 16:57:04,181]
-- [MonitorScreen.SinteringPro::Void timerSinteringPro_Tick(System.Object, System.EventArgs)]
-- [文件]:D:\SinteringProControl\Platform\PublicClass\LogClass.cs--第21行
-- [详细]:采集正在启动，计算失效，
********************************************************
-- [WARN]  [2016-07-21 16:57:06,190]
-- [MonitorScreen.SinteringPro::Void timerSinteringPro_Tick(System.Object, System.EventArgs)]
-- [文件]:D:\SinteringProControl\Platform\PublicClass\LogClass.cs--第21行
-- [详细]:采集正在启动，计算失效，
********************************************************
-- [WARN]  [2016-07-21 16:57:08,210]
-- [MonitorScreen.SinteringPro::Void timerSinteringPro_Tick(System.Object, System.EventArgs)]
-- [文件]:D:\SinteringProControl\Platform\PublicClass\LogClass.cs--第21行
-- [详细]:采集正在启动，计算失效，
********************************************************
-- [WARN]  [2016-07-21 16:57:10,224]
-- [MonitorScreen.SinteringPro::Void timerSinteringPro_Tick(System.Object, System.EventArgs)]
-- [文件]:D:\SinteringProControl\Platform\PublicClass\LogClass.cs--第21行
-- [详细]:采集正在启动，计算失效，
********************************************************
-- [WARN]  [2016-07-21 16:57:12,237]
-- [MonitorScreen.SinteringPro::Void timerSinteringPro_Tick(System.Object, System.EventArgs)]
-- [文件]:D:\SinteringProControl\Platform\PublicClass\LogClass.cs--第21行
-- [详细]:采集正在启动，计算失效，
********************************************************
-- [WARN]  [2016-07-21 16:57:14,239]
-- [MonitorScreen.SinteringPro::Void timerSinteringPro_Tick(System.Object, System.EventArgs)]
-- [文件]:D:\SinteringProControl\Platform\PublicClass\LogClass.cs--第21行
-- [详细]:采集正在启动，计算失效，
********************************************************
-- [WARN]  [2016-07-21 16:57:16,257]
-- [MonitorScreen.SinteringPro::Void timerSinteringPro_Tick(System.Object, System.EventArgs)]
-- [文件]:D:\SinteringProControl\Platform\PublicClass\LogClass.cs--第21行
-- [详细]:采集正在启动，计算失效，
********************************************************
-- [WARN]  [2016-07-21 16:57:18,263]
-- [MonitorScreen.SinteringPro::Void timerSinteringPro_Tick(System.Object, System.EventArgs)]
-- [文件]:D:\SinteringProControl\Platform\PublicClass\LogClass.cs--第21行
-- [详细]:采集正在启动，计算失效，
********************************************************
-- [WARN]  [2016-07-21 16:57:20,293]
-- [MonitorScreen.SinteringPro::Void timerSinteringPro_Tick(System.Object, System.EventArgs)]
-- [文件]:D:\SinteringProControl\Platform\PublicClass\LogClass.cs--第21行
-- [详细]:采集正在启动，计算失效，
********************************************************
-- [WARN]  [2016-07-21 16:57:22,302]
-- [MonitorScreen.SinteringPro::Void timerSinteringPro_Tick(System.Object, System.EventArgs)]
-- [文件]:D:\SinteringProControl\Platform\PublicClass\LogClass.cs--第21行
-- [详细]:采集正在启动，计算失效，
********************************************************
-- [WARN]  [2016-07-21 16:57:24,301]
-- [MonitorScreen.SinteringPro::Void timerSinteringPro_Tick(System.Object, System.EventArgs)]
-- [文件]:D:\SinteringProControl\Platform\PublicClass\LogClass.cs--第21行
-- [详细]:采集正在启动，计算失效，
********************************************************
-- [WARN]  [2016-07-21 16:57:26,310]
-- [MonitorScreen.SinteringPro::Void timerSinteringPro_Tick(System.Object, System.EventArgs)]
-- [文件]:D:\SinteringProControl\Platform\PublicClass\LogClass.cs--第21行
-- [详细]:采集正在启动，计算失效，
********************************************************
-- [WARN]  [2016-07-21 16:57:28,324]
-- [MonitorScreen.SinteringPro::Void timerSinteringPro_Tick(System.Object, System.EventArgs)]
-- [文件]:D:\SinteringProControl\Platform\PublicClass\LogClass.cs--第21行
-- [详细]:采集正在启动，计算失效，
********************************************************
-- [WARN]  [2016-07-21 16:57:30,345]
-- [MonitorScreen.SinteringPro::Void timerSinteringPro_Tick(System.Object, System.EventArgs)]
-- [文件]:D:\SinteringProControl\Platform\PublicClass\LogClass.cs--第21行
-- [详细]:采集正在启动，计算失效，
********************************************************
-- [WARN]  [2016-07-21 16:57:32,362]
-- [MonitorScreen.SinteringPro::Void timerSinteringPro_Tick(System.Object, System.EventArgs)]
-- [文件]:D:\SinteringProControl\Platform\PublicClass\LogClass.cs--第21行
-- [详细]:采集正在启动，计算失效，
********************************************************
-- [WARN]  [2016-07-21 16:57:34,365]
-- [MonitorScreen.SinteringPro::Void timerSinteringPro_Tick(System.Object, System.EventArgs)]
-- [文件]:D:\SinteringProControl\Platform\PublicClass\LogClass.cs--第21行
-- [详细]:采集正在启动，计算失效，
********************************************************
-- [WARN]  [2016-07-21 16:57:36,374]
-- [MonitorScreen.SinteringPro::Void timerSinteringPro_Tick(System.Object, System.EventArgs)]
-- [文件]:D:\SinteringProControl\Platform\PublicClass\LogClass.cs--第21行
-- [详细]:采集正在启动，计算失效，
********************************************************
-- [WARN]  [2016-07-21 16:57:38,391]
-- [MonitorScreen.SinteringPro::Void timerSinteringPro_Tick(System.Object, System.EventArgs)]
-- [文件]:D:\SinteringProControl\Platform\PublicClass\LogClass.cs--第21行
-- [详细]:采集正在启动，计算失效，
********************************************************
-- [WARN]  [2016-07-21 16:57:40,406]
-- [MonitorScreen.SinteringPro::Void timerSinteringPro_Tick(System.Object, System.EventArgs)]
-- [文件]:D:\SinteringProControl\Platform\PublicClass\LogClass.cs--第21行
-- [详细]:采集正在启动，计算失效，
********************************************************
-- [WARN]  [2016-07-21 16:57:42,414]
-- [MonitorScreen.SinteringPro::Void timerSinteringPro_Tick(System.Object, System.EventArgs)]
-- [文件]:D:\SinteringProControl\Platform\PublicClass\LogClass.cs--第21行
-- [详细]:采集正在启动，计算失效，
********************************************************
-- [WARN]  [2016-07-21 16:57:44,427]
-- [MonitorScreen.SinteringPro::Void timerSinteringPro_Tick(System.Object, System.EventArgs)]
-- [文件]:D:\SinteringProControl\Platform\PublicClass\LogClass.cs--第21行
-- [详细]:采集正在启动，计算失效，
********************************************************
-- [WARN]  [2016-07-21 16:57:46,437]
-- [MonitorScreen.SinteringPro::Void timerSinteringPro_Tick(System.Object, System.EventArgs)]
-- [文件]:D:\SinteringProControl\Platform\PublicClass\LogClass.cs--第21行
-- [详细]:采集正在启动，计算失效，
********************************************************
-- [WARN]  [2016-07-21 16:57:48,453]
-- [MonitorScreen.SinteringPro::Void timerSinteringPro_Tick(System.Object, System.EventArgs)]
-- [文件]:D:\SinteringProControl\Platform\PublicClass\LogClass.cs--第21行
-- [详细]:采集正在启动，计算失效，
********************************************************
-- [WARN]  [2016-07-21 16:57:50,461]
-- [MonitorScreen.SinteringPro::Void timerSinteringPro_Tick(System.Object, System.EventArgs)]
-- [文件]:D:\SinteringProControl\Platform\PublicClass\LogClass.cs--第21行
-- [详细]:采集正在启动，计算失效，
********************************************************
-- [WARN]  [2016-07-21 16:57:52,481]
-- [MonitorScreen.SinteringPro::Void timerSinteringPro_Tick(System.Object, System.EventArgs)]
-- [文件]:D:\SinteringProControl\Platform\PublicClass\LogClass.cs--第21行
-- [详细]:采集正在启动，计算失效，
********************************************************
-- [WARN]  [2016-07-21 16:57:54,489]
-- [MonitorScreen.SinteringPro::Void timerSinteringPro_Tick(System.Object, System.EventArgs)]
-- [文件]:D:\SinteringProControl\Platform\PublicClass\LogClass.cs--第21行
-- [详细]:采集正在启动，计算失效，
********************************************************
-- [WARN]  [2016-07-21 16:57:56,504]
-- [MonitorScreen.SinteringPro::Void timerSinteringPro_Tick(System.Object, System.EventArgs)]
-- [文件]:D:\SinteringProControl\Platform\PublicClass\LogClass.cs--第21行
-- [详细]:采集正在启动，计算失效，
********************************************************
-- [WARN]  [2016-07-21 16:57:58,516]
-- [MonitorScreen.SinteringPro::Void timerSinteringPro_Tick(System.Object, System.EventArgs)]
-- [文件]:D:\SinteringProControl\Platform\PublicClass\LogClass.cs--第21行
-- [详细]:采集正在启动，计算失效，
********************************************************
-- [WARN]  [2016-07-21 16:58:00,526]
-- [MonitorScreen.SinteringPro::Void timerSinteringPro_Tick(System.Object, System.EventArgs)]
-- [文件]:D:\SinteringProControl\Platform\PublicClass\LogClass.cs--第21行
-- [详细]:采集正在启动，计算失效，
********************************************************
-- [WARN]  [2016-07-21 16:58:02,536]
-- [MonitorScreen.SinteringPro::Void timerSinteringPro_Tick(System.Object, System.EventArgs)]
-- [文件]:D:\SinteringProControl\Platform\PublicClass\LogClass.cs--第21行
-- [详细]:采集正在启动，计算失效，
********************************************************
-- [WARN]  [2016-07-21 16:58:04,548]
-- [MonitorScreen.SinteringPro::Void timerSinteringPro_Tick(System.Object, System.EventArgs)]
-- [文件]:D:\SinteringProControl\Platform\PublicClass\LogClass.cs--第21行
-- [详细]:采集正在启动，计算失效，
********************************************************
-- [WARN]  [2016-07-21 16:58:06,559]
-- [MonitorScreen.SinteringPro::Void timerSinteringPro_Tick(System.Object, System.EventArgs)]
-- [文件]:D:\SinteringProControl\Platform\PublicClass\LogClass.cs--第21行
-- [详细]:采集正在启动，计算失效，
********************************************************
-- [WARN]  [2016-07-21 16:58:08,572]
-- [MonitorScreen.SinteringPro::Void timerSinteringPro_Tick(System.Object, System.EventArgs)]
-- [文件]:D:\SinteringProControl\Platform\PublicClass\LogClass.cs--第21行
-- [详细]:采集正在启动，计算失效，
********************************************************
-- [WARN]  [2016-07-21 16:58:10,596]
-- [MonitorScreen.SinteringPro::Void timerSinteringPro_Tick(System.Object, System.EventArgs)]
-- [文件]:D:\SinteringProControl\Platform\PublicClass\LogClass.cs--第21行
-- [详细]:采集正在启动，计算失效，
********************************************************
-- [WARN]  [2016-07-21 16:58:12,595]
-- [MonitorScreen.SinteringPro::Void timerSinteringPro_Tick(System.Object, System.EventArgs)]
-- [文件]:D:\SinteringProControl\Platform\PublicClass\LogClass.cs--第21行
-- [详细]:采集正在启动，计算失效，
********************************************************
-- [WARN]  [2016-07-21 16:58:14,612]
-- [MonitorScreen.SinteringPro::Void timerSinteringPro_Tick(System.Object, System.EventArgs)]
-- [文件]:D:\SinteringProControl\Platform\PublicClass\LogClass.cs--第21行
-- [详细]:采集正在启动，计算失效，
********************************************************
-- [WARN]  [2016-07-21 16:58:16,622]
-- [MonitorScreen.SinteringPro::Void timerSinteringPro_Tick(System.Object, System.EventArgs)]
-- [文件]:D:\SinteringProControl\Platform\PublicClass\LogClass.cs--第21行
-- [详细]:采集正在启动，计算失效，
********************************************************
-- [WARN]  [2016-07-21 16:58:18,633]
-- [MonitorScreen.SinteringPro::Void timerSinteringPro_Tick(System.Object, System.EventArgs)]
-- [文件]:D:\SinteringProControl\Platform\PublicClass\LogClass.cs--第21行
-- [详细]:采集正在启动，计算失效，
********************************************************
-- [WARN]  [2016-07-21 16:58:20,647]
-- [MonitorScreen.SinteringPro::Void timerSinteringPro_Tick(System.Object, System.EventArgs)]
-- [文件]:D:\SinteringProControl\Platform\PublicClass\LogClass.cs--第21行
-- [详细]:采集正在启动，计算失效，
********************************************************
-- [WARN]  [2016-07-21 16:58:22,666]
-- [MonitorScreen.SinteringPro::Void timerSinteringPro_Tick(System.Object, System.EventArgs)]
-- [文件]:D:\SinteringProControl\Platform\PublicClass\LogClass.cs--第21行
-- [详细]:采集正在启动，计算失效，
********************************************************
-- [WARN]  [2016-07-21 16:58:24,679]
-- [MonitorScreen.SinteringPro::Void timerSinteringPro_Tick(System.Object, System.EventArgs)]
-- [文件]:D:\SinteringProControl\Platform\PublicClass\LogClass.cs--第21行
-- [详细]:采集正在启动，计算失效，
********************************************************
-- [WARN]  [2016-07-21 16:58:26,683]
-- [MonitorScreen.SinteringPro::Void timerSinteringPro_Tick(System.Object, System.EventArgs)]
-- [文件]:D:\SinteringProControl\Platform\PublicClass\LogClass.cs--第21行
-- [详细]:采集正在启动，计算失效，
********************************************************
-- [WARN]  [2016-07-21 16:58:28,706]
-- [MonitorScreen.SinteringPro::Void timerSinteringPro_Tick(System.Object, System.EventArgs)]
-- [文件]:D:\SinteringProControl\Platform\PublicClass\LogClass.cs--第21行
-- [详细]:采集异常，计算失效，
********************************************************
-- [WARN]  [2016-07-21 16:58:30,708]
-- [MonitorScreen.SinteringPro::Void timerSinteringPro_Tick(System.Object, System.EventArgs)]
-- [文件]:D:\SinteringProControl\Platform\PublicClass\LogClass.cs--第21行
-- [详细]:采集异常，计算失效，
********************************************************
-- [WARN]  [2016-07-21 16:58:32,721]
-- [MonitorScreen.SinteringPro::Void timerSinteringPro_Tick(System.Object, System.EventArgs)]
-- [文件]:D:\SinteringProControl\Platform\PublicClass\LogClass.cs--第21行
-- [详细]:采集异常，计算失效，
********************************************************
-- [WARN]  [2016-07-21 16:58:34,734]
-- [MonitorScreen.SinteringPro::Void timerSinteringPro_Tick(System.Object, System.EventArgs)]
-- [文件]:D:\SinteringProControl\Platform\PublicClass\LogClass.cs--第21行
-- [详细]:采集异常，计算失效，
********************************************************
-- [WARN]  [2016-07-21 16:58:36,764]
-- [MonitorScreen.SinteringPro::Void timerSinteringPro_Tick(System.Object, System.EventArgs)]
-- [文件]:D:\SinteringProControl\Platform\PublicClass\LogClass.cs--第21行
-- [详细]:采集异常，计算失效，
********************************************************
-- [WARN]  [2016-07-21 16:58:38,759]
-- [MonitorScreen.SinteringPro::Void timerSinteringPro_Tick(System.Object, System.EventArgs)]
-- [文件]:D:\SinteringProControl\Platform\PublicClass\LogClass.cs--第21行
-- [详细]:采集异常，计算失效，
********************************************************
-- [WARN]  [2016-07-21 16:58:40,774]
-- [MonitorScreen.SinteringPro::Void timerSinteringPro_Tick(System.Object, System.EventArgs)]
-- [文件]:D:\SinteringProControl\Platform\PublicClass\LogClass.cs--第21行
-- [详细]:采集异常，计算失效，
********************************************************
-- [WARN]  [2016-07-21 16:58:42,784]
-- [MonitorScreen.SinteringPro::Void timerSinteringPro_Tick(System.Object, System.EventArgs)]
-- [文件]:D:\SinteringProControl\Platform\PublicClass\LogClass.cs--第21行
-- [详细]:采集异常，计算失效，
********************************************************
-- [WARN]  [2016-07-21 16:58:44,795]
-- [MonitorScreen.SinteringPro::Void timerSinteringPro_Tick(System.Object, System.EventArgs)]
-- [文件]:D:\SinteringProControl\Platform\PublicClass\LogClass.cs--第21行
-- [详细]:采集异常，计算失效，
********************************************************
-- [WARN]  [2016-07-21 16:58:46,807]
-- [MonitorScreen.SinteringPro::Void timerSinteringPro_Tick(System.Object, System.EventArgs)]
-- [文件]:D:\SinteringProControl\Platform\PublicClass\LogClass.cs--第21行
-- [详细]:采集异常，计算失效，
********************************************************
-- [WARN]  [2016-07-21 16:58:48,820]
-- [MonitorScreen.SinteringPro::Void timerSinteringPro_Tick(System.Object, System.EventArgs)]
-- [文件]:D:\SinteringProControl\Platform\PublicClass\LogClass.cs--第21行
-- [详细]:采集异常，计算失效，
********************************************************
-- [WARN]  [2016-07-21 16:58:50,831]
-- [MonitorScreen.SinteringPro::Void timerSinteringPro_Tick(System.Object, System.EventArgs)]
-- [文件]:D:\SinteringProControl\Platform\PublicClass\LogClass.cs--第21行
-- [详细]:采集异常，计算失效，
********************************************************
-- [WARN]  [2016-07-21 16:58:52,852]
-- [MonitorScreen.SinteringPro::Void timerSinteringPro_Tick(System.Object, System.EventArgs)]
-- [文件]:D:\SinteringProControl\Platform\PublicClass\LogClass.cs--第21行
-- [详细]:采集异常，计算失效，
********************************************************
-- [WARN]  [2016-07-21 16:58:54,863]
-- [MonitorScreen.SinteringPro::Void timerSinteringPro_Tick(System.Object, System.EventArgs)]
-- [文件]:D:\SinteringProControl\Platform\PublicClass\LogClass.cs--第21行
-- [详细]:采集异常，计算失效，
********************************************************
-- [WARN]  [2016-07-21 16:58:56,887]
-- [MonitorScreen.SinteringPro::Void timerSinteringPro_Tick(System.Object, System.EventArgs)]
-- [文件]:D:\SinteringProControl\Platform\PublicClass\LogClass.cs--第21行
-- [详细]:采集异常，计算失效，
********************************************************
-- [WARN]  [2016-07-21 16:58:58,892]
-- [MonitorScreen.SinteringPro::Void timerSinteringPro_Tick(System.Object, System.EventArgs)]
-- [文件]:D:\SinteringProControl\Platform\PublicClass\LogClass.cs--第21行
-- [详细]:采集异常，计算失效，
********************************************************
-- [WARN]  [2016-07-21 16:59:00,908]
-- [MonitorScreen.SinteringPro::Void timerSinteringPro_Tick(System.Object, System.EventArgs)]
-- [文件]:D:\SinteringProControl\Platform\PublicClass\LogClass.cs--第21行
-- [详细]:采集异常，计算失效，
********************************************************
-- [WARN]  [2016-07-21 16:59:02,925]
-- [MonitorScreen.SinteringPro::Void timerSinteringPro_Tick(System.Object, System.EventArgs)]
-- [文件]:D:\SinteringProControl\Platform\PublicClass\LogClass.cs--第21行
-- [详细]:采集异常，计算失效，
********************************************************
-- [WARN]  [2016-07-21 16:59:04,922]
-- [MonitorScreen.SinteringPro::Void timerSinteringPro_Tick(System.Object, System.EventArgs)]
-- [文件]:D:\SinteringProControl\Platform\PublicClass\LogClass.cs--第21行
-- [详细]:采集异常，计算失效，
********************************************************
-- [WARN]  [2016-07-21 16:59:06,947]
-- [MonitorScreen.SinteringPro::Void timerSinteringPro_Tick(System.Object, System.EventArgs)]
-- [文件]:D:\SinteringProControl\Platform\PublicClass\LogClass.cs--第21行
-- [详细]:采集异常，计算失效，
********************************************************
-- [WARN]  [2016-07-21 16:59:08,948]
-- [MonitorScreen.SinteringPro::Void timerSinteringPro_Tick(System.Object, System.EventArgs)]
-- [文件]:D:\SinteringProControl\Platform\PublicClass\LogClass.cs--第21行
-- [详细]:采集异常，计算失效，
********************************************************
-- [WARN]  [2016-07-21 16:59:10,971]
-- [MonitorScreen.SinteringPro::Void timerSinteringPro_Tick(System.Object, System.EventArgs)]
-- [文件]:D:\SinteringProControl\Platform\PublicClass\LogClass.cs--第21行
-- [详细]:采集异常，计算失效，
********************************************************
-- [WARN]  [2016-07-21 16:59:12,970]
-- [MonitorScreen.SinteringPro::Void timerSinteringPro_Tick(System.Object, System.EventArgs)]
-- [文件]:D:\SinteringProControl\Platform\PublicClass\LogClass.cs--第21行
-- [详细]:采集异常，计算失效，
********************************************************
-- [WARN]  [2016-07-21 16:59:14,994]
-- [MonitorScreen.SinteringPro::Void timerSinteringPro_Tick(System.Object, System.EventArgs)]
-- [文件]:D:\SinteringProControl\Platform\PublicClass\LogClass.cs--第21行
-- [详细]:采集异常，计算失效，
********************************************************
-- [WARN]  [2016-07-21 16:59:17,009]
-- [MonitorScreen.SinteringPro::Void timerSinteringPro_Tick(System.Object, System.EventArgs)]
-- [文件]:D:\SinteringProControl\Platform\PublicClass\LogClass.cs--第21行
-- [详细]:采集异常，计算失效，
********************************************************
-- [WARN]  [2016-07-21 16:59:19,010]
-- [MonitorScreen.SinteringPro::Void timerSinteringPro_Tick(System.Object, System.EventArgs)]
-- [文件]:D:\SinteringProControl\Platform\PublicClass\LogClass.cs--第21行
-- [详细]:采集异常，计算失效，
********************************************************
-- [WARN]  [2016-07-21 16:59:21,034]
-- [MonitorScreen.SinteringPro::Void timerSinteringPro_Tick(System.Object, System.EventArgs)]
-- [文件]:D:\SinteringProControl\Platform\PublicClass\LogClass.cs--第21行
-- [详细]:采集异常，计算失效，
********************************************************
-- [WARN]  [2016-07-21 16:59:23,044]
-- [MonitorScreen.SinteringPro::Void timerSinteringPro_Tick(System.Object, System.EventArgs)]
-- [文件]:D:\SinteringProControl\Platform\PublicClass\LogClass.cs--第21行
-- [详细]:采集异常，计算失效，
********************************************************
-- [WARN]  [2016-07-21 16:59:25,050]
-- [MonitorScreen.SinteringPro::Void timerSinteringPro_Tick(System.Object, System.EventArgs)]
-- [文件]:D:\SinteringProControl\Platform\PublicClass\LogClass.cs--第21行
-- [详细]:采集异常，计算失效，
********************************************************
-- [WARN]  [2016-07-21 16:59:27,075]
-- [MonitorScreen.SinteringPro::Void timerSinteringPro_Tick(System.Object, System.EventArgs)]
-- [文件]:D:\SinteringProControl\Platform\PublicClass\LogClass.cs--第21行
-- [详细]:采集异常，计算失效，
********************************************************
-- [WARN]  [2016-07-21 16:59:29,084]
-- [MonitorScreen.SinteringPro::Void timerSinteringPro_Tick(System.Object, System.EventArgs)]
-- [文件]:D:\SinteringProControl\Platform\PublicClass\LogClass.cs--第21行
-- [详细]:采集异常，计算失效，
********************************************************
-- [WARN]  [2016-07-21 16:59:31,094]
-- [MonitorScreen.SinteringPro::Void timerSinteringPro_Tick(System.Object, System.EventArgs)]
-- [文件]:D:\SinteringProControl\Platform\PublicClass\LogClass.cs--第21行
-- [详细]:采集异常，计算失效，
********************************************************
-- [WARN]  [2016-07-21 16:59:33,108]
-- [MonitorScreen.SinteringPro::Void timerSinteringPro_Tick(System.Object, System.EventArgs)]
-- [文件]:D:\SinteringProControl\Platform\PublicClass\LogClass.cs--第21行
-- [详细]:采集异常，计算失效，
********************************************************
-- [WARN]  [2016-07-21 16:59:35,107]
-- [MonitorScreen.SinteringPro::Void timerSinteringPro_Tick(System.Object, System.EventArgs)]
-- [文件]:D:\SinteringProControl\Platform\PublicClass\LogClass.cs--第21行
-- [详细]:采集异常，计算失效，
********************************************************
-- [WARN]  [2016-07-21 16:59:37,135]
-- [MonitorScreen.SinteringPro::Void timerSinteringPro_Tick(System.Object, System.EventArgs)]
-- [文件]:D:\SinteringProControl\Platform\PublicClass\LogClass.cs--第21行
-- [详细]:采集异常，计算失效，
********************************************************
-- [WARN]  [2016-07-21 16:59:39,144]
-- [MonitorScreen.SinteringPro::Void timerSinteringPro_Tick(System.Object, System.EventArgs)]
-- [文件]:D:\SinteringProControl\Platform\PublicClass\LogClass.cs--第21行
-- [详细]:采集异常，计算失效，
********************************************************
-- [WARN]  [2016-07-21 16:59:41,144]
-- [MonitorScreen.SinteringPro::Void timerSinteringPro_Tick(System.Object, System.EventArgs)]
-- [文件]:D:\SinteringProControl\Platform\PublicClass\LogClass.cs--第21行
-- [详细]:采集异常，计算失效，
********************************************************
-- [WARN]  [2016-07-21 16:59:43,170]
-- [MonitorScreen.SinteringPro::Void timerSinteringPro_Tick(System.Object, System.EventArgs)]
-- [文件]:D:\SinteringProControl\Platform\PublicClass\LogClass.cs--第21行
-- [详细]:采集异常，计算失效，
********************************************************
-- [WARN]  [2016-07-21 16:59:45,181]
-- [MonitorScreen.SinteringPro::Void timerSinteringPro_Tick(System.Object, System.EventArgs)]
-- [文件]:D:\SinteringProControl\Platform\PublicClass\LogClass.cs--第21行
-- [详细]:采集异常，计算失效，
********************************************************
-- [WARN]  [2016-07-21 16:59:47,194]
-- [MonitorScreen.SinteringPro::Void timerSinteringPro_Tick(System.Object, System.EventArgs)]
-- [文件]:D:\SinteringProControl\Platform\PublicClass\LogClass.cs--第21行
-- [详细]:采集异常，计算失效，
********************************************************
-- [WARN]  [2016-07-21 16:59:49,200]
-- [MonitorScreen.SinteringPro::Void timerSinteringPro_Tick(System.Object, System.EventArgs)]
-- [文件]:D:\SinteringProControl\Platform\PublicClass\LogClass.cs--第21行
-- [详细]:采集异常，计算失效，
********************************************************
-- [WARN]  [2016-07-21 16:59:51,212]
-- [MonitorScreen.SinteringPro::Void timerSinteringPro_Tick(System.Object, System.EventArgs)]
-- [文件]:D:\SinteringProControl\Platform\PublicClass\LogClass.cs--第21行
-- [详细]:采集异常，计算失效，
********************************************************
-- [WARN]  [2016-07-21 16:59:53,233]
-- [MonitorScreen.SinteringPro::Void timerSinteringPro_Tick(System.Object, System.EventArgs)]
-- [文件]:D:\SinteringProControl\Platform\PublicClass\LogClass.cs--第21行
-- [详细]:采集异常，计算失效，
********************************************************
-- [WARN]  [2016-07-21 16:59:55,248]
-- [MonitorScreen.SinteringPro::Void timerSinteringPro_Tick(System.Object, System.EventArgs)]
-- [文件]:D:\SinteringProControl\Platform\PublicClass\LogClass.cs--第21行
-- [详细]:采集异常，计算失效，
********************************************************
-- [WARN]  [2016-07-21 16:59:57,239]
-- [MonitorScreen.SinteringPro::Void timerSinteringPro_Tick(System.Object, System.EventArgs)]
-- [文件]:D:\SinteringProControl\Platform\PublicClass\LogClass.cs--第21行
-- [详细]:采集异常，计算失效，
********************************************************
-- [WARN]  [2016-07-21 16:59:59,266]
-- [MonitorScreen.SinteringPro::Void timerSinteringPro_Tick(System.Object, System.EventArgs)]
-- [文件]:D:\SinteringProControl\Platform\PublicClass\LogClass.cs--第21行
-- [详细]:采集异常，计算失效，
********************************************************
-- [WARN]  [2016-07-21 17:00:01,279]
-- [MonitorScreen.SinteringPro::Void timerSinteringPro_Tick(System.Object, System.EventArgs)]
-- [文件]:D:\SinteringProControl\Platform\PublicClass\LogClass.cs--第21行
-- [详细]:采集异常，计算失效，
********************************************************
-- [WARN]  [2016-07-21 17:00:03,276]
-- [MonitorScreen.SinteringPro::Void timerSinteringPro_Tick(System.Object, System.EventArgs)]
-- [文件]:D:\SinteringProControl\Platform\PublicClass\LogClass.cs--第21行
-- [详细]:采集异常，计算失效，
********************************************************
-- [WARN]  [2016-07-21 17:00:05,306]
-- [MonitorScreen.SinteringPro::Void timerSinteringPro_Tick(System.Object, System.EventArgs)]
-- [文件]:D:\SinteringProControl\Platform\PublicClass\LogClass.cs--第21行
-- [详细]:采集异常，计算失效，
********************************************************
-- [WARN]  [2016-07-21 17:00:07,317]
-- [MonitorScreen.SinteringPro::Void timerSinteringPro_Tick(System.Object, System.EventArgs)]
-- [文件]:D:\SinteringProControl\Platform\PublicClass\LogClass.cs--第21行
-- [详细]:采集异常，计算失效，
********************************************************
-- [WARN]  [2016-07-21 17:00:09,335]
-- [MonitorScreen.SinteringPro::Void timerSinteringPro_Tick(System.Object, System.EventArgs)]
-- [文件]:D:\SinteringProControl\Platform\PublicClass\LogClass.cs--第21行
-- [详细]:采集异常，计算失效，
********************************************************
-- [WARN]  [2016-07-21 17:00:11,339]
-- [MonitorScreen.SinteringPro::Void timerSinteringPro_Tick(System.Object, System.EventArgs)]
-- [文件]:D:\SinteringProControl\Platform\PublicClass\LogClass.cs--第21行
-- [详细]:采集异常，计算失效，
********************************************************
-- [WARN]  [2016-07-21 17:00:13,350]
-- [MonitorScreen.SinteringPro::Void timerSinteringPro_Tick(System.Object, System.EventArgs)]
-- [文件]:D:\SinteringProControl\Platform\PublicClass\LogClass.cs--第21行
-- [详细]:采集异常，计算失效，
********************************************************
-- [WARN]  [2016-07-21 17:00:15,357]
-- [MonitorScreen.SinteringPro::Void timerSinteringPro_Tick(System.Object, System.EventArgs)]
-- [文件]:D:\SinteringProControl\Platform\PublicClass\LogClass.cs--第21行
-- [详细]:采集异常，计算失效，
********************************************************
-- [WARN]  [2016-07-21 17:00:17,373]
-- [MonitorScreen.SinteringPro::Void timerSinteringPro_Tick(System.Object, System.EventArgs)]
-- [文件]:D:\SinteringProControl\Platform\PublicClass\LogClass.cs--第21行
-- [详细]:采集异常，计算失效，
********************************************************
-- [WARN]  [2016-07-21 17:00:19,378]
-- [MonitorScreen.SinteringPro::Void timerSinteringPro_Tick(System.Object, System.EventArgs)]
-- [文件]:D:\SinteringProControl\Platform\PublicClass\LogClass.cs--第21行
-- [详细]:采集异常，计算失效，
********************************************************
-- [WARN]  [2016-07-21 17:00:21,396]
-- [MonitorScreen.SinteringPro::Void timerSinteringPro_Tick(System.Object, System.EventArgs)]
-- [文件]:D:\SinteringProControl\Platform\PublicClass\LogClass.cs--第21行
-- [详细]:采集异常，计算失效，
********************************************************
-- [WARN]  [2016-07-21 17:00:23,419]
-- [MonitorScreen.SinteringPro::Void timerSinteringPro_Tick(System.Object, System.EventArgs)]
-- [文件]:D:\SinteringProControl\Platform\PublicClass\LogClass.cs--第21行
-- [详细]:采集异常，计算失效，
********************************************************
-- [WARN]  [2016-07-21 17:00:25,418]
-- [MonitorScreen.SinteringPro::Void timerSinteringPro_Tick(System.Object, System.EventArgs)]
-- [文件]:D:\SinteringProControl\Platform\PublicClass\LogClass.cs--第21行
-- [详细]:采集异常，计算失效，
********************************************************
-- [WARN]  [2016-07-21 17:00:27,432]
-- [MonitorScreen.SinteringPro::Void timerSinteringPro_Tick(System.Object, System.EventArgs)]
-- [文件]:D:\SinteringProControl\Platform\PublicClass\LogClass.cs--第21行
-- [详细]:采集异常，计算失效，
********************************************************
-- [WARN]  [2016-07-21 17:00:29,454]
-- [MonitorScreen.SinteringPro::Void timerSinteringPro_Tick(System.Object, System.EventArgs)]
-- [文件]:D:\SinteringProControl\Platform\PublicClass\LogClass.cs--第21行
-- [详细]:采集异常，计算失效，
********************************************************
-- [WARN]  [2016-07-21 17:00:31,468]
-- [MonitorScreen.SinteringPro::Void timerSinteringPro_Tick(System.Object, System.EventArgs)]
-- [文件]:D:\SinteringProControl\Platform\PublicClass\LogClass.cs--第21行
-- [详细]:采集异常，计算失效，
********************************************************
-- [WARN]  [2016-07-21 17:00:33,470]
-- [MonitorScreen.SinteringPro::Void timerSinteringPro_Tick(System.Object, System.EventArgs)]
-- [文件]:D:\SinteringProControl\Platform\PublicClass\LogClass.cs--第21行
-- [详细]:采集异常，计算失效，
********************************************************
-- [WARN]  [2016-07-21 17:00:35,482]
-- [MonitorScreen.SinteringPro::Void timerSinteringPro_Tick(System.Object, System.EventArgs)]
-- [文件]:D:\SinteringProControl\Platform\PublicClass\LogClass.cs--第21行
-- [详细]:采集异常，计算失效，
********************************************************
-- [WARN]  [2016-07-21 17:00:37,496]
-- [MonitorScreen.SinteringPro::Void timerSinteringPro_Tick(System.Object, System.EventArgs)]
-- [文件]:D:\SinteringProControl\Platform\PublicClass\LogClass.cs--第21行
-- [详细]:采集异常，计算失效，
********************************************************
-- [WARN]  [2016-07-21 17:01:08,920]
-- [MonitorScreen.SinteringPro::Void timerSinteringPro_Tick(System.Object, System.EventArgs)]
-- [文件]:D:\SinteringProControl\Platform\PublicClass\LogClass.cs--第21行
-- [详细]:采集异常，计算失效，
********************************************************
-- [WARN]  [2016-07-21 17:01:10,979]
-- [MonitorScreen.SinteringPro::Void timerSinteringPro_Tick(System.Object, System.EventArgs)]
-- [文件]:D:\SinteringProControl\Platform\PublicClass\LogClass.cs--第21行
-- [详细]:采集异常，计算失效，
********************************************************
-- [WARN]  [2016-07-21 17:01:13,001]
-- [MonitorScreen.SinteringPro::Void timerSinteringPro_Tick(System.Object, System.EventArgs)]
-- [文件]:D:\SinteringProControl\Platform\PublicClass\LogClass.cs--第21行
-- [详细]:采集异常，计算失效，
********************************************************
-- [WARN]  [2016-07-21 17:01:14,992]
-- [MonitorScreen.SinteringPro::Void timerSinteringPro_Tick(System.Object, System.EventArgs)]
-- [文件]:D:\SinteringProControl\Platform\PublicClass\LogClass.cs--第21行
-- [详细]:采集异常，计算失效，
********************************************************
-- [WARN]  [2016-07-21 17:01:17,008]
-- [MonitorScreen.SinteringPro::Void timerSinteringPro_Tick(System.Object, System.EventArgs)]
-- [文件]:D:\SinteringProControl\Platform\PublicClass\LogClass.cs--第21行
-- [详细]:采集异常，计算失效，
********************************************************
-- [WARN]  [2016-07-21 17:01:19,024]
-- [MonitorScreen.SinteringPro::Void timerSinteringPro_Tick(System.Object, System.EventArgs)]
-- [文件]:D:\SinteringProControl\Platform\PublicClass\LogClass.cs--第21行
-- [详细]:采集异常，计算失效，
********************************************************
-- [WARN]  [2016-07-21 17:01:21,032]
-- [MonitorScreen.SinteringPro::Void timerSinteringPro_Tick(System.Object, System.EventArgs)]
-- [文件]:D:\SinteringProControl\Platform\PublicClass\LogClass.cs--第21行
-- [详细]:采集异常，计算失效，
********************************************************
-- [WARN]  [2016-07-21 17:01:23,055]
-- [MonitorScreen.SinteringPro::Void timerSinteringPro_Tick(System.Object, System.EventArgs)]
-- [文件]:D:\SinteringProControl\Platform\PublicClass\LogClass.cs--第21行
-- [详细]:采集异常，计算失效，
********************************************************
-- [WARN]  [2016-07-21 17:01:25,070]
-- [MonitorScreen.SinteringPro::Void timerSinteringPro_Tick(System.Object, System.EventArgs)]
-- [文件]:D:\SinteringProControl\Platform\PublicClass\LogClass.cs--第21行
-- [详细]:采集异常，计算失效，
********************************************************
-- [WARN]  [2016-07-21 17:01:27,097]
-- [MonitorScreen.SinteringPro::Void timerSinteringPro_Tick(System.Object, System.EventArgs)]
-- [文件]:D:\SinteringProControl\Platform\PublicClass\LogClass.cs--第21行
-- [详细]:采集异常，计算失效，
********************************************************
-- [WARN]  [2016-07-21 17:01:29,090]
-- [MonitorScreen.SinteringPro::Void timerSinteringPro_Tick(System.Object, System.EventArgs)]
-- [文件]:D:\SinteringProControl\Platform\PublicClass\LogClass.cs--第21行
-- [详细]:采集异常，计算失效，
********************************************************
-- [WARN]  [2016-07-21 17:01:31,092]
-- [MonitorScreen.SinteringPro::Void timerSinteringPro_Tick(System.Object, System.EventArgs)]
-- [文件]:D:\SinteringProControl\Platform\PublicClass\LogClass.cs--第21行
-- [详细]:采集异常，计算失效，
********************************************************
-- [WARN]  [2016-07-21 17:07:58,605]
-- [MonitorScreen.SinteringPro::Void timerSinteringPro_Tick(System.Object, System.EventArgs)]
-- [文件]:D:\SinteringProControl\Platform\PublicClass\LogClass.cs--第21行
-- [详细]:采集异常，计算失效，
********************************************************
-- [WARN]  [2016-07-21 17:08:00,629]
-- [MonitorScreen.SinteringPro::Void timerSinteringPro_Tick(System.Object, System.EventArgs)]
-- [文件]:D:\SinteringProControl\Platform\PublicClass\LogClass.cs--第21行
-- [详细]:采集异常，计算失效，
********************************************************
-- [WARN]  [2016-07-21 17:08:02,667]
-- [MonitorScreen.SinteringPro::Void timerSinteringPro_Tick(System.Object, System.EventArgs)]
-- [文件]:D:\SinteringProControl\Platform\PublicClass\LogClass.cs--第21行
-- [详细]:采集异常，计算失效，
********************************************************
-- [WARN]  [2016-07-21 17:08:04,666]
-- [MonitorScreen.SinteringPro::Void timerSinteringPro_Tick(System.Object, System.EventArgs)]
-- [文件]:D:\SinteringProControl\Platform\PublicClass\LogClass.cs--第21行
-- [详细]:采集异常，计算失效，
********************************************************
-- [WARN]  [2016-07-21 17:08:06,662]
-- [MonitorScreen.SinteringPro::Void timerSinteringPro_Tick(System.Object, System.EventArgs)]
-- [文件]:D:\SinteringProControl\Platform\PublicClass\LogClass.cs--第21行
-- [详细]:采集异常，计算失效，
********************************************************
-- [WARN]  [2016-07-21 17:08:08,678]
-- [MonitorScreen.SinteringPro::Void timerSinteringPro_Tick(System.Object, System.EventArgs)]
-- [文件]:D:\SinteringProControl\Platform\PublicClass\LogClass.cs--第21行
-- [详细]:采集异常，计算失效，
********************************************************
-- [WARN]  [2016-07-21 17:08:10,706]
-- [MonitorScreen.SinteringPro::Void timerSinteringPro_Tick(System.Object, System.EventArgs)]
-- [文件]:D:\SinteringProControl\Platform\PublicClass\LogClass.cs--第21行
-- [详细]:采集异常，计算失效，
********************************************************
-- [WARN]  [2016-07-21 17:08:12,706]
-- [MonitorScreen.SinteringPro::Void timerSinteringPro_Tick(System.Object, System.EventArgs)]
-- [文件]:D:\SinteringProControl\Platform\PublicClass\LogClass.cs--第21行
-- [详细]:采集异常，计算失效，
********************************************************
-- [WARN]  [2016-07-21 17:08:14,718]
-- [MonitorScreen.SinteringPro::Void timerSinteringPro_Tick(System.Object, System.EventArgs)]
-- [文件]:D:\SinteringProControl\Platform\PublicClass\LogClass.cs--第21行
-- [详细]:采集异常，计算失效，
********************************************************
-- [WARN]  [2016-07-21 17:08:16,730]
-- [MonitorScreen.SinteringPro::Void timerSinteringPro_Tick(System.Object, System.EventArgs)]
-- [文件]:D:\SinteringProControl\Platform\PublicClass\LogClass.cs--第21行
-- [详细]:采集异常，计算失效，
********************************************************
-- [WARN]  [2016-07-21 17:08:18,741]
-- [MonitorScreen.SinteringPro::Void timerSinteringPro_Tick(System.Object, System.EventArgs)]
-- [文件]:D:\SinteringProControl\Platform\PublicClass\LogClass.cs--第21行
-- [详细]:采集异常，计算失效，
********************************************************
-- [WARN]  [2016-07-21 17:08:20,752]
-- [MonitorScreen.SinteringPro::Void timerSinteringPro_Tick(System.Object, System.EventArgs)]
-- [文件]:D:\SinteringProControl\Platform\PublicClass\LogClass.cs--第21行
-- [详细]:采集正在启动，计算失效，
********************************************************
-- [WARN]  [2016-07-21 17:08:22,777]
-- [MonitorScreen.SinteringPro::Void timerSinteringPro_Tick(System.Object, System.EventArgs)]
-- [文件]:D:\SinteringProControl\Platform\PublicClass\LogClass.cs--第21行
-- [详细]:采集正在启动，计算失效，
********************************************************
-- [WARN]  [2016-07-21 17:08:24,778]
-- [MonitorScreen.SinteringPro::Void timerSinteringPro_Tick(System.Object, System.EventArgs)]
-- [文件]:D:\SinteringProControl\Platform\PublicClass\LogClass.cs--第21行
-- [详细]:采集正在启动，计算失效，
********************************************************
-- [WARN]  [2016-07-21 17:08:26,786]
-- [MonitorScreen.SinteringPro::Void timerSinteringPro_Tick(System.Object, System.EventArgs)]
-- [文件]:D:\SinteringProControl\Platform\PublicClass\LogClass.cs--第21行
-- [详细]:采集正在启动，计算失效，
********************************************************
-- [WARN]  [2016-07-21 17:08:28,799]
-- [MonitorScreen.SinteringPro::Void timerSinteringPro_Tick(System.Object, System.EventArgs)]
-- [文件]:D:\SinteringProControl\Platform\PublicClass\LogClass.cs--第21行
-- [详细]:采集正在启动，计算失效，
********************************************************
-- [ERROR]  [2016-07-21 17:09:22,928]
-- [MonitorScreen.WinboxTempPress::Void buttonBTP_Click(System.Object, System.EventArgs)]
-- [文件]:D:\SinteringProControl\Platform\PublicClass\LogClass.cs--第27行
-- [详细]:Timeout 时间已到。在操作完成之前超时时间已过或服务器未响应。
********************************************************
-- [WARN]  [2016-07-21 17:10:10,351]
-- [MonitorScreen.SinteringPro::Void timerSinteringPro_Tick(System.Object, System.EventArgs)]
-- [文件]:D:\SinteringProControl\Platform\PublicClass\LogClass.cs--第21行
-- [详细]:采集正在启动，计算失效，
********************************************************
-- [WARN]  [2016-07-21 17:10:21,334]
-- [MonitorScreen.SinteringPro::Void timerSinteringPro_Tick(System.Object, System.EventArgs)]
-- [文件]:D:\SinteringProControl\Platform\PublicClass\LogClass.cs--第21行
-- [详细]:采集正在启动，计算失效，
********************************************************
-- [WARN]  [2016-07-21 17:10:23,361]
-- [MonitorScreen.SinteringPro::Void timerSinteringPro_Tick(System.Object, System.EventArgs)]
-- [文件]:D:\SinteringProControl\Platform\PublicClass\LogClass.cs--第21行
-- [详细]:采集正在启动，计算失效，
********************************************************
-- [WARN]  [2016-07-21 17:10:25,367]
-- [MonitorScreen.SinteringPro::Void timerSinteringPro_Tick(System.Object, System.EventArgs)]
-- [文件]:D:\SinteringProControl\Platform\PublicClass\LogClass.cs--第21行
-- [详细]:采集正在启动，计算失效，
********************************************************
-- [WARN]  [2016-07-21 17:10:27,373]
-- [MonitorScreen.SinteringPro::Void timerSinteringPro_Tick(System.Object, System.EventArgs)]
-- [文件]:D:\SinteringProControl\Platform\PublicClass\LogClass.cs--第21行
-- [详细]:采集正在启动，计算失效，
********************************************************
-- [WARN]  [2016-07-21 17:10:29,406]
-- [MonitorScreen.SinteringPro::Void timerSinteringPro_Tick(System.Object, System.EventArgs)]
-- [文件]:D:\SinteringProControl\Platform\PublicClass\LogClass.cs--第21行
-- [详细]:采集正在启动，计算失效，
********************************************************
-- [WARN]  [2016-07-21 17:10:31,410]
-- [MonitorScreen.SinteringPro::Void timerSinteringPro_Tick(System.Object, System.EventArgs)]
-- [文件]:D:\SinteringProControl\Platform\PublicClass\LogClass.cs--第21行
-- [详细]:采集正在启动，计算失效，
********************************************************
-- [WARN]  [2016-07-21 17:10:33,423]
-- [MonitorScreen.SinteringPro::Void timerSinteringPro_Tick(System.Object, System.EventArgs)]
-- [文件]:D:\SinteringProControl\Platform\PublicClass\LogClass.cs--第21行
-- [详细]:采集正在启动，计算失效，
********************************************************
-- [WARN]  [2016-07-21 17:10:35,428]
-- [MonitorScreen.SinteringPro::Void timerSinteringPro_Tick(System.Object, System.EventArgs)]
-- [文件]:D:\SinteringProControl\Platform\PublicClass\LogClass.cs--第21行
-- [详细]:采集正在启动，计算失效，
********************************************************
-- [WARN]  [2016-07-21 17:10:37,436]
-- [MonitorScreen.SinteringPro::Void timerSinteringPro_Tick(System.Object, System.EventArgs)]
-- [文件]:D:\SinteringProControl\Platform\PublicClass\LogClass.cs--第21行
-- [详细]:采集正在启动，计算失效，
********************************************************
-- [WARN]  [2016-07-21 17:10:39,572]
-- [MonitorScreen.SinteringPro::Void timerSinteringPro_Tick(System.Object, System.EventArgs)]
-- [文件]:D:\SinteringProControl\Platform\PublicClass\LogClass.cs--第21行
-- [详细]:采集正在启动，计算失效，
********************************************************
-- [WARN]  [2016-07-21 17:11:56,927]
-- [MonitorScreen.SinteringPro::Void timerSinteringPro_Tick(System.Object, System.EventArgs)]
-- [文件]:D:\SinteringProControl\Platform\PublicClass\LogClass.cs--第21行
-- [详细]:采集异常，终点异常，计算失效，终点温度大于380℃
********************************************************
-- [WARN]  [2016-07-21 17:12:01,737]
-- [MonitorScreen.SinteringPro::Void timerSinteringPro_Tick(System.Object, System.EventArgs)]
-- [文件]:D:\SinteringProControl\Platform\PublicClass\LogClass.cs--第21行
-- [详细]:采集异常，终点异常，计算失效，终点温度大于380℃
********************************************************
-- [WARN]  [2016-07-21 17:12:03,668]
-- [MonitorScreen.SinteringPro::Void timerSinteringPro_Tick(System.Object, System.EventArgs)]
-- [文件]:D:\SinteringProControl\Platform\PublicClass\LogClass.cs--第21行
-- [详细]:采集异常，终点异常，计算失效，终点温度大于380℃
********************************************************
-- [WARN]  [2016-07-21 17:12:05,239]
-- [MonitorScreen.SinteringPro::Void timerSinteringPro_Tick(System.Object, System.EventArgs)]
-- [文件]:D:\SinteringProControl\Platform\PublicClass\LogClass.cs--第21行
-- [详细]:采集异常，终点异常，计算失效，终点温度大于380℃
********************************************************
-- [WARN]  [2016-07-21 17:12:05,996]
-- [MonitorScreen.SinteringPro::Void timerSinteringPro_Tick(System.Object, System.EventArgs)]
-- [文件]:D:\SinteringProControl\Platform\PublicClass\LogClass.cs--第21行
-- [详细]:采集异常，终点异常，计算失效，终点温度大于380℃
********************************************************
-- [WARN]  [2016-07-21 17:12:08,222]
-- [MonitorScreen.SinteringPro::Void timerSinteringPro_Tick(System.Object, System.EventArgs)]
-- [文件]:D:\SinteringProControl\Platform\PublicClass\LogClass.cs--第21行
-- [详细]:采集异常，终点异常，计算失效，终点温度大于380℃
********************************************************
-- [WARN]  [2016-07-21 17:12:11,516]
-- [MonitorScreen.SinteringPro::Void timerSinteringPro_Tick(System.Object, System.EventArgs)]
-- [文件]:D:\SinteringProControl\Platform\PublicClass\LogClass.cs--第21行
-- [详细]:采集异常，终点异常，计算失效，终点温度大于380℃
********************************************************
-- [WARN]  [2016-07-21 17:12:11,629]
-- [MonitorScreen.SinteringPro::Void timerSinteringPro_Tick(System.Object, System.EventArgs)]
-- [文件]:D:\SinteringProControl\Platform\PublicClass\LogClass.cs--第21行
-- [详细]:采集异常，终点异常，计算失效，终点温度大于380℃
********************************************************
-- [WARN]  [2016-07-21 17:12:13,170]
-- [MonitorScreen.SinteringPro::Void timerSinteringPro_Tick(System.Object, System.EventArgs)]
-- [文件]:D:\SinteringProControl\Platform\PublicClass\LogClass.cs--第21行
-- [详细]:采集异常，终点异常，计算失效，终点温度大于380℃
********************************************************
-- [WARN]  [2016-07-21 17:15:19,269]
-- [MonitorScreen.SinteringPro::Void timerSinteringPro_Tick(System.Object, System.EventArgs)]
-- [文件]:D:\SinteringProControl\Platform\PublicClass\LogClass.cs--第21行
-- [详细]:采集异常，终点异常，计算失效，终点温度大于380℃
********************************************************
-- [WARN]  [2016-07-21 17:16:50,842]
-- [MonitorScreen.SinteringPro::Void timerSinteringPro_Tick(System.Object, System.EventArgs)]
-- [文件]:D:\SinteringProControl\Platform\PublicClass\LogClass.cs--第21行
-- [详细]:采集异常，终点异常，计算失效，终点温度大于380℃
********************************************************
-- [WARN]  [2016-07-21 17:16:52,974]
-- [MonitorScreen.SinteringPro::Void timerSinteringPro_Tick(System.Object, System.EventArgs)]
-- [文件]:D:\SinteringProControl\Platform\PublicClass\LogClass.cs--第21行
-- [详细]:采集异常，终点异常，计算失效，终点温度大于380℃
********************************************************
-- [WARN]  [2016-07-21 17:21:09,500]
-- [MonitorScreen.SinteringPro::Void timerSinteringPro_Tick(System.Object, System.EventArgs)]
-- [文件]:D:\SinteringProControl\Platform\PublicClass\LogClass.cs--第21行
-- [详细]:采集异常，终点异常，计算失效，终点温度大于380℃
********************************************************
-- [WARN]  [2016-07-21 17:21:11,628]
-- [MonitorScreen.SinteringPro::Void timerSinteringPro_Tick(System.Object, System.EventArgs)]
-- [文件]:D:\SinteringProControl\Platform\PublicClass\LogClass.cs--第21行
-- [详细]:采集异常，终点异常，计算失效，终点温度大于380℃
********************************************************
-- [WARN]  [2016-07-21 17:21:13,643]
-- [MonitorScreen.SinteringPro::Void timerSinteringPro_Tick(System.Object, System.EventArgs)]
-- [文件]:D:\SinteringProControl\Platform\PublicClass\LogClass.cs--第21行
-- [详细]:采集异常，终点异常，计算失效，终点温度大于380℃
********************************************************
-- [WARN]  [2016-07-21 17:21:57,955]
-- [MonitorScreen.SinteringPro::Void timerSinteringPro_Tick(System.Object, System.EventArgs)]
-- [文件]:D:\SinteringProControl\Platform\PublicClass\LogClass.cs--第21行
-- [详细]:采集异常，终点异常，计算失效，终点温度大于380℃
********************************************************
-- [WARN]  [2016-07-21 17:22:00,087]
-- [MonitorScreen.SinteringPro::Void timerSinteringPro_Tick(System.Object, System.EventArgs)]
-- [文件]:D:\SinteringProControl\Platform\PublicClass\LogClass.cs--第21行
-- [详细]:采集异常，终点异常，计算失效，终点温度大于380℃
********************************************************
-- [WARN]  [2016-07-21 17:22:02,088]
-- [MonitorScreen.SinteringPro::Void timerSinteringPro_Tick(System.Object, System.EventArgs)]
-- [文件]:D:\SinteringProControl\Platform\PublicClass\LogClass.cs--第21行
-- [详细]:采集异常，终点异常，计算失效，终点温度大于380℃
********************************************************
-- [WARN]  [2016-07-21 17:22:04,113]
-- [MonitorScreen.SinteringPro::Void timerSinteringPro_Tick(System.Object, System.EventArgs)]
-- [文件]:D:\SinteringProControl\Platform\PublicClass\LogClass.cs--第21行
-- [详细]:采集异常，终点异常，计算失效，终点温度大于380℃
********************************************************
-- [WARN]  [2016-07-21 17:22:06,132]
-- [MonitorScreen.SinteringPro::Void timerSinteringPro_Tick(System.Object, System.EventArgs)]
-- [文件]:D:\SinteringProControl\Platform\PublicClass\LogClass.cs--第21行
-- [详细]:采集异常，终点异常，计算失效，终点温度大于380℃
********************************************************
-- [WARN]  [2016-07-21 17:22:08,132]
-- [MonitorScreen.SinteringPro::Void timerSinteringPro_Tick(System.Object, System.EventArgs)]
-- [文件]:D:\SinteringProControl\Platform\PublicClass\LogClass.cs--第21行
-- [详细]:采集异常，终点异常，计算失效，终点温度大于380℃
********************************************************
-- [WARN]  [2016-07-21 17:22:10,146]
-- [MonitorScreen.SinteringPro::Void timerSinteringPro_Tick(System.Object, System.EventArgs)]
-- [文件]:D:\SinteringProControl\Platform\PublicClass\LogClass.cs--第21行
-- [详细]:采集异常，终点异常，计算失效，终点温度大于380℃
********************************************************
-- [WARN]  [2016-07-21 17:22:12,157]
-- [MonitorScreen.SinteringPro::Void timerSinteringPro_Tick(System.Object, System.EventArgs)]
-- [文件]:D:\SinteringProControl\Platform\PublicClass\LogClass.cs--第21行
-- [详细]:采集异常，终点异常，计算失效，终点温度大于380℃
********************************************************
-- [WARN]  [2016-07-21 17:22:14,177]
-- [MonitorScreen.SinteringPro::Void timerSinteringPro_Tick(System.Object, System.EventArgs)]
-- [文件]:D:\SinteringProControl\Platform\PublicClass\LogClass.cs--第21行
-- [详细]:采集异常，终点异常，计算失效，终点温度大于380℃
********************************************************
-- [WARN]  [2016-07-21 17:22:16,192]
-- [MonitorScreen.SinteringPro::Void timerSinteringPro_Tick(System.Object, System.EventArgs)]
-- [文件]:D:\SinteringProControl\Platform\PublicClass\LogClass.cs--第21行
-- [详细]:采集异常，终点异常，计算失效，终点温度大于380℃
********************************************************
