-- [WARN]  [2016-07-15 09:06:56,474]
-- [MonitorScreen.SinteringPro::Void timerSinteringPro_Tick(System.Object, System.EventArgs)]
-- [文件]:D:\SinteringProControl\Platform\PublicClass\LogClass.cs--第21行
-- [详细]:采集异常，终点异常，计算失效，终点温度大于380℃
********************************************************
-- [WARN]  [2016-07-15 09:06:58,553]
-- [MonitorScreen.SinteringPro::Void timerSinteringPro_Tick(System.Object, System.EventArgs)]
-- [文件]:D:\SinteringProControl\Platform\PublicClass\LogClass.cs--第21行
-- [详细]:采集异常，终点异常，计算失效，终点温度大于380℃
********************************************************
-- [WARN]  [2016-07-15 09:20:36,854]
-- [MonitorScreen.SinteringPro::Void timerSinteringPro_Tick(System.Object, System.EventArgs)]
-- [文件]:D:\SinteringProControl\Platform\PublicClass\LogClass.cs--第21行
-- [详细]:采集异常，终点异常，计算失效，终点温度大于380℃
********************************************************
-- [WARN]  [2016-07-15 09:20:38,935]
-- [MonitorScreen.SinteringPro::Void timerSinteringPro_Tick(System.Object, System.EventArgs)]
-- [文件]:D:\SinteringProControl\Platform\PublicClass\LogClass.cs--第21行
-- [详细]:采集异常，终点异常，计算失效，终点温度大于380℃
********************************************************
-- [WARN]  [2016-07-15 09:22:22,338]
-- [MonitorScreen.SinteringPro::Void timerSinteringPro_Tick(System.Object, System.EventArgs)]
-- [文件]:D:\SinteringProControl\Platform\PublicClass\LogClass.cs--第21行
-- [详细]:采集异常，终点异常，计算失效，终点温度大于380℃
********************************************************
-- [WARN]  [2016-07-15 09:22:23,579]
-- [MonitorScreen.SinteringPro::Void timerSinteringPro_Tick(System.Object, System.EventArgs)]
-- [文件]:D:\SinteringProControl\Platform\PublicClass\LogClass.cs--第21行
-- [详细]:采集异常，终点异常，计算失效，终点温度大于380℃
********************************************************
-- [WARN]  [2016-07-15 09:22:25,590]
-- [MonitorScreen.SinteringPro::Void timerSinteringPro_Tick(System.Object, System.EventArgs)]
-- [文件]:D:\SinteringProControl\Platform\PublicClass\LogClass.cs--第21行
-- [详细]:采集异常，终点异常，计算失效，终点温度大于380℃
********************************************************
-- [WARN]  [2016-07-15 09:22:27,608]
-- [MonitorScreen.SinteringPro::Void timerSinteringPro_Tick(System.Object, System.EventArgs)]
-- [文件]:D:\SinteringProControl\Platform\PublicClass\LogClass.cs--第21行
-- [详细]:采集异常，终点异常，计算失效，终点温度大于380℃
********************************************************
-- [WARN]  [2016-07-15 09:22:29,609]
-- [MonitorScreen.SinteringPro::Void timerSinteringPro_Tick(System.Object, System.EventArgs)]
-- [文件]:D:\SinteringProControl\Platform\PublicClass\LogClass.cs--第21行
-- [详细]:采集异常，终点异常，计算失效，终点温度大于380℃
********************************************************
-- [WARN]  [2016-07-15 09:22:31,621]
-- [MonitorScreen.SinteringPro::Void timerSinteringPro_Tick(System.Object, System.EventArgs)]
-- [文件]:D:\SinteringProControl\Platform\PublicClass\LogClass.cs--第21行
-- [详细]:采集异常，终点异常，计算失效，终点温度大于380℃
********************************************************
-- [WARN]  [2016-07-15 09:22:33,643]
-- [MonitorScreen.SinteringPro::Void timerSinteringPro_Tick(System.Object, System.EventArgs)]
-- [文件]:D:\SinteringProControl\Platform\PublicClass\LogClass.cs--第21行
-- [详细]:采集异常，终点异常，计算失效，终点温度大于380℃
********************************************************
-- [WARN]  [2016-07-15 09:22:35,647]
-- [MonitorScreen.SinteringPro::Void timerSinteringPro_Tick(System.Object, System.EventArgs)]
-- [文件]:D:\SinteringProControl\Platform\PublicClass\LogClass.cs--第21行
-- [详细]:采集异常，终点异常，计算失效，终点温度大于380℃
********************************************************
-- [WARN]  [2016-07-15 09:22:37,666]
-- [MonitorScreen.SinteringPro::Void timerSinteringPro_Tick(System.Object, System.EventArgs)]
-- [文件]:D:\SinteringProControl\Platform\PublicClass\LogClass.cs--第21行
-- [详细]:采集异常，终点异常，计算失效，终点温度大于380℃
********************************************************
