-- [ERROR]  [2014-12-08 08:53:37,851]
-- [DataAcquisition.Class.SqlServerManage::System.Collections.Generic.List`1[DataAcquisition.Class.OpcDataModlue] GetOpcRlueList()]
-- [文件]:D:\SinteringProControl\Platform\PublicClass\LogClass.cs--第27行
-- [详细]:对象名 'Rule' 无效。
********************************************************
-- [ERROR]  [2014-12-08 09:03:41,084]
-- [DataAcquisition.Class.SqlServerManage::System.Collections.Generic.List`1[DataAcquisition.Class.OpcDataModlue] GetOpcRlueList()]
-- [文件]:D:\SinteringProControl\Platform\PublicClass\LogClass.cs--第27行
-- [详细]:对象名 'Rule' 无效。
********************************************************
-- [ERROR]  [2014-12-08 09:13:21,698]
-- [DataAcquisition.Class.SqlServerManage::System.Collections.Generic.List`1[DataAcquisition.Class.OPCConfig] GetOpcConfig()]
-- [文件]:D:\SinteringProControl\Platform\PublicClass\LogClass.cs--第27行
-- [详细]:列“OPCDataAcquisition_port”不属于表 。
********************************************************
-- [ERROR]  [2014-12-08 09:16:02,610]
-- [DataAcquisition.Class.SqlServerManage::System.Collections.Generic.List`1[DataAcquisition.Class.OPCConfig] GetOpcConfig()]
-- [文件]:D:\SinteringProControl\Platform\PublicClass\LogClass.cs--第27行
-- [详细]:列“OPCDataAcquisition_port”不属于表 。
********************************************************
-- [ERROR]  [2014-12-08 09:40:33,299]
-- [DataAcquisition.Class.SqlServerManage::System.Collections.Generic.Dictionary`2[System.Int32,System.Collections.Generic.List`1[DataAcquisition.Class.OpcDataModlue]] GetOpcDateList(System.Collections.Generic.List`1[DataAcquisition.Class.OPCConfig])]
-- [文件]:D:\SinteringProControl\Platform\PublicClass\LogClass.cs--第27行
-- [详细]:对象名 'PipelineAttribute' 无效。
********************************************************
-- [ERROR]  [2014-12-08 09:41:23,443]
-- [DataAcquisition.Class.SqlServerManage::System.Collections.Generic.List`1[DataAcquisition.Class.OpcDataModlue] GetOpcRlueList()]
-- [文件]:D:\SinteringProControl\Platform\PublicClass\LogClass.cs--第27行
-- [详细]:对象名 'Rule' 无效。
********************************************************
-- [ERROR]  [2014-12-08 09:42:14,948]
-- [DataAcquisition.Class.SqlServerManage::System.Collections.Generic.Dictionary`2[System.Int32,System.Collections.Generic.List`1[DataAcquisition.Class.OpcDataModlue]] GetOpcDateList(System.Collections.Generic.List`1[DataAcquisition.Class.OPCConfig])]
-- [文件]:D:\SinteringProControl\Platform\PublicClass\LogClass.cs--第27行
-- [详细]:对象名 'PipelineAttribute' 无效。
********************************************************
-- [ERROR]  [2014-12-08 09:42:14,975]
-- [DataAcquisition.Class.SqlServerManage::System.Collections.Generic.List`1[DataAcquisition.Class.OpcDataModlue] GetOpcRlueList()]
-- [文件]:D:\SinteringProControl\Platform\PublicClass\LogClass.cs--第27行
-- [详细]:对象名 'Rule' 无效。
********************************************************
-- [ERROR]  [2014-12-08 09:44:56,787]
-- [DataAcquisition.Class.SqlServerManage::System.Collections.Generic.Dictionary`2[System.Int32,System.Collections.Generic.List`1[DataAcquisition.Class.OpcDataModlue]] GetOpcDateList(System.Collections.Generic.List`1[DataAcquisition.Class.OPCConfig])]
-- [文件]:D:\SinteringProControl\Platform\PublicClass\LogClass.cs--第27行
-- [详细]:对象名 'PipelineAttribute' 无效。
********************************************************
-- [ERROR]  [2014-12-08 09:45:01,517]
-- [DataAcquisition.Class.SqlServerManage::System.Collections.Generic.List`1[DataAcquisition.Class.OpcDataModlue] GetOpcRlueList()]
-- [文件]:D:\SinteringProControl\Platform\PublicClass\LogClass.cs--第27行
-- [详细]:对象名 'Rule' 无效。
********************************************************
-- [ERROR]  [2014-12-08 09:54:39,705]
-- [DataAcquisition.Class.SqlServerManage::System.Collections.Generic.Dictionary`2[System.Int32,System.Collections.Generic.List`1[DataAcquisition.Class.OpcDataModlue]] GetOpcDateList(System.Collections.Generic.List`1[DataAcquisition.Class.OPCConfig])]
-- [文件]:D:\SinteringProControl\Platform\PublicClass\LogClass.cs--第27行
-- [详细]:对象名 'PipelineAttribute' 无效。
********************************************************
-- [ERROR]  [2014-12-08 09:55:04,054]
-- [DataAcquisition.Class.SqlServerManage::System.Collections.Generic.List`1[DataAcquisition.Class.OpcDataModlue] GetOpcRlueList()]
-- [文件]:D:\SinteringProControl\Platform\PublicClass\LogClass.cs--第27行
-- [详细]:对象名 'Rule' 无效。
********************************************************
