-- [ERROR]  [2016-04-08 15:25:19,394]
-- [DataAcquisition.SPC_DataAcquisition::Void OnTimer(System.Object, System.Timers.ElapsedEventArgs)]
-- [文件]:D:\SinteringProControl\Platform\PublicClass\LogClass.cs--第27行
-- [详细]:连接未关闭。 连接的当前状态为打开。
********************************************************
-- [ERROR]  [2016-04-08 15:25:20,270]
-- [DataAcquisition.SPC_DataAcquisition::Void OnTimer(System.Object, System.Timers.ElapsedEventArgs)]
-- [文件]:D:\SinteringProControl\Platform\PublicClass\LogClass.cs--第27行
-- [详细]:连接未关闭。 连接的当前状态为打开。
********************************************************
-- [ERROR]  [2016-04-08 15:25:21,293]
-- [DataAcquisition.SPC_DataAcquisition::Void OnTimer(System.Object, System.Timers.ElapsedEventArgs)]
-- [文件]:D:\SinteringProControl\Platform\PublicClass\LogClass.cs--第27行
-- [详细]:连接未关闭。 连接的当前状态为打开。
********************************************************
-- [ERROR]  [2016-04-08 15:25:22,297]
-- [DataAcquisition.SPC_DataAcquisition::Void OnTimer(System.Object, System.Timers.ElapsedEventArgs)]
-- [文件]:D:\SinteringProControl\Platform\PublicClass\LogClass.cs--第27行
-- [详细]:连接未关闭。 连接的当前状态为打开。
********************************************************
-- [ERROR]  [2016-04-08 15:25:23,313]
-- [DataAcquisition.SPC_DataAcquisition::Void OnTimer(System.Object, System.Timers.ElapsedEventArgs)]
-- [文件]:D:\SinteringProControl\Platform\PublicClass\LogClass.cs--第27行
-- [详细]:连接未关闭。 连接的当前状态为打开。
********************************************************
-- [ERROR]  [2016-04-08 15:25:24,325]
-- [DataAcquisition.SPC_DataAcquisition::Void OnTimer(System.Object, System.Timers.ElapsedEventArgs)]
-- [文件]:D:\SinteringProControl\Platform\PublicClass\LogClass.cs--第27行
-- [详细]:连接未关闭。 连接的当前状态为打开。
********************************************************
-- [ERROR]  [2016-04-08 15:25:25,345]
-- [DataAcquisition.SPC_DataAcquisition::Void OnTimer(System.Object, System.Timers.ElapsedEventArgs)]
-- [文件]:D:\SinteringProControl\Platform\PublicClass\LogClass.cs--第27行
-- [详细]:连接未关闭。 连接的当前状态为打开。
********************************************************
-- [ERROR]  [2016-04-08 15:25:26,354]
-- [DataAcquisition.SPC_DataAcquisition::Void OnTimer(System.Object, System.Timers.ElapsedEventArgs)]
-- [文件]:D:\SinteringProControl\Platform\PublicClass\LogClass.cs--第27行
-- [详细]:连接未关闭。 连接的当前状态为打开。
********************************************************
-- [ERROR]  [2016-04-08 15:25:27,372]
-- [DataAcquisition.SPC_DataAcquisition::Void OnTimer(System.Object, System.Timers.ElapsedEventArgs)]
-- [文件]:D:\SinteringProControl\Platform\PublicClass\LogClass.cs--第27行
-- [详细]:连接未关闭。 连接的当前状态为打开。
********************************************************
-- [ERROR]  [2016-04-08 15:25:28,382]
-- [DataAcquisition.SPC_DataAcquisition::Void OnTimer(System.Object, System.Timers.ElapsedEventArgs)]
-- [文件]:D:\SinteringProControl\Platform\PublicClass\LogClass.cs--第27行
-- [详细]:连接未关闭。 连接的当前状态为打开。
********************************************************
-- [ERROR]  [2016-04-08 15:25:29,406]
-- [DataAcquisition.SPC_DataAcquisition::Void OnTimer(System.Object, System.Timers.ElapsedEventArgs)]
-- [文件]:D:\SinteringProControl\Platform\PublicClass\LogClass.cs--第27行
-- [详细]:连接未关闭。 连接的当前状态为打开。
********************************************************
-- [ERROR]  [2016-04-08 15:25:30,410]
-- [DataAcquisition.SPC_DataAcquisition::Void OnTimer(System.Object, System.Timers.ElapsedEventArgs)]
-- [文件]:D:\SinteringProControl\Platform\PublicClass\LogClass.cs--第27行
-- [详细]:连接未关闭。 连接的当前状态为打开。
********************************************************
-- [ERROR]  [2016-04-08 15:25:31,438]
-- [DataAcquisition.SPC_DataAcquisition::Void OnTimer(System.Object, System.Timers.ElapsedEventArgs)]
-- [文件]:D:\SinteringProControl\Platform\PublicClass\LogClass.cs--第27行
-- [详细]:连接未关闭。 连接的当前状态为打开。
********************************************************
-- [ERROR]  [2016-04-08 15:25:32,438]
-- [DataAcquisition.SPC_DataAcquisition::Void OnTimer(System.Object, System.Timers.ElapsedEventArgs)]
-- [文件]:D:\SinteringProControl\Platform\PublicClass\LogClass.cs--第27行
-- [详细]:连接未关闭。 连接的当前状态为打开。
********************************************************
-- [ERROR]  [2016-04-08 15:25:33,461]
-- [DataAcquisition.SPC_DataAcquisition::Void OnTimer(System.Object, System.Timers.ElapsedEventArgs)]
-- [文件]:D:\SinteringProControl\Platform\PublicClass\LogClass.cs--第27行
-- [详细]:连接未关闭。 连接的当前状态为打开。
********************************************************
-- [ERROR]  [2016-04-08 15:25:34,465]
-- [DataAcquisition.SPC_DataAcquisition::Void OnTimer(System.Object, System.Timers.ElapsedEventArgs)]
-- [文件]:D:\SinteringProControl\Platform\PublicClass\LogClass.cs--第27行
-- [详细]:连接未关闭。 连接的当前状态为打开。
********************************************************
-- [ERROR]  [2016-04-08 15:25:35,486]
-- [DataAcquisition.SPC_DataAcquisition::Void OnTimer(System.Object, System.Timers.ElapsedEventArgs)]
-- [文件]:D:\SinteringProControl\Platform\PublicClass\LogClass.cs--第27行
-- [详细]:连接未关闭。 连接的当前状态为打开。
********************************************************
-- [ERROR]  [2016-04-08 15:25:36,494]
-- [DataAcquisition.SPC_DataAcquisition::Void OnTimer(System.Object, System.Timers.ElapsedEventArgs)]
-- [文件]:D:\SinteringProControl\Platform\PublicClass\LogClass.cs--第27行
-- [详细]:连接未关闭。 连接的当前状态为打开。
********************************************************
-- [ERROR]  [2016-04-08 15:25:37,513]
-- [DataAcquisition.SPC_DataAcquisition::Void OnTimer(System.Object, System.Timers.ElapsedEventArgs)]
-- [文件]:D:\SinteringProControl\Platform\PublicClass\LogClass.cs--第27行
-- [详细]:连接未关闭。 连接的当前状态为打开。
********************************************************
-- [ERROR]  [2016-04-08 15:25:38,521]
-- [DataAcquisition.SPC_DataAcquisition::Void OnTimer(System.Object, System.Timers.ElapsedEventArgs)]
-- [文件]:D:\SinteringProControl\Platform\PublicClass\LogClass.cs--第27行
-- [详细]:连接未关闭。 连接的当前状态为打开。
********************************************************
-- [ERROR]  [2016-04-08 15:32:46,359]
-- [DataAcquisition.SPC_DataAcquisition::Void OnTimer(System.Object, System.Timers.ElapsedEventArgs)]
-- [文件]:D:\SinteringProControl\Platform\PublicClass\LogClass.cs--第27行
-- [详细]:Timeout 时间已到。在操作完成之前超时时间已过或服务器未响应。
********************************************************
-- [ERROR]  [2016-04-08 15:32:46,360]
-- [DataAcquisition.SPC_DataAcquisition::Void OnTimer(System.Object, System.Timers.ElapsedEventArgs)]
-- [文件]:D:\SinteringProControl\Platform\PublicClass\LogClass.cs--第27行
-- [详细]:无效操作。连接被关闭。
********************************************************
-- [ERROR]  [2016-04-08 15:32:46,359]
-- [DataAcquisition.SPC_DataAcquisition::Void OnTimer(System.Object, System.Timers.ElapsedEventArgs)]
-- [文件]:D:\SinteringProControl\Platform\PublicClass\LogClass.cs--第27行
-- [详细]:无效操作。连接被关闭。
********************************************************
-- [ERROR]  [2016-04-08 15:32:46,360]
-- [DataAcquisition.SPC_DataAcquisition::Void OnTimer(System.Object, System.Timers.ElapsedEventArgs)]
-- [文件]:D:\SinteringProControl\Platform\PublicClass\LogClass.cs--第27行
-- [详细]:Timeout 时间已到。在操作完成之前超时时间已过或服务器未响应。
********************************************************
-- [ERROR]  [2016-04-08 15:32:46,361]
-- [DataAcquisition.SPC_DataAcquisition::Void OnTimer(System.Object, System.Timers.ElapsedEventArgs)]
-- [文件]:D:\SinteringProControl\Platform\PublicClass\LogClass.cs--第27行
-- [详细]:Timeout 时间已到。在操作完成之前超时时间已过或服务器未响应。
********************************************************
-- [ERROR]  [2016-04-08 15:32:46,365]
-- [DataAcquisition.SPC_DataAcquisition::Void OnTimer(System.Object, System.Timers.ElapsedEventArgs)]
-- [文件]:D:\SinteringProControl\Platform\PublicClass\LogClass.cs--第27行
-- [详细]:Timeout 时间已到。在操作完成之前超时时间已过或服务器未响应。
********************************************************
-- [ERROR]  [2016-04-08 15:32:46,361]
-- [DataAcquisition.SPC_DataAcquisition::Void OnTimer(System.Object, System.Timers.ElapsedEventArgs)]
-- [文件]:D:\SinteringProControl\Platform\PublicClass\LogClass.cs--第27行
-- [详细]:无效操作。连接被关闭。
********************************************************
-- [ERROR]  [2016-04-08 15:32:46,367]
-- [DataAcquisition.SPC_DataAcquisition::Void OnTimer(System.Object, System.Timers.ElapsedEventArgs)]
-- [文件]:D:\SinteringProControl\Platform\PublicClass\LogClass.cs--第27行
-- [详细]:无效操作。连接被关闭。
********************************************************
-- [ERROR]  [2016-04-08 15:32:47,141]
-- [DataAcquisition.SPC_DataAcquisition::Void OnTimer(System.Object, System.Timers.ElapsedEventArgs)]
-- [文件]:D:\SinteringProControl\Platform\PublicClass\LogClass.cs--第27行
-- [详细]:Timeout 时间已到。在操作完成之前超时时间已过或服务器未响应。
********************************************************
-- [ERROR]  [2016-04-08 15:35:56,198]
-- [DataAcquisition.SPC_DataAcquisition::Void OnTimer(System.Object, System.Timers.ElapsedEventArgs)]
-- [文件]:D:\SinteringProControl\Platform\PublicClass\LogClass.cs--第27行
-- [详细]:Timeout 时间已到。在操作完成之前超时时间已过或服务器未响应。
********************************************************
-- [ERROR]  [2016-04-08 15:35:57,845]
-- [DataAcquisition.SPC_DataAcquisition::Void OnTimer(System.Object, System.Timers.ElapsedEventArgs)]
-- [文件]:D:\SinteringProControl\Platform\PublicClass\LogClass.cs--第27行
-- [详细]:无效操作。连接被关闭。
********************************************************
-- [ERROR]  [2016-04-08 15:35:57,845]
-- [DataAcquisition.SPC_DataAcquisition::Void OnTimer(System.Object, System.Timers.ElapsedEventArgs)]
-- [文件]:D:\SinteringProControl\Platform\PublicClass\LogClass.cs--第27行
-- [详细]:无效操作。连接被关闭。
********************************************************
-- [ERROR]  [2016-04-08 15:35:57,846]
-- [DataAcquisition.SPC_DataAcquisition::Void OnTimer(System.Object, System.Timers.ElapsedEventArgs)]
-- [文件]:D:\SinteringProControl\Platform\PublicClass\LogClass.cs--第27行
-- [详细]:无效操作。连接被关闭。
********************************************************
-- [ERROR]  [2016-04-08 15:35:57,846]
-- [DataAcquisition.SPC_DataAcquisition::Void OnTimer(System.Object, System.Timers.ElapsedEventArgs)]
-- [文件]:D:\SinteringProControl\Platform\PublicClass\LogClass.cs--第27行
-- [详细]:无效操作。连接被关闭。
********************************************************
-- [ERROR]  [2016-04-08 15:35:57,845]
-- [DataAcquisition.SPC_DataAcquisition::Void OnTimer(System.Object, System.Timers.ElapsedEventArgs)]
-- [文件]:D:\SinteringProControl\Platform\PublicClass\LogClass.cs--第27行
-- [详细]:无效操作。连接被关闭。
********************************************************
-- [ERROR]  [2016-04-08 15:35:57,845]
-- [DataAcquisition.SPC_DataAcquisition::Void OnTimer(System.Object, System.Timers.ElapsedEventArgs)]
-- [文件]:D:\SinteringProControl\Platform\PublicClass\LogClass.cs--第27行
-- [详细]:无效操作。连接被关闭。
********************************************************
-- [ERROR]  [2016-04-08 15:35:57,846]
-- [DataAcquisition.SPC_DataAcquisition::Void OnTimer(System.Object, System.Timers.ElapsedEventArgs)]
-- [文件]:D:\SinteringProControl\Platform\PublicClass\LogClass.cs--第27行
-- [详细]:Timeout 时间已到。在操作完成之前超时时间已过或服务器未响应。
********************************************************
-- [ERROR]  [2016-04-08 15:35:57,849]
-- [DataAcquisition.SPC_DataAcquisition::Void OnTimer(System.Object, System.Timers.ElapsedEventArgs)]
-- [文件]:D:\SinteringProControl\Platform\PublicClass\LogClass.cs--第27行
-- [详细]:无效操作。连接被关闭。
********************************************************
-- [ERROR]  [2016-04-08 15:35:57,846]
-- [DataAcquisition.SPC_DataAcquisition::Void OnTimer(System.Object, System.Timers.ElapsedEventArgs)]
-- [文件]:D:\SinteringProControl\Platform\PublicClass\LogClass.cs--第27行
-- [详细]:Timeout 时间已到。在操作完成之前超时时间已过或服务器未响应。
********************************************************
-- [ERROR]  [2016-04-08 15:35:57,857]
-- [DataAcquisition.SPC_DataAcquisition::Void OnTimer(System.Object, System.Timers.ElapsedEventArgs)]
-- [文件]:D:\SinteringProControl\Platform\PublicClass\LogClass.cs--第27行
-- [详细]:无效操作。连接被关闭。
********************************************************
-- [ERROR]  [2016-04-08 15:35:57,857]
-- [DataAcquisition.SPC_DataAcquisition::Void OnTimer(System.Object, System.Timers.ElapsedEventArgs)]
-- [文件]:D:\SinteringProControl\Platform\PublicClass\LogClass.cs--第27行
-- [详细]:无效操作。连接被关闭。
********************************************************
-- [ERROR]  [2016-04-08 15:35:59,050]
-- [DataAcquisition.SPC_DataAcquisition::Void OnTimer(System.Object, System.Timers.ElapsedEventArgs)]
-- [文件]:D:\SinteringProControl\Platform\PublicClass\LogClass.cs--第27行
-- [详细]:Timeout 时间已到。在操作完成之前超时时间已过或服务器未响应。
********************************************************
-- [ERROR]  [2016-04-08 15:36:01,721]
-- [DataAcquisition.SPC_DataAcquisition::Void OnTimer(System.Object, System.Timers.ElapsedEventArgs)]
-- [文件]:D:\SinteringProControl\Platform\PublicClass\LogClass.cs--第27行
-- [详细]:Timeout 时间已到。在操作完成之前超时时间已过或服务器未响应。
********************************************************
-- [ERROR]  [2016-04-08 15:36:01,744]
-- [DataAcquisition.SPC_DataAcquisition::Void OnTimer(System.Object, System.Timers.ElapsedEventArgs)]
-- [文件]:D:\SinteringProControl\Platform\PublicClass\LogClass.cs--第27行
-- [详细]:无效操作。连接被关闭。
********************************************************
-- [ERROR]  [2016-04-08 15:36:01,754]
-- [DataAcquisition.SPC_DataAcquisition::Void OnTimer(System.Object, System.Timers.ElapsedEventArgs)]
-- [文件]:D:\SinteringProControl\Platform\PublicClass\LogClass.cs--第27行
-- [详细]:无效操作。连接被关闭。
********************************************************
-- [ERROR]  [2016-04-08 15:36:03,437]
-- [DataAcquisition.SPC_DataAcquisition::Void OnTimer(System.Object, System.Timers.ElapsedEventArgs)]
-- [文件]:D:\SinteringProControl\Platform\PublicClass\LogClass.cs--第27行
-- [详细]:Timeout 时间已到。在操作完成之前超时时间已过或服务器未响应。
********************************************************
-- [ERROR]  [2016-04-08 15:36:03,440]
-- [DataAcquisition.SPC_DataAcquisition::Void OnTimer(System.Object, System.Timers.ElapsedEventArgs)]
-- [文件]:D:\SinteringProControl\Platform\PublicClass\LogClass.cs--第27行
-- [详细]:ExecuteNonQuery 要求已打开且可用的 Connection。连接的当前状态为已关闭。
********************************************************
-- [ERROR]  [2016-04-08 15:36:05,470]
-- [DataAcquisition.SPC_DataAcquisition::Void OnTimer(System.Object, System.Timers.ElapsedEventArgs)]
-- [文件]:D:\SinteringProControl\Platform\PublicClass\LogClass.cs--第27行
-- [详细]:Timeout 时间已到。在操作完成之前超时时间已过或服务器未响应。
********************************************************
-- [ERROR]  [2016-04-08 15:36:05,769]
-- [DataAcquisition.SPC_DataAcquisition::Void OnTimer(System.Object, System.Timers.ElapsedEventArgs)]
-- [文件]:D:\SinteringProControl\Platform\PublicClass\LogClass.cs--第27行
-- [详细]:无效操作。连接被关闭。
********************************************************
-- [ERROR]  [2016-04-08 15:36:27,759]
-- [DataAcquisition.SPC_DataAcquisition::Void OnTimer(System.Object, System.Timers.ElapsedEventArgs)]
-- [文件]:D:\SinteringProControl\Platform\PublicClass\LogClass.cs--第27行
-- [详细]:Timeout 时间已到。在操作完成之前超时时间已过或服务器未响应。
********************************************************
-- [ERROR]  [2016-04-08 15:37:09,731]
-- [DataAcquisition.SPC_DataAcquisition::Void OnTimer(System.Object, System.Timers.ElapsedEventArgs)]
-- [文件]:D:\SinteringProControl\Platform\PublicClass\LogClass.cs--第27行
-- [详细]:Timeout 时间已到。在操作完成之前超时时间已过或服务器未响应。
********************************************************
-- [ERROR]  [2016-04-08 15:37:39,142]
-- [DataAcquisition.SPC_DataAcquisition::Void OnTimer(System.Object, System.Timers.ElapsedEventArgs)]
-- [文件]:D:\SinteringProControl\Platform\PublicClass\LogClass.cs--第27行
-- [详细]:Timeout 时间已到。在操作完成之前超时时间已过或服务器未响应。
********************************************************
-- [ERROR]  [2016-04-08 15:38:09,015]
-- [DataAcquisition.SPC_DataAcquisition::Void OnTimer(System.Object, System.Timers.ElapsedEventArgs)]
-- [文件]:D:\SinteringProControl\Platform\PublicClass\LogClass.cs--第27行
-- [详细]:Timeout 时间已到。在操作完成之前超时时间已过或服务器未响应。
********************************************************
-- [ERROR]  [2016-04-08 15:38:11,350]
-- [DataAcquisition.SPC_DataAcquisition::Void OnTimer(System.Object, System.Timers.ElapsedEventArgs)]
-- [文件]:D:\SinteringProControl\Platform\PublicClass\LogClass.cs--第27行
-- [详细]:无效操作。连接被关闭。
********************************************************
-- [ERROR]  [2016-04-08 15:38:12,439]
-- [DataAcquisition.SPC_DataAcquisition::Void OnTimer(System.Object, System.Timers.ElapsedEventArgs)]
-- [文件]:D:\SinteringProControl\Platform\PublicClass\LogClass.cs--第27行
-- [详细]:Timeout 时间已到。在操作完成之前超时时间已过或服务器未响应。
********************************************************
-- [ERROR]  [2016-04-08 15:38:14,104]
-- [DataAcquisition.SPC_DataAcquisition::Void OnTimer(System.Object, System.Timers.ElapsedEventArgs)]
-- [文件]:D:\SinteringProControl\Platform\PublicClass\LogClass.cs--第27行
-- [详细]:Timeout 时间已到。在操作完成之前超时时间已过或服务器未响应。
********************************************************
-- [ERROR]  [2016-04-08 15:38:15,303]
-- [DataAcquisition.SPC_DataAcquisition::Void OnTimer(System.Object, System.Timers.ElapsedEventArgs)]
-- [文件]:D:\SinteringProControl\Platform\PublicClass\LogClass.cs--第27行
-- [详细]:Timeout 时间已到。在操作完成之前超时时间已过或服务器未响应。
********************************************************
-- [ERROR]  [2016-04-08 15:38:16,975]
-- [DataAcquisition.SPC_DataAcquisition::Void OnTimer(System.Object, System.Timers.ElapsedEventArgs)]
-- [文件]:D:\SinteringProControl\Platform\PublicClass\LogClass.cs--第27行
-- [详细]:Timeout 时间已到。在操作完成之前超时时间已过或服务器未响应。
********************************************************
-- [ERROR]  [2016-04-08 15:38:18,949]
-- [DataAcquisition.SPC_DataAcquisition::Void OnTimer(System.Object, System.Timers.ElapsedEventArgs)]
-- [文件]:D:\SinteringProControl\Platform\PublicClass\LogClass.cs--第27行
-- [详细]:Timeout 时间已到。在操作完成之前超时时间已过或服务器未响应。
********************************************************
-- [ERROR]  [2016-04-08 15:38:19,784]
-- [DataAcquisition.SPC_DataAcquisition::Void OnTimer(System.Object, System.Timers.ElapsedEventArgs)]
-- [文件]:D:\SinteringProControl\Platform\PublicClass\LogClass.cs--第27行
-- [详细]:Timeout 时间已到。在操作完成之前超时时间已过或服务器未响应。
********************************************************
-- [ERROR]  [2016-04-08 15:38:21,201]
-- [DataAcquisition.SPC_DataAcquisition::Void OnTimer(System.Object, System.Timers.ElapsedEventArgs)]
-- [文件]:D:\SinteringProControl\Platform\PublicClass\LogClass.cs--第27行
-- [详细]:Timeout 时间已到。在操作完成之前超时时间已过或服务器未响应。
********************************************************
-- [ERROR]  [2016-04-08 15:38:22,568]
-- [DataAcquisition.SPC_DataAcquisition::Void OnTimer(System.Object, System.Timers.ElapsedEventArgs)]
-- [文件]:D:\SinteringProControl\Platform\PublicClass\LogClass.cs--第27行
-- [详细]:Timeout 时间已到。在操作完成之前超时时间已过或服务器未响应。
********************************************************
-- [ERROR]  [2016-04-08 15:38:23,271]
-- [DataAcquisition.SPC_DataAcquisition::Void OnTimer(System.Object, System.Timers.ElapsedEventArgs)]
-- [文件]:D:\SinteringProControl\Platform\PublicClass\LogClass.cs--第27行
-- [详细]:Timeout 时间已到。在操作完成之前超时时间已过或服务器未响应。
********************************************************
-- [ERROR]  [2016-04-08 15:38:25,474]
-- [DataAcquisition.SPC_DataAcquisition::Void OnTimer(System.Object, System.Timers.ElapsedEventArgs)]
-- [文件]:D:\SinteringProControl\Platform\PublicClass\LogClass.cs--第27行
-- [详细]:Timeout 时间已到。在操作完成之前超时时间已过或服务器未响应。
********************************************************
-- [ERROR]  [2016-04-08 15:38:27,537]
-- [DataAcquisition.SPC_DataAcquisition::Void OnTimer(System.Object, System.Timers.ElapsedEventArgs)]
-- [文件]:D:\SinteringProControl\Platform\PublicClass\LogClass.cs--第27行
-- [详细]:Timeout 时间已到。在操作完成之前超时时间已过或服务器未响应。
********************************************************
-- [ERROR]  [2016-04-08 15:38:27,567]
-- [DataAcquisition.SPC_DataAcquisition::Void OnTimer(System.Object, System.Timers.ElapsedEventArgs)]
-- [文件]:D:\SinteringProControl\Platform\PublicClass\LogClass.cs--第27行
-- [详细]:无效操作。连接被关闭。
********************************************************
-- [ERROR]  [2016-04-08 15:38:30,050]
-- [DataAcquisition.SPC_DataAcquisition::Void OnTimer(System.Object, System.Timers.ElapsedEventArgs)]
-- [文件]:D:\SinteringProControl\Platform\PublicClass\LogClass.cs--第27行
-- [详细]:Timeout 时间已到。在操作完成之前超时时间已过或服务器未响应。
********************************************************
-- [ERROR]  [2016-04-08 15:38:30,941]
-- [DataAcquisition.SPC_DataAcquisition::Void OnTimer(System.Object, System.Timers.ElapsedEventArgs)]
-- [文件]:D:\SinteringProControl\Platform\PublicClass\LogClass.cs--第27行
-- [详细]:Timeout 时间已到。在操作完成之前超时时间已过或服务器未响应。
********************************************************
-- [ERROR]  [2016-04-08 15:38:31,913]
-- [DataAcquisition.SPC_DataAcquisition::Void OnTimer(System.Object, System.Timers.ElapsedEventArgs)]
-- [文件]:D:\SinteringProControl\Platform\PublicClass\LogClass.cs--第27行
-- [详细]:Timeout 时间已到。在操作完成之前超时时间已过或服务器未响应。
********************************************************
-- [ERROR]  [2016-04-08 15:38:33,912]
-- [DataAcquisition.SPC_DataAcquisition::Void OnTimer(System.Object, System.Timers.ElapsedEventArgs)]
-- [文件]:D:\SinteringProControl\Platform\PublicClass\LogClass.cs--第27行
-- [详细]:Timeout 时间已到。在操作完成之前超时时间已过或服务器未响应。
********************************************************
-- [ERROR]  [2016-04-08 15:38:35,032]
-- [DataAcquisition.SPC_DataAcquisition::Void OnTimer(System.Object, System.Timers.ElapsedEventArgs)]
-- [文件]:D:\SinteringProControl\Platform\PublicClass\LogClass.cs--第27行
-- [详细]:Timeout 时间已到。在操作完成之前超时时间已过或服务器未响应。
********************************************************
-- [ERROR]  [2016-04-08 15:38:37,610]
-- [DataAcquisition.SPC_DataAcquisition::Void OnTimer(System.Object, System.Timers.ElapsedEventArgs)]
-- [文件]:D:\SinteringProControl\Platform\PublicClass\LogClass.cs--第27行
-- [详细]:Timeout 时间已到。在操作完成之前超时时间已过或服务器未响应。
********************************************************
-- [ERROR]  [2016-04-08 15:38:37,618]
-- [DataAcquisition.SPC_DataAcquisition::Void OnTimer(System.Object, System.Timers.ElapsedEventArgs)]
-- [文件]:D:\SinteringProControl\Platform\PublicClass\LogClass.cs--第27行
-- [详细]:无效操作。连接被关闭。
********************************************************
-- [ERROR]  [2016-04-08 15:39:15,517]
-- [DataAcquisition.SPC_DataAcquisition::Void OnTimer(System.Object, System.Timers.ElapsedEventArgs)]
-- [文件]:D:\SinteringProControl\Platform\PublicClass\LogClass.cs--第27行
-- [详细]:Timeout 时间已到。在操作完成之前超时时间已过或服务器未响应。
********************************************************
-- [ERROR]  [2016-04-08 15:39:16,764]
-- [DataAcquisition.SPC_DataAcquisition::Void OnTimer(System.Object, System.Timers.ElapsedEventArgs)]
-- [文件]:D:\SinteringProControl\Platform\PublicClass\LogClass.cs--第27行
-- [详细]:操作已被用户取消。
********************************************************
-- [ERROR]  [2016-04-08 15:39:16,865]
-- [DataAcquisition.SPC_DataAcquisition::Void OnTimer(System.Object, System.Timers.ElapsedEventArgs)]
-- [文件]:D:\SinteringProControl\Platform\PublicClass\LogClass.cs--第27行
-- [详细]:ExecuteNonQuery 要求已打开且可用的 Connection。连接的当前状态为打开。
********************************************************
-- [ERROR]  [2016-04-08 15:39:17,784]
-- [DataAcquisition.SPC_DataAcquisition::Void OnTimer(System.Object, System.Timers.ElapsedEventArgs)]
-- [文件]:D:\SinteringProControl\Platform\PublicClass\LogClass.cs--第27行
-- [详细]:ExecuteNonQuery 要求已打开且可用的 Connection。连接的当前状态为打开。
********************************************************
-- [ERROR]  [2016-04-08 15:39:17,813]
-- [DataAcquisition.SPC_DataAcquisition::Void OnTimer(System.Object, System.Timers.ElapsedEventArgs)]
-- [文件]:D:\SinteringProControl\Platform\PublicClass\LogClass.cs--第27行
-- [详细]:Timeout 时间已到。在操作完成之前超时时间已过或服务器未响应。
********************************************************
-- [ERROR]  [2016-04-08 15:39:19,068]
-- [DataAcquisition.SPC_DataAcquisition::Void OnTimer(System.Object, System.Timers.ElapsedEventArgs)]
-- [文件]:D:\SinteringProControl\Platform\PublicClass\LogClass.cs--第27行
-- [详细]:ExecuteNonQuery 要求已打开且可用的 Connection。连接的当前状态为打开。
********************************************************
-- [ERROR]  [2016-04-08 15:39:19,438]
-- [DataAcquisition.SPC_DataAcquisition::Void OnTimer(System.Object, System.Timers.ElapsedEventArgs)]
-- [文件]:D:\SinteringProControl\Platform\PublicClass\LogClass.cs--第27行
-- [详细]:Timeout 时间已到。在操作完成之前超时时间已过或服务器未响应。
********************************************************
-- [ERROR]  [2016-04-08 15:39:19,815]
-- [DataAcquisition.SPC_DataAcquisition::Void OnTimer(System.Object, System.Timers.ElapsedEventArgs)]
-- [文件]:D:\SinteringProControl\Platform\PublicClass\LogClass.cs--第27行
-- [详细]:ExecuteNonQuery 要求已打开且可用的 Connection。连接的当前状态为打开。
********************************************************
-- [ERROR]  [2016-04-08 15:39:21,074]
-- [DataAcquisition.SPC_DataAcquisition::Void OnTimer(System.Object, System.Timers.ElapsedEventArgs)]
-- [文件]:D:\SinteringProControl\Platform\PublicClass\LogClass.cs--第27行
-- [详细]:ExecuteNonQuery 要求已打开且可用的 Connection。连接的当前状态为打开。
********************************************************
-- [ERROR]  [2016-04-08 15:39:21,082]
-- [DataAcquisition.SPC_DataAcquisition::Void OnTimer(System.Object, System.Timers.ElapsedEventArgs)]
-- [文件]:D:\SinteringProControl\Platform\PublicClass\LogClass.cs--第27行
-- [详细]:Timeout 时间已到。在操作完成之前超时时间已过或服务器未响应。
********************************************************
-- [ERROR]  [2016-04-08 15:39:21,841]
-- [DataAcquisition.SPC_DataAcquisition::Void OnTimer(System.Object, System.Timers.ElapsedEventArgs)]
-- [文件]:D:\SinteringProControl\Platform\PublicClass\LogClass.cs--第27行
-- [详细]:ExecuteNonQuery 要求已打开且可用的 Connection。连接的当前状态为打开。
********************************************************
-- [ERROR]  [2016-04-08 15:39:21,875]
-- [DataAcquisition.SPC_DataAcquisition::Void OnTimer(System.Object, System.Timers.ElapsedEventArgs)]
-- [文件]:D:\SinteringProControl\Platform\PublicClass\LogClass.cs--第27行
-- [详细]:Timeout 时间已到。在操作完成之前超时时间已过或服务器未响应。
********************************************************
-- [ERROR]  [2016-04-08 15:39:23,078]
-- [DataAcquisition.SPC_DataAcquisition::Void OnTimer(System.Object, System.Timers.ElapsedEventArgs)]
-- [文件]:D:\SinteringProControl\Platform\PublicClass\LogClass.cs--第27行
-- [详细]:ExecuteNonQuery 要求已打开且可用的 Connection。连接的当前状态为打开。
********************************************************
-- [ERROR]  [2016-04-08 15:39:23,270]
-- [DataAcquisition.SPC_DataAcquisition::Void OnTimer(System.Object, System.Timers.ElapsedEventArgs)]
-- [文件]:D:\SinteringProControl\Platform\PublicClass\LogClass.cs--第27行
-- [详细]:Timeout 时间已到。在操作完成之前超时时间已过或服务器未响应。
********************************************************
-- [ERROR]  [2016-04-08 15:39:23,887]
-- [DataAcquisition.SPC_DataAcquisition::Void OnTimer(System.Object, System.Timers.ElapsedEventArgs)]
-- [文件]:D:\SinteringProControl\Platform\PublicClass\LogClass.cs--第27行
-- [详细]:ExecuteNonQuery 要求已打开且可用的 Connection。连接的当前状态为打开。
********************************************************
-- [ERROR]  [2016-04-08 15:39:25,113]
-- [DataAcquisition.SPC_DataAcquisition::Void OnTimer(System.Object, System.Timers.ElapsedEventArgs)]
-- [文件]:D:\SinteringProControl\Platform\PublicClass\LogClass.cs--第27行
-- [详细]:Timeout 时间已到。在操作完成之前超时时间已过或服务器未响应。
********************************************************
-- [ERROR]  [2016-04-08 15:39:25,117]
-- [DataAcquisition.SPC_DataAcquisition::Void OnTimer(System.Object, System.Timers.ElapsedEventArgs)]
-- [文件]:D:\SinteringProControl\Platform\PublicClass\LogClass.cs--第27行
-- [详细]:ExecuteNonQuery 要求已打开且可用的 Connection。连接的当前状态为打开。
********************************************************
-- [ERROR]  [2016-04-08 15:39:25,912]
-- [DataAcquisition.SPC_DataAcquisition::Void OnTimer(System.Object, System.Timers.ElapsedEventArgs)]
-- [文件]:D:\SinteringProControl\Platform\PublicClass\LogClass.cs--第27行
-- [详细]:ExecuteNonQuery 要求已打开且可用的 Connection。连接的当前状态为打开。
********************************************************
-- [ERROR]  [2016-04-08 15:39:26,753]
-- [DataAcquisition.SPC_DataAcquisition::Void OnTimer(System.Object, System.Timers.ElapsedEventArgs)]
-- [文件]:D:\SinteringProControl\Platform\PublicClass\LogClass.cs--第27行
-- [详细]:Timeout 时间已到。在操作完成之前超时时间已过或服务器未响应。
********************************************************
-- [ERROR]  [2016-04-08 15:39:27,108]
-- [DataAcquisition.SPC_DataAcquisition::Void OnTimer(System.Object, System.Timers.ElapsedEventArgs)]
-- [文件]:D:\SinteringProControl\Platform\PublicClass\LogClass.cs--第27行
-- [详细]:ExecuteNonQuery 要求已打开且可用的 Connection。连接的当前状态为打开。
********************************************************
-- [ERROR]  [2016-04-08 15:39:27,942]
-- [DataAcquisition.SPC_DataAcquisition::Void OnTimer(System.Object, System.Timers.ElapsedEventArgs)]
-- [文件]:D:\SinteringProControl\Platform\PublicClass\LogClass.cs--第27行
-- [详细]:ExecuteNonQuery 要求已打开且可用的 Connection。连接的当前状态为打开。
********************************************************
-- [ERROR]  [2016-04-08 15:39:27,998]
-- [DataAcquisition.SPC_DataAcquisition::Void OnTimer(System.Object, System.Timers.ElapsedEventArgs)]
-- [文件]:D:\SinteringProControl\Platform\PublicClass\LogClass.cs--第27行
-- [详细]:Timeout 时间已到。在操作完成之前超时时间已过或服务器未响应。
********************************************************
-- [ERROR]  [2016-04-08 15:39:29,165]
-- [DataAcquisition.SPC_DataAcquisition::Void OnTimer(System.Object, System.Timers.ElapsedEventArgs)]
-- [文件]:D:\SinteringProControl\Platform\PublicClass\LogClass.cs--第27行
-- [详细]:ExecuteNonQuery 要求已打开且可用的 Connection。连接的当前状态为打开。
********************************************************
-- [ERROR]  [2016-04-08 15:39:29,624]
-- [DataAcquisition.SPC_DataAcquisition::Void OnTimer(System.Object, System.Timers.ElapsedEventArgs)]
-- [文件]:D:\SinteringProControl\Platform\PublicClass\LogClass.cs--第27行
-- [详细]:Timeout 时间已到。在操作完成之前超时时间已过或服务器未响应。
********************************************************
-- [ERROR]  [2016-04-08 15:39:29,968]
-- [DataAcquisition.SPC_DataAcquisition::Void OnTimer(System.Object, System.Timers.ElapsedEventArgs)]
-- [文件]:D:\SinteringProControl\Platform\PublicClass\LogClass.cs--第27行
-- [详细]:ExecuteNonQuery 要求已打开且可用的 Connection。连接的当前状态为打开。
********************************************************
-- [ERROR]  [2016-04-08 15:39:31,148]
-- [DataAcquisition.SPC_DataAcquisition::Void OnTimer(System.Object, System.Timers.ElapsedEventArgs)]
-- [文件]:D:\SinteringProControl\Platform\PublicClass\LogClass.cs--第27行
-- [详细]:ExecuteNonQuery 要求已打开且可用的 Connection。连接的当前状态为打开。
********************************************************
-- [ERROR]  [2016-04-08 15:39:31,744]
-- [DataAcquisition.SPC_DataAcquisition::Void OnTimer(System.Object, System.Timers.ElapsedEventArgs)]
-- [文件]:D:\SinteringProControl\Platform\PublicClass\LogClass.cs--第27行
-- [详细]:Timeout 时间已到。在操作完成之前超时时间已过或服务器未响应。
********************************************************
-- [ERROR]  [2016-04-08 15:39:32,000]
-- [DataAcquisition.SPC_DataAcquisition::Void OnTimer(System.Object, System.Timers.ElapsedEventArgs)]
-- [文件]:D:\SinteringProControl\Platform\PublicClass\LogClass.cs--第27行
-- [详细]:ExecuteNonQuery 要求已打开且可用的 Connection。连接的当前状态为打开。
********************************************************
-- [ERROR]  [2016-04-08 15:39:33,079]
-- [DataAcquisition.SPC_DataAcquisition::Void OnTimer(System.Object, System.Timers.ElapsedEventArgs)]
-- [文件]:D:\SinteringProControl\Platform\PublicClass\LogClass.cs--第27行
-- [详细]:Timeout 时间已到。在操作完成之前超时时间已过或服务器未响应。
********************************************************
-- [ERROR]  [2016-04-08 15:39:33,088]
-- [DataAcquisition.SPC_DataAcquisition::Void OnTimer(System.Object, System.Timers.ElapsedEventArgs)]
-- [文件]:D:\SinteringProControl\Platform\PublicClass\LogClass.cs--第27行
-- [详细]:ExecuteNonQuery 要求已打开且可用的 Connection。连接的当前状态为打开。
********************************************************
-- [ERROR]  [2016-04-08 15:39:33,823]
-- [DataAcquisition.SPC_DataAcquisition::Void OnTimer(System.Object, System.Timers.ElapsedEventArgs)]
-- [文件]:D:\SinteringProControl\Platform\PublicClass\LogClass.cs--第27行
-- [详细]:Timeout 时间已到。在操作完成之前超时时间已过或服务器未响应。
********************************************************
-- [ERROR]  [2016-04-08 15:39:34,089]
-- [DataAcquisition.SPC_DataAcquisition::Void OnTimer(System.Object, System.Timers.ElapsedEventArgs)]
-- [文件]:D:\SinteringProControl\Platform\PublicClass\LogClass.cs--第27行
-- [详细]:ExecuteNonQuery 要求已打开且可用的 Connection。连接的当前状态为打开。
********************************************************
-- [ERROR]  [2016-04-08 15:39:35,183]
-- [DataAcquisition.SPC_DataAcquisition::Void OnTimer(System.Object, System.Timers.ElapsedEventArgs)]
-- [文件]:D:\SinteringProControl\Platform\PublicClass\LogClass.cs--第27行
-- [详细]:ExecuteNonQuery 要求已打开且可用的 Connection。连接的当前状态为打开。
********************************************************
-- [ERROR]  [2016-04-08 15:39:35,509]
-- [DataAcquisition.SPC_DataAcquisition::Void OnTimer(System.Object, System.Timers.ElapsedEventArgs)]
-- [文件]:D:\SinteringProControl\Platform\PublicClass\LogClass.cs--第27行
-- [详细]:Timeout 时间已到。在操作完成之前超时时间已过或服务器未响应。
********************************************************
-- [ERROR]  [2016-04-08 15:39:36,124]
-- [DataAcquisition.SPC_DataAcquisition::Void OnTimer(System.Object, System.Timers.ElapsedEventArgs)]
-- [文件]:D:\SinteringProControl\Platform\PublicClass\LogClass.cs--第27行
-- [详细]:ExecuteNonQuery 要求已打开且可用的 Connection。连接的当前状态为打开。
********************************************************
-- [ERROR]  [2016-04-08 15:39:37,187]
-- [DataAcquisition.SPC_DataAcquisition::Void OnTimer(System.Object, System.Timers.ElapsedEventArgs)]
-- [文件]:D:\SinteringProControl\Platform\PublicClass\LogClass.cs--第27行
-- [详细]:ExecuteNonQuery 要求已打开且可用的 Connection。连接的当前状态为打开。
********************************************************
-- [ERROR]  [2016-04-08 15:39:37,468]
-- [DataAcquisition.SPC_DataAcquisition::Void OnTimer(System.Object, System.Timers.ElapsedEventArgs)]
-- [文件]:D:\SinteringProControl\Platform\PublicClass\LogClass.cs--第27行
-- [详细]:Timeout 时间已到。在操作完成之前超时时间已过或服务器未响应。
********************************************************
-- [ERROR]  [2016-04-08 15:39:38,001]
-- [DataAcquisition.SPC_DataAcquisition::Void OnTimer(System.Object, System.Timers.ElapsedEventArgs)]
-- [文件]:D:\SinteringProControl\Platform\PublicClass\LogClass.cs--第27行
-- [详细]:Timeout 时间已到。在操作完成之前超时时间已过或服务器未响应。
********************************************************
-- [ERROR]  [2016-04-08 15:39:38,143]
-- [DataAcquisition.SPC_DataAcquisition::Void OnTimer(System.Object, System.Timers.ElapsedEventArgs)]
-- [文件]:D:\SinteringProControl\Platform\PublicClass\LogClass.cs--第27行
-- [详细]:ExecuteNonQuery 要求已打开且可用的 Connection。连接的当前状态为打开。
********************************************************
-- [ERROR]  [2016-04-08 15:39:39,160]
-- [DataAcquisition.SPC_DataAcquisition::Void OnTimer(System.Object, System.Timers.ElapsedEventArgs)]
-- [文件]:D:\SinteringProControl\Platform\PublicClass\LogClass.cs--第27行
-- [详细]:ExecuteNonQuery 要求已打开且可用的 Connection。连接的当前状态为打开。
********************************************************
-- [ERROR]  [2016-04-08 15:39:40,142]
-- [DataAcquisition.SPC_DataAcquisition::Void OnTimer(System.Object, System.Timers.ElapsedEventArgs)]
-- [文件]:D:\SinteringProControl\Platform\PublicClass\LogClass.cs--第27行
-- [详细]:Timeout 时间已到。在操作完成之前超时时间已过或服务器未响应。
********************************************************
-- [ERROR]  [2016-04-08 15:39:40,169]
-- [DataAcquisition.SPC_DataAcquisition::Void OnTimer(System.Object, System.Timers.ElapsedEventArgs)]
-- [文件]:D:\SinteringProControl\Platform\PublicClass\LogClass.cs--第27行
-- [详细]:ExecuteNonQuery 要求已打开且可用的 Connection。连接的当前状态为打开。
********************************************************
-- [ERROR]  [2016-04-08 15:39:41,215]
-- [DataAcquisition.SPC_DataAcquisition::Void OnTimer(System.Object, System.Timers.ElapsedEventArgs)]
-- [文件]:D:\SinteringProControl\Platform\PublicClass\LogClass.cs--第27行
-- [详细]:ExecuteNonQuery 要求已打开且可用的 Connection。连接的当前状态为打开。
********************************************************
-- [ERROR]  [2016-04-08 15:39:41,241]
-- [DataAcquisition.SPC_DataAcquisition::Void OnTimer(System.Object, System.Timers.ElapsedEventArgs)]
-- [文件]:D:\SinteringProControl\Platform\PublicClass\LogClass.cs--第27行
-- [详细]:Timeout 时间已到。在操作完成之前超时时间已过或服务器未响应。
********************************************************
-- [ERROR]  [2016-04-08 15:39:42,173]
-- [DataAcquisition.SPC_DataAcquisition::Void OnTimer(System.Object, System.Timers.ElapsedEventArgs)]
-- [文件]:D:\SinteringProControl\Platform\PublicClass\LogClass.cs--第27行
-- [详细]:Timeout 时间已到。在操作完成之前超时时间已过或服务器未响应。
********************************************************
-- [ERROR]  [2016-04-08 15:39:42,222]
-- [DataAcquisition.SPC_DataAcquisition::Void OnTimer(System.Object, System.Timers.ElapsedEventArgs)]
-- [文件]:D:\SinteringProControl\Platform\PublicClass\LogClass.cs--第27行
-- [详细]:ExecuteNonQuery 要求已打开且可用的 Connection。连接的当前状态为打开。
********************************************************
-- [ERROR]  [2016-04-08 15:39:43,230]
-- [DataAcquisition.SPC_DataAcquisition::Void OnTimer(System.Object, System.Timers.ElapsedEventArgs)]
-- [文件]:D:\SinteringProControl\Platform\PublicClass\LogClass.cs--第27行
-- [详细]:ExecuteNonQuery 要求已打开且可用的 Connection。连接的当前状态为打开。
********************************************************
-- [ERROR]  [2016-04-08 15:39:44,243]
-- [DataAcquisition.SPC_DataAcquisition::Void OnTimer(System.Object, System.Timers.ElapsedEventArgs)]
-- [文件]:D:\SinteringProControl\Platform\PublicClass\LogClass.cs--第27行
-- [详细]:ExecuteNonQuery 要求已打开且可用的 Connection。连接的当前状态为打开。
********************************************************
-- [ERROR]  [2016-04-08 15:39:44,286]
-- [DataAcquisition.SPC_DataAcquisition::Void OnTimer(System.Object, System.Timers.ElapsedEventArgs)]
-- [文件]:D:\SinteringProControl\Platform\PublicClass\LogClass.cs--第27行
-- [详细]:Timeout 时间已到。在操作完成之前超时时间已过或服务器未响应。
********************************************************
-- [ERROR]  [2016-04-08 15:39:45,259]
-- [DataAcquisition.SPC_DataAcquisition::Void OnTimer(System.Object, System.Timers.ElapsedEventArgs)]
-- [文件]:D:\SinteringProControl\Platform\PublicClass\LogClass.cs--第27行
-- [详细]:ExecuteNonQuery 要求已打开且可用的 Connection。连接的当前状态为打开。
********************************************************
-- [ERROR]  [2016-04-08 15:40:34,204]
-- [DataAcquisition.SPC_DataAcquisition::Void OnTimer(System.Object, System.Timers.ElapsedEventArgs)]
-- [文件]:D:\SinteringProControl\Platform\PublicClass\LogClass.cs--第27行
-- [详细]:Timeout 时间已到。在操作完成之前超时时间已过或服务器未响应。
********************************************************
-- [ERROR]  [2016-04-08 15:40:36,689]
-- [DataAcquisition.SPC_DataAcquisition::Void OnTimer(System.Object, System.Timers.ElapsedEventArgs)]
-- [文件]:D:\SinteringProControl\Platform\PublicClass\LogClass.cs--第27行
-- [详细]:Timeout 时间已到。在操作完成之前超时时间已过或服务器未响应。
********************************************************
-- [ERROR]  [2016-04-08 15:40:38,465]
-- [DataAcquisition.SPC_DataAcquisition::Void OnTimer(System.Object, System.Timers.ElapsedEventArgs)]
-- [文件]:D:\SinteringProControl\Platform\PublicClass\LogClass.cs--第27行
-- [详细]:Timeout 时间已到。在操作完成之前超时时间已过或服务器未响应。
********************************************************
-- [ERROR]  [2016-04-08 15:40:38,465]
-- [DataAcquisition.SPC_DataAcquisition::Void OnTimer(System.Object, System.Timers.ElapsedEventArgs)]
-- [文件]:D:\SinteringProControl\Platform\PublicClass\LogClass.cs--第27行
-- [详细]:无效操作。连接被关闭。
********************************************************
-- [ERROR]  [2016-04-08 15:40:40,449]
-- [DataAcquisition.SPC_DataAcquisition::Void OnTimer(System.Object, System.Timers.ElapsedEventArgs)]
-- [文件]:D:\SinteringProControl\Platform\PublicClass\LogClass.cs--第27行
-- [详细]:Timeout 时间已到。在操作完成之前超时时间已过或服务器未响应。
********************************************************
-- [ERROR]  [2016-04-08 15:40:40,458]
-- [DataAcquisition.SPC_DataAcquisition::Void OnTimer(System.Object, System.Timers.ElapsedEventArgs)]
-- [文件]:D:\SinteringProControl\Platform\PublicClass\LogClass.cs--第27行
-- [详细]:无效操作。连接被关闭。
********************************************************
-- [ERROR]  [2016-04-08 15:40:43,693]
-- [DataAcquisition.SPC_DataAcquisition::Void OnTimer(System.Object, System.Timers.ElapsedEventArgs)]
-- [文件]:D:\SinteringProControl\Platform\PublicClass\LogClass.cs--第27行
-- [详细]:Timeout 时间已到。在操作完成之前超时时间已过或服务器未响应。
********************************************************
-- [ERROR]  [2016-04-08 15:40:43,708]
-- [DataAcquisition.SPC_DataAcquisition::Void OnTimer(System.Object, System.Timers.ElapsedEventArgs)]
-- [文件]:D:\SinteringProControl\Platform\PublicClass\LogClass.cs--第27行
-- [详细]:无效操作。连接被关闭。
********************************************************
-- [ERROR]  [2016-04-08 15:40:44,077]
-- [DataAcquisition.SPC_DataAcquisition::Void OnTimer(System.Object, System.Timers.ElapsedEventArgs)]
-- [文件]:D:\SinteringProControl\Platform\PublicClass\LogClass.cs--第27行
-- [详细]:无效操作。连接被关闭。
********************************************************
-- [ERROR]  [2016-04-08 15:40:44,582]
-- [DataAcquisition.SPC_DataAcquisition::Void OnTimer(System.Object, System.Timers.ElapsedEventArgs)]
-- [文件]:D:\SinteringProControl\Platform\PublicClass\LogClass.cs--第27行
-- [详细]:Timeout 时间已到。在操作完成之前超时时间已过或服务器未响应。
********************************************************
-- [ERROR]  [2016-04-08 15:40:46,665]
-- [DataAcquisition.SPC_DataAcquisition::Void OnTimer(System.Object, System.Timers.ElapsedEventArgs)]
-- [文件]:D:\SinteringProControl\Platform\PublicClass\LogClass.cs--第27行
-- [详细]:Timeout 时间已到。在操作完成之前超时时间已过或服务器未响应。
********************************************************
-- [ERROR]  [2016-04-08 15:40:48,084]
-- [DataAcquisition.SPC_DataAcquisition::Void OnTimer(System.Object, System.Timers.ElapsedEventArgs)]
-- [文件]:D:\SinteringProControl\Platform\PublicClass\LogClass.cs--第27行
-- [详细]:无效操作。连接被关闭。
********************************************************
-- [ERROR]  [2016-04-08 15:40:48,763]
-- [DataAcquisition.SPC_DataAcquisition::Void OnTimer(System.Object, System.Timers.ElapsedEventArgs)]
-- [文件]:D:\SinteringProControl\Platform\PublicClass\LogClass.cs--第27行
-- [详细]:Timeout 时间已到。在操作完成之前超时时间已过或服务器未响应。
********************************************************
-- [ERROR]  [2016-04-08 15:40:50,444]
-- [DataAcquisition.SPC_DataAcquisition::Void OnTimer(System.Object, System.Timers.ElapsedEventArgs)]
-- [文件]:D:\SinteringProControl\Platform\PublicClass\LogClass.cs--第27行
-- [详细]:Timeout 时间已到。在操作完成之前超时时间已过或服务器未响应。
********************************************************
-- [ERROR]  [2016-04-08 15:40:50,461]
-- [DataAcquisition.SPC_DataAcquisition::Void OnTimer(System.Object, System.Timers.ElapsedEventArgs)]
-- [文件]:D:\SinteringProControl\Platform\PublicClass\LogClass.cs--第27行
-- [详细]:无效操作。连接被关闭。
********************************************************
-- [ERROR]  [2016-04-08 15:40:52,372]
-- [DataAcquisition.SPC_DataAcquisition::Void OnTimer(System.Object, System.Timers.ElapsedEventArgs)]
-- [文件]:D:\SinteringProControl\Platform\PublicClass\LogClass.cs--第27行
-- [详细]:Timeout 时间已到。在操作完成之前超时时间已过或服务器未响应。
********************************************************
-- [ERROR]  [2016-04-08 15:40:52,844]
-- [DataAcquisition.SPC_DataAcquisition::Void OnTimer(System.Object, System.Timers.ElapsedEventArgs)]
-- [文件]:D:\SinteringProControl\Platform\PublicClass\LogClass.cs--第27行
-- [详细]:无效操作。连接被关闭。
********************************************************
-- [ERROR]  [2016-04-08 15:40:52,852]
-- [DataAcquisition.SPC_DataAcquisition::Void OnTimer(System.Object, System.Timers.ElapsedEventArgs)]
-- [文件]:D:\SinteringProControl\Platform\PublicClass\LogClass.cs--第27行
-- [详细]:Timeout 时间已到。在操作完成之前超时时间已过或服务器未响应。
********************************************************
-- [ERROR]  [2016-04-08 15:40:55,654]
-- [DataAcquisition.SPC_DataAcquisition::Void OnTimer(System.Object, System.Timers.ElapsedEventArgs)]
-- [文件]:D:\SinteringProControl\Platform\PublicClass\LogClass.cs--第27行
-- [详细]:Timeout 时间已到。在操作完成之前超时时间已过或服务器未响应。
********************************************************
-- [ERROR]  [2016-04-08 15:40:56,824]
-- [DataAcquisition.SPC_DataAcquisition::Void OnTimer(System.Object, System.Timers.ElapsedEventArgs)]
-- [文件]:D:\SinteringProControl\Platform\PublicClass\LogClass.cs--第27行
-- [详细]:无效操作。连接被关闭。
********************************************************
-- [ERROR]  [2016-04-08 15:40:56,831]
-- [DataAcquisition.SPC_DataAcquisition::Void OnTimer(System.Object, System.Timers.ElapsedEventArgs)]
-- [文件]:D:\SinteringProControl\Platform\PublicClass\LogClass.cs--第27行
-- [详细]:Timeout 时间已到。在操作完成之前超时时间已过或服务器未响应。
********************************************************
-- [ERROR]  [2016-04-08 15:40:58,826]
-- [DataAcquisition.SPC_DataAcquisition::Void OnTimer(System.Object, System.Timers.ElapsedEventArgs)]
-- [文件]:D:\SinteringProControl\Platform\PublicClass\LogClass.cs--第27行
-- [详细]:Timeout 时间已到。在操作完成之前超时时间已过或服务器未响应。
********************************************************
-- [ERROR]  [2016-04-08 15:40:58,829]
-- [DataAcquisition.SPC_DataAcquisition::Void OnTimer(System.Object, System.Timers.ElapsedEventArgs)]
-- [文件]:D:\SinteringProControl\Platform\PublicClass\LogClass.cs--第27行
-- [详细]:无效操作。连接被关闭。
********************************************************
-- [ERROR]  [2016-04-08 15:41:01,024]
-- [DataAcquisition.SPC_DataAcquisition::Void OnTimer(System.Object, System.Timers.ElapsedEventArgs)]
-- [文件]:D:\SinteringProControl\Platform\PublicClass\LogClass.cs--第27行
-- [详细]:Timeout 时间已到。在操作完成之前超时时间已过或服务器未响应。
********************************************************
-- [ERROR]  [2016-04-08 15:41:01,027]
-- [DataAcquisition.SPC_DataAcquisition::Void OnTimer(System.Object, System.Timers.ElapsedEventArgs)]
-- [文件]:D:\SinteringProControl\Platform\PublicClass\LogClass.cs--第27行
-- [详细]:无效操作。连接被关闭。
********************************************************
-- [ERROR]  [2016-04-08 15:41:02,898]
-- [DataAcquisition.SPC_DataAcquisition::Void OnTimer(System.Object, System.Timers.ElapsedEventArgs)]
-- [文件]:D:\SinteringProControl\Platform\PublicClass\LogClass.cs--第27行
-- [详细]:Timeout 时间已到。在操作完成之前超时时间已过或服务器未响应。
********************************************************
-- [ERROR]  [2016-04-08 15:41:34,503]
-- [DataAcquisition.SPC_DataAcquisition::Void OnTimer(System.Object, System.Timers.ElapsedEventArgs)]
-- [文件]:D:\SinteringProControl\Platform\PublicClass\LogClass.cs--第27行
-- [详细]:Timeout 时间已到。在操作完成之前超时时间已过或服务器未响应。
********************************************************
-- [ERROR]  [2016-04-08 15:41:37,640]
-- [DataAcquisition.SPC_DataAcquisition::Void OnTimer(System.Object, System.Timers.ElapsedEventArgs)]
-- [文件]:D:\SinteringProControl\Platform\PublicClass\LogClass.cs--第27行
-- [详细]:Timeout 时间已到。在操作完成之前超时时间已过或服务器未响应。
********************************************************
-- [ERROR]  [2016-04-08 15:41:41,334]
-- [DataAcquisition.SPC_DataAcquisition::Void OnTimer(System.Object, System.Timers.ElapsedEventArgs)]
-- [文件]:D:\SinteringProControl\Platform\PublicClass\LogClass.cs--第27行
-- [详细]:Timeout 时间已到。在操作完成之前超时时间已过或服务器未响应。
********************************************************
-- [ERROR]  [2016-04-08 15:41:41,341]
-- [DataAcquisition.SPC_DataAcquisition::Void OnTimer(System.Object, System.Timers.ElapsedEventArgs)]
-- [文件]:D:\SinteringProControl\Platform\PublicClass\LogClass.cs--第27行
-- [详细]:无效操作。连接被关闭。
********************************************************
-- [ERROR]  [2016-04-08 15:41:43,481]
-- [DataAcquisition.SPC_DataAcquisition::Void OnTimer(System.Object, System.Timers.ElapsedEventArgs)]
-- [文件]:D:\SinteringProControl\Platform\PublicClass\LogClass.cs--第27行
-- [详细]:Timeout 时间已到。在操作完成之前超时时间已过或服务器未响应。
********************************************************
-- [ERROR]  [2016-04-08 15:41:44,803]
-- [DataAcquisition.SPC_DataAcquisition::Void OnTimer(System.Object, System.Timers.ElapsedEventArgs)]
-- [文件]:D:\SinteringProControl\Platform\PublicClass\LogClass.cs--第27行
-- [详细]:Timeout 时间已到。在操作完成之前超时时间已过或服务器未响应。
********************************************************
-- [ERROR]  [2016-04-08 15:41:45,595]
-- [DataAcquisition.SPC_DataAcquisition::Void OnTimer(System.Object, System.Timers.ElapsedEventArgs)]
-- [文件]:D:\SinteringProControl\Platform\PublicClass\LogClass.cs--第27行
-- [详细]:Timeout 时间已到。在操作完成之前超时时间已过或服务器未响应。
********************************************************
-- [ERROR]  [2016-04-08 15:41:47,140]
-- [DataAcquisition.SPC_DataAcquisition::Void OnTimer(System.Object, System.Timers.ElapsedEventArgs)]
-- [文件]:D:\SinteringProControl\Platform\PublicClass\LogClass.cs--第27行
-- [详细]:Timeout 时间已到。在操作完成之前超时时间已过或服务器未响应。
********************************************************
-- [ERROR]  [2016-04-08 15:41:49,424]
-- [DataAcquisition.SPC_DataAcquisition::Void OnTimer(System.Object, System.Timers.ElapsedEventArgs)]
-- [文件]:D:\SinteringProControl\Platform\PublicClass\LogClass.cs--第27行
-- [详细]:Timeout 时间已到。在操作完成之前超时时间已过或服务器未响应。
********************************************************
-- [ERROR]  [2016-04-08 15:41:50,731]
-- [DataAcquisition.SPC_DataAcquisition::Void OnTimer(System.Object, System.Timers.ElapsedEventArgs)]
-- [文件]:D:\SinteringProControl\Platform\PublicClass\LogClass.cs--第27行
-- [详细]:Timeout 时间已到。在操作完成之前超时时间已过或服务器未响应。
********************************************************
-- [ERROR]  [2016-04-08 15:41:51,391]
-- [DataAcquisition.SPC_DataAcquisition::Void OnTimer(System.Object, System.Timers.ElapsedEventArgs)]
-- [文件]:D:\SinteringProControl\Platform\PublicClass\LogClass.cs--第27行
-- [详细]:Timeout 时间已到。在操作完成之前超时时间已过或服务器未响应。
********************************************************
-- [ERROR]  [2016-04-08 15:41:53,065]
-- [DataAcquisition.SPC_DataAcquisition::Void OnTimer(System.Object, System.Timers.ElapsedEventArgs)]
-- [文件]:D:\SinteringProControl\Platform\PublicClass\LogClass.cs--第27行
-- [详细]:Timeout 时间已到。在操作完成之前超时时间已过或服务器未响应。
********************************************************
-- [ERROR]  [2016-04-08 15:41:53,809]
-- [DataAcquisition.SPC_DataAcquisition::Void OnTimer(System.Object, System.Timers.ElapsedEventArgs)]
-- [文件]:D:\SinteringProControl\Platform\PublicClass\LogClass.cs--第27行
-- [详细]:Timeout 时间已到。在操作完成之前超时时间已过或服务器未响应。
********************************************************
-- [ERROR]  [2016-04-08 15:41:55,378]
-- [DataAcquisition.SPC_DataAcquisition::Void OnTimer(System.Object, System.Timers.ElapsedEventArgs)]
-- [文件]:D:\SinteringProControl\Platform\PublicClass\LogClass.cs--第27行
-- [详细]:Timeout 时间已到。在操作完成之前超时时间已过或服务器未响应。
********************************************************
-- [ERROR]  [2016-04-08 15:41:57,375]
-- [DataAcquisition.SPC_DataAcquisition::Void OnTimer(System.Object, System.Timers.ElapsedEventArgs)]
-- [文件]:D:\SinteringProControl\Platform\PublicClass\LogClass.cs--第27行
-- [详细]:Timeout 时间已到。在操作完成之前超时时间已过或服务器未响应。
********************************************************
-- [ERROR]  [2016-04-08 15:41:58,647]
-- [DataAcquisition.SPC_DataAcquisition::Void OnTimer(System.Object, System.Timers.ElapsedEventArgs)]
-- [文件]:D:\SinteringProControl\Platform\PublicClass\LogClass.cs--第27行
-- [详细]:Timeout 时间已到。在操作完成之前超时时间已过或服务器未响应。
********************************************************
-- [ERROR]  [2016-04-08 15:41:59,512]
-- [DataAcquisition.SPC_DataAcquisition::Void OnTimer(System.Object, System.Timers.ElapsedEventArgs)]
-- [文件]:D:\SinteringProControl\Platform\PublicClass\LogClass.cs--第27行
-- [详细]:Timeout 时间已到。在操作完成之前超时时间已过或服务器未响应。
********************************************************
-- [ERROR]  [2016-04-08 15:42:01,539]
-- [DataAcquisition.SPC_DataAcquisition::Void OnTimer(System.Object, System.Timers.ElapsedEventArgs)]
-- [文件]:D:\SinteringProControl\Platform\PublicClass\LogClass.cs--第27行
-- [详细]:Timeout 时间已到。在操作完成之前超时时间已过或服务器未响应。
********************************************************
-- [ERROR]  [2016-04-08 15:42:03,791]
-- [DataAcquisition.SPC_DataAcquisition::Void OnTimer(System.Object, System.Timers.ElapsedEventArgs)]
-- [文件]:D:\SinteringProControl\Platform\PublicClass\LogClass.cs--第27行
-- [详细]:Timeout 时间已到。在操作完成之前超时时间已过或服务器未响应。
********************************************************
-- [ERROR]  [2016-04-08 15:42:03,898]
-- [DataAcquisition.SPC_DataAcquisition::Void OnTimer(System.Object, System.Timers.ElapsedEventArgs)]
-- [文件]:D:\SinteringProControl\Platform\PublicClass\LogClass.cs--第27行
-- [详细]:无效操作。连接被关闭。
********************************************************
-- [ERROR]  [2016-04-08 15:42:04,221]
-- [DataAcquisition.SPC_DataAcquisition::Void OnTimer(System.Object, System.Timers.ElapsedEventArgs)]
-- [文件]:D:\SinteringProControl\Platform\PublicClass\LogClass.cs--第27行
-- [详细]:无效操作。连接被关闭。
********************************************************
-- [ERROR]  [2016-04-08 15:42:05,436]
-- [DataAcquisition.SPC_DataAcquisition::Void OnTimer(System.Object, System.Timers.ElapsedEventArgs)]
-- [文件]:D:\SinteringProControl\Platform\PublicClass\LogClass.cs--第27行
-- [详细]:Timeout 时间已到。在操作完成之前超时时间已过或服务器未响应。
********************************************************
-- [ERROR]  [2016-04-08 15:42:07,098]
-- [DataAcquisition.SPC_DataAcquisition::Void OnTimer(System.Object, System.Timers.ElapsedEventArgs)]
-- [文件]:D:\SinteringProControl\Platform\PublicClass\LogClass.cs--第27行
-- [详细]:Timeout 时间已到。在操作完成之前超时时间已过或服务器未响应。
********************************************************
-- [ERROR]  [2016-04-08 15:42:07,928]
-- [DataAcquisition.SPC_DataAcquisition::Void OnTimer(System.Object, System.Timers.ElapsedEventArgs)]
-- [文件]:D:\SinteringProControl\Platform\PublicClass\LogClass.cs--第27行
-- [详细]:Timeout 时间已到。在操作完成之前超时时间已过或服务器未响应。
********************************************************
-- [ERROR]  [2016-04-08 15:42:08,007]
-- [DataAcquisition.SPC_DataAcquisition::Void OnTimer(System.Object, System.Timers.ElapsedEventArgs)]
-- [文件]:D:\SinteringProControl\Platform\PublicClass\LogClass.cs--第27行
-- [详细]:无效操作。连接被关闭。
********************************************************
-- [ERROR]  [2016-04-08 15:42:08,754]
-- [DataAcquisition.SPC_DataAcquisition::Void OnTimer(System.Object, System.Timers.ElapsedEventArgs)]
-- [文件]:D:\SinteringProControl\Platform\PublicClass\LogClass.cs--第27行
-- [详细]:Timeout 时间已到。在操作完成之前超时时间已过或服务器未响应。
********************************************************
-- [ERROR]  [2016-04-08 15:42:10,603]
-- [DataAcquisition.SPC_DataAcquisition::Void OnTimer(System.Object, System.Timers.ElapsedEventArgs)]
-- [文件]:D:\SinteringProControl\Platform\PublicClass\LogClass.cs--第27行
-- [详细]:Timeout 时间已到。在操作完成之前超时时间已过或服务器未响应。
********************************************************
-- [ERROR]  [2016-04-08 15:42:42,497]
-- [DataAcquisition.SPC_DataAcquisition::Void OnTimer(System.Object, System.Timers.ElapsedEventArgs)]
-- [文件]:D:\SinteringProControl\Platform\PublicClass\LogClass.cs--第27行
-- [详细]:Timeout 时间已到。在操作完成之前超时时间已过或服务器未响应。
********************************************************
-- [ERROR]  [2016-04-08 15:42:47,263]
-- [DataAcquisition.SPC_DataAcquisition::Void OnTimer(System.Object, System.Timers.ElapsedEventArgs)]
-- [文件]:D:\SinteringProControl\Platform\PublicClass\LogClass.cs--第27行
-- [详细]:在连接清理期间发生传输级错误。 (provider: Shared Memory Provider, error: 0 - 管道的另一端上无任何进程。)
********************************************************
-- [ERROR]  [2016-04-08 15:42:47,276]
-- [DataAcquisition.SPC_DataAcquisition::Void OnTimer(System.Object, System.Timers.ElapsedEventArgs)]
-- [文件]:D:\SinteringProControl\Platform\PublicClass\LogClass.cs--第27行
-- [详细]:在连接清理期间发生传输级错误。 (provider: Shared Memory Provider, error: 0 - 管道的另一端上无任何进程。)
********************************************************
-- [ERROR]  [2016-04-08 15:42:47,278]
-- [DataAcquisition.SPC_DataAcquisition::Void OnTimer(System.Object, System.Timers.ElapsedEventArgs)]
-- [文件]:D:\SinteringProControl\Platform\PublicClass\LogClass.cs--第27行
-- [详细]:在连接清理期间发生传输级错误。 (provider: Shared Memory Provider, error: 0 - 管道的另一端上无任何进程。)
********************************************************
-- [ERROR]  [2016-04-08 15:42:47,412]
-- [DataAcquisition.SPC_DataAcquisition::Void OnTimer(System.Object, System.Timers.ElapsedEventArgs)]
-- [文件]:D:\SinteringProControl\Platform\PublicClass\LogClass.cs--第27行
-- [详细]:在从服务器接收结果时发生传输级错误。 (provider: Shared Memory Provider, error: 0 - 管道的另一端上无任何进程。)
********************************************************
-- [ERROR]  [2016-04-08 15:42:48,012]
-- [DataAcquisition.SPC_DataAcquisition::Void OnTimer(System.Object, System.Timers.ElapsedEventArgs)]
-- [文件]:D:\SinteringProControl\Platform\PublicClass\LogClass.cs--第27行
-- [详细]:在连接清理期间发生传输级错误。 (provider: Shared Memory Provider, error: 0 - 管道的另一端上无任何进程。)
********************************************************
-- [ERROR]  [2016-04-08 15:42:48,012]
-- [DataAcquisition.SPC_DataAcquisition::Void OnTimer(System.Object, System.Timers.ElapsedEventArgs)]
-- [文件]:D:\SinteringProControl\Platform\PublicClass\LogClass.cs--第27行
-- [详细]:在连接清理期间发生传输级错误。 (provider: Shared Memory Provider, error: 0 - 管道的另一端上无任何进程。)
********************************************************
-- [ERROR]  [2016-04-08 15:42:48,012]
-- [DataAcquisition.SPC_DataAcquisition::Void OnTimer(System.Object, System.Timers.ElapsedEventArgs)]
-- [文件]:D:\SinteringProControl\Platform\PublicClass\LogClass.cs--第27行
-- [详细]:在连接清理期间发生传输级错误。 (provider: Shared Memory Provider, error: 0 - 管道的另一端上无任何进程。)
********************************************************
-- [ERROR]  [2016-04-08 15:42:48,015]
-- [DataAcquisition.SPC_DataAcquisition::Void OnTimer(System.Object, System.Timers.ElapsedEventArgs)]
-- [文件]:D:\SinteringProControl\Platform\PublicClass\LogClass.cs--第27行
-- [详细]:在连接清理期间发生传输级错误。 (provider: Shared Memory Provider, error: 0 - 管道的另一端上无任何进程。)
********************************************************
-- [ERROR]  [2016-04-08 15:42:48,076]
-- [DataAcquisition.SPC_DataAcquisition::Void OnTimer(System.Object, System.Timers.ElapsedEventArgs)]
-- [文件]:D:\SinteringProControl\Platform\PublicClass\LogClass.cs--第27行
-- [详细]:在连接清理期间发生传输级错误。 (provider: Shared Memory Provider, error: 0 - 管道的另一端上无任何进程。)
********************************************************
-- [ERROR]  [2016-04-08 15:42:48,076]
-- [DataAcquisition.SPC_DataAcquisition::Void OnTimer(System.Object, System.Timers.ElapsedEventArgs)]
-- [文件]:D:\SinteringProControl\Platform\PublicClass\LogClass.cs--第27行
-- [详细]:在连接清理期间发生传输级错误。 (provider: Shared Memory Provider, error: 0 - 管道的另一端上无任何进程。)
********************************************************
-- [ERROR]  [2016-04-08 15:42:48,077]
-- [DataAcquisition.SPC_DataAcquisition::Void OnTimer(System.Object, System.Timers.ElapsedEventArgs)]
-- [文件]:D:\SinteringProControl\Platform\PublicClass\LogClass.cs--第27行
-- [详细]:在连接清理期间发生传输级错误。 (provider: Shared Memory Provider, error: 0 - 管道的另一端上无任何进程。)
********************************************************
-- [ERROR]  [2016-04-08 15:42:48,077]
-- [DataAcquisition.SPC_DataAcquisition::Void OnTimer(System.Object, System.Timers.ElapsedEventArgs)]
-- [文件]:D:\SinteringProControl\Platform\PublicClass\LogClass.cs--第27行
-- [详细]:Timeout 时间已到。在操作完成之前超时时间已过或服务器未响应。
当前命令发生了严重错误。应放弃任何可能产生的结果。
在从服务器接收结果时发生传输级错误。 (provider: Shared Memory Provider, error: 0 - 管道的另一端上无任何进程。)
********************************************************
-- [ERROR]  [2016-04-08 15:42:48,077]
-- [DataAcquisition.SPC_DataAcquisition::Void OnTimer(System.Object, System.Timers.ElapsedEventArgs)]
-- [文件]:D:\SinteringProControl\Platform\PublicClass\LogClass.cs--第27行
-- [详细]:在连接清理期间发生传输级错误。 (provider: Shared Memory Provider, error: 0 - 管道的另一端上无任何进程。)
********************************************************
-- [ERROR]  [2016-04-08 15:42:48,076]
-- [DataAcquisition.SPC_DataAcquisition::Void OnTimer(System.Object, System.Timers.ElapsedEventArgs)]
-- [文件]:D:\SinteringProControl\Platform\PublicClass\LogClass.cs--第27行
-- [详细]:在连接清理期间发生传输级错误。 (provider: Shared Memory Provider, error: 0 - 管道的另一端上无任何进程。)
********************************************************
-- [ERROR]  [2016-04-08 15:42:48,077]
-- [DataAcquisition.SPC_DataAcquisition::Void OnTimer(System.Object, System.Timers.ElapsedEventArgs)]
-- [文件]:D:\SinteringProControl\Platform\PublicClass\LogClass.cs--第27行
-- [详细]:在从服务器接收结果时发生传输级错误。 (provider: Shared Memory Provider, error: 0 - 管道的另一端上无任何进程。)
********************************************************
-- [ERROR]  [2016-04-08 15:42:48,078]
-- [DataAcquisition.SPC_DataAcquisition::Void OnTimer(System.Object, System.Timers.ElapsedEventArgs)]
-- [文件]:D:\SinteringProControl\Platform\PublicClass\LogClass.cs--第27行
-- [详细]:在连接清理期间发生传输级错误。 (provider: Shared Memory Provider, error: 0 - 管道的另一端上无任何进程。)
********************************************************
-- [ERROR]  [2016-04-08 15:42:48,078]
-- [DataAcquisition.SPC_DataAcquisition::Void OnTimer(System.Object, System.Timers.ElapsedEventArgs)]
-- [文件]:D:\SinteringProControl\Platform\PublicClass\LogClass.cs--第27行
-- [详细]:在从服务器接收结果时发生传输级错误。 (provider: Shared Memory Provider, error: 0 - 管道的另一端上无任何进程。)
********************************************************
-- [ERROR]  [2016-04-08 15:42:48,077]
-- [DataAcquisition.SPC_DataAcquisition::Void OnTimer(System.Object, System.Timers.ElapsedEventArgs)]
-- [文件]:D:\SinteringProControl\Platform\PublicClass\LogClass.cs--第27行
-- [详细]:在从服务器接收结果时发生传输级错误。 (provider: Shared Memory Provider, error: 0 - 管道的另一端上无任何进程。)
********************************************************
-- [ERROR]  [2016-04-08 15:42:48,078]
-- [DataAcquisition.SPC_DataAcquisition::Void OnTimer(System.Object, System.Timers.ElapsedEventArgs)]
-- [文件]:D:\SinteringProControl\Platform\PublicClass\LogClass.cs--第27行
-- [详细]:在连接清理期间发生传输级错误。 (provider: Shared Memory Provider, error: 0 - 管道的另一端上无任何进程。)
********************************************************
-- [ERROR]  [2016-04-08 15:42:48,079]
-- [DataAcquisition.SPC_DataAcquisition::Void OnTimer(System.Object, System.Timers.ElapsedEventArgs)]
-- [文件]:D:\SinteringProControl\Platform\PublicClass\LogClass.cs--第27行
-- [详细]:在连接清理期间发生传输级错误。 (provider: Shared Memory Provider, error: 0 - 管道的另一端上无任何进程。)
********************************************************
-- [ERROR]  [2016-04-08 15:42:48,079]
-- [DataAcquisition.SPC_DataAcquisition::Void OnTimer(System.Object, System.Timers.ElapsedEventArgs)]
-- [文件]:D:\SinteringProControl\Platform\PublicClass\LogClass.cs--第27行
-- [详细]:在连接清理期间发生传输级错误。 (provider: Shared Memory Provider, error: 0 - 管道的另一端上无任何进程。)
********************************************************
-- [ERROR]  [2016-04-08 15:42:48,080]
-- [DataAcquisition.SPC_DataAcquisition::Void OnTimer(System.Object, System.Timers.ElapsedEventArgs)]
-- [文件]:D:\SinteringProControl\Platform\PublicClass\LogClass.cs--第27行
-- [详细]:在连接清理期间发生传输级错误。 (provider: Shared Memory Provider, error: 0 - 管道的另一端上无任何进程。)
********************************************************
-- [ERROR]  [2016-04-08 15:42:48,081]
-- [DataAcquisition.SPC_DataAcquisition::Void OnTimer(System.Object, System.Timers.ElapsedEventArgs)]
-- [文件]:D:\SinteringProControl\Platform\PublicClass\LogClass.cs--第27行
-- [详细]:在连接清理期间发生传输级错误。 (provider: Shared Memory Provider, error: 0 - 管道的另一端上无任何进程。)
********************************************************
-- [ERROR]  [2016-04-08 15:42:48,081]
-- [DataAcquisition.SPC_DataAcquisition::Void OnTimer(System.Object, System.Timers.ElapsedEventArgs)]
-- [文件]:D:\SinteringProControl\Platform\PublicClass\LogClass.cs--第27行
-- [详细]:在连接清理期间发生传输级错误。 (provider: Shared Memory Provider, error: 0 - 管道的另一端上无任何进程。)
********************************************************
-- [ERROR]  [2016-04-08 15:42:48,082]
-- [DataAcquisition.SPC_DataAcquisition::Void OnTimer(System.Object, System.Timers.ElapsedEventArgs)]
-- [文件]:D:\SinteringProControl\Platform\PublicClass\LogClass.cs--第27行
-- [详细]:在从服务器接收结果时发生传输级错误。 (provider: Shared Memory Provider, error: 0 - 管道的另一端上无任何进程。)
********************************************************
-- [ERROR]  [2016-04-08 15:42:48,148]
-- [DataAcquisition.SPC_DataAcquisition::Void OnTimer(System.Object, System.Timers.ElapsedEventArgs)]
-- [文件]:D:\SinteringProControl\Platform\PublicClass\LogClass.cs--第27行
-- [详细]:在连接清理期间发生传输级错误。 (provider: Shared Memory Provider, error: 0 - 管道的另一端上无任何进程。)
********************************************************
-- [ERROR]  [2016-04-08 15:42:48,154]
-- [DataAcquisition.SPC_DataAcquisition::Void OnTimer(System.Object, System.Timers.ElapsedEventArgs)]
-- [文件]:D:\SinteringProControl\Platform\PublicClass\LogClass.cs--第27行
-- [详细]:在连接清理期间发生传输级错误。 (provider: Shared Memory Provider, error: 0 - 管道的另一端上无任何进程。)
********************************************************
-- [ERROR]  [2016-04-08 15:42:48,155]
-- [DataAcquisition.SPC_DataAcquisition::Void OnTimer(System.Object, System.Timers.ElapsedEventArgs)]
-- [文件]:D:\SinteringProControl\Platform\PublicClass\LogClass.cs--第27行
-- [详细]:在连接清理期间发生传输级错误。 (provider: Shared Memory Provider, error: 0 - 管道的另一端上无任何进程。)
********************************************************
-- [ERROR]  [2016-04-08 15:42:59,135]
-- [DataAcquisition.SPC_DataAcquisition::Void OnTimer(System.Object, System.Timers.ElapsedEventArgs)]
-- [文件]:D:\SinteringProControl\Platform\PublicClass\LogClass.cs--第27行
-- [详细]:ExecuteNonQuery 要求已打开且可用的 Connection。连接的当前状态为已关闭。
********************************************************
-- [ERROR]  [2016-04-08 15:43:05,950]
-- [DataAcquisition.SPC_DataAcquisition::Void OnTimer(System.Object, System.Timers.ElapsedEventArgs)]
-- [文件]:D:\SinteringProControl\Platform\PublicClass\LogClass.cs--第27行
-- [详细]:ExecuteNonQuery 要求已打开且可用的 Connection。连接的当前状态为已关闭。
********************************************************
-- [ERROR]  [2016-04-08 15:44:01,499]
-- [DataAcquisition.SPC_DataAcquisition::Void OnTimer(System.Object, System.Timers.ElapsedEventArgs)]
-- [文件]:D:\SinteringProControl\Platform\PublicClass\LogClass.cs--第27行
-- [详细]:Timeout 时间已到。在操作完成之前超时时间已过或服务器未响应。
********************************************************
-- [ERROR]  [2016-04-08 15:44:09,017]
-- [DataAcquisition.SPC_DataAcquisition::Void OnTimer(System.Object, System.Timers.ElapsedEventArgs)]
-- [文件]:D:\SinteringProControl\Platform\PublicClass\LogClass.cs--第27行
-- [详细]:Timeout 时间已到。在操作完成之前超时时间已过或服务器未响应。
********************************************************
-- [ERROR]  [2016-04-08 15:44:31,049]
-- [DataAcquisition.SPC_DataAcquisition::Void OnTimer(System.Object, System.Timers.ElapsedEventArgs)]
-- [文件]:D:\SinteringProControl\Platform\PublicClass\LogClass.cs--第27行
-- [详细]:Timeout 时间已到。在操作完成之前超时时间已过或服务器未响应。
********************************************************
-- [ERROR]  [2016-04-08 15:44:31,057]
-- [DataAcquisition.SPC_DataAcquisition::Void OnTimer(System.Object, System.Timers.ElapsedEventArgs)]
-- [文件]:D:\SinteringProControl\Platform\PublicClass\LogClass.cs--第27行
-- [详细]:无效操作。连接被关闭。
********************************************************
-- [ERROR]  [2016-04-08 15:44:32,718]
-- [DataAcquisition.SPC_DataAcquisition::Void OnTimer(System.Object, System.Timers.ElapsedEventArgs)]
-- [文件]:D:\SinteringProControl\Platform\PublicClass\LogClass.cs--第27行
-- [详细]:Timeout 时间已到。在操作完成之前超时时间已过或服务器未响应。
********************************************************
-- [ERROR]  [2016-04-08 15:44:34,339]
-- [DataAcquisition.SPC_DataAcquisition::Void OnTimer(System.Object, System.Timers.ElapsedEventArgs)]
-- [文件]:D:\SinteringProControl\Platform\PublicClass\LogClass.cs--第27行
-- [详细]:Timeout 时间已到。在操作完成之前超时时间已过或服务器未响应。
********************************************************
-- [ERROR]  [2016-04-08 15:44:35,527]
-- [DataAcquisition.SPC_DataAcquisition::Void OnTimer(System.Object, System.Timers.ElapsedEventArgs)]
-- [文件]:D:\SinteringProControl\Platform\PublicClass\LogClass.cs--第27行
-- [详细]:Timeout 时间已到。在操作完成之前超时时间已过或服务器未响应。
********************************************************
-- [ERROR]  [2016-04-08 15:44:37,072]
-- [DataAcquisition.SPC_DataAcquisition::Void OnTimer(System.Object, System.Timers.ElapsedEventArgs)]
-- [文件]:D:\SinteringProControl\Platform\PublicClass\LogClass.cs--第27行
-- [详细]:Timeout 时间已到。在操作完成之前超时时间已过或服务器未响应。
********************************************************
-- [ERROR]  [2016-04-08 15:44:39,121]
-- [DataAcquisition.SPC_DataAcquisition::Void OnTimer(System.Object, System.Timers.ElapsedEventArgs)]
-- [文件]:D:\SinteringProControl\Platform\PublicClass\LogClass.cs--第27行
-- [详细]:无效操作。连接被关闭。
********************************************************
-- [ERROR]  [2016-04-08 15:44:39,132]
-- [DataAcquisition.SPC_DataAcquisition::Void OnTimer(System.Object, System.Timers.ElapsedEventArgs)]
-- [文件]:D:\SinteringProControl\Platform\PublicClass\LogClass.cs--第27行
-- [详细]:Timeout 时间已到。在操作完成之前超时时间已过或服务器未响应。
********************************************************
-- [ERROR]  [2016-04-08 15:44:40,885]
-- [DataAcquisition.SPC_DataAcquisition::Void OnTimer(System.Object, System.Timers.ElapsedEventArgs)]
-- [文件]:D:\SinteringProControl\Platform\PublicClass\LogClass.cs--第27行
-- [详细]:Timeout 时间已到。在操作完成之前超时时间已过或服务器未响应。
********************************************************
-- [ERROR]  [2016-04-08 15:44:41,563]
-- [DataAcquisition.SPC_DataAcquisition::Void OnTimer(System.Object, System.Timers.ElapsedEventArgs)]
-- [文件]:D:\SinteringProControl\Platform\PublicClass\LogClass.cs--第27行
-- [详细]:Timeout 时间已到。在操作完成之前超时时间已过或服务器未响应。
********************************************************
-- [ERROR]  [2016-04-08 15:44:42,929]
-- [DataAcquisition.SPC_DataAcquisition::Void OnTimer(System.Object, System.Timers.ElapsedEventArgs)]
-- [文件]:D:\SinteringProControl\Platform\PublicClass\LogClass.cs--第27行
-- [详细]:Timeout 时间已到。在操作完成之前超时时间已过或服务器未响应。
********************************************************
-- [ERROR]  [2016-04-08 15:44:43,619]
-- [DataAcquisition.SPC_DataAcquisition::Void OnTimer(System.Object, System.Timers.ElapsedEventArgs)]
-- [文件]:D:\SinteringProControl\Platform\PublicClass\LogClass.cs--第27行
-- [详细]:Timeout 时间已到。在操作完成之前超时时间已过或服务器未响应。
********************************************************
-- [ERROR]  [2016-04-08 15:44:45,346]
-- [DataAcquisition.SPC_DataAcquisition::Void OnTimer(System.Object, System.Timers.ElapsedEventArgs)]
-- [文件]:D:\SinteringProControl\Platform\PublicClass\LogClass.cs--第27行
-- [详细]:Timeout 时间已到。在操作完成之前超时时间已过或服务器未响应。
********************************************************
-- [ERROR]  [2016-04-08 15:44:47,161]
-- [DataAcquisition.SPC_DataAcquisition::Void OnTimer(System.Object, System.Timers.ElapsedEventArgs)]
-- [文件]:D:\SinteringProControl\Platform\PublicClass\LogClass.cs--第27行
-- [详细]:Timeout 时间已到。在操作完成之前超时时间已过或服务器未响应。
********************************************************
-- [ERROR]  [2016-04-08 15:44:48,873]
-- [DataAcquisition.SPC_DataAcquisition::Void OnTimer(System.Object, System.Timers.ElapsedEventArgs)]
-- [文件]:D:\SinteringProControl\Platform\PublicClass\LogClass.cs--第27行
-- [详细]:Timeout 时间已到。在操作完成之前超时时间已过或服务器未响应。
********************************************************
-- [ERROR]  [2016-04-08 15:44:50,369]
-- [DataAcquisition.SPC_DataAcquisition::Void OnTimer(System.Object, System.Timers.ElapsedEventArgs)]
-- [文件]:D:\SinteringProControl\Platform\PublicClass\LogClass.cs--第27行
-- [详细]:Timeout 时间已到。在操作完成之前超时时间已过或服务器未响应。
********************************************************
-- [ERROR]  [2016-04-08 15:44:51,142]
-- [DataAcquisition.SPC_DataAcquisition::Void OnTimer(System.Object, System.Timers.ElapsedEventArgs)]
-- [文件]:D:\SinteringProControl\Platform\PublicClass\LogClass.cs--第27行
-- [详细]:Timeout 时间已到。在操作完成之前超时时间已过或服务器未响应。
********************************************************
-- [ERROR]  [2016-04-08 15:44:53,552]
-- [DataAcquisition.SPC_DataAcquisition::Void OnTimer(System.Object, System.Timers.ElapsedEventArgs)]
-- [文件]:D:\SinteringProControl\Platform\PublicClass\LogClass.cs--第27行
-- [详细]:Timeout 时间已到。在操作完成之前超时时间已过或服务器未响应。
********************************************************
-- [ERROR]  [2016-04-08 15:44:54,974]
-- [DataAcquisition.SPC_DataAcquisition::Void OnTimer(System.Object, System.Timers.ElapsedEventArgs)]
-- [文件]:D:\SinteringProControl\Platform\PublicClass\LogClass.cs--第27行
-- [详细]:Timeout 时间已到。在操作完成之前超时时间已过或服务器未响应。
********************************************************
-- [ERROR]  [2016-04-08 15:44:55,661]
-- [DataAcquisition.SPC_DataAcquisition::Void OnTimer(System.Object, System.Timers.ElapsedEventArgs)]
-- [文件]:D:\SinteringProControl\Platform\PublicClass\LogClass.cs--第27行
-- [详细]:Timeout 时间已到。在操作完成之前超时时间已过或服务器未响应。
********************************************************
-- [ERROR]  [2016-04-08 15:44:57,269]
-- [DataAcquisition.SPC_DataAcquisition::Void OnTimer(System.Object, System.Timers.ElapsedEventArgs)]
-- [文件]:D:\SinteringProControl\Platform\PublicClass\LogClass.cs--第27行
-- [详细]:Timeout 时间已到。在操作完成之前超时时间已过或服务器未响应。
********************************************************
-- [ERROR]  [2016-04-08 15:44:59,154]
-- [DataAcquisition.SPC_DataAcquisition::Void OnTimer(System.Object, System.Timers.ElapsedEventArgs)]
-- [文件]:D:\SinteringProControl\Platform\PublicClass\LogClass.cs--第27行
-- [详细]:Timeout 时间已到。在操作完成之前超时时间已过或服务器未响应。
********************************************************
-- [ERROR]  [2016-04-08 15:44:59,623]
-- [DataAcquisition.SPC_DataAcquisition::Void OnTimer(System.Object, System.Timers.ElapsedEventArgs)]
-- [文件]:D:\SinteringProControl\Platform\PublicClass\LogClass.cs--第27行
-- [详细]:Timeout 时间已到。在操作完成之前超时时间已过或服务器未响应。
********************************************************
-- [ERROR]  [2016-04-08 15:45:31,105]
-- [DataAcquisition.SPC_DataAcquisition::Void OnTimer(System.Object, System.Timers.ElapsedEventArgs)]
-- [文件]:D:\SinteringProControl\Platform\PublicClass\LogClass.cs--第27行
-- [详细]:Timeout 时间已到。在操作完成之前超时时间已过或服务器未响应。
********************************************************
-- [ERROR]  [2016-04-08 15:45:31,730]
-- [DataAcquisition.SPC_DataAcquisition::Void OnTimer(System.Object, System.Timers.ElapsedEventArgs)]
-- [文件]:D:\SinteringProControl\Platform\PublicClass\LogClass.cs--第27行
-- [详细]:Timeout 时间已到。在操作完成之前超时时间已过或服务器未响应。
********************************************************
-- [ERROR]  [2016-04-08 15:45:31,730]
-- [DataAcquisition.SPC_DataAcquisition::Void OnTimer(System.Object, System.Timers.ElapsedEventArgs)]
-- [文件]:D:\SinteringProControl\Platform\PublicClass\LogClass.cs--第27行
-- [详细]:无效操作。连接被关闭。
********************************************************
-- [ERROR]  [2016-04-08 15:45:33,238]
-- [DataAcquisition.SPC_DataAcquisition::Void OnTimer(System.Object, System.Timers.ElapsedEventArgs)]
-- [文件]:D:\SinteringProControl\Platform\PublicClass\LogClass.cs--第27行
-- [详细]:无效操作。连接被关闭。
********************************************************
-- [ERROR]  [2016-04-08 15:45:33,968]
-- [DataAcquisition.SPC_DataAcquisition::Void OnTimer(System.Object, System.Timers.ElapsedEventArgs)]
-- [文件]:D:\SinteringProControl\Platform\PublicClass\LogClass.cs--第27行
-- [详细]:Timeout 时间已到。在操作完成之前超时时间已过或服务器未响应。
********************************************************
-- [ERROR]  [2016-04-08 15:45:35,694]
-- [DataAcquisition.SPC_DataAcquisition::Void OnTimer(System.Object, System.Timers.ElapsedEventArgs)]
-- [文件]:D:\SinteringProControl\Platform\PublicClass\LogClass.cs--第27行
-- [详细]:Timeout 时间已到。在操作完成之前超时时间已过或服务器未响应。
********************************************************
-- [ERROR]  [2016-04-08 15:45:37,471]
-- [DataAcquisition.SPC_DataAcquisition::Void OnTimer(System.Object, System.Timers.ElapsedEventArgs)]
-- [文件]:D:\SinteringProControl\Platform\PublicClass\LogClass.cs--第27行
-- [详细]:Timeout 时间已到。在操作完成之前超时时间已过或服务器未响应。
********************************************************
-- [ERROR]  [2016-04-08 15:45:37,567]
-- [DataAcquisition.SPC_DataAcquisition::Void OnTimer(System.Object, System.Timers.ElapsedEventArgs)]
-- [文件]:D:\SinteringProControl\Platform\PublicClass\LogClass.cs--第27行
-- [详细]:ExecuteNonQuery 要求已打开且可用的 Connection。连接的当前状态为已关闭。
********************************************************
-- [ERROR]  [2016-04-08 15:45:38,193]
-- [DataAcquisition.SPC_DataAcquisition::Void OnTimer(System.Object, System.Timers.ElapsedEventArgs)]
-- [文件]:D:\SinteringProControl\Platform\PublicClass\LogClass.cs--第27行
-- [详细]:Timeout 时间已到。在操作完成之前超时时间已过或服务器未响应。
********************************************************
-- [ERROR]  [2016-04-08 15:45:40,027]
-- [DataAcquisition.SPC_DataAcquisition::Void OnTimer(System.Object, System.Timers.ElapsedEventArgs)]
-- [文件]:D:\SinteringProControl\Platform\PublicClass\LogClass.cs--第27行
-- [详细]:Timeout 时间已到。在操作完成之前超时时间已过或服务器未响应。
********************************************************
-- [ERROR]  [2016-04-08 15:45:41,761]
-- [DataAcquisition.SPC_DataAcquisition::Void OnTimer(System.Object, System.Timers.ElapsedEventArgs)]
-- [文件]:D:\SinteringProControl\Platform\PublicClass\LogClass.cs--第27行
-- [详细]:Timeout 时间已到。在操作完成之前超时时间已过或服务器未响应。
********************************************************
-- [ERROR]  [2016-04-08 15:45:43,340]
-- [DataAcquisition.SPC_DataAcquisition::Void OnTimer(System.Object, System.Timers.ElapsedEventArgs)]
-- [文件]:D:\SinteringProControl\Platform\PublicClass\LogClass.cs--第27行
-- [详细]:Timeout 时间已到。在操作完成之前超时时间已过或服务器未响应。
********************************************************
-- [ERROR]  [2016-04-08 15:45:44,018]
-- [DataAcquisition.SPC_DataAcquisition::Void OnTimer(System.Object, System.Timers.ElapsedEventArgs)]
-- [文件]:D:\SinteringProControl\Platform\PublicClass\LogClass.cs--第27行
-- [详细]:Timeout 时间已到。在操作完成之前超时时间已过或服务器未响应。
********************************************************
-- [ERROR]  [2016-04-08 15:45:45,801]
-- [DataAcquisition.SPC_DataAcquisition::Void OnTimer(System.Object, System.Timers.ElapsedEventArgs)]
-- [文件]:D:\SinteringProControl\Platform\PublicClass\LogClass.cs--第27行
-- [详细]:Timeout 时间已到。在操作完成之前超时时间已过或服务器未响应。
********************************************************
-- [ERROR]  [2016-04-08 15:45:47,721]
-- [DataAcquisition.SPC_DataAcquisition::Void OnTimer(System.Object, System.Timers.ElapsedEventArgs)]
-- [文件]:D:\SinteringProControl\Platform\PublicClass\LogClass.cs--第27行
-- [详细]:Timeout 时间已到。在操作完成之前超时时间已过或服务器未响应。
********************************************************
-- [ERROR]  [2016-04-08 15:45:49,002]
-- [DataAcquisition.SPC_DataAcquisition::Void OnTimer(System.Object, System.Timers.ElapsedEventArgs)]
-- [文件]:D:\SinteringProControl\Platform\PublicClass\LogClass.cs--第27行
-- [详细]:Timeout 时间已到。在操作完成之前超时时间已过或服务器未响应。
********************************************************
-- [ERROR]  [2016-04-08 15:45:50,027]
-- [DataAcquisition.SPC_DataAcquisition::Void OnTimer(System.Object, System.Timers.ElapsedEventArgs)]
-- [文件]:D:\SinteringProControl\Platform\PublicClass\LogClass.cs--第27行
-- [详细]:无效操作。连接被关闭。
********************************************************
-- [ERROR]  [2016-04-08 15:45:50,027]
-- [DataAcquisition.SPC_DataAcquisition::Void OnTimer(System.Object, System.Timers.ElapsedEventArgs)]
-- [文件]:D:\SinteringProControl\Platform\PublicClass\LogClass.cs--第27行
-- [详细]:Timeout 时间已到。在操作完成之前超时时间已过或服务器未响应。
********************************************************
