-- [ERROR]  [2016-08-24 08:27:53,296]
-- [DataAcquisition.SPC_DataAcquisition::Void GetOpcWriteDataList()]
-- [文件]:D:\SinteringProControl\Platform\PublicClass\LogClass.cs--第27行
-- [详细]:阅读器关闭时尝试调用 Read 无效。
********************************************************
-- [ERROR]  [2016-08-24 08:27:53,296]
-- [DataAcquisition.SPC_DataAcquisition::Void GetOpcWriteDataList()]
-- [文件]:D:\SinteringProControl\Platform\PublicClass\LogClass.cs--第27行
-- [详细]:阅读器关闭时尝试调用 Read 无效。
********************************************************
-- [ERROR]  [2016-08-24 08:27:53,296]
-- [DataAcquisition.SPC_DataAcquisition::Void GetOpcWriteDataList()]
-- [文件]:D:\SinteringProControl\Platform\PublicClass\LogClass.cs--第27行
-- [详细]:阅读器关闭时尝试调用 Read 无效。
********************************************************
-- [ERROR]  [2016-08-24 08:27:53,296]
-- [DataAcquisition.SPC_DataAcquisition::Void GetOpcWriteDataList()]
-- [文件]:D:\SinteringProControl\Platform\PublicClass\LogClass.cs--第27行
-- [详细]:阅读器关闭时尝试调用 Read 无效。
********************************************************
-- [ERROR]  [2016-08-24 08:28:05,623]
-- [DataAcquisition.SPC_DataAcquisition::Void GetOpcWriteDataList()]
-- [文件]:D:\SinteringProControl\Platform\PublicClass\LogClass.cs--第27行
-- [详细]:阅读器关闭时尝试调用 Read 无效。
********************************************************
-- [ERROR]  [2016-08-24 08:31:46,240]
-- [DataAcquisition.SPC_DataAcquisition::Void GetOpcWriteDataList()]
-- [文件]:D:\SinteringProControl\Platform\PublicClass\LogClass.cs--第27行
-- [详细]:阅读器关闭时尝试调用 Read 无效。
********************************************************
-- [ERROR]  [2016-08-24 08:31:54,368]
-- [DataAcquisition.SPC_DataAcquisition::Void GetOpcWriteDataList()]
-- [文件]:D:\SinteringProControl\Platform\PublicClass\LogClass.cs--第27行
-- [详细]:阅读器关闭时尝试调用 Read 无效。
********************************************************
-- [ERROR]  [2016-08-24 08:31:59,438]
-- [DataAcquisition.SPC_DataAcquisition::Void GetOpcWriteDataList()]
-- [文件]:D:\SinteringProControl\Platform\PublicClass\LogClass.cs--第27行
-- [详细]:阅读器关闭时尝试调用 Read 无效。
********************************************************
-- [ERROR]  [2016-08-24 08:32:25,771]
-- [DataAcquisition.SPC_DataAcquisition::Void GetOpcWriteDataList()]
-- [文件]:D:\SinteringProControl\Platform\PublicClass\LogClass.cs--第27行
-- [详细]:阅读器关闭时尝试调用 Read 无效。
********************************************************
-- [ERROR]  [2016-08-24 08:49:24,409]
-- [DataAcquisition.SPC_DataAcquisition::Void GetOpcWriteDataList()]
-- [文件]:D:\SinteringProControl\Platform\PublicClass\LogClass.cs--第27行
-- [详细]:阅读器关闭时尝试调用 Read 无效。
********************************************************
-- [ERROR]  [2016-08-24 08:49:24,409]
-- [DataAcquisition.SPC_DataAcquisition::Void GetOpcWriteDataList()]
-- [文件]:D:\SinteringProControl\Platform\PublicClass\LogClass.cs--第27行
-- [详细]:阅读器关闭时尝试调用 Read 无效。
********************************************************
-- [ERROR]  [2016-08-24 08:49:32,318]
-- [DataAcquisition.SPC_DataAcquisition::Void GetOpcWriteDataList()]
-- [文件]:D:\SinteringProControl\Platform\PublicClass\LogClass.cs--第27行
-- [详细]:阅读器关闭时尝试调用 Read 无效。
********************************************************
