-- [ERROR]  [2016-08-04 10:26:17,134]
-- [DataAcquisition.SPC_DataAcquisition::Void GetOpcWriteDataList()]
-- [文件]:D:\SinteringProControl\Platform\PublicClass\LogClass.cs--第27行
-- [详细]:在没有任何数据时进行无效的读取尝试。
********************************************************
-- [ERROR]  [2016-08-04 11:10:53,283]
-- [DataAcquisition.SPC_DataAcquisition::Void GetOpcWriteDataList()]
-- [文件]:D:\SinteringProControl\Platform\PublicClass\LogClass.cs--第27行
-- [详细]:在没有任何数据时进行无效的读取尝试。
********************************************************
-- [ERROR]  [2016-08-04 11:11:34,124]
-- [DataAcquisition.SPC_DataAcquisition::Void GetOpcWriteDataList()]
-- [文件]:D:\SinteringProControl\Platform\PublicClass\LogClass.cs--第27行
-- [详细]:阅读器关闭时尝试调用 Read 无效。
********************************************************
-- [ERROR]  [2016-08-04 11:12:27,226]
-- [DataAcquisition.SPC_DataAcquisition::Void GetOpcWriteDataList()]
-- [文件]:D:\SinteringProControl\Platform\PublicClass\LogClass.cs--第27行
-- [详细]:内部连接致命错误。
********************************************************
